#
# There is insufficient memory for the Java Runtime Environment to continue.
# Native memory allocation (malloc) failed to allocate 131088 bytes for Chunk::new
# Possible reasons:
#   The system is out of physical RAM or swap space
#   The process is running with CompressedOops enabled, and the Java Heap may be blocking the growth of the native heap
# Possible solutions:
#   Reduce memory load on the system
#   Increase physical memory or swap space
#   Check if swap backing store is full
#   Decrease Java heap size (-Xmx/-Xms)
#   Decrease number of Java threads
#   Decrease Java thread stack sizes (-Xss)
#   Set larger code cache with -XX:ReservedCodeCacheSize=
#   JVM is running with Unscaled Compressed Oops mode in which the Java heap is
#     placed in the first 4GB address space. The Java Heap base address is the
#     maximum limit for the native heap growth. Please use -XX:HeapBaseMinAddress
#     to set the Java Heap base and to place the Java Heap above 4GB virtual address.
# This output file may be truncated or incomplete.
#
#  Out of Memory Error (arena.cpp:168), pid=8220, tid=7524
#
# JRE version: Java(TM) SE Runtime Environment (21.0.2+13) (build 21.0.2+13-LTS-58)
# Java VM: Java HotSpot(TM) 64-Bit Server VM (21.0.2+13-LTS-58, mixed mode, sharing, tiered, compressed oops, compressed class ptrs, g1 gc, windows-amd64)
# No core dump will be written. Minidumps are not enabled by default on client versions of Windows
#

---------------  S U M M A R Y ------------

Command Line: --add-opens=java.base/java.util=ALL-UNNAMED --add-opens=java.base/java.lang=ALL-UNNAMED --add-opens=java.base/java.lang.invoke=ALL-UNNAMED --add-opens=java.prefs/java.util.prefs=ALL-UNNAMED --add-opens=java.base/java.nio.charset=ALL-UNNAMED --add-opens=java.base/java.net=ALL-UNNAMED --add-opens=java.base/java.util.concurrent.atomic=ALL-UNNAMED -XX:MaxMetaspaceSize=384m -XX:+HeapDumpOnOutOfMemoryError -Xms256m -Xmx512m -Dfile.encoding=windows-1252 -Duser.country=US -Duser.language=en -Duser.variant -javaagent:C:\Users\user\.gradle\wrapper\dists\gradle-8.7-bin\bhs2wmbdwecv87pi65oeuq5iu\gradle-8.7\lib\agents\gradle-instrumentation-agent-8.7.jar org.gradle.launcher.daemon.bootstrap.GradleDaemon 8.7

Host: AMD Athlon Silver 3050U with Radeon Graphics   , 2 cores, 5G,  Windows 10 , 64 bit Build 19041 (10.0.19041.3636)
Time: Wed May 15 21:40:28 2024 SE Asia Standard Time elapsed time: 36.199327 seconds (0d 0h 0m 36s)

---------------  T H R E A D  ---------------

Current thread (0x0000027df4f78e10):  JavaThread "C2 CompilerThread0" daemon [_thread_in_native, id=7524, stack(0x000000b433e00000,0x000000b433f00000) (1024K)]


Current CompileTask:
C2:  36199 2815   !   4       java.net.URLClassLoader::findClass (47 bytes)

Stack: [0x000000b433e00000,0x000000b433f00000]
Native frames: (J=compiled Java code, j=interpreted, Vv=VM code, C=native code)
V  [jvm.dll+0x6cade9]
V  [jvm.dll+0x8569c1]
V  [jvm.dll+0x858d2e]
V  [jvm.dll+0x859413]
V  [jvm.dll+0x280e56]
V  [jvm.dll+0xc3f3d]
V  [jvm.dll+0xc4473]
V  [jvm.dll+0xc4065]
V  [jvm.dll+0x6a7a5c]
V  [jvm.dll+0x251499]
V  [jvm.dll+0x6f0667]
V  [jvm.dll+0x251c5b]
V  [jvm.dll+0x25184f]
V  [jvm.dll+0x24abea]
V  [jvm.dll+0x2490a3]
V  [jvm.dll+0x1c9634]
V  [jvm.dll+0x258859]
V  [jvm.dll+0x256e3a]
V  [jvm.dll+0x3ef6c6]
V  [jvm.dll+0x7ff568]
V  [jvm.dll+0x6c953d]
C  [ucrtbase.dll+0x21bb2]
C  [KERNEL32.DLL+0x17344]
C  [ntdll.dll+0x526b1]


---------------  P R O C E S S  ---------------

Threads class SMR info:
_java_thread_list=0x0000027dfa41ab30, length=25, elements={
0x0000027de813ab30, 0x0000027df4f72110, 0x0000027df4f73030, 0x0000027df4f73f50,
0x0000027df4f74bb0, 0x0000027df4f77620, 0x0000027df4f78080, 0x0000027df4f78e10,
0x0000027df4f7b060, 0x0000027df4f38470, 0x0000027df920bae0, 0x0000027dfa302d50,
0x0000027dfa010670, 0x0000027dfa9d43c0, 0x0000027dfa6f1450, 0x0000027dfa34b8d0,
0x0000027df9b91e40, 0x0000027df99aab70, 0x0000027dfa5192c0, 0x0000027dfa519fe0,
0x0000027dfa519950, 0x0000027dfa517f10, 0x0000027dfa5171f0, 0x0000027dfa517880,
0x0000027dfa51a670
}

Java Threads: ( => current thread )
  0x0000027de813ab30 JavaThread "main"                              [_thread_blocked, id=6504, stack(0x000000b433000000,0x000000b433100000) (1024K)]
  0x0000027df4f72110 JavaThread "Reference Handler"          daemon [_thread_blocked, id=13304, stack(0x000000b433800000,0x000000b433900000) (1024K)]
  0x0000027df4f73030 JavaThread "Finalizer"                  daemon [_thread_blocked, id=3460, stack(0x000000b433900000,0x000000b433a00000) (1024K)]
  0x0000027df4f73f50 JavaThread "Signal Dispatcher"          daemon [_thread_blocked, id=5104, stack(0x000000b433a00000,0x000000b433b00000) (1024K)]
  0x0000027df4f74bb0 JavaThread "Attach Listener"            daemon [_thread_blocked, id=12040, stack(0x000000b433b00000,0x000000b433c00000) (1024K)]
  0x0000027df4f77620 JavaThread "Service Thread"             daemon [_thread_blocked, id=12292, stack(0x000000b433c00000,0x000000b433d00000) (1024K)]
  0x0000027df4f78080 JavaThread "Monitor Deflation Thread"   daemon [_thread_blocked, id=15728, stack(0x000000b433d00000,0x000000b433e00000) (1024K)]
=>0x0000027df4f78e10 JavaThread "C2 CompilerThread0"         daemon [_thread_in_native, id=7524, stack(0x000000b433e00000,0x000000b433f00000) (1024K)]
  0x0000027df4f7b060 JavaThread "C1 CompilerThread0"         daemon [_thread_blocked, id=12480, stack(0x000000b433f00000,0x000000b434000000) (1024K)]
  0x0000027df4f38470 JavaThread "Common-Cleaner"             daemon [_thread_blocked, id=11972, stack(0x000000b434000000,0x000000b434100000) (1024K)]
  0x0000027df920bae0 JavaThread "Notification Thread"        daemon [_thread_blocked, id=2288, stack(0x000000b434100000,0x000000b434200000) (1024K)]
  0x0000027dfa302d50 JavaThread "Daemon health stats"               [_thread_blocked, id=12472, stack(0x000000b434300000,0x000000b434400000) (1024K)]
  0x0000027dfa010670 JavaThread "Incoming local TCP Connector on port 61585"        [_thread_in_native, id=12212, stack(0x000000b434400000,0x000000b434500000) (1024K)]
  0x0000027dfa9d43c0 JavaThread "Daemon periodic checks"            [_thread_blocked, id=952, stack(0x000000b434500000,0x000000b434600000) (1024K)]
  0x0000027dfa6f1450 JavaThread "Daemon"                            [_thread_blocked, id=10232, stack(0x000000b434600000,0x000000b434700000) (1024K)]
  0x0000027dfa34b8d0 JavaThread "Handler for socket connection from /127.0.0.1:61585 to /127.0.0.1:61586"        [_thread_in_native, id=15200, stack(0x000000b434700000,0x000000b434800000) (1024K)]
  0x0000027df9b91e40 JavaThread "Cancel handler"                    [_thread_blocked, id=15332, stack(0x000000b432e00000,0x000000b432f00000) (1024K)]
  0x0000027df99aab70 JavaThread "Daemon worker"                     [_thread_in_native, id=9340, stack(0x000000b434800000,0x000000b434900000) (1024K)]
  0x0000027dfa5192c0 JavaThread "Asynchronous log dispatcher for DefaultDaemonConnection: socket connection from /127.0.0.1:61585 to /127.0.0.1:61586"        [_thread_blocked, id=12940, stack(0x000000b434900000,0x000000b434a00000) (1024K)]
  0x0000027dfa519fe0 JavaThread "Stdin handler"                     [_thread_blocked, id=11088, stack(0x000000b434a00000,0x000000b434b00000) (1024K)]
  0x0000027dfa519950 JavaThread "Daemon client event forwarder"        [_thread_blocked, id=15020, stack(0x000000b434b00000,0x000000b434c00000) (1024K)]
  0x0000027dfa517f10 JavaThread "Cache worker for journal cache (C:\Users\user\.gradle\caches\journal-1)"        [_thread_blocked, id=16016, stack(0x000000b434c00000,0x000000b434d00000) (1024K)]
  0x0000027dfa5171f0 JavaThread "File lock request listener"        [_thread_in_native, id=12340, stack(0x000000b434d00000,0x000000b434e00000) (1024K)]
  0x0000027dfa517880 JavaThread "Cache worker for file hash cache (C:\Users\user\.gradle\caches\8.7\fileHashes)"        [_thread_blocked, id=5344, stack(0x000000b434e00000,0x000000b434f00000) (1024K)]
  0x0000027dfa51a670 JavaThread "File lock release action executor"        [_thread_blocked, id=7432, stack(0x000000b434f00000,0x000000b435000000) (1024K)]
Total: 25

Other Threads:
  0x0000027df4f4fcd0 VMThread "VM Thread"                           [id=3512, stack(0x000000b433700000,0x000000b433800000) (1024K)]
  0x0000027df4f37980 WatcherThread "VM Periodic Task Thread"        [id=9684, stack(0x000000b433600000,0x000000b433700000) (1024K)]
  0x0000027de8166050 WorkerThread "GC Thread#0"                     [id=15368, stack(0x000000b433100000,0x000000b433200000) (1024K)]
  0x0000027df950a080 WorkerThread "GC Thread#1"                     [id=2988, stack(0x000000b434200000,0x000000b434300000) (1024K)]
  0x0000027de816af40 ConcurrentGCThread "G1 Main Marker"            [id=7288, stack(0x000000b433200000,0x000000b433300000) (1024K)]
  0x0000027de816bb00 WorkerThread "G1 Conc#0"                       [id=12452, stack(0x000000b433300000,0x000000b433400000) (1024K)]
  0x0000027de820e160 ConcurrentGCThread "G1 Refine#0"               [id=15816, stack(0x000000b433400000,0x000000b433500000) (1024K)]
  0x0000027df4e0e110 ConcurrentGCThread "G1 Service"                [id=11756, stack(0x000000b433500000,0x000000b433600000) (1024K)]
Total: 8

Threads with active compile tasks:
C2 CompilerThread0    36271 2815   !   4       java.net.URLClassLoader::findClass (47 bytes)
Total: 1

VM state: not at safepoint (normal execution)

VM Mutex/Monitor currently owned by a thread: None

Heap address: 0x00000000e0000000, size: 512 MB, Compressed Oops mode: 32-bit

CDS archive(s) mapped at: [0x0000027d8f000000-0x0000027d8fc90000-0x0000027d8fc90000), size 13172736, SharedBaseAddress: 0x0000027d8f000000, ArchiveRelocationMode: 1.
Compressed class space mapped at: 0x0000027d90000000-0x0000027da4000000, reserved size: 335544320
Narrow klass base: 0x0000027d8f000000, Narrow klass shift: 0, Narrow klass range: 0x100000000

GC Precious Log:
 CardTable entry size: 512
 Card Set container configuration: InlinePtr #cards 5 size 8 Array Of Cards #cards 12 size 40 Howl #buckets 4 coarsen threshold 1843 Howl Bitmap #cards 512 size 80 coarsen threshold 460 Card regions per heap region 1 cards per card region 2048
 CPUs: 2 total, 2 available
 Memory: 6094M
 Large Page Support: Disabled
 NUMA Support: Disabled
 Compressed Oops: Enabled (32-bit)
 Heap Region Size: 1M
 Heap Min Capacity: 256M
 Heap Initial Capacity: 256M
 Heap Max Capacity: 512M
 Pre-touch: Disabled
 Parallel Workers: 2
 Concurrent Workers: 1
 Concurrent Refinement Workers: 2
 Periodic GC: Disabled

Heap:
 garbage-first heap   total 262144K, used 90095K [0x00000000e0000000, 0x0000000100000000)
  region size 1024K, 79 young (80896K), 3 survivors (3072K)
 Metaspace       used 18128K, committed 18688K, reserved 393216K
  class space    used 2551K, committed 2816K, reserved 327680K

Heap Regions: E=young(eden), S=young(survivor), O=old, HS=humongous(starts), HC=humongous(continues), CS=collection set, F=free, TAMS=top-at-mark-start, PB=parsable bottom
|   0|0x00000000e0000000, 0x00000000e0100000, 0x00000000e0100000|100%|HS|  |TAMS 0x00000000e0000000| PB 0x00000000e0000000| Complete 
|   1|0x00000000e0100000, 0x00000000e0200000, 0x00000000e0200000|100%|HC|  |TAMS 0x00000000e0100000| PB 0x00000000e0100000| Complete 
|   2|0x00000000e0200000, 0x00000000e0300000, 0x00000000e0300000|100%|HC|  |TAMS 0x00000000e0200000| PB 0x00000000e0200000| Complete 
|   3|0x00000000e0300000, 0x00000000e0400000, 0x00000000e0400000|100%|HC|  |TAMS 0x00000000e0300000| PB 0x00000000e0300000| Complete 
|   4|0x00000000e0400000, 0x00000000e0500000, 0x00000000e0500000|100%| O|  |TAMS 0x00000000e0400000| PB 0x00000000e0400000| Untracked 
|   5|0x00000000e0500000, 0x00000000e0600000, 0x00000000e0600000|100%| O|  |TAMS 0x00000000e0500000| PB 0x00000000e0500000| Untracked 
|   6|0x00000000e0600000, 0x00000000e0700000, 0x00000000e0700000|100%| O|  |TAMS 0x00000000e0600000| PB 0x00000000e0600000| Untracked 
|   7|0x00000000e0700000, 0x00000000e0800000, 0x00000000e0800000|100%| O|  |TAMS 0x00000000e0700000| PB 0x00000000e0700000| Untracked 
|   8|0x00000000e0800000, 0x00000000e0900000, 0x00000000e0900000|100%| O|  |TAMS 0x00000000e0800000| PB 0x00000000e0800000| Untracked 
|   9|0x00000000e0900000, 0x00000000e0a00000, 0x00000000e0a00000|100%| O|  |TAMS 0x00000000e0900000| PB 0x00000000e0900000| Untracked 
|  10|0x00000000e0a00000, 0x00000000e0afbff8, 0x00000000e0b00000| 98%| O|  |TAMS 0x00000000e0a00000| PB 0x00000000e0a00000| Untracked 
|  11|0x00000000e0b00000, 0x00000000e0b00000, 0x00000000e0c00000|  0%| F|  |TAMS 0x00000000e0b00000| PB 0x00000000e0b00000| Untracked 
|  12|0x00000000e0c00000, 0x00000000e0c00000, 0x00000000e0d00000|  0%| F|  |TAMS 0x00000000e0c00000| PB 0x00000000e0c00000| Untracked 
|  13|0x00000000e0d00000, 0x00000000e0d00000, 0x00000000e0e00000|  0%| F|  |TAMS 0x00000000e0d00000| PB 0x00000000e0d00000| Untracked 
|  14|0x00000000e0e00000, 0x00000000e0e00000, 0x00000000e0f00000|  0%| F|  |TAMS 0x00000000e0e00000| PB 0x00000000e0e00000| Untracked 
|  15|0x00000000e0f00000, 0x00000000e0f00000, 0x00000000e1000000|  0%| F|  |TAMS 0x00000000e0f00000| PB 0x00000000e0f00000| Untracked 
|  16|0x00000000e1000000, 0x00000000e1000000, 0x00000000e1100000|  0%| F|  |TAMS 0x00000000e1000000| PB 0x00000000e1000000| Untracked 
|  17|0x00000000e1100000, 0x00000000e1100000, 0x00000000e1200000|  0%| F|  |TAMS 0x00000000e1100000| PB 0x00000000e1100000| Untracked 
|  18|0x00000000e1200000, 0x00000000e1200000, 0x00000000e1300000|  0%| F|  |TAMS 0x00000000e1200000| PB 0x00000000e1200000| Untracked 
|  19|0x00000000e1300000, 0x00000000e1300000, 0x00000000e1400000|  0%| F|  |TAMS 0x00000000e1300000| PB 0x00000000e1300000| Untracked 
|  20|0x00000000e1400000, 0x00000000e1400000, 0x00000000e1500000|  0%| F|  |TAMS 0x00000000e1400000| PB 0x00000000e1400000| Untracked 
|  21|0x00000000e1500000, 0x00000000e1500000, 0x00000000e1600000|  0%| F|  |TAMS 0x00000000e1500000| PB 0x00000000e1500000| Untracked 
|  22|0x00000000e1600000, 0x00000000e1600000, 0x00000000e1700000|  0%| F|  |TAMS 0x00000000e1600000| PB 0x00000000e1600000| Untracked 
|  23|0x00000000e1700000, 0x00000000e1700000, 0x00000000e1800000|  0%| F|  |TAMS 0x00000000e1700000| PB 0x00000000e1700000| Untracked 
|  24|0x00000000e1800000, 0x00000000e1800000, 0x00000000e1900000|  0%| F|  |TAMS 0x00000000e1800000| PB 0x00000000e1800000| Untracked 
|  25|0x00000000e1900000, 0x00000000e1900000, 0x00000000e1a00000|  0%| F|  |TAMS 0x00000000e1900000| PB 0x00000000e1900000| Untracked 
|  26|0x00000000e1a00000, 0x00000000e1a00000, 0x00000000e1b00000|  0%| F|  |TAMS 0x00000000e1a00000| PB 0x00000000e1a00000| Untracked 
|  27|0x00000000e1b00000, 0x00000000e1b00000, 0x00000000e1c00000|  0%| F|  |TAMS 0x00000000e1b00000| PB 0x00000000e1b00000| Untracked 
|  28|0x00000000e1c00000, 0x00000000e1c00000, 0x00000000e1d00000|  0%| F|  |TAMS 0x00000000e1c00000| PB 0x00000000e1c00000| Untracked 
|  29|0x00000000e1d00000, 0x00000000e1d00000, 0x00000000e1e00000|  0%| F|  |TAMS 0x00000000e1d00000| PB 0x00000000e1d00000| Untracked 
|  30|0x00000000e1e00000, 0x00000000e1e00000, 0x00000000e1f00000|  0%| F|  |TAMS 0x00000000e1e00000| PB 0x00000000e1e00000| Untracked 
|  31|0x00000000e1f00000, 0x00000000e1f00000, 0x00000000e2000000|  0%| F|  |TAMS 0x00000000e1f00000| PB 0x00000000e1f00000| Untracked 
|  32|0x00000000e2000000, 0x00000000e2000000, 0x00000000e2100000|  0%| F|  |TAMS 0x00000000e2000000| PB 0x00000000e2000000| Untracked 
|  33|0x00000000e2100000, 0x00000000e2100000, 0x00000000e2200000|  0%| F|  |TAMS 0x00000000e2100000| PB 0x00000000e2100000| Untracked 
|  34|0x00000000e2200000, 0x00000000e2200000, 0x00000000e2300000|  0%| F|  |TAMS 0x00000000e2200000| PB 0x00000000e2200000| Untracked 
|  35|0x00000000e2300000, 0x00000000e2300000, 0x00000000e2400000|  0%| F|  |TAMS 0x00000000e2300000| PB 0x00000000e2300000| Untracked 
|  36|0x00000000e2400000, 0x00000000e2400000, 0x00000000e2500000|  0%| F|  |TAMS 0x00000000e2400000| PB 0x00000000e2400000| Untracked 
|  37|0x00000000e2500000, 0x00000000e2500000, 0x00000000e2600000|  0%| F|  |TAMS 0x00000000e2500000| PB 0x00000000e2500000| Untracked 
|  38|0x00000000e2600000, 0x00000000e2600000, 0x00000000e2700000|  0%| F|  |TAMS 0x00000000e2600000| PB 0x00000000e2600000| Untracked 
|  39|0x00000000e2700000, 0x00000000e2700000, 0x00000000e2800000|  0%| F|  |TAMS 0x00000000e2700000| PB 0x00000000e2700000| Untracked 
|  40|0x00000000e2800000, 0x00000000e2800000, 0x00000000e2900000|  0%| F|  |TAMS 0x00000000e2800000| PB 0x00000000e2800000| Untracked 
|  41|0x00000000e2900000, 0x00000000e2900000, 0x00000000e2a00000|  0%| F|  |TAMS 0x00000000e2900000| PB 0x00000000e2900000| Untracked 
|  42|0x00000000e2a00000, 0x00000000e2a00000, 0x00000000e2b00000|  0%| F|  |TAMS 0x00000000e2a00000| PB 0x00000000e2a00000| Untracked 
|  43|0x00000000e2b00000, 0x00000000e2b00000, 0x00000000e2c00000|  0%| F|  |TAMS 0x00000000e2b00000| PB 0x00000000e2b00000| Untracked 
|  44|0x00000000e2c00000, 0x00000000e2c00000, 0x00000000e2d00000|  0%| F|  |TAMS 0x00000000e2c00000| PB 0x00000000e2c00000| Untracked 
|  45|0x00000000e2d00000, 0x00000000e2d00000, 0x00000000e2e00000|  0%| F|  |TAMS 0x00000000e2d00000| PB 0x00000000e2d00000| Untracked 
|  46|0x00000000e2e00000, 0x00000000e2e00000, 0x00000000e2f00000|  0%| F|  |TAMS 0x00000000e2e00000| PB 0x00000000e2e00000| Untracked 
|  47|0x00000000e2f00000, 0x00000000e2f00000, 0x00000000e3000000|  0%| F|  |TAMS 0x00000000e2f00000| PB 0x00000000e2f00000| Untracked 
|  48|0x00000000e3000000, 0x00000000e3000000, 0x00000000e3100000|  0%| F|  |TAMS 0x00000000e3000000| PB 0x00000000e3000000| Untracked 
|  49|0x00000000e3100000, 0x00000000e3100000, 0x00000000e3200000|  0%| F|  |TAMS 0x00000000e3100000| PB 0x00000000e3100000| Untracked 
|  50|0x00000000e3200000, 0x00000000e3200000, 0x00000000e3300000|  0%| F|  |TAMS 0x00000000e3200000| PB 0x00000000e3200000| Untracked 
|  51|0x00000000e3300000, 0x00000000e3300000, 0x00000000e3400000|  0%| F|  |TAMS 0x00000000e3300000| PB 0x00000000e3300000| Untracked 
|  52|0x00000000e3400000, 0x00000000e3400000, 0x00000000e3500000|  0%| F|  |TAMS 0x00000000e3400000| PB 0x00000000e3400000| Untracked 
|  53|0x00000000e3500000, 0x00000000e3500000, 0x00000000e3600000|  0%| F|  |TAMS 0x00000000e3500000| PB 0x00000000e3500000| Untracked 
|  54|0x00000000e3600000, 0x00000000e3600000, 0x00000000e3700000|  0%| F|  |TAMS 0x00000000e3600000| PB 0x00000000e3600000| Untracked 
|  55|0x00000000e3700000, 0x00000000e3700000, 0x00000000e3800000|  0%| F|  |TAMS 0x00000000e3700000| PB 0x00000000e3700000| Untracked 
|  56|0x00000000e3800000, 0x00000000e3800000, 0x00000000e3900000|  0%| F|  |TAMS 0x00000000e3800000| PB 0x00000000e3800000| Untracked 
|  57|0x00000000e3900000, 0x00000000e3900000, 0x00000000e3a00000|  0%| F|  |TAMS 0x00000000e3900000| PB 0x00000000e3900000| Untracked 
|  58|0x00000000e3a00000, 0x00000000e3a00000, 0x00000000e3b00000|  0%| F|  |TAMS 0x00000000e3a00000| PB 0x00000000e3a00000| Untracked 
|  59|0x00000000e3b00000, 0x00000000e3b00000, 0x00000000e3c00000|  0%| F|  |TAMS 0x00000000e3b00000| PB 0x00000000e3b00000| Untracked 
|  60|0x00000000e3c00000, 0x00000000e3c00000, 0x00000000e3d00000|  0%| F|  |TAMS 0x00000000e3c00000| PB 0x00000000e3c00000| Untracked 
|  61|0x00000000e3d00000, 0x00000000e3d00000, 0x00000000e3e00000|  0%| F|  |TAMS 0x00000000e3d00000| PB 0x00000000e3d00000| Untracked 
|  62|0x00000000e3e00000, 0x00000000e3e00000, 0x00000000e3f00000|  0%| F|  |TAMS 0x00000000e3e00000| PB 0x00000000e3e00000| Untracked 
|  63|0x00000000e3f00000, 0x00000000e3f00000, 0x00000000e4000000|  0%| F|  |TAMS 0x00000000e3f00000| PB 0x00000000e3f00000| Untracked 
|  64|0x00000000e4000000, 0x00000000e4000000, 0x00000000e4100000|  0%| F|  |TAMS 0x00000000e4000000| PB 0x00000000e4000000| Untracked 
|  65|0x00000000e4100000, 0x00000000e4100000, 0x00000000e4200000|  0%| F|  |TAMS 0x00000000e4100000| PB 0x00000000e4100000| Untracked 
|  66|0x00000000e4200000, 0x00000000e4200000, 0x00000000e4300000|  0%| F|  |TAMS 0x00000000e4200000| PB 0x00000000e4200000| Untracked 
|  67|0x00000000e4300000, 0x00000000e4300000, 0x00000000e4400000|  0%| F|  |TAMS 0x00000000e4300000| PB 0x00000000e4300000| Untracked 
|  68|0x00000000e4400000, 0x00000000e4400000, 0x00000000e4500000|  0%| F|  |TAMS 0x00000000e4400000| PB 0x00000000e4400000| Untracked 
|  69|0x00000000e4500000, 0x00000000e4500000, 0x00000000e4600000|  0%| F|  |TAMS 0x00000000e4500000| PB 0x00000000e4500000| Untracked 
|  70|0x00000000e4600000, 0x00000000e4600000, 0x00000000e4700000|  0%| F|  |TAMS 0x00000000e4600000| PB 0x00000000e4600000| Untracked 
|  71|0x00000000e4700000, 0x00000000e4700000, 0x00000000e4800000|  0%| F|  |TAMS 0x00000000e4700000| PB 0x00000000e4700000| Untracked 
|  72|0x00000000e4800000, 0x00000000e4800000, 0x00000000e4900000|  0%| F|  |TAMS 0x00000000e4800000| PB 0x00000000e4800000| Untracked 
|  73|0x00000000e4900000, 0x00000000e4900000, 0x00000000e4a00000|  0%| F|  |TAMS 0x00000000e4900000| PB 0x00000000e4900000| Untracked 
|  74|0x00000000e4a00000, 0x00000000e4a00000, 0x00000000e4b00000|  0%| F|  |TAMS 0x00000000e4a00000| PB 0x00000000e4a00000| Untracked 
|  75|0x00000000e4b00000, 0x00000000e4b00000, 0x00000000e4c00000|  0%| F|  |TAMS 0x00000000e4b00000| PB 0x00000000e4b00000| Untracked 
|  76|0x00000000e4c00000, 0x00000000e4c00000, 0x00000000e4d00000|  0%| F|  |TAMS 0x00000000e4c00000| PB 0x00000000e4c00000| Untracked 
|  77|0x00000000e4d00000, 0x00000000e4d00000, 0x00000000e4e00000|  0%| F|  |TAMS 0x00000000e4d00000| PB 0x00000000e4d00000| Untracked 
|  78|0x00000000e4e00000, 0x00000000e4e00000, 0x00000000e4f00000|  0%| F|  |TAMS 0x00000000e4e00000| PB 0x00000000e4e00000| Untracked 
|  79|0x00000000e4f00000, 0x00000000e4f00000, 0x00000000e5000000|  0%| F|  |TAMS 0x00000000e4f00000| PB 0x00000000e4f00000| Untracked 
|  80|0x00000000e5000000, 0x00000000e5000000, 0x00000000e5100000|  0%| F|  |TAMS 0x00000000e5000000| PB 0x00000000e5000000| Untracked 
|  81|0x00000000e5100000, 0x00000000e5100000, 0x00000000e5200000|  0%| F|  |TAMS 0x00000000e5100000| PB 0x00000000e5100000| Untracked 
|  82|0x00000000e5200000, 0x00000000e5200000, 0x00000000e5300000|  0%| F|  |TAMS 0x00000000e5200000| PB 0x00000000e5200000| Untracked 
|  83|0x00000000e5300000, 0x00000000e5300000, 0x00000000e5400000|  0%| F|  |TAMS 0x00000000e5300000| PB 0x00000000e5300000| Untracked 
|  84|0x00000000e5400000, 0x00000000e5400000, 0x00000000e5500000|  0%| F|  |TAMS 0x00000000e5400000| PB 0x00000000e5400000| Untracked 
|  85|0x00000000e5500000, 0x00000000e5500000, 0x00000000e5600000|  0%| F|  |TAMS 0x00000000e5500000| PB 0x00000000e5500000| Untracked 
|  86|0x00000000e5600000, 0x00000000e5600000, 0x00000000e5700000|  0%| F|  |TAMS 0x00000000e5600000| PB 0x00000000e5600000| Untracked 
|  87|0x00000000e5700000, 0x00000000e5700000, 0x00000000e5800000|  0%| F|  |TAMS 0x00000000e5700000| PB 0x00000000e5700000| Untracked 
|  88|0x00000000e5800000, 0x00000000e5800000, 0x00000000e5900000|  0%| F|  |TAMS 0x00000000e5800000| PB 0x00000000e5800000| Untracked 
|  89|0x00000000e5900000, 0x00000000e5900000, 0x00000000e5a00000|  0%| F|  |TAMS 0x00000000e5900000| PB 0x00000000e5900000| Untracked 
|  90|0x00000000e5a00000, 0x00000000e5a00000, 0x00000000e5b00000|  0%| F|  |TAMS 0x00000000e5a00000| PB 0x00000000e5a00000| Untracked 
|  91|0x00000000e5b00000, 0x00000000e5b00000, 0x00000000e5c00000|  0%| F|  |TAMS 0x00000000e5b00000| PB 0x00000000e5b00000| Untracked 
|  92|0x00000000e5c00000, 0x00000000e5c00000, 0x00000000e5d00000|  0%| F|  |TAMS 0x00000000e5c00000| PB 0x00000000e5c00000| Untracked 
|  93|0x00000000e5d00000, 0x00000000e5d00000, 0x00000000e5e00000|  0%| F|  |TAMS 0x00000000e5d00000| PB 0x00000000e5d00000| Untracked 
|  94|0x00000000e5e00000, 0x00000000e5e00000, 0x00000000e5f00000|  0%| F|  |TAMS 0x00000000e5e00000| PB 0x00000000e5e00000| Untracked 
|  95|0x00000000e5f00000, 0x00000000e5f00000, 0x00000000e6000000|  0%| F|  |TAMS 0x00000000e5f00000| PB 0x00000000e5f00000| Untracked 
|  96|0x00000000e6000000, 0x00000000e6000000, 0x00000000e6100000|  0%| F|  |TAMS 0x00000000e6000000| PB 0x00000000e6000000| Untracked 
|  97|0x00000000e6100000, 0x00000000e6100000, 0x00000000e6200000|  0%| F|  |TAMS 0x00000000e6100000| PB 0x00000000e6100000| Untracked 
|  98|0x00000000e6200000, 0x00000000e6200000, 0x00000000e6300000|  0%| F|  |TAMS 0x00000000e6200000| PB 0x00000000e6200000| Untracked 
|  99|0x00000000e6300000, 0x00000000e6300000, 0x00000000e6400000|  0%| F|  |TAMS 0x00000000e6300000| PB 0x00000000e6300000| Untracked 
| 100|0x00000000e6400000, 0x00000000e6400000, 0x00000000e6500000|  0%| F|  |TAMS 0x00000000e6400000| PB 0x00000000e6400000| Untracked 
| 101|0x00000000e6500000, 0x00000000e6500000, 0x00000000e6600000|  0%| F|  |TAMS 0x00000000e6500000| PB 0x00000000e6500000| Untracked 
| 102|0x00000000e6600000, 0x00000000e6600000, 0x00000000e6700000|  0%| F|  |TAMS 0x00000000e6600000| PB 0x00000000e6600000| Untracked 
| 103|0x00000000e6700000, 0x00000000e6700000, 0x00000000e6800000|  0%| F|  |TAMS 0x00000000e6700000| PB 0x00000000e6700000| Untracked 
| 104|0x00000000e6800000, 0x00000000e6800000, 0x00000000e6900000|  0%| F|  |TAMS 0x00000000e6800000| PB 0x00000000e6800000| Untracked 
| 105|0x00000000e6900000, 0x00000000e6900000, 0x00000000e6a00000|  0%| F|  |TAMS 0x00000000e6900000| PB 0x00000000e6900000| Untracked 
| 106|0x00000000e6a00000, 0x00000000e6a00000, 0x00000000e6b00000|  0%| F|  |TAMS 0x00000000e6a00000| PB 0x00000000e6a00000| Untracked 
| 107|0x00000000e6b00000, 0x00000000e6b00000, 0x00000000e6c00000|  0%| F|  |TAMS 0x00000000e6b00000| PB 0x00000000e6b00000| Untracked 
| 108|0x00000000e6c00000, 0x00000000e6c00000, 0x00000000e6d00000|  0%| F|  |TAMS 0x00000000e6c00000| PB 0x00000000e6c00000| Untracked 
| 109|0x00000000e6d00000, 0x00000000e6d00000, 0x00000000e6e00000|  0%| F|  |TAMS 0x00000000e6d00000| PB 0x00000000e6d00000| Untracked 
| 110|0x00000000e6e00000, 0x00000000e6e00000, 0x00000000e6f00000|  0%| F|  |TAMS 0x00000000e6e00000| PB 0x00000000e6e00000| Untracked 
| 111|0x00000000e6f00000, 0x00000000e6f00000, 0x00000000e7000000|  0%| F|  |TAMS 0x00000000e6f00000| PB 0x00000000e6f00000| Untracked 
| 112|0x00000000e7000000, 0x00000000e7000000, 0x00000000e7100000|  0%| F|  |TAMS 0x00000000e7000000| PB 0x00000000e7000000| Untracked 
| 113|0x00000000e7100000, 0x00000000e7100000, 0x00000000e7200000|  0%| F|  |TAMS 0x00000000e7100000| PB 0x00000000e7100000| Untracked 
| 114|0x00000000e7200000, 0x00000000e7200000, 0x00000000e7300000|  0%| F|  |TAMS 0x00000000e7200000| PB 0x00000000e7200000| Untracked 
| 115|0x00000000e7300000, 0x00000000e7300000, 0x00000000e7400000|  0%| F|  |TAMS 0x00000000e7300000| PB 0x00000000e7300000| Untracked 
| 116|0x00000000e7400000, 0x00000000e7400000, 0x00000000e7500000|  0%| F|  |TAMS 0x00000000e7400000| PB 0x00000000e7400000| Untracked 
| 117|0x00000000e7500000, 0x00000000e7500000, 0x00000000e7600000|  0%| F|  |TAMS 0x00000000e7500000| PB 0x00000000e7500000| Untracked 
| 118|0x00000000e7600000, 0x00000000e7600000, 0x00000000e7700000|  0%| F|  |TAMS 0x00000000e7600000| PB 0x00000000e7600000| Untracked 
| 119|0x00000000e7700000, 0x00000000e7700000, 0x00000000e7800000|  0%| F|  |TAMS 0x00000000e7700000| PB 0x00000000e7700000| Untracked 
| 120|0x00000000e7800000, 0x00000000e7800000, 0x00000000e7900000|  0%| F|  |TAMS 0x00000000e7800000| PB 0x00000000e7800000| Untracked 
| 121|0x00000000e7900000, 0x00000000e7900000, 0x00000000e7a00000|  0%| F|  |TAMS 0x00000000e7900000| PB 0x00000000e7900000| Untracked 
| 122|0x00000000e7a00000, 0x00000000e7a00000, 0x00000000e7b00000|  0%| F|  |TAMS 0x00000000e7a00000| PB 0x00000000e7a00000| Untracked 
| 123|0x00000000e7b00000, 0x00000000e7b00000, 0x00000000e7c00000|  0%| F|  |TAMS 0x00000000e7b00000| PB 0x00000000e7b00000| Untracked 
| 124|0x00000000e7c00000, 0x00000000e7c00000, 0x00000000e7d00000|  0%| F|  |TAMS 0x00000000e7c00000| PB 0x00000000e7c00000| Untracked 
| 125|0x00000000e7d00000, 0x00000000e7d00000, 0x00000000e7e00000|  0%| F|  |TAMS 0x00000000e7d00000| PB 0x00000000e7d00000| Untracked 
| 126|0x00000000e7e00000, 0x00000000e7e00000, 0x00000000e7f00000|  0%| F|  |TAMS 0x00000000e7e00000| PB 0x00000000e7e00000| Untracked 
| 127|0x00000000e7f00000, 0x00000000e7f00000, 0x00000000e8000000|  0%| F|  |TAMS 0x00000000e7f00000| PB 0x00000000e7f00000| Untracked 
| 128|0x00000000e8000000, 0x00000000e8000000, 0x00000000e8100000|  0%| F|  |TAMS 0x00000000e8000000| PB 0x00000000e8000000| Untracked 
| 129|0x00000000e8100000, 0x00000000e8100000, 0x00000000e8200000|  0%| F|  |TAMS 0x00000000e8100000| PB 0x00000000e8100000| Untracked 
| 130|0x00000000e8200000, 0x00000000e8200000, 0x00000000e8300000|  0%| F|  |TAMS 0x00000000e8200000| PB 0x00000000e8200000| Untracked 
| 131|0x00000000e8300000, 0x00000000e8300000, 0x00000000e8400000|  0%| F|  |TAMS 0x00000000e8300000| PB 0x00000000e8300000| Untracked 
| 132|0x00000000e8400000, 0x00000000e8400000, 0x00000000e8500000|  0%| F|  |TAMS 0x00000000e8400000| PB 0x00000000e8400000| Untracked 
| 133|0x00000000e8500000, 0x00000000e8500000, 0x00000000e8600000|  0%| F|  |TAMS 0x00000000e8500000| PB 0x00000000e8500000| Untracked 
| 134|0x00000000e8600000, 0x00000000e8600000, 0x00000000e8700000|  0%| F|  |TAMS 0x00000000e8600000| PB 0x00000000e8600000| Untracked 
| 135|0x00000000e8700000, 0x00000000e8700000, 0x00000000e8800000|  0%| F|  |TAMS 0x00000000e8700000| PB 0x00000000e8700000| Untracked 
| 136|0x00000000e8800000, 0x00000000e8800000, 0x00000000e8900000|  0%| F|  |TAMS 0x00000000e8800000| PB 0x00000000e8800000| Untracked 
| 137|0x00000000e8900000, 0x00000000e8900000, 0x00000000e8a00000|  0%| F|  |TAMS 0x00000000e8900000| PB 0x00000000e8900000| Untracked 
| 138|0x00000000e8a00000, 0x00000000e8a00000, 0x00000000e8b00000|  0%| F|  |TAMS 0x00000000e8a00000| PB 0x00000000e8a00000| Untracked 
| 139|0x00000000e8b00000, 0x00000000e8b00000, 0x00000000e8c00000|  0%| F|  |TAMS 0x00000000e8b00000| PB 0x00000000e8b00000| Untracked 
| 140|0x00000000e8c00000, 0x00000000e8c00000, 0x00000000e8d00000|  0%| F|  |TAMS 0x00000000e8c00000| PB 0x00000000e8c00000| Untracked 
| 141|0x00000000e8d00000, 0x00000000e8d00000, 0x00000000e8e00000|  0%| F|  |TAMS 0x00000000e8d00000| PB 0x00000000e8d00000| Untracked 
| 142|0x00000000e8e00000, 0x00000000e8e00000, 0x00000000e8f00000|  0%| F|  |TAMS 0x00000000e8e00000| PB 0x00000000e8e00000| Untracked 
| 143|0x00000000e8f00000, 0x00000000e8f00000, 0x00000000e9000000|  0%| F|  |TAMS 0x00000000e8f00000| PB 0x00000000e8f00000| Untracked 
| 144|0x00000000e9000000, 0x00000000e9000000, 0x00000000e9100000|  0%| F|  |TAMS 0x00000000e9000000| PB 0x00000000e9000000| Untracked 
| 145|0x00000000e9100000, 0x00000000e9100000, 0x00000000e9200000|  0%| F|  |TAMS 0x00000000e9100000| PB 0x00000000e9100000| Untracked 
| 146|0x00000000e9200000, 0x00000000e9200000, 0x00000000e9300000|  0%| F|  |TAMS 0x00000000e9200000| PB 0x00000000e9200000| Untracked 
| 147|0x00000000e9300000, 0x00000000e9300000, 0x00000000e9400000|  0%| F|  |TAMS 0x00000000e9300000| PB 0x00000000e9300000| Untracked 
| 148|0x00000000e9400000, 0x00000000e9400000, 0x00000000e9500000|  0%| F|  |TAMS 0x00000000e9400000| PB 0x00000000e9400000| Untracked 
| 149|0x00000000e9500000, 0x00000000e9500000, 0x00000000e9600000|  0%| F|  |TAMS 0x00000000e9500000| PB 0x00000000e9500000| Untracked 
| 150|0x00000000e9600000, 0x00000000e9600000, 0x00000000e9700000|  0%| F|  |TAMS 0x00000000e9600000| PB 0x00000000e9600000| Untracked 
| 151|0x00000000e9700000, 0x00000000e9700000, 0x00000000e9800000|  0%| F|  |TAMS 0x00000000e9700000| PB 0x00000000e9700000| Untracked 
| 152|0x00000000e9800000, 0x00000000e9800000, 0x00000000e9900000|  0%| F|  |TAMS 0x00000000e9800000| PB 0x00000000e9800000| Untracked 
| 153|0x00000000e9900000, 0x00000000e9900000, 0x00000000e9a00000|  0%| F|  |TAMS 0x00000000e9900000| PB 0x00000000e9900000| Untracked 
| 154|0x00000000e9a00000, 0x00000000e9a00000, 0x00000000e9b00000|  0%| F|  |TAMS 0x00000000e9a00000| PB 0x00000000e9a00000| Untracked 
| 155|0x00000000e9b00000, 0x00000000e9b00000, 0x00000000e9c00000|  0%| F|  |TAMS 0x00000000e9b00000| PB 0x00000000e9b00000| Untracked 
| 156|0x00000000e9c00000, 0x00000000e9c00000, 0x00000000e9d00000|  0%| F|  |TAMS 0x00000000e9c00000| PB 0x00000000e9c00000| Untracked 
| 157|0x00000000e9d00000, 0x00000000e9d00000, 0x00000000e9e00000|  0%| F|  |TAMS 0x00000000e9d00000| PB 0x00000000e9d00000| Untracked 
| 158|0x00000000e9e00000, 0x00000000e9e00000, 0x00000000e9f00000|  0%| F|  |TAMS 0x00000000e9e00000| PB 0x00000000e9e00000| Untracked 
| 159|0x00000000e9f00000, 0x00000000e9f00000, 0x00000000ea000000|  0%| F|  |TAMS 0x00000000e9f00000| PB 0x00000000e9f00000| Untracked 
| 160|0x00000000ea000000, 0x00000000ea000000, 0x00000000ea100000|  0%| F|  |TAMS 0x00000000ea000000| PB 0x00000000ea000000| Untracked 
| 161|0x00000000ea100000, 0x00000000ea100000, 0x00000000ea200000|  0%| F|  |TAMS 0x00000000ea100000| PB 0x00000000ea100000| Untracked 
| 162|0x00000000ea200000, 0x00000000ea200000, 0x00000000ea300000|  0%| F|  |TAMS 0x00000000ea200000| PB 0x00000000ea200000| Untracked 
| 163|0x00000000ea300000, 0x00000000ea300000, 0x00000000ea400000|  0%| F|  |TAMS 0x00000000ea300000| PB 0x00000000ea300000| Untracked 
| 164|0x00000000ea400000, 0x00000000ea400000, 0x00000000ea500000|  0%| F|  |TAMS 0x00000000ea400000| PB 0x00000000ea400000| Untracked 
| 165|0x00000000ea500000, 0x00000000ea500000, 0x00000000ea600000|  0%| F|  |TAMS 0x00000000ea500000| PB 0x00000000ea500000| Untracked 
| 166|0x00000000ea600000, 0x00000000ea600000, 0x00000000ea700000|  0%| F|  |TAMS 0x00000000ea600000| PB 0x00000000ea600000| Untracked 
| 167|0x00000000ea700000, 0x00000000ea700000, 0x00000000ea800000|  0%| F|  |TAMS 0x00000000ea700000| PB 0x00000000ea700000| Untracked 
| 168|0x00000000ea800000, 0x00000000ea800000, 0x00000000ea900000|  0%| F|  |TAMS 0x00000000ea800000| PB 0x00000000ea800000| Untracked 
| 169|0x00000000ea900000, 0x00000000ea900000, 0x00000000eaa00000|  0%| F|  |TAMS 0x00000000ea900000| PB 0x00000000ea900000| Untracked 
| 170|0x00000000eaa00000, 0x00000000eaa00000, 0x00000000eab00000|  0%| F|  |TAMS 0x00000000eaa00000| PB 0x00000000eaa00000| Untracked 
| 171|0x00000000eab00000, 0x00000000eab00000, 0x00000000eac00000|  0%| F|  |TAMS 0x00000000eab00000| PB 0x00000000eab00000| Untracked 
| 172|0x00000000eac00000, 0x00000000eac00000, 0x00000000ead00000|  0%| F|  |TAMS 0x00000000eac00000| PB 0x00000000eac00000| Untracked 
| 173|0x00000000ead00000, 0x00000000ead00000, 0x00000000eae00000|  0%| F|  |TAMS 0x00000000ead00000| PB 0x00000000ead00000| Untracked 
| 174|0x00000000eae00000, 0x00000000eae00000, 0x00000000eaf00000|  0%| F|  |TAMS 0x00000000eae00000| PB 0x00000000eae00000| Untracked 
| 175|0x00000000eaf00000, 0x00000000eaf00000, 0x00000000eb000000|  0%| F|  |TAMS 0x00000000eaf00000| PB 0x00000000eaf00000| Untracked 
| 176|0x00000000eb000000, 0x00000000eb000000, 0x00000000eb100000|  0%| F|  |TAMS 0x00000000eb000000| PB 0x00000000eb000000| Untracked 
| 177|0x00000000eb100000, 0x00000000eb200000, 0x00000000eb200000|100%| E|  |TAMS 0x00000000eb100000| PB 0x00000000eb100000| Complete 
| 178|0x00000000eb200000, 0x00000000eb300000, 0x00000000eb300000|100%| E|CS|TAMS 0x00000000eb200000| PB 0x00000000eb200000| Complete 
| 179|0x00000000eb300000, 0x00000000eb400000, 0x00000000eb400000|100%| E|CS|TAMS 0x00000000eb300000| PB 0x00000000eb300000| Complete 
| 180|0x00000000eb400000, 0x00000000eb500000, 0x00000000eb500000|100%| E|CS|TAMS 0x00000000eb400000| PB 0x00000000eb400000| Complete 
| 181|0x00000000eb500000, 0x00000000eb600000, 0x00000000eb600000|100%| E|CS|TAMS 0x00000000eb500000| PB 0x00000000eb500000| Complete 
| 182|0x00000000eb600000, 0x00000000eb700000, 0x00000000eb700000|100%| E|CS|TAMS 0x00000000eb600000| PB 0x00000000eb600000| Complete 
| 183|0x00000000eb700000, 0x00000000eb800000, 0x00000000eb800000|100%| E|CS|TAMS 0x00000000eb700000| PB 0x00000000eb700000| Complete 
| 184|0x00000000eb800000, 0x00000000eb900000, 0x00000000eb900000|100%| E|CS|TAMS 0x00000000eb800000| PB 0x00000000eb800000| Complete 
| 185|0x00000000eb900000, 0x00000000eba00000, 0x00000000eba00000|100%| E|CS|TAMS 0x00000000eb900000| PB 0x00000000eb900000| Complete 
| 186|0x00000000eba00000, 0x00000000ebb00000, 0x00000000ebb00000|100%| E|CS|TAMS 0x00000000eba00000| PB 0x00000000eba00000| Complete 
| 187|0x00000000ebb00000, 0x00000000ebc00000, 0x00000000ebc00000|100%| E|CS|TAMS 0x00000000ebb00000| PB 0x00000000ebb00000| Complete 
| 188|0x00000000ebc00000, 0x00000000ebd00000, 0x00000000ebd00000|100%| E|CS|TAMS 0x00000000ebc00000| PB 0x00000000ebc00000| Complete 
| 189|0x00000000ebd00000, 0x00000000ebe00000, 0x00000000ebe00000|100%| E|CS|TAMS 0x00000000ebd00000| PB 0x00000000ebd00000| Complete 
| 190|0x00000000ebe00000, 0x00000000ebf00000, 0x00000000ebf00000|100%| E|CS|TAMS 0x00000000ebe00000| PB 0x00000000ebe00000| Complete 
| 191|0x00000000ebf00000, 0x00000000ec000000, 0x00000000ec000000|100%| E|CS|TAMS 0x00000000ebf00000| PB 0x00000000ebf00000| Complete 
| 192|0x00000000ec000000, 0x00000000ec100000, 0x00000000ec100000|100%| E|CS|TAMS 0x00000000ec000000| PB 0x00000000ec000000| Complete 
| 193|0x00000000ec100000, 0x00000000ec200000, 0x00000000ec200000|100%| E|CS|TAMS 0x00000000ec100000| PB 0x00000000ec100000| Complete 
| 194|0x00000000ec200000, 0x00000000ec300000, 0x00000000ec300000|100%| E|CS|TAMS 0x00000000ec200000| PB 0x00000000ec200000| Complete 
| 195|0x00000000ec300000, 0x00000000ec400000, 0x00000000ec400000|100%| E|CS|TAMS 0x00000000ec300000| PB 0x00000000ec300000| Complete 
| 196|0x00000000ec400000, 0x00000000ec500000, 0x00000000ec500000|100%| E|CS|TAMS 0x00000000ec400000| PB 0x00000000ec400000| Complete 
| 197|0x00000000ec500000, 0x00000000ec600000, 0x00000000ec600000|100%| E|CS|TAMS 0x00000000ec500000| PB 0x00000000ec500000| Complete 
| 198|0x00000000ec600000, 0x00000000ec700000, 0x00000000ec700000|100%| E|CS|TAMS 0x00000000ec600000| PB 0x00000000ec600000| Complete 
| 199|0x00000000ec700000, 0x00000000ec800000, 0x00000000ec800000|100%| E|CS|TAMS 0x00000000ec700000| PB 0x00000000ec700000| Complete 
| 200|0x00000000ec800000, 0x00000000ec900000, 0x00000000ec900000|100%| E|CS|TAMS 0x00000000ec800000| PB 0x00000000ec800000| Complete 
| 201|0x00000000ec900000, 0x00000000eca00000, 0x00000000eca00000|100%| E|CS|TAMS 0x00000000ec900000| PB 0x00000000ec900000| Complete 
| 202|0x00000000eca00000, 0x00000000ecb00000, 0x00000000ecb00000|100%| E|CS|TAMS 0x00000000eca00000| PB 0x00000000eca00000| Complete 
| 203|0x00000000ecb00000, 0x00000000ecc00000, 0x00000000ecc00000|100%| E|CS|TAMS 0x00000000ecb00000| PB 0x00000000ecb00000| Complete 
| 204|0x00000000ecc00000, 0x00000000ecd00000, 0x00000000ecd00000|100%| E|CS|TAMS 0x00000000ecc00000| PB 0x00000000ecc00000| Complete 
| 205|0x00000000ecd00000, 0x00000000ece00000, 0x00000000ece00000|100%| E|CS|TAMS 0x00000000ecd00000| PB 0x00000000ecd00000| Complete 
| 206|0x00000000ece00000, 0x00000000ecf00000, 0x00000000ecf00000|100%| E|CS|TAMS 0x00000000ece00000| PB 0x00000000ece00000| Complete 
| 207|0x00000000ecf00000, 0x00000000ed000000, 0x00000000ed000000|100%| E|CS|TAMS 0x00000000ecf00000| PB 0x00000000ecf00000| Complete 
| 208|0x00000000ed000000, 0x00000000ed100000, 0x00000000ed100000|100%| E|CS|TAMS 0x00000000ed000000| PB 0x00000000ed000000| Complete 
| 209|0x00000000ed100000, 0x00000000ed200000, 0x00000000ed200000|100%| E|CS|TAMS 0x00000000ed100000| PB 0x00000000ed100000| Complete 
| 210|0x00000000ed200000, 0x00000000ed300000, 0x00000000ed300000|100%| E|CS|TAMS 0x00000000ed200000| PB 0x00000000ed200000| Complete 
| 211|0x00000000ed300000, 0x00000000ed400000, 0x00000000ed400000|100%| E|CS|TAMS 0x00000000ed300000| PB 0x00000000ed300000| Complete 
| 212|0x00000000ed400000, 0x00000000ed500000, 0x00000000ed500000|100%| E|CS|TAMS 0x00000000ed400000| PB 0x00000000ed400000| Complete 
| 213|0x00000000ed500000, 0x00000000ed600000, 0x00000000ed600000|100%| E|CS|TAMS 0x00000000ed500000| PB 0x00000000ed500000| Complete 
| 214|0x00000000ed600000, 0x00000000ed700000, 0x00000000ed700000|100%| E|CS|TAMS 0x00000000ed600000| PB 0x00000000ed600000| Complete 
| 215|0x00000000ed700000, 0x00000000ed800000, 0x00000000ed800000|100%| E|CS|TAMS 0x00000000ed700000| PB 0x00000000ed700000| Complete 
| 216|0x00000000ed800000, 0x00000000ed900000, 0x00000000ed900000|100%| E|CS|TAMS 0x00000000ed800000| PB 0x00000000ed800000| Complete 
| 217|0x00000000ed900000, 0x00000000eda00000, 0x00000000eda00000|100%| E|CS|TAMS 0x00000000ed900000| PB 0x00000000ed900000| Complete 
| 218|0x00000000eda00000, 0x00000000edb00000, 0x00000000edb00000|100%| E|CS|TAMS 0x00000000eda00000| PB 0x00000000eda00000| Complete 
| 219|0x00000000edb00000, 0x00000000edc00000, 0x00000000edc00000|100%| E|CS|TAMS 0x00000000edb00000| PB 0x00000000edb00000| Complete 
| 220|0x00000000edc00000, 0x00000000edd00000, 0x00000000edd00000|100%| E|CS|TAMS 0x00000000edc00000| PB 0x00000000edc00000| Complete 
| 221|0x00000000edd00000, 0x00000000ede00000, 0x00000000ede00000|100%| E|CS|TAMS 0x00000000edd00000| PB 0x00000000edd00000| Complete 
| 222|0x00000000ede00000, 0x00000000edf00000, 0x00000000edf00000|100%| E|CS|TAMS 0x00000000ede00000| PB 0x00000000ede00000| Complete 
| 223|0x00000000edf00000, 0x00000000ee000000, 0x00000000ee000000|100%| E|CS|TAMS 0x00000000edf00000| PB 0x00000000edf00000| Complete 
| 224|0x00000000ee000000, 0x00000000ee100000, 0x00000000ee100000|100%| E|CS|TAMS 0x00000000ee000000| PB 0x00000000ee000000| Complete 
| 225|0x00000000ee100000, 0x00000000ee200000, 0x00000000ee200000|100%| E|CS|TAMS 0x00000000ee100000| PB 0x00000000ee100000| Complete 
| 226|0x00000000ee200000, 0x00000000ee300000, 0x00000000ee300000|100%| E|CS|TAMS 0x00000000ee200000| PB 0x00000000ee200000| Complete 
| 227|0x00000000ee300000, 0x00000000ee400000, 0x00000000ee400000|100%| E|CS|TAMS 0x00000000ee300000| PB 0x00000000ee300000| Complete 
| 228|0x00000000ee400000, 0x00000000ee500000, 0x00000000ee500000|100%| E|CS|TAMS 0x00000000ee400000| PB 0x00000000ee400000| Complete 
| 229|0x00000000ee500000, 0x00000000ee600000, 0x00000000ee600000|100%| E|CS|TAMS 0x00000000ee500000| PB 0x00000000ee500000| Complete 
| 230|0x00000000ee600000, 0x00000000ee700000, 0x00000000ee700000|100%| S|CS|TAMS 0x00000000ee600000| PB 0x00000000ee600000| Complete 
| 231|0x00000000ee700000, 0x00000000ee800000, 0x00000000ee800000|100%| S|CS|TAMS 0x00000000ee700000| PB 0x00000000ee700000| Complete 
| 232|0x00000000ee800000, 0x00000000ee900000, 0x00000000ee900000|100%| S|CS|TAMS 0x00000000ee800000| PB 0x00000000ee800000| Complete 
| 233|0x00000000ee900000, 0x00000000eea00000, 0x00000000eea00000|100%| E|CS|TAMS 0x00000000ee900000| PB 0x00000000ee900000| Complete 
| 234|0x00000000eea00000, 0x00000000eeb00000, 0x00000000eeb00000|100%| E|CS|TAMS 0x00000000eea00000| PB 0x00000000eea00000| Complete 
| 235|0x00000000eeb00000, 0x00000000eec00000, 0x00000000eec00000|100%| E|CS|TAMS 0x00000000eeb00000| PB 0x00000000eeb00000| Complete 
| 236|0x00000000eec00000, 0x00000000eed00000, 0x00000000eed00000|100%| E|CS|TAMS 0x00000000eec00000| PB 0x00000000eec00000| Complete 
| 237|0x00000000eed00000, 0x00000000eee00000, 0x00000000eee00000|100%| E|CS|TAMS 0x00000000eed00000| PB 0x00000000eed00000| Complete 
| 238|0x00000000eee00000, 0x00000000eef00000, 0x00000000eef00000|100%| E|CS|TAMS 0x00000000eee00000| PB 0x00000000eee00000| Complete 
| 239|0x00000000eef00000, 0x00000000ef000000, 0x00000000ef000000|100%| E|CS|TAMS 0x00000000eef00000| PB 0x00000000eef00000| Complete 
| 240|0x00000000ef000000, 0x00000000ef100000, 0x00000000ef100000|100%| E|CS|TAMS 0x00000000ef000000| PB 0x00000000ef000000| Complete 
| 241|0x00000000ef100000, 0x00000000ef200000, 0x00000000ef200000|100%| E|CS|TAMS 0x00000000ef100000| PB 0x00000000ef100000| Complete 
| 242|0x00000000ef200000, 0x00000000ef300000, 0x00000000ef300000|100%| E|CS|TAMS 0x00000000ef200000| PB 0x00000000ef200000| Complete 
| 243|0x00000000ef300000, 0x00000000ef400000, 0x00000000ef400000|100%| E|CS|TAMS 0x00000000ef300000| PB 0x00000000ef300000| Complete 
| 244|0x00000000ef400000, 0x00000000ef500000, 0x00000000ef500000|100%| E|CS|TAMS 0x00000000ef400000| PB 0x00000000ef400000| Complete 
| 245|0x00000000ef500000, 0x00000000ef600000, 0x00000000ef600000|100%| E|CS|TAMS 0x00000000ef500000| PB 0x00000000ef500000| Complete 
| 246|0x00000000ef600000, 0x00000000ef700000, 0x00000000ef700000|100%| E|CS|TAMS 0x00000000ef600000| PB 0x00000000ef600000| Complete 
| 247|0x00000000ef700000, 0x00000000ef800000, 0x00000000ef800000|100%| E|CS|TAMS 0x00000000ef700000| PB 0x00000000ef700000| Complete 
| 248|0x00000000ef800000, 0x00000000ef900000, 0x00000000ef900000|100%| E|CS|TAMS 0x00000000ef800000| PB 0x00000000ef800000| Complete 
| 249|0x00000000ef900000, 0x00000000efa00000, 0x00000000efa00000|100%| E|CS|TAMS 0x00000000ef900000| PB 0x00000000ef900000| Complete 
| 250|0x00000000efa00000, 0x00000000efb00000, 0x00000000efb00000|100%| E|CS|TAMS 0x00000000efa00000| PB 0x00000000efa00000| Complete 
| 251|0x00000000efb00000, 0x00000000efc00000, 0x00000000efc00000|100%| E|CS|TAMS 0x00000000efb00000| PB 0x00000000efb00000| Complete 
| 252|0x00000000efc00000, 0x00000000efd00000, 0x00000000efd00000|100%| E|CS|TAMS 0x00000000efc00000| PB 0x00000000efc00000| Complete 
| 253|0x00000000efd00000, 0x00000000efe00000, 0x00000000efe00000|100%| E|CS|TAMS 0x00000000efd00000| PB 0x00000000efd00000| Complete 
| 254|0x00000000efe00000, 0x00000000eff00000, 0x00000000eff00000|100%| E|CS|TAMS 0x00000000efe00000| PB 0x00000000efe00000| Complete 
| 255|0x00000000eff00000, 0x00000000effffea8, 0x00000000f0000000| 99%| E|  |TAMS 0x00000000eff00000| PB 0x00000000eff00000| Complete 

Card table byte_map: [0x0000027df2280000,0x0000027df2380000] _byte_map_base: 0x0000027df1b80000

Marking Bits: (CMBitMap*) 0x0000027de8166660
 Bits: [0x0000027df2380000, 0x0000027df2b80000)

Polling page: 0x0000027de7f30000

Metaspace:

Usage:
  Non-class:     15.21 MB used.
      Class:      2.49 MB used.
       Both:     17.70 MB used.

Virtual space:
  Non-class space:       64.00 MB reserved,      15.50 MB ( 24%) committed,  1 nodes.
      Class space:      320.00 MB reserved,       2.75 MB ( <1%) committed,  1 nodes.
             Both:      384.00 MB reserved,      18.25 MB (  5%) committed. 

Chunk freelists:
   Non-Class:  15.66 MB
       Class:  13.29 MB
        Both:  28.95 MB

MaxMetaspaceSize: 384.00 MB
CompressedClassSpaceSize: 320.00 MB
Initial GC threshold: 21.00 MB
Current GC threshold: 21.00 MB
CDS: on
 - commit_granule_bytes: 65536.
 - commit_granule_words: 8192.
 - virtual_space_node_default_size: 8388608.
 - enlarge_chunks_in_place: 1.
 - use_allocation_guard: 0.


Internal statistics:

num_allocs_failed_limit: 0.
num_arena_births: 712.
num_arena_deaths: 0.
num_vsnodes_births: 2.
num_vsnodes_deaths: 0.
num_space_committed: 292.
num_space_uncommitted: 0.
num_chunks_returned_to_freelist: 0.
num_chunks_taken_from_freelist: 1373.
num_chunk_merges: 0.
num_chunk_splits: 889.
num_chunks_enlarged: 597.
num_inconsistent_stats: 0.

CodeHeap 'non-profiled nmethods': size=120064Kb used=1493Kb max_used=1493Kb free=118570Kb
 bounds [0x0000027d87ac0000, 0x0000027d87d30000, 0x0000027d8f000000]
CodeHeap 'profiled nmethods': size=120000Kb used=5695Kb max_used=5695Kb free=114304Kb
 bounds [0x0000027d80000000, 0x0000027d80590000, 0x0000027d87530000]
CodeHeap 'non-nmethods': size=5696Kb used=1495Kb max_used=1519Kb free=4200Kb
 bounds [0x0000027d87530000, 0x0000027d877a0000, 0x0000027d87ac0000]
 total_blobs=3383 nmethods=2812 adapters=475
 compilation: enabled
              stopped_count=0, restarted_count=0
 full_count=0

Compilation events (20 events):
Event: 36.082 Thread 0x0000027df4f7b060 nmethod 2804 0x0000027d80589b90 code [0x0000027d80589d20, 0x0000027d80589e58]
Event: 36.084 Thread 0x0000027df4f7b060 2806       3       java.lang.invoke.LambdaForm$NamedFunction::<init> (95 bytes)
Event: 36.084 Thread 0x0000027df4f7b060 nmethod 2806 0x0000027d80589f10 code [0x0000027d8058a120, 0x0000027d8058a638]
Event: 36.084 Thread 0x0000027df4f7b060 2808       3       java.util.ArrayList::clear (43 bytes)
Event: 36.084 Thread 0x0000027df4f7b060 nmethod 2808 0x0000027d8058a810 code [0x0000027d8058a9c0, 0x0000027d8058ad38]
Event: 36.084 Thread 0x0000027df4f7b060 2807       3       java.lang.invoke.Invokers::basicInvoker (103 bytes)
Event: 36.085 Thread 0x0000027df4f7b060 nmethod 2807 0x0000027d8058ae90 code [0x0000027d8058b140, 0x0000027d8058bb18]
Event: 36.085 Thread 0x0000027df4f7b060 2809       3       java.lang.invoke.LambdaFormEditor::newSpeciesData (9 bytes)
Event: 36.085 Thread 0x0000027df4f7b060 nmethod 2809 0x0000027d8058bf90 code [0x0000027d8058c160, 0x0000027d8058c348]
Event: 36.085 Thread 0x0000027df4f7b060 2810       3       java.lang.invoke.LambdaFormBuffer::replaceFunctions (121 bytes)
Event: 36.086 Thread 0x0000027df4f7b060 nmethod 2810 0x0000027d8058c490 code [0x0000027d8058c6e0, 0x0000027d8058d0b0]
Event: 36.086 Thread 0x0000027df4f7b060 2811       3       java.lang.invoke.LambdaForm::create (14 bytes)
Event: 36.086 Thread 0x0000027df4f7b060 nmethod 2811 0x0000027d8058d410 code [0x0000027d8058d5c0, 0x0000027d8058d6f0]
Event: 36.086 Thread 0x0000027df4f7b060 2812       3       java.lang.invoke.LambdaFormBuffer::nameArray (15 bytes)
Event: 36.086 Thread 0x0000027df4f7b060 nmethod 2812 0x0000027d8058d790 code [0x0000027d8058d960, 0x0000027d8058dc30]
Event: 36.086 Thread 0x0000027df4f7b060 2813       3       java.lang.invoke.LambdaFormBuffer::resultIndex (41 bytes)
Event: 36.086 Thread 0x0000027df4f7b060 nmethod 2813 0x0000027d8058dd10 code [0x0000027d8058dec0, 0x0000027d8058e190]
Event: 36.086 Thread 0x0000027df4f7b060 2814       3       java.lang.invoke.LambdaFormEditor$Transform::<init> (17 bytes)
Event: 36.087 Thread 0x0000027df4f7b060 nmethod 2814 0x0000027d8058e290 code [0x0000027d8058e460, 0x0000027d8058e840]
Event: 36.151 Thread 0x0000027df4f78e10 2815   !   4       java.net.URLClassLoader::findClass (47 bytes)

GC Heap History (8 events):
Event: 3.870 GC heap before
{Heap before GC invocations=0 (full 0):
 garbage-first heap   total 262144K, used 11264K [0x00000000e0000000, 0x0000000100000000)
  region size 1024K, 12 young (12288K), 0 survivors (0K)
 Metaspace       used 993K, committed 1088K, reserved 393216K
  class space    used 79K, committed 128K, reserved 327680K
}
Event: 3.886 GC heap after
{Heap after GC invocations=1 (full 0):
 garbage-first heap   total 262144K, used 1850K [0x00000000e0000000, 0x0000000100000000)
  region size 1024K, 2 young (2048K), 2 survivors (2048K)
 Metaspace       used 993K, committed 1088K, reserved 393216K
  class space    used 79K, committed 128K, reserved 327680K
}
Event: 8.742 GC heap before
{Heap before GC invocations=1 (full 0):
 garbage-first heap   total 262144K, used 16186K [0x00000000e0000000, 0x0000000100000000)
  region size 1024K, 13 young (13312K), 2 survivors (2048K)
 Metaspace       used 3247K, committed 3392K, reserved 393216K
  class space    used 409K, committed 448K, reserved 327680K
}
Event: 8.749 GC heap after
{Heap after GC invocations=2 (full 0):
 garbage-first heap   total 262144K, used 10788K [0x00000000e0000000, 0x0000000100000000)
  region size 1024K, 2 young (2048K), 2 survivors (2048K)
 Metaspace       used 3247K, committed 3392K, reserved 393216K
  class space    used 409K, committed 448K, reserved 327680K
}
Event: 12.045 GC heap before
{Heap before GC invocations=2 (full 0):
 garbage-first heap   total 262144K, used 22052K [0x00000000e0000000, 0x0000000100000000)
  region size 1024K, 14 young (14336K), 2 survivors (2048K)
 Metaspace       used 4131K, committed 4352K, reserved 393216K
  class space    used 502K, committed 640K, reserved 327680K
}
Event: 12.049 GC heap after
{Heap after GC invocations=3 (full 0):
 garbage-first heap   total 262144K, used 11315K [0x00000000e0000000, 0x0000000100000000)
  region size 1024K, 1 young (1024K), 1 survivors (1024K)
 Metaspace       used 4131K, committed 4352K, reserved 393216K
  class space    used 502K, committed 640K, reserved 327680K
}
Event: 16.383 GC heap before
{Heap before GC invocations=3 (full 0):
 garbage-first heap   total 262144K, used 33843K [0x00000000e0000000, 0x0000000100000000)
  region size 1024K, 23 young (23552K), 1 survivors (1024K)
 Metaspace       used 4223K, committed 4480K, reserved 393216K
  class space    used 503K, committed 640K, reserved 327680K
}
Event: 16.386 GC heap after
{Heap after GC invocations=4 (full 0):
 garbage-first heap   total 262144K, used 14319K [0x00000000e0000000, 0x0000000100000000)
  region size 1024K, 3 young (3072K), 3 survivors (3072K)
 Metaspace       used 4223K, committed 4480K, reserved 393216K
  class space    used 503K, committed 640K, reserved 327680K
}

Dll operation events (15 events):
Event: 0.199 Loaded shared library C:\Program Files\Java\jdk-21\bin\java.dll
Event: 0.311 Loaded shared library C:\Program Files\Java\jdk-21\bin\jsvml.dll
Event: 0.585 Loaded shared library C:\Program Files\Java\jdk-21\bin\zip.dll
Event: 0.594 Loaded shared library C:\Program Files\Java\jdk-21\bin\instrument.dll
Event: 0.718 Loaded shared library C:\Program Files\Java\jdk-21\bin\net.dll
Event: 0.769 Loaded shared library C:\Program Files\Java\jdk-21\bin\nio.dll
Event: 0.886 Loaded shared library C:\Program Files\Java\jdk-21\bin\zip.dll
Event: 3.687 Loaded shared library C:\Program Files\Java\jdk-21\bin\jimage.dll
Event: 4.070 Loaded shared library C:\Program Files\Java\jdk-21\bin\verify.dll
Event: 8.298 Loaded shared library C:\Users\user\.gradle\native\c067742578af261105cb4f569cf0c3c89f3d7b1fecec35dd04571415982c5e48\windows-amd64\native-platform.dll
Event: 8.337 Loaded shared library C:\Users\user\.gradle\native\38dada09dfb8b06ba9b0570ebf7e218e3eb74d4ef43ca46872605cf95ebc2f47\windows-amd64\native-platform-file-events.dll
Event: 23.226 Loaded shared library C:\Program Files\Java\jdk-21\bin\management.dll
Event: 23.230 Loaded shared library C:\Program Files\Java\jdk-21\bin\management_ext.dll
Event: 23.872 Loaded shared library C:\Program Files\Java\jdk-21\bin\extnet.dll
Event: 24.727 Loaded shared library C:\Program Files\Java\jdk-21\bin\sunmscapi.dll

Deoptimization events (20 events):
Event: 33.669 Thread 0x0000027df99aab70 Uncommon trap: trap_request=0xffffff45 fr.pc=0x0000027d87b3ece4 relative=0x0000000000000604
Event: 33.669 Thread 0x0000027df99aab70 Uncommon trap: reason=unstable_if action=reinterpret pc=0x0000027d87b3ece4 method=java.io.File.getName()Ljava/lang/String; @ 16 c2
Event: 33.669 Thread 0x0000027df99aab70 DEOPT PACKING pc=0x0000027d87b3ece4 sp=0x000000b4348fbe90
Event: 33.669 Thread 0x0000027df99aab70 DEOPT UNPACKING pc=0x0000027d875846a2 sp=0x000000b4348fbe60 mode 2
Event: 34.704 Thread 0x0000027dfa9d43c0 Uncommon trap: trap_request=0xffffff45 fr.pc=0x0000027d87b09a90 relative=0x00000000000006b0
Event: 34.704 Thread 0x0000027dfa9d43c0 Uncommon trap: reason=unstable_if action=reinterpret pc=0x0000027d87b09a90 method=java.lang.AbstractStringBuilder.append(Ljava/lang/String;)Ljava/lang/AbstractStringBuilder; @ 1 c2
Event: 34.704 Thread 0x0000027dfa9d43c0 DEOPT PACKING pc=0x0000027d87b09a90 sp=0x000000b4345fe9c0
Event: 34.704 Thread 0x0000027dfa9d43c0 DEOPT UNPACKING pc=0x0000027d875846a2 sp=0x000000b4345fe950 mode 2
Event: 34.705 Thread 0x0000027dfa9d43c0 Uncommon trap: trap_request=0xffffff45 fr.pc=0x0000027d87b0a784 relative=0x00000000000006a4
Event: 34.705 Thread 0x0000027dfa9d43c0 Uncommon trap: reason=unstable_if action=reinterpret pc=0x0000027d87b0a784 method=java.lang.AbstractStringBuilder.append(Ljava/lang/String;)Ljava/lang/AbstractStringBuilder; @ 1 c2
Event: 34.705 Thread 0x0000027dfa9d43c0 DEOPT PACKING pc=0x0000027d87b0a784 sp=0x000000b4345fe970
Event: 34.705 Thread 0x0000027dfa9d43c0 DEOPT UNPACKING pc=0x0000027d875846a2 sp=0x000000b4345fe958 mode 2
Event: 34.931 Thread 0x0000027df99aab70 Uncommon trap: trap_request=0xffffff45 fr.pc=0x0000027d87b78918 relative=0x00000000000007b8
Event: 34.931 Thread 0x0000027df99aab70 Uncommon trap: reason=unstable_if action=reinterpret pc=0x0000027d87b78918 method=java.util.ArrayList.grow(I)[Ljava/lang/Object; @ 17 c2
Event: 34.931 Thread 0x0000027df99aab70 DEOPT PACKING pc=0x0000027d87b78918 sp=0x000000b4348fd8b0
Event: 34.931 Thread 0x0000027df99aab70 DEOPT UNPACKING pc=0x0000027d875846a2 sp=0x000000b4348fd748 mode 2
Event: 35.152 Thread 0x0000027df99aab70 Uncommon trap: trap_request=0xffffffcc fr.pc=0x0000027d87c0aafc relative=0x000000000000033c
Event: 35.152 Thread 0x0000027df99aab70 Uncommon trap: reason=intrinsic_or_type_checked_inlining action=make_not_entrant pc=0x0000027d87c0aafc method=java.util.Arrays.copyOf([Ljava/lang/Object;ILjava/lang/Class;)[Ljava/lang/Object; @ 35 c2
Event: 35.152 Thread 0x0000027df99aab70 DEOPT PACKING pc=0x0000027d87c0aafc sp=0x000000b4348fd0f0
Event: 35.152 Thread 0x0000027df99aab70 DEOPT UNPACKING pc=0x0000027d875846a2 sp=0x000000b4348fd098 mode 2

Classes loaded (20 events):
Event: 35.315 Loading class java/lang/invoke/BoundMethodHandle$Species_LLLLLLLLLLLLLLLLLLLLLLL
Event: 35.315 Loading class java/lang/invoke/BoundMethodHandle$Species_LLLLLLLLLLLLLLLLLLLLLLL done
Event: 35.432 Loading class java/util/Collections$2
Event: 35.432 Loading class java/util/Collections$2 done
Event: 35.668 Loading class java/util/function/LongFunction
Event: 35.668 Loading class java/util/function/LongFunction done
Event: 35.848 Loading class java/security/InvalidKeyException
Event: 35.877 Loading class java/security/KeyException
Event: 35.877 Loading class java/security/KeyException done
Event: 35.877 Loading class java/security/InvalidKeyException done
Event: 36.151 Loading class java/io/ObjectOutputStream
Event: 36.152 Loading class java/io/ObjectOutput
Event: 36.152 Loading class java/io/ObjectOutput done
Event: 36.152 Loading class java/io/ObjectStreamConstants
Event: 36.153 Loading class java/io/ObjectStreamConstants done
Event: 36.153 Loading class java/io/ObjectOutputStream done
Event: 36.154 Loading class java/io/ObjectInputStream
Event: 36.155 Loading class java/io/ObjectInput
Event: 36.155 Loading class java/io/ObjectInput done
Event: 36.155 Loading class java/io/ObjectInputStream done

Classes unloaded (0 events):
No events

Classes redefined (0 events):
No events

Internal exceptions (20 events):
Event: 34.705 Thread 0x0000027dfa9d43c0 Implicit null exception at 0x0000027d87b0a120 to 0x0000027d87b0a76c
Event: 34.814 Thread 0x0000027df99aab70 Exception <a 'java/lang/NoSuchMethodError'{0x00000000ec2f9f18}: 'int java.lang.invoke.DirectMethodHandle$Holder.invokeStatic(java.lang.Object, java.lang.Object, java.lang.Object, java.lang.Object)'> (0x00000000ec2f9f18) 
thrown [s\open\src\hotspot\share\interpreter\linkResolver.cpp, line 773]
Event: 35.143 Thread 0x0000027df99aab70 Exception <a 'java/lang/NoSuchMethodError'{0x00000000ebf32af0}: 'java.lang.Object java.lang.invoke.DelegatingMethodHandle$Holder.reinvoke_L(java.lang.Object, java.lang.Object, java.lang.Object, java.lang.Object, java.lang.Object, java.lang.Object, java.lang.Object, java.lang.Object, java.lang.Object, java.lang.Object, java.lang.Object, java.lang.Object, java.lang.Object, java.lang.Object, java.lang.Object, java.lang.Object, java.lang.Object, java.lang.Object, java.lang.Object, java.lang.Object, java.lang.O
Event: 35.155 Thread 0x0000027df99aab70 Exception <a 'java/lang/NoSuchMethodError'{0x00000000ebf8bf20}: 'java.lang.Object java.lang.invoke.DirectMethodHandle$Holder.invokeStatic(java.lang.Object, java.lang.Object, java.lang.Object, java.lang.Object, java.lang.Object, java.lang.Object, java.lang.Object, java.lang.Object, java.lang.Object, java.lang.Object, java.lang.Object, java.lang.Object, java.lang.Object, java.lang.Object, java.lang.Object)'> (0x00000000ebf8bf20) 
thrown [s\open\src\hotspot\share\interpreter\linkResolver.cpp, line 773]
Event: 35.159 Thread 0x0000027df99aab70 Exception <a 'java/lang/NoSuchMethodError'{0x00000000ebfb02a8}: 'java.lang.Object java.lang.invoke.DirectMethodHandle$Holder.invokeStatic(java.lang.Object, java.lang.Object, java.lang.Object, java.lang.Object, java.lang.Object, java.lang.Object, java.lang.Object, java.lang.Object, java.lang.Object, java.lang.Object, java.lang.Object, java.lang.Object, java.lang.Object, java.lang.Object, java.lang.Object, java.lang.Object)'> (0x00000000ebfb02a8) 
thrown [s\open\src\hotspot\share\interpreter\linkResolver.cpp
Event: 35.166 Thread 0x0000027df99aab70 Exception <a 'java/lang/NoSuchMethodError'{0x00000000ebfd77a8}: 'java.lang.Object java.lang.invoke.DirectMethodHandle$Holder.invokeStatic(java.lang.Object, java.lang.Object, java.lang.Object, java.lang.Object, java.lang.Object, java.lang.Object, java.lang.Object, java.lang.Object, java.lang.Object, java.lang.Object, java.lang.Object, java.lang.Object, java.lang.Object, java.lang.Object, java.lang.Object, java.lang.Object, java.lang.Object)'> (0x00000000ebfd77a8) 
thrown [s\open\src\hotspot\share\interprete
Event: 35.171 Thread 0x0000027df99aab70 Exception <a 'java/lang/NoSuchMethodError'{0x00000000ebe00218}: 'java.lang.Object java.lang.invoke.DirectMethodHandle$Holder.invokeStatic(java.lang.Object, java.lang.Object, java.lang.Object, java.lang.Object, java.lang.Object, java.lang.Object, java.lang.Object, java.lang.Object, java.lang.Object, java.lang.Object, java.lang.Object, java.lang.Object, java.lang.Object, java.lang.Object, java.lang.Object, java.lang.Object, java.lang.Object, java.lang.Object)'> (0x00000000ebe00218) 
thrown [s\open\src\hotspo
Event: 35.175 Thread 0x0000027df99aab70 Exception <a 'java/lang/NoSuchMethodError'{0x00000000ebe29f90}: 'java.lang.Object java.lang.invoke.DirectMethodHandle$Holder.invokeStatic(java.lang.Object, java.lang.Object, java.lang.Object, java.lang.Object, java.lang.Object, java.lang.Object, java.lang.Object, java.lang.Object, java.lang.Object, java.lang.Object, java.lang.Object, java.lang.Object, java.lang.Object, java.lang.Object, java.lang.Object, java.lang.Object, java.lang.Object, java.lang.Object, java.lang.Object)'> (0x00000000ebe29f90) 
thrown 
Event: 35.241 Thread 0x0000027df99aab70 Exception <a 'java/lang/NoSuchMethodError'{0x00000000ebe54e70}: 'java.lang.Object java.lang.invoke.DirectMethodHandle$Holder.invokeStatic(java.lang.Object, java.lang.Object, java.lang.Object, java.lang.Object, java.lang.Object, java.lang.Object, java.lang.Object, java.lang.Object, java.lang.Object, java.lang.Object, java.lang.Object, java.lang.Object, java.lang.Object, java.lang.Object, java.lang.Object, java.lang.Object, java.lang.Object, java.lang.Object, java.lang.Object, java.lang.Object)'> (0x00000000
Event: 35.295 Thread 0x0000027df99aab70 Exception <a 'java/lang/NoSuchMethodError'{0x00000000ebe82dc8}: 'java.lang.Object java.lang.invoke.DirectMethodHandle$Holder.invokeStatic(java.lang.Object, java.lang.Object, java.lang.Object, java.lang.Object, java.lang.Object, java.lang.Object, java.lang.Object, java.lang.Object, java.lang.Object, java.lang.Object, java.lang.Object, java.lang.Object, java.lang.Object, java.lang.Object, java.lang.Object, java.lang.Object, java.lang.Object, java.lang.Object, java.lang.Object, java.lang.Object, java.lang.Obj
Event: 35.298 Thread 0x0000027df99aab70 Exception <a 'java/lang/NoSuchMethodError'{0x00000000ebeaff90}: 'java.lang.Object java.lang.invoke.DirectMethodHandle$Holder.invokeStatic(java.lang.Object, java.lang.Object, java.lang.Object, java.lang.Object, java.lang.Object, java.lang.Object, java.lang.Object, java.lang.Object, java.lang.Object, java.lang.Object, java.lang.Object, java.lang.Object, java.lang.Object, java.lang.Object, java.lang.Object, java.lang.Object, java.lang.Object, java.lang.Object, java.lang.Object, java.lang.Object, java.lang.Obj
Event: 35.301 Thread 0x0000027df99aab70 Exception <a 'java/lang/NoSuchMethodError'{0x00000000ebeddc08}: 'java.lang.Object java.lang.invoke.DirectMethodHandle$Holder.invokeStatic(java.lang.Object, java.lang.Object, java.lang.Object, java.lang.Object, java.lang.Object, java.lang.Object, java.lang.Object, java.lang.Object, java.lang.Object, java.lang.Object, java.lang.Object, java.lang.Object, java.lang.Object, java.lang.Object, java.lang.Object, java.lang.Object, java.lang.Object, java.lang.Object, java.lang.Object, java.lang.Object, java.lang.Obj
Event: 35.305 Thread 0x0000027df99aab70 Exception <a 'java/lang/NoSuchMethodError'{0x00000000ebd0cce0}: 'java.lang.Object java.lang.invoke.DirectMethodHandle$Holder.invokeStatic(java.lang.Object, java.lang.Object, java.lang.Object, java.lang.Object, java.lang.Object, java.lang.Object, java.lang.Object, java.lang.Object, java.lang.Object, java.lang.Object, java.lang.Object, java.lang.Object, java.lang.Object, java.lang.Object, java.lang.Object, java.lang.Object, java.lang.Object, java.lang.Object, java.lang.Object, java.lang.Object, java.lang.Obj
Event: 35.311 Thread 0x0000027df99aab70 Exception <a 'java/lang/NoSuchMethodError'{0x00000000ebd3c440}: 'java.lang.Object java.lang.invoke.DirectMethodHandle$Holder.invokeStatic(java.lang.Object, java.lang.Object, java.lang.Object, java.lang.Object, java.lang.Object, java.lang.Object, java.lang.Object, java.lang.Object, java.lang.Object, java.lang.Object, java.lang.Object, java.lang.Object, java.lang.Object, java.lang.Object, java.lang.Object, java.lang.Object, java.lang.Object, java.lang.Object, java.lang.Object, java.lang.Object, java.lang.Obj
Event: 35.317 Thread 0x0000027df99aab70 Exception <a 'java/lang/NoSuchMethodError'{0x00000000ebd6d460}: 'java.lang.Object java.lang.invoke.DirectMethodHandle$Holder.invokeStatic(java.lang.Object, java.lang.Object, java.lang.Object, java.lang.Object, java.lang.Object, java.lang.Object, java.lang.Object, java.lang.Object, java.lang.Object, java.lang.Object, java.lang.Object, java.lang.Object, java.lang.Object, java.lang.Object, java.lang.Object, java.lang.Object, java.lang.Object, java.lang.Object, java.lang.Object, java.lang.Object, java.lang.Obj
Event: 35.410 Thread 0x0000027df99aab70 Exception <a 'java/lang/IncompatibleClassChangeError'{0x00000000ebc5b4c8}: Found class java.lang.Object, but interface was expected> (0x00000000ebc5b4c8) 
thrown [s\open\src\hotspot\share\interpreter\linkResolver.cpp, line 840]
Event: 36.067 Thread 0x0000027df99aab70 Exception <a 'java/lang/IncompatibleClassChangeError'{0x00000000eb267118}: Found class java.lang.Object, but interface was expected> (0x00000000eb267118) 
thrown [s\open\src\hotspot\share\interpreter\linkResolver.cpp, line 840]
Event: 36.082 Thread 0x0000027df99aab70 Exception <a 'java/lang/NoSuchMethodError'{0x00000000eb293bb8}: 'java.lang.Object java.lang.invoke.DirectMethodHandle$Holder.newInvokeSpecial(java.lang.Object, java.lang.Object, java.lang.Object, java.lang.Object, java.lang.Object, java.lang.Object, java.lang.Object, java.lang.Object, java.lang.Object, java.lang.Object, java.lang.Object, java.lang.Object, java.lang.Object, java.lang.Object)'> (0x00000000eb293bb8) 
thrown [s\open\src\hotspot\share\interpreter\linkResolver.cpp, line 773]
Event: 36.082 Thread 0x0000027df99aab70 Exception <a 'java/lang/NoSuchMethodError'{0x00000000eb299268}: 'java.lang.Object java.lang.invoke.DirectMethodHandle$Holder.invokeSpecial(java.lang.Object, java.lang.Object, java.lang.Object, java.lang.Object, java.lang.Object, java.lang.Object, java.lang.Object, java.lang.Object, java.lang.Object, java.lang.Object, java.lang.Object, java.lang.Object, java.lang.Object, java.lang.Object, java.lang.Object)'> (0x00000000eb299268) 
thrown [s\open\src\hotspot\share\interpreter\linkResolver.cpp, line 773]
Event: 36.083 Thread 0x0000027df99aab70 Exception <a 'java/lang/NoSuchMethodError'{0x00000000eb29dba8}: 'java.lang.Object java.lang.invoke.DelegatingMethodHandle$Holder.reinvoke_L(java.lang.Object, java.lang.Object, java.lang.Object, java.lang.Object, java.lang.Object, java.lang.Object, java.lang.Object, java.lang.Object, java.lang.Object, java.lang.Object, java.lang.Object, java.lang.Object, java.lang.Object, java.lang.Object)'> (0x00000000eb29dba8) 
thrown [s\open\src\hotspot\share\interpreter\linkResolver.cpp, line 773]

ZGC Phase Switch (0 events):
No events

VM Operations (20 events):
Event: 31.888 Executing VM operation: Cleanup
Event: 31.889 Executing VM operation: Cleanup done
Event: 31.978 Executing VM operation: HandshakeAllThreads (Deoptimize)
Event: 31.978 Executing VM operation: HandshakeAllThreads (Deoptimize) done
Event: 32.643 Executing VM operation: HandshakeAllThreads (Deoptimize)
Event: 32.643 Executing VM operation: HandshakeAllThreads (Deoptimize) done
Event: 33.652 Executing VM operation: Cleanup
Event: 33.652 Executing VM operation: Cleanup done
Event: 33.734 Executing VM operation: HandshakeAllThreads (Deoptimize)
Event: 33.734 Executing VM operation: HandshakeAllThreads (Deoptimize) done
Event: 33.734 Executing VM operation: HandshakeAllThreads (Deoptimize)
Event: 33.734 Executing VM operation: HandshakeAllThreads (Deoptimize) done
Event: 34.712 Executing VM operation: HandshakeAllThreads (Deoptimize)
Event: 34.798 Executing VM operation: HandshakeAllThreads (Deoptimize) done
Event: 34.798 Executing VM operation: Cleanup
Event: 34.800 Executing VM operation: Cleanup done
Event: 35.334 Executing VM operation: HandshakeAllThreads (Deoptimize)
Event: 35.334 Executing VM operation: HandshakeAllThreads (Deoptimize) done
Event: 35.335 Executing VM operation: HandshakeAllThreads (Deoptimize)
Event: 35.335 Executing VM operation: HandshakeAllThreads (Deoptimize) done

Events (20 events):
Event: 0.297 Thread 0x0000027df4f77620 Thread added: 0x0000027df4f77620
Event: 0.297 Thread 0x0000027df4f78080 Thread added: 0x0000027df4f78080
Event: 0.297 Thread 0x0000027df4f78e10 Thread added: 0x0000027df4f78e10
Event: 0.301 Thread 0x0000027df4f7b060 Thread added: 0x0000027df4f7b060
Event: 0.347 Thread 0x0000027df4f38470 Thread added: 0x0000027df4f38470
Event: 1.056 Thread 0x0000027df920bae0 Thread added: 0x0000027df920bae0
Event: 23.385 Thread 0x0000027dfa302d50 Thread added: 0x0000027dfa302d50
Event: 24.203 Thread 0x0000027dfa010670 Thread added: 0x0000027dfa010670
Event: 24.581 Thread 0x0000027dfa9d43c0 Thread added: 0x0000027dfa9d43c0
Event: 25.103 Thread 0x0000027dfa6f1450 Thread added: 0x0000027dfa6f1450
Event: 25.149 Thread 0x0000027dfa34b8d0 Thread added: 0x0000027dfa34b8d0
Event: 30.382 Thread 0x0000027df9b91e40 Thread added: 0x0000027df9b91e40
Event: 30.534 Thread 0x0000027df99aab70 Thread added: 0x0000027df99aab70
Event: 30.602 Thread 0x0000027dfa5192c0 Thread added: 0x0000027dfa5192c0
Event: 30.609 Thread 0x0000027dfa519fe0 Thread added: 0x0000027dfa519fe0
Event: 30.613 Thread 0x0000027dfa519950 Thread added: 0x0000027dfa519950
Event: 32.643 Thread 0x0000027dfa517f10 Thread added: 0x0000027dfa517f10
Event: 32.683 Thread 0x0000027dfa5171f0 Thread added: 0x0000027dfa5171f0
Event: 33.162 Thread 0x0000027dfa517880 Thread added: 0x0000027dfa517880
Event: 35.498 Thread 0x0000027dfa51a670 Thread added: 0x0000027dfa51a670


Dynamic libraries:
0x00007ff627b70000 - 0x00007ff627b80000 	C:\Program Files\Java\jdk-21\bin\java.exe
0x00007fffb2db0000 - 0x00007fffb2fa8000 	C:\WINDOWS\SYSTEM32\ntdll.dll
0x00007fffb18a0000 - 0x00007fffb195d000 	C:\WINDOWS\System32\KERNEL32.DLL
0x00007fffb06d0000 - 0x00007fffb09c6000 	C:\WINDOWS\System32\KERNELBASE.dll
0x00007fffb0ce0000 - 0x00007fffb0de0000 	C:\WINDOWS\System32\ucrtbase.dll
0x00007fffa0770000 - 0x00007fffa0789000 	C:\Program Files\Java\jdk-21\bin\jli.dll
0x00007fffb2cc0000 - 0x00007fffb2d70000 	C:\WINDOWS\System32\ADVAPI32.dll
0x00007fffb11b0000 - 0x00007fffb124e000 	C:\WINDOWS\System32\msvcrt.dll
0x00007fffb2370000 - 0x00007fffb2410000 	C:\WINDOWS\System32\sechost.dll
0x00007fffb2410000 - 0x00007fffb2533000 	C:\WINDOWS\System32\RPCRT4.dll
0x00007fffb09d0000 - 0x00007fffb09f7000 	C:\WINDOWS\System32\bcrypt.dll
0x00007fffb0eb0000 - 0x00007fffb104f000 	C:\WINDOWS\System32\USER32.dll
0x00007fffb0460000 - 0x00007fffb0482000 	C:\WINDOWS\System32\win32u.dll
0x00007fffb1050000 - 0x00007fffb107b000 	C:\WINDOWS\System32\GDI32.dll
0x00007fffb0b10000 - 0x00007fffb0c27000 	C:\WINDOWS\System32\gdi32full.dll
0x00007fffb0a70000 - 0x00007fffb0b0d000 	C:\WINDOWS\System32\msvcp_win.dll
0x00007fff9e980000 - 0x00007fff9ec1a000 	C:\WINDOWS\WinSxS\amd64_microsoft.windows.common-controls_6595b64144ccf1df_6.0.19041.3636_none_60b6a03d71f818d5\COMCTL32.dll
0x00007fffa6e70000 - 0x00007fffa6e7a000 	C:\WINDOWS\SYSTEM32\VERSION.dll
0x00007fffa0530000 - 0x00007fffa054b000 	C:\Program Files\Java\jdk-21\bin\VCRUNTIME140.dll
0x00007fffb25e0000 - 0x00007fffb2612000 	C:\WINDOWS\System32\IMM32.DLL
0x00007fffab980000 - 0x00007fffab98c000 	C:\Program Files\Java\jdk-21\bin\vcruntime140_1.dll
0x00007fff7bce0000 - 0x00007fff7bd6e000 	C:\Program Files\Java\jdk-21\bin\msvcp140.dll
0x00007fff44e20000 - 0x00007fff45b37000 	C:\Program Files\Java\jdk-21\bin\server\jvm.dll
0x00007fffb1ac0000 - 0x00007fffb1b2b000 	C:\WINDOWS\System32\WS2_32.dll
0x00007fffb02c0000 - 0x00007fffb030b000 	C:\WINDOWS\SYSTEM32\POWRPROF.dll
0x00007fffa5ed0000 - 0x00007fffa5ef7000 	C:\WINDOWS\SYSTEM32\WINMM.dll
0x00007fffb02a0000 - 0x00007fffb02b2000 	C:\WINDOWS\SYSTEM32\UMPDC.dll
0x00007fffae340000 - 0x00007fffae352000 	C:\WINDOWS\SYSTEM32\kernel.appcore.dll
0x00007fffa0760000 - 0x00007fffa076a000 	C:\Program Files\Java\jdk-21\bin\jimage.dll
0x00007fffadf10000 - 0x00007fffae0f4000 	C:\WINDOWS\SYSTEM32\DBGHELP.DLL
0x00007fff915b0000 - 0x00007fff915e4000 	C:\WINDOWS\SYSTEM32\dbgcore.DLL
0x00007fffb05f0000 - 0x00007fffb0672000 	C:\WINDOWS\System32\bcryptPrimitives.dll
0x00007fffa0610000 - 0x00007fffa061f000 	C:\Program Files\Java\jdk-21\bin\instrument.dll
0x00007fff92010000 - 0x00007fff9202f000 	C:\Program Files\Java\jdk-21\bin\java.dll
0x00007fffb1c00000 - 0x00007fffb236b000 	C:\WINDOWS\System32\SHELL32.dll
0x00007fffae4b0000 - 0x00007fffaec4e000 	C:\WINDOWS\SYSTEM32\windows.storage.dll
0x00007fffb1540000 - 0x00007fffb1893000 	C:\WINDOWS\System32\combase.dll
0x00007fffafdc0000 - 0x00007fffafdee000 	C:\WINDOWS\SYSTEM32\Wldp.dll
0x00007fffb1b30000 - 0x00007fffb1bfd000 	C:\WINDOWS\System32\OLEAUT32.dll
0x00007fffb1960000 - 0x00007fffb1a0d000 	C:\WINDOWS\System32\SHCORE.dll
0x00007fffb0e50000 - 0x00007fffb0ea5000 	C:\WINDOWS\System32\shlwapi.dll
0x00007fffb0390000 - 0x00007fffb03b3000 	C:\WINDOWS\SYSTEM32\profapi.dll
0x00007fff76da0000 - 0x00007fff76e77000 	C:\Program Files\Java\jdk-21\bin\jsvml.dll
0x00007fff8df20000 - 0x00007fff8df38000 	C:\Program Files\Java\jdk-21\bin\zip.dll
0x00007fff9e4a0000 - 0x00007fff9e4b0000 	C:\Program Files\Java\jdk-21\bin\net.dll
0x00007fffa5f70000 - 0x00007fffa607a000 	C:\WINDOWS\SYSTEM32\WINHTTP.dll
0x00007fffafae0000 - 0x00007fffafb4a000 	C:\WINDOWS\system32\mswsock.dll
0x00007fff8ddc0000 - 0x00007fff8ddd6000 	C:\Program Files\Java\jdk-21\bin\nio.dll
0x00007fff9c920000 - 0x00007fff9c930000 	C:\Program Files\Java\jdk-21\bin\verify.dll
0x00007fff82b20000 - 0x00007fff82b47000 	C:\Users\user\.gradle\native\c067742578af261105cb4f569cf0c3c89f3d7b1fecec35dd04571415982c5e48\windows-amd64\native-platform.dll
0x00007fff75f10000 - 0x00007fff76054000 	C:\Users\user\.gradle\native\38dada09dfb8b06ba9b0570ebf7e218e3eb74d4ef43ca46872605cf95ebc2f47\windows-amd64\native-platform-file-events.dll
0x00007fff98f30000 - 0x00007fff98f3a000 	C:\Program Files\Java\jdk-21\bin\management.dll
0x00007fff98620000 - 0x00007fff9862b000 	C:\Program Files\Java\jdk-21\bin\management_ext.dll
0x00007fffb1330000 - 0x00007fffb1338000 	C:\WINDOWS\System32\PSAPI.DLL
0x00007fffafd00000 - 0x00007fffafd18000 	C:\WINDOWS\SYSTEM32\CRYPTSP.dll
0x00007fffaf400000 - 0x00007fffaf434000 	C:\WINDOWS\system32\rsaenh.dll
0x00007fffb0310000 - 0x00007fffb033e000 	C:\WINDOWS\SYSTEM32\USERENV.dll
0x00007fffafcf0000 - 0x00007fffafcfc000 	C:\WINDOWS\SYSTEM32\CRYPTBASE.dll
0x00007fffaf7d0000 - 0x00007fffaf80b000 	C:\WINDOWS\SYSTEM32\IPHLPAPI.DLL
0x00007fffb25d0000 - 0x00007fffb25d8000 	C:\WINDOWS\System32\NSI.dll
0x00007fff98570000 - 0x00007fff98579000 	C:\Program Files\Java\jdk-21\bin\extnet.dll
0x00007fff922c0000 - 0x00007fff922ce000 	C:\Program Files\Java\jdk-21\bin\sunmscapi.dll
0x00007fffb0490000 - 0x00007fffb05ee000 	C:\WINDOWS\System32\CRYPT32.dll
0x00007fffafe30000 - 0x00007fffafe58000 	C:\WINDOWS\SYSTEM32\ncrypt.dll
0x00007fffafdf0000 - 0x00007fffafe2b000 	C:\WINDOWS\SYSTEM32\NTASN1.dll
0x00007fffa7860000 - 0x00007fffa7867000 	C:\WINDOWS\system32\wshunix.dll

dbghelp: loaded successfully - version: 4.0.5 - missing functions: none
symbol engine: initialized successfully - sym options: 0x614 - pdb path: .;C:\Program Files\Java\jdk-21\bin;C:\WINDOWS\SYSTEM32;C:\WINDOWS\WinSxS\amd64_microsoft.windows.common-controls_6595b64144ccf1df_6.0.19041.3636_none_60b6a03d71f818d5;C:\Program Files\Java\jdk-21\bin\server;C:\Users\user\.gradle\native\c067742578af261105cb4f569cf0c3c89f3d7b1fecec35dd04571415982c5e48\windows-amd64;C:\Users\user\.gradle\native\38dada09dfb8b06ba9b0570ebf7e218e3eb74d4ef43ca46872605cf95ebc2f47\windows-amd64

VM Arguments:
jvm_args: --add-opens=java.base/java.util=ALL-UNNAMED --add-opens=java.base/java.lang=ALL-UNNAMED --add-opens=java.base/java.lang.invoke=ALL-UNNAMED --add-opens=java.prefs/java.util.prefs=ALL-UNNAMED --add-opens=java.base/java.nio.charset=ALL-UNNAMED --add-opens=java.base/java.net=ALL-UNNAMED --add-opens=java.base/java.util.concurrent.atomic=ALL-UNNAMED -XX:MaxMetaspaceSize=384m -XX:+HeapDumpOnOutOfMemoryError -Xms256m -Xmx512m -Dfile.encoding=windows-1252 -Duser.country=US -Duser.language=en -Duser.variant -javaagent:C:\Users\user\.gradle\wrapper\dists\gradle-8.7-bin\bhs2wmbdwecv87pi65oeuq5iu\gradle-8.7\lib\agents\gradle-instrumentation-agent-8.7.jar 
java_command: org.gradle.launcher.daemon.bootstrap.GradleDaemon 8.7
java_class_path (initial): C:\Users\user\.gradle\wrapper\dists\gradle-8.7-bin\bhs2wmbdwecv87pi65oeuq5iu\gradle-8.7\lib\gradle-launcher-8.7.jar
Launcher Type: SUN_STANDARD

[Global flags]
     intx CICompilerCount                          = 2                                         {product} {ergonomic}
   size_t CompressedClassSpaceSize                 = 335544320                                 {product} {ergonomic}
     uint ConcGCThreads                            = 1                                         {product} {ergonomic}
     uint G1ConcRefinementThreads                  = 2                                         {product} {ergonomic}
   size_t G1HeapRegionSize                         = 1048576                                   {product} {ergonomic}
    uintx GCDrainStackTargetSize                   = 64                                        {product} {ergonomic}
     bool HeapDumpOnOutOfMemoryError               = true                                   {manageable} {command line}
   size_t InitialHeapSize                          = 268435456                                 {product} {command line}
   size_t MarkStackSize                            = 4194304                                   {product} {ergonomic}
   size_t MaxHeapSize                              = 536870912                                 {product} {command line}
   size_t MaxMetaspaceSize                         = 402653184                                 {product} {command line}
   size_t MaxNewSize                               = 321912832                                 {product} {ergonomic}
   size_t MinHeapDeltaBytes                        = 1048576                                   {product} {ergonomic}
   size_t MinHeapSize                              = 268435456                                 {product} {command line}
    uintx NonNMethodCodeHeapSize                   = 5826188                                {pd product} {ergonomic}
    uintx NonProfiledCodeHeapSize                  = 122916026                              {pd product} {ergonomic}
    uintx ProfiledCodeHeapSize                     = 122916026                              {pd product} {ergonomic}
    uintx ReservedCodeCacheSize                    = 251658240                              {pd product} {ergonomic}
     bool SegmentedCodeCache                       = true                                      {product} {ergonomic}
   size_t SoftMaxHeapSize                          = 536870912                              {manageable} {ergonomic}
     bool UseCompressedOops                        = true                           {product lp64_product} {ergonomic}
     bool UseG1GC                                  = true                                      {product} {ergonomic}
     bool UseLargePagesIndividualAllocation        = false                                  {pd product} {ergonomic}

Logging:
Log output configuration:
 #0: stdout all=warning uptime,level,tags foldmultilines=false
 #1: stderr all=off uptime,level,tags foldmultilines=false

Environment Variables:
PATH=C:\Program Files\Common Files\Oracle\Java\javapath;C:\Program Files (x86)\Common Files\Oracle\Java\javapath;C:\WINDOWS\system32;C:\WINDOWS;C:\WINDOWS\System32\Wbem;C:\WINDOWS\System32\WindowsPowerShell\v1.0\;C:\WINDOWS\System32\OpenSSH\;C:\Program Files (x86)\Dev-Cpp\MinGW64\bin;C:\Program Files\Git\cmd;C:\Program Files\PuTTY\;C:\Program Files\Java\jdk-19\bin;C:\Program Files (x86)\Windows Kits\10\Windows Performance Toolkit\;C:\Program Files\Docker\Docker\resources\bin;C:\Program Files\PowerShell\7\;C:\Program Files\CMake\bin;C:\Program Files\PostgreSQL\16\bin;C:\Program Files\Kubernetes\Minikube;C:\Users\user\.cargo\bin;C:\Users\user\AppData\Local\Programs\Python\Python310\Scripts\;C:\Users\user\AppData\Local\Programs\Python\Python310\;C:\Users\user\AppData\Local\Microsoft\WindowsApps;C:\Users\user\AppData\Local\Programs\Microsoft VS Code\bin;C:\Program Files\JetBrains\IntelliJ IDEA Community Edition 2023.1.2\bin;;C:\Users\user\Downloads\Programs\flutter\bin;;C:\Program Files\JetBrains\IntelliJ IDEA 2023.3.3\bin;
USERNAME=user
OS=Windows_NT
PROCESSOR_IDENTIFIER=AMD64 Family 23 Model 24 Stepping 1, AuthenticAMD
TMP=C:\temp
TEMP=C:\temp




Periodic native trim disabled

---------------  S Y S T E M  ---------------

OS:
 Windows 10 , 64 bit Build 19041 (10.0.19041.3636)
OS uptime: 0 days 10:32 hours
Hyper-V role detected

CPU: total 2 (initial active 2) (2 cores per cpu, 1 threads per core) family 23 model 24 stepping 1 microcode 0x0, cx8, cmov, fxsr, mmx, 3dnowpref, sse, sse2, sse3, ssse3, sse4a, sse4.1, sse4.2, popcnt, lzcnt, tsc, tscinvbit, avx, avx2, aes, clmul, bmi1, bmi2, adx, sha, fma, vzeroupper, clflush, clflushopt, hv, rdtscp, f16c
Processor Information for all 2 processors :
  Max Mhz: 2300, Current Mhz: 2300, Mhz Limit: 2300

Memory: 4k page, system-wide physical 6094M (188M free)
TotalPageFile size 18282M (AvailPageFile size 0M)
current process WorkingSet (physical memory assigned to process): 192M, peak: 192M
current process commit charge ("private bytes"): 396M, peak: 398M

vm_info: Java HotSpot(TM) 64-Bit Server VM (21.0.2+13-LTS-58) for windows-amd64 JRE (21.0.2+13-LTS-58), built on 2024-01-05T18:32:24Z by "mach5one" with MS VC++ 17.1 (VS2022)

END.
