#
# There is insufficient memory for the Java Runtime Environment to continue.
# Native memory allocation (malloc) failed to allocate 32744 bytes for Chunk::new
# Possible reasons:
#   The system is out of physical RAM or swap space
#   The process is running with CompressedOops enabled, and the Java Heap may be blocking the growth of the native heap
# Possible solutions:
#   Reduce memory load on the system
#   Increase physical memory or swap space
#   Check if swap backing store is full
#   Decrease Java heap size (-Xmx/-Xms)
#   Decrease number of Java threads
#   Decrease Java thread stack sizes (-Xss)
#   Set larger code cache with -XX:ReservedCodeCacheSize=
#   JVM is running with Unscaled Compressed Oops mode in which the Java heap is
#     placed in the first 4GB address space. The Java Heap base address is the
#     maximum limit for the native heap growth. Please use -XX:HeapBaseMinAddress
#     to set the Java Heap base and to place the Java Heap above 4GB virtual address.
# This output file may be truncated or incomplete.
#
#  Out of Memory Error (arena.cpp:168), pid=2156, tid=2784
#
# JRE version: Java(TM) SE Runtime Environment (21.0.2+13) (build 21.0.2+13-LTS-58)
# Java VM: Java HotSpot(TM) 64-Bit Server VM (21.0.2+13-LTS-58, mixed mode, sharing, tiered, compressed oops, compressed class ptrs, g1 gc, windows-amd64)
# No core dump will be written. Minidumps are not enabled by default on client versions of Windows
#

---------------  S U M M A R Y ------------

Command Line: --add-opens=java.base/java.util=ALL-UNNAMED --add-opens=java.base/java.lang=ALL-UNNAMED --add-opens=java.base/java.lang.invoke=ALL-UNNAMED --add-opens=java.prefs/java.util.prefs=ALL-UNNAMED --add-opens=java.base/java.nio.charset=ALL-UNNAMED --add-opens=java.base/java.net=ALL-UNNAMED --add-opens=java.base/java.util.concurrent.atomic=ALL-UNNAMED -XX:MaxMetaspaceSize=384m -XX:+HeapDumpOnOutOfMemoryError -Xms256m -Xmx512m -Dfile.encoding=windows-1252 -Duser.country=US -Duser.language=en -Duser.variant -javaagent:C:\Users\user\.gradle\wrapper\dists\gradle-8.7-bin\bhs2wmbdwecv87pi65oeuq5iu\gradle-8.7\lib\agents\gradle-instrumentation-agent-8.7.jar org.gradle.launcher.daemon.bootstrap.GradleDaemon 8.7

Host: AMD Athlon Silver 3050U with Radeon Graphics   , 2 cores, 5G,  Windows 10 , 64 bit Build 19041 (10.0.19041.3636)
Time: Sun May 26 17:20:09 2024 SE Asia Standard Time elapsed time: 214.860060 seconds (0d 0h 3m 34s)

---------------  T H R E A D  ---------------

Current thread (0x000001f4521f8900):  JavaThread "C2 CompilerThread0" daemon [_thread_in_native, id=2784, stack(0x000000826f700000,0x000000826f800000) (1024K)]


Current CompileTask:
C2: 214860 7767   !   4       java.net.URLClassLoader$1::run (81 bytes)

Stack: [0x000000826f700000,0x000000826f800000]
Native frames: (J=compiled Java code, j=interpreted, Vv=VM code, C=native code)
V  [jvm.dll+0x6cade9]
V  [jvm.dll+0x8569c1]
V  [jvm.dll+0x858d2e]
V  [jvm.dll+0x859413]
V  [jvm.dll+0x280e56]
V  [jvm.dll+0xc3f3d]
V  [jvm.dll+0xc4473]
V  [jvm.dll+0xc4065]
V  [jvm.dll+0x83ee2c]
V  [jvm.dll+0x251553]
V  [jvm.dll+0x6f071c]
V  [jvm.dll+0x24aebe]
V  [jvm.dll+0x2490a3]
V  [jvm.dll+0x1c9634]
V  [jvm.dll+0x258859]
V  [jvm.dll+0x256e3a]
V  [jvm.dll+0x3ef6c6]
V  [jvm.dll+0x7ff568]
V  [jvm.dll+0x6c953d]
C  [ucrtbase.dll+0x21bb2]
C  [KERNEL32.DLL+0x17344]
C  [ntdll.dll+0x526b1]


---------------  P R O C E S S  ---------------

Threads class SMR info:
_java_thread_list=0x000001f47009e7d0, length=34, elements={
0x000001f4363b09c0, 0x000001f4521f1c60, 0x000001f4521f2ad0, 0x000001f4521f3a40,
0x000001f4521f46a0, 0x000001f4521f7110, 0x000001f4521f7b70, 0x000001f4521f8900,
0x000001f452378540, 0x000001f452396440, 0x000001f4524c26f0, 0x000001f46c931ef0,
0x000001f452e67530, 0x000001f45285a9b0, 0x000001f46caea030, 0x000001f46ca3f850,
0x000001f46c923690, 0x000001f46c8784c0, 0x000001f46ca7cdc0, 0x000001f46ca7a660,
0x000001f46ca7acf0, 0x000001f46ca7b380, 0x000001f46ca7ba10, 0x000001f46ca7c730,
0x000001f46ca7d450, 0x000001f46cec30c0, 0x000001f46cec3750, 0x000001f46cec3de0,
0x000001f46cec6bd0, 0x000001f46cec1680, 0x000001f46cec4470, 0x000001f46cec2a30,
0x000001f46cec5eb0, 0x000001f46cec5190
}

Java Threads: ( => current thread )
  0x000001f4363b09c0 JavaThread "main"                              [_thread_blocked, id=888, stack(0x000000826e900000,0x000000826ea00000) (1024K)]
  0x000001f4521f1c60 JavaThread "Reference Handler"          daemon [_thread_blocked, id=13544, stack(0x000000826f100000,0x000000826f200000) (1024K)]
  0x000001f4521f2ad0 JavaThread "Finalizer"                  daemon [_thread_blocked, id=14624, stack(0x000000826f200000,0x000000826f300000) (1024K)]
  0x000001f4521f3a40 JavaThread "Signal Dispatcher"          daemon [_thread_blocked, id=4280, stack(0x000000826f300000,0x000000826f400000) (1024K)]
  0x000001f4521f46a0 JavaThread "Attach Listener"            daemon [_thread_blocked, id=14388, stack(0x000000826f400000,0x000000826f500000) (1024K)]
  0x000001f4521f7110 JavaThread "Service Thread"             daemon [_thread_blocked, id=10300, stack(0x000000826f500000,0x000000826f600000) (1024K)]
  0x000001f4521f7b70 JavaThread "Monitor Deflation Thread"   daemon [_thread_blocked, id=12092, stack(0x000000826f600000,0x000000826f700000) (1024K)]
=>0x000001f4521f8900 JavaThread "C2 CompilerThread0"         daemon [_thread_in_native, id=2784, stack(0x000000826f700000,0x000000826f800000) (1024K)]
  0x000001f452378540 JavaThread "C1 CompilerThread0"         daemon [_thread_blocked, id=5608, stack(0x000000826f800000,0x000000826f900000) (1024K)]
  0x000001f452396440 JavaThread "Common-Cleaner"             daemon [_thread_blocked, id=256, stack(0x000000826f900000,0x000000826fa00000) (1024K)]
  0x000001f4524c26f0 JavaThread "Notification Thread"        daemon [_thread_blocked, id=2008, stack(0x000000826fa00000,0x000000826fb00000) (1024K)]
  0x000001f46c931ef0 JavaThread "Daemon health stats"               [_thread_blocked, id=13432, stack(0x000000826fc00000,0x000000826fd00000) (1024K)]
  0x000001f452e67530 JavaThread "Incoming local TCP Connector on port 52827"        [_thread_in_native, id=192, stack(0x000000826fd00000,0x000000826fe00000) (1024K)]
  0x000001f45285a9b0 JavaThread "Daemon periodic checks"            [_thread_blocked, id=12488, stack(0x000000826fe00000,0x000000826ff00000) (1024K)]
  0x000001f46caea030 JavaThread "Daemon"                            [_thread_blocked, id=2996, stack(0x000000826ff00000,0x0000008270000000) (1024K)]
  0x000001f46ca3f850 JavaThread "Handler for socket connection from /127.0.0.1:52827 to /127.0.0.1:52828"        [_thread_in_native, id=7556, stack(0x0000008270000000,0x0000008270100000) (1024K)]
  0x000001f46c923690 JavaThread "Cancel handler"                    [_thread_blocked, id=12312, stack(0x0000008270100000,0x0000008270200000) (1024K)]
  0x000001f46c8784c0 JavaThread "Daemon worker"                     [_thread_in_vm, id=3020, stack(0x0000008270200000,0x0000008270300000) (1024K)]
  0x000001f46ca7cdc0 JavaThread "Asynchronous log dispatcher for DefaultDaemonConnection: socket connection from /127.0.0.1:52827 to /127.0.0.1:52828"        [_thread_blocked, id=9172, stack(0x0000008270300000,0x0000008270400000) (1024K)]
  0x000001f46ca7a660 JavaThread "Stdin handler"                     [_thread_blocked, id=12544, stack(0x0000008270400000,0x0000008270500000) (1024K)]
  0x000001f46ca7acf0 JavaThread "Daemon client event forwarder"        [_thread_blocked, id=3620, stack(0x0000008270500000,0x0000008270600000) (1024K)]
  0x000001f46ca7b380 JavaThread "Cache worker for journal cache (C:\Users\user\.gradle\caches\journal-1)"        [_thread_blocked, id=356, stack(0x0000008270600000,0x0000008270700000) (1024K)]
  0x000001f46ca7ba10 JavaThread "File lock request listener"        [_thread_in_native, id=10756, stack(0x0000008270700000,0x0000008270800000) (1024K)]
  0x000001f46ca7c730 JavaThread "Cache worker for file hash cache (C:\Users\user\.gradle\caches\8.7\fileHashes)"        [_thread_blocked, id=6236, stack(0x0000008270900000,0x0000008270a00000) (1024K)]
  0x000001f46ca7d450 JavaThread "Cache worker for file hash cache (C:\Users\user\IdeaProjects\microservice-requestproduct\.gradle\8.7\fileHashes)"        [_thread_blocked, id=12616, stack(0x0000008270a00000,0x0000008270b00000) (1024K)]
  0x000001f46cec30c0 JavaThread "File watcher server"        daemon [_thread_in_native, id=15280, stack(0x0000008270b00000,0x0000008270c00000) (1024K)]
  0x000001f46cec3750 JavaThread "File watcher consumer"      daemon [_thread_blocked, id=15144, stack(0x0000008270c00000,0x0000008270d00000) (1024K)]
  0x000001f46cec3de0 JavaThread "Cache worker for checksums cache (C:\Users\user\IdeaProjects\microservice-requestproduct\.gradle\8.7\checksums)"        [_thread_blocked, id=8340, stack(0x0000008270d00000,0x0000008270e00000) (1024K)]
  0x000001f46cec6bd0 JavaThread "Cache worker for cache directory md-supplier (C:\Users\user\.gradle\caches\8.7\md-supplier)"        [_thread_blocked, id=10720, stack(0x0000008270e00000,0x0000008270f00000) (1024K)]
  0x000001f46cec1680 JavaThread "Cache worker for cache directory md-rule (C:\Users\user\.gradle\caches\8.7\md-rule)"        [_thread_blocked, id=9488, stack(0x0000008270f00000,0x0000008271000000) (1024K)]
  0x000001f46cec4470 JavaThread "Cache worker for file content cache (C:\Users\user\.gradle\caches\8.7\fileContent)"        [_thread_blocked, id=9028, stack(0x0000008271000000,0x0000008271100000) (1024K)]
  0x000001f46cec2a30 JavaThread "jar transforms"                    [_thread_blocked, id=6740, stack(0x0000008271100000,0x0000008271200000) (1024K)]
  0x000001f46cec5eb0 JavaThread "jar transforms Thread 2"           [_thread_blocked, id=10748, stack(0x0000008271200000,0x0000008271300000) (1024K)]
  0x000001f46cec5190 JavaThread "Cache worker for Build Output Cleanup Cache (C:\Users\user\IdeaProjects\microservice-requestproduct\.gradle\buildOutputCleanup)"        [_thread_blocked, id=15348, stack(0x000000826e700000,0x000000826e800000) (1024K)]
Total: 34

Other Threads:
  0x000001f4521d0810 VMThread "VM Thread"                           [id=14852, stack(0x000000826f000000,0x000000826f100000) (1024K)]
  0x000001f4521b7fb0 WatcherThread "VM Periodic Task Thread"        [id=14400, stack(0x000000826ef00000,0x000000826f000000) (1024K)]
  0x000001f4363dafc0 WorkerThread "GC Thread#0"                     [id=10640, stack(0x000000826ea00000,0x000000826eb00000) (1024K)]
  0x000001f4526488f0 WorkerThread "GC Thread#1"                     [id=8832, stack(0x000000826fb00000,0x000000826fc00000) (1024K)]
  0x000001f4363dfeb0 ConcurrentGCThread "G1 Main Marker"            [id=1700, stack(0x000000826eb00000,0x000000826ec00000) (1024K)]
  0x000001f4363e0a70 WorkerThread "G1 Conc#0"                       [id=4480, stack(0x000000826ec00000,0x000000826ed00000) (1024K)]
  0x000001f43647e7b0 ConcurrentGCThread "G1 Refine#0"               [id=15276, stack(0x000000826ed00000,0x000000826ee00000) (1024K)]
  0x000001f45208e520 ConcurrentGCThread "G1 Service"                [id=1164, stack(0x000000826ee00000,0x000000826ef00000) (1024K)]
Total: 8

Threads with active compile tasks:
C2 CompilerThread0   214908 7767   !   4       java.net.URLClassLoader$1::run (81 bytes)
Total: 1

VM state: not at safepoint (normal execution)

VM Mutex/Monitor currently owned by a thread: None

Heap address: 0x00000000e0000000, size: 512 MB, Compressed Oops mode: 32-bit

CDS archive(s) mapped at: [0x000001f453000000-0x000001f453c90000-0x000001f453c90000), size 13172736, SharedBaseAddress: 0x000001f453000000, ArchiveRelocationMode: 1.
Compressed class space mapped at: 0x000001f454000000-0x000001f468000000, reserved size: 335544320
Narrow klass base: 0x000001f453000000, Narrow klass shift: 0, Narrow klass range: 0x100000000

GC Precious Log:
 CardTable entry size: 512
 Card Set container configuration: InlinePtr #cards 5 size 8 Array Of Cards #cards 12 size 40 Howl #buckets 4 coarsen threshold 1843 Howl Bitmap #cards 512 size 80 coarsen threshold 460 Card regions per heap region 1 cards per card region 2048
 CPUs: 2 total, 2 available
 Memory: 6094M
 Large Page Support: Disabled
 NUMA Support: Disabled
 Compressed Oops: Enabled (32-bit)
 Heap Region Size: 1M
 Heap Min Capacity: 256M
 Heap Initial Capacity: 256M
 Heap Max Capacity: 512M
 Pre-touch: Disabled
 Parallel Workers: 2
 Concurrent Workers: 1
 Concurrent Refinement Workers: 2
 Periodic GC: Disabled

Heap:
 garbage-first heap   total 262144K, used 182784K [0x00000000e0000000, 0x0000000100000000)
  region size 1024K, 122 young (124928K), 9 survivors (9216K)
 Metaspace       used 92946K, committed 94912K, reserved 458752K
  class space    used 12362K, committed 13376K, reserved 327680K

Heap Regions: E=young(eden), S=young(survivor), O=old, HS=humongous(starts), HC=humongous(continues), CS=collection set, F=free, TAMS=top-at-mark-start, PB=parsable bottom
|   0|0x00000000e0000000, 0x00000000e0100000, 0x00000000e0100000|100%|HS|  |TAMS 0x00000000e0000000| PB 0x00000000e0000000| Complete 
|   1|0x00000000e0100000, 0x00000000e0200000, 0x00000000e0200000|100%|HC|  |TAMS 0x00000000e0100000| PB 0x00000000e0100000| Complete 
|   2|0x00000000e0200000, 0x00000000e0300000, 0x00000000e0300000|100%|HC|  |TAMS 0x00000000e0200000| PB 0x00000000e0200000| Complete 
|   3|0x00000000e0300000, 0x00000000e0400000, 0x00000000e0400000|100%|HC|  |TAMS 0x00000000e0300000| PB 0x00000000e0300000| Complete 
|   4|0x00000000e0400000, 0x00000000e0500000, 0x00000000e0500000|100%| O|  |TAMS 0x00000000e0400000| PB 0x00000000e0400000| Untracked 
|   5|0x00000000e0500000, 0x00000000e0600000, 0x00000000e0600000|100%| O|  |TAMS 0x00000000e0500000| PB 0x00000000e0500000| Untracked 
|   6|0x00000000e0600000, 0x00000000e0700000, 0x00000000e0700000|100%| O|  |TAMS 0x00000000e0600000| PB 0x00000000e0600000| Untracked 
|   7|0x00000000e0700000, 0x00000000e0800000, 0x00000000e0800000|100%| O|  |TAMS 0x00000000e0700000| PB 0x00000000e0700000| Untracked 
|   8|0x00000000e0800000, 0x00000000e0900000, 0x00000000e0900000|100%| O|  |TAMS 0x00000000e0800000| PB 0x00000000e0800000| Untracked 
|   9|0x00000000e0900000, 0x00000000e0a00000, 0x00000000e0a00000|100%| O|  |TAMS 0x00000000e0900000| PB 0x00000000e0900000| Untracked 
|  10|0x00000000e0a00000, 0x00000000e0b00000, 0x00000000e0b00000|100%| O|  |TAMS 0x00000000e0a00000| PB 0x00000000e0a00000| Untracked 
|  11|0x00000000e0b00000, 0x00000000e0c00000, 0x00000000e0c00000|100%| O|  |TAMS 0x00000000e0b00000| PB 0x00000000e0b00000| Untracked 
|  12|0x00000000e0c00000, 0x00000000e0d00000, 0x00000000e0d00000|100%| O|  |TAMS 0x00000000e0c00000| PB 0x00000000e0c00000| Untracked 
|  13|0x00000000e0d00000, 0x00000000e0e00000, 0x00000000e0e00000|100%| O|  |TAMS 0x00000000e0d00000| PB 0x00000000e0d00000| Untracked 
|  14|0x00000000e0e00000, 0x00000000e0f00000, 0x00000000e0f00000|100%| O|  |TAMS 0x00000000e0e00000| PB 0x00000000e0e00000| Untracked 
|  15|0x00000000e0f00000, 0x00000000e1000000, 0x00000000e1000000|100%| O|  |TAMS 0x00000000e0f00000| PB 0x00000000e0f00000| Untracked 
|  16|0x00000000e1000000, 0x00000000e1100000, 0x00000000e1100000|100%| O|  |TAMS 0x00000000e1000000| PB 0x00000000e1000000| Untracked 
|  17|0x00000000e1100000, 0x00000000e1200000, 0x00000000e1200000|100%| O|  |TAMS 0x00000000e1100000| PB 0x00000000e1100000| Untracked 
|  18|0x00000000e1200000, 0x00000000e1300000, 0x00000000e1300000|100%| O|  |TAMS 0x00000000e1200000| PB 0x00000000e1200000| Untracked 
|  19|0x00000000e1300000, 0x00000000e1400000, 0x00000000e1400000|100%| O|  |TAMS 0x00000000e1300000| PB 0x00000000e1300000| Untracked 
|  20|0x00000000e1400000, 0x00000000e1500000, 0x00000000e1500000|100%| O|  |TAMS 0x00000000e1400000| PB 0x00000000e1400000| Untracked 
|  21|0x00000000e1500000, 0x00000000e1600000, 0x00000000e1600000|100%| O|  |TAMS 0x00000000e1500000| PB 0x00000000e1500000| Untracked 
|  22|0x00000000e1600000, 0x00000000e1700000, 0x00000000e1700000|100%| O|  |TAMS 0x00000000e1600000| PB 0x00000000e1600000| Untracked 
|  23|0x00000000e1700000, 0x00000000e1700000, 0x00000000e1800000|  0%| F|  |TAMS 0x00000000e1700000| PB 0x00000000e1700000| Untracked 
|  24|0x00000000e1800000, 0x00000000e1800000, 0x00000000e1900000|  0%| F|  |TAMS 0x00000000e1800000| PB 0x00000000e1800000| Untracked 
|  25|0x00000000e1900000, 0x00000000e1a00000, 0x00000000e1a00000|100%| O|  |TAMS 0x00000000e1900000| PB 0x00000000e1900000| Untracked 
|  26|0x00000000e1a00000, 0x00000000e1b00000, 0x00000000e1b00000|100%|HS|  |TAMS 0x00000000e1a00000| PB 0x00000000e1a00000| Complete 
|  27|0x00000000e1b00000, 0x00000000e1c00000, 0x00000000e1c00000|100%| O|  |TAMS 0x00000000e1b00000| PB 0x00000000e1b00000| Untracked 
|  28|0x00000000e1c00000, 0x00000000e1d00000, 0x00000000e1d00000|100%| O|  |TAMS 0x00000000e1c00000| PB 0x00000000e1c00000| Untracked 
|  29|0x00000000e1d00000, 0x00000000e1e00000, 0x00000000e1e00000|100%| O|  |TAMS 0x00000000e1d00000| PB 0x00000000e1d00000| Untracked 
|  30|0x00000000e1e00000, 0x00000000e1f00000, 0x00000000e1f00000|100%| O|  |TAMS 0x00000000e1e00000| PB 0x00000000e1e00000| Untracked 
|  31|0x00000000e1f00000, 0x00000000e2000000, 0x00000000e2000000|100%| O|  |TAMS 0x00000000e1f00000| PB 0x00000000e1f00000| Untracked 
|  32|0x00000000e2000000, 0x00000000e2100000, 0x00000000e2100000|100%| O|  |TAMS 0x00000000e2000000| PB 0x00000000e2000000| Untracked 
|  33|0x00000000e2100000, 0x00000000e2200000, 0x00000000e2200000|100%| O|  |TAMS 0x00000000e2100000| PB 0x00000000e2100000| Untracked 
|  34|0x00000000e2200000, 0x00000000e2300000, 0x00000000e2300000|100%| O|  |TAMS 0x00000000e2200000| PB 0x00000000e2200000| Untracked 
|  35|0x00000000e2300000, 0x00000000e2400000, 0x00000000e2400000|100%| O|  |TAMS 0x00000000e2300000| PB 0x00000000e2300000| Untracked 
|  36|0x00000000e2400000, 0x00000000e2500000, 0x00000000e2500000|100%| O|  |TAMS 0x00000000e2400000| PB 0x00000000e2400000| Untracked 
|  37|0x00000000e2500000, 0x00000000e2600000, 0x00000000e2600000|100%| O|  |TAMS 0x00000000e2500000| PB 0x00000000e2500000| Untracked 
|  38|0x00000000e2600000, 0x00000000e2700000, 0x00000000e2700000|100%|HS|  |TAMS 0x00000000e2600000| PB 0x00000000e2600000| Complete 
|  39|0x00000000e2700000, 0x00000000e2800000, 0x00000000e2800000|100%|HC|  |TAMS 0x00000000e2700000| PB 0x00000000e2700000| Complete 
|  40|0x00000000e2800000, 0x00000000e2900000, 0x00000000e2900000|100%|HC|  |TAMS 0x00000000e2800000| PB 0x00000000e2800000| Complete 
|  41|0x00000000e2900000, 0x00000000e2a00000, 0x00000000e2a00000|100%|HC|  |TAMS 0x00000000e2900000| PB 0x00000000e2900000| Complete 
|  42|0x00000000e2a00000, 0x00000000e2b00000, 0x00000000e2b00000|100%|HC|  |TAMS 0x00000000e2a00000| PB 0x00000000e2a00000| Complete 
|  43|0x00000000e2b00000, 0x00000000e2c00000, 0x00000000e2c00000|100%|HC|  |TAMS 0x00000000e2b00000| PB 0x00000000e2b00000| Complete 
|  44|0x00000000e2c00000, 0x00000000e2d00000, 0x00000000e2d00000|100%| O|  |TAMS 0x00000000e2c00000| PB 0x00000000e2c00000| Untracked 
|  45|0x00000000e2d00000, 0x00000000e2e00000, 0x00000000e2e00000|100%| O|  |TAMS 0x00000000e2d00000| PB 0x00000000e2d00000| Untracked 
|  46|0x00000000e2e00000, 0x00000000e2f00000, 0x00000000e2f00000|100%| O|  |TAMS 0x00000000e2e00000| PB 0x00000000e2e00000| Untracked 
|  47|0x00000000e2f00000, 0x00000000e3000000, 0x00000000e3000000|100%| O|  |TAMS 0x00000000e2f00000| PB 0x00000000e2f00000| Untracked 
|  48|0x00000000e3000000, 0x00000000e3100000, 0x00000000e3100000|100%| O|  |TAMS 0x00000000e3000000| PB 0x00000000e3000000| Untracked 
|  49|0x00000000e3100000, 0x00000000e3200000, 0x00000000e3200000|100%| O|  |TAMS 0x00000000e3100000| PB 0x00000000e3100000| Untracked 
|  50|0x00000000e3200000, 0x00000000e3300000, 0x00000000e3300000|100%| O|  |TAMS 0x00000000e3200000| PB 0x00000000e3200000| Untracked 
|  51|0x00000000e3300000, 0x00000000e3400000, 0x00000000e3400000|100%| O|  |TAMS 0x00000000e3300000| PB 0x00000000e3300000| Untracked 
|  52|0x00000000e3400000, 0x00000000e3500000, 0x00000000e3500000|100%| O|  |TAMS 0x00000000e3400000| PB 0x00000000e3400000| Untracked 
|  53|0x00000000e3500000, 0x00000000e3600000, 0x00000000e3600000|100%| O|  |TAMS 0x00000000e3500000| PB 0x00000000e3500000| Untracked 
|  54|0x00000000e3600000, 0x00000000e3700000, 0x00000000e3700000|100%| O|  |TAMS 0x00000000e3600000| PB 0x00000000e3600000| Untracked 
|  55|0x00000000e3700000, 0x00000000e3800000, 0x00000000e3800000|100%| O|  |TAMS 0x00000000e3700000| PB 0x00000000e3700000| Untracked 
|  56|0x00000000e3800000, 0x00000000e3900000, 0x00000000e3900000|100%| O|  |TAMS 0x00000000e3800000| PB 0x00000000e3800000| Untracked 
|  57|0x00000000e3900000, 0x00000000e3a00000, 0x00000000e3a00000|100%| O|  |TAMS 0x00000000e3900000| PB 0x00000000e3900000| Untracked 
|  58|0x00000000e3a00000, 0x00000000e3b00000, 0x00000000e3b00000|100%| O|  |TAMS 0x00000000e3a00000| PB 0x00000000e3a00000| Untracked 
|  59|0x00000000e3b00000, 0x00000000e3b80000, 0x00000000e3c00000| 50%| O|  |TAMS 0x00000000e3b00000| PB 0x00000000e3b00000| Untracked 
|  60|0x00000000e3c00000, 0x00000000e3c00000, 0x00000000e3d00000|  0%| F|  |TAMS 0x00000000e3c00000| PB 0x00000000e3c00000| Untracked 
|  61|0x00000000e3d00000, 0x00000000e3d00000, 0x00000000e3e00000|  0%| F|  |TAMS 0x00000000e3d00000| PB 0x00000000e3d00000| Untracked 
|  62|0x00000000e3e00000, 0x00000000e3e00000, 0x00000000e3f00000|  0%| F|  |TAMS 0x00000000e3e00000| PB 0x00000000e3e00000| Untracked 
|  63|0x00000000e3f00000, 0x00000000e3f00000, 0x00000000e4000000|  0%| F|  |TAMS 0x00000000e3f00000| PB 0x00000000e3f00000| Untracked 
|  64|0x00000000e4000000, 0x00000000e4000000, 0x00000000e4100000|  0%| F|  |TAMS 0x00000000e4000000| PB 0x00000000e4000000| Untracked 
|  65|0x00000000e4100000, 0x00000000e4100000, 0x00000000e4200000|  0%| F|  |TAMS 0x00000000e4100000| PB 0x00000000e4100000| Untracked 
|  66|0x00000000e4200000, 0x00000000e4200000, 0x00000000e4300000|  0%| F|  |TAMS 0x00000000e4200000| PB 0x00000000e4200000| Untracked 
|  67|0x00000000e4300000, 0x00000000e4300000, 0x00000000e4400000|  0%| F|  |TAMS 0x00000000e4300000| PB 0x00000000e4300000| Untracked 
|  68|0x00000000e4400000, 0x00000000e4400000, 0x00000000e4500000|  0%| F|  |TAMS 0x00000000e4400000| PB 0x00000000e4400000| Untracked 
|  69|0x00000000e4500000, 0x00000000e4500000, 0x00000000e4600000|  0%| F|  |TAMS 0x00000000e4500000| PB 0x00000000e4500000| Untracked 
|  70|0x00000000e4600000, 0x00000000e4600000, 0x00000000e4700000|  0%| F|  |TAMS 0x00000000e4600000| PB 0x00000000e4600000| Untracked 
|  71|0x00000000e4700000, 0x00000000e4700000, 0x00000000e4800000|  0%| F|  |TAMS 0x00000000e4700000| PB 0x00000000e4700000| Untracked 
|  72|0x00000000e4800000, 0x00000000e4800000, 0x00000000e4900000|  0%| F|  |TAMS 0x00000000e4800000| PB 0x00000000e4800000| Untracked 
|  73|0x00000000e4900000, 0x00000000e4900000, 0x00000000e4a00000|  0%| F|  |TAMS 0x00000000e4900000| PB 0x00000000e4900000| Untracked 
|  74|0x00000000e4a00000, 0x00000000e4a00000, 0x00000000e4b00000|  0%| F|  |TAMS 0x00000000e4a00000| PB 0x00000000e4a00000| Untracked 
|  75|0x00000000e4b00000, 0x00000000e4b00000, 0x00000000e4c00000|  0%| F|  |TAMS 0x00000000e4b00000| PB 0x00000000e4b00000| Untracked 
|  76|0x00000000e4c00000, 0x00000000e4c00000, 0x00000000e4d00000|  0%| F|  |TAMS 0x00000000e4c00000| PB 0x00000000e4c00000| Untracked 
|  77|0x00000000e4d00000, 0x00000000e4d00000, 0x00000000e4e00000|  0%| F|  |TAMS 0x00000000e4d00000| PB 0x00000000e4d00000| Untracked 
|  78|0x00000000e4e00000, 0x00000000e4e00000, 0x00000000e4f00000|  0%| F|  |TAMS 0x00000000e4e00000| PB 0x00000000e4e00000| Untracked 
|  79|0x00000000e4f00000, 0x00000000e4f00000, 0x00000000e5000000|  0%| F|  |TAMS 0x00000000e4f00000| PB 0x00000000e4f00000| Untracked 
|  80|0x00000000e5000000, 0x00000000e5000000, 0x00000000e5100000|  0%| F|  |TAMS 0x00000000e5000000| PB 0x00000000e5000000| Untracked 
|  81|0x00000000e5100000, 0x00000000e5100000, 0x00000000e5200000|  0%| F|  |TAMS 0x00000000e5100000| PB 0x00000000e5100000| Untracked 
|  82|0x00000000e5200000, 0x00000000e5200000, 0x00000000e5300000|  0%| F|  |TAMS 0x00000000e5200000| PB 0x00000000e5200000| Untracked 
|  83|0x00000000e5300000, 0x00000000e5300000, 0x00000000e5400000|  0%| F|  |TAMS 0x00000000e5300000| PB 0x00000000e5300000| Untracked 
|  84|0x00000000e5400000, 0x00000000e5400000, 0x00000000e5500000|  0%| F|  |TAMS 0x00000000e5400000| PB 0x00000000e5400000| Untracked 
|  85|0x00000000e5500000, 0x00000000e5500000, 0x00000000e5600000|  0%| F|  |TAMS 0x00000000e5500000| PB 0x00000000e5500000| Untracked 
|  86|0x00000000e5600000, 0x00000000e5600000, 0x00000000e5700000|  0%| F|  |TAMS 0x00000000e5600000| PB 0x00000000e5600000| Untracked 
|  87|0x00000000e5700000, 0x00000000e5700000, 0x00000000e5800000|  0%| F|  |TAMS 0x00000000e5700000| PB 0x00000000e5700000| Untracked 
|  88|0x00000000e5800000, 0x00000000e5800000, 0x00000000e5900000|  0%| F|  |TAMS 0x00000000e5800000| PB 0x00000000e5800000| Untracked 
|  89|0x00000000e5900000, 0x00000000e5900000, 0x00000000e5a00000|  0%| F|  |TAMS 0x00000000e5900000| PB 0x00000000e5900000| Untracked 
|  90|0x00000000e5a00000, 0x00000000e5a00000, 0x00000000e5b00000|  0%| F|  |TAMS 0x00000000e5a00000| PB 0x00000000e5a00000| Untracked 
|  91|0x00000000e5b00000, 0x00000000e5b00000, 0x00000000e5c00000|  0%| F|  |TAMS 0x00000000e5b00000| PB 0x00000000e5b00000| Untracked 
|  92|0x00000000e5c00000, 0x00000000e5c00000, 0x00000000e5d00000|  0%| F|  |TAMS 0x00000000e5c00000| PB 0x00000000e5c00000| Untracked 
|  93|0x00000000e5d00000, 0x00000000e5d00000, 0x00000000e5e00000|  0%| F|  |TAMS 0x00000000e5d00000| PB 0x00000000e5d00000| Untracked 
|  94|0x00000000e5e00000, 0x00000000e5e00000, 0x00000000e5f00000|  0%| F|  |TAMS 0x00000000e5e00000| PB 0x00000000e5e00000| Untracked 
|  95|0x00000000e5f00000, 0x00000000e5f00000, 0x00000000e6000000|  0%| F|  |TAMS 0x00000000e5f00000| PB 0x00000000e5f00000| Untracked 
|  96|0x00000000e6000000, 0x00000000e6000000, 0x00000000e6100000|  0%| F|  |TAMS 0x00000000e6000000| PB 0x00000000e6000000| Untracked 
|  97|0x00000000e6100000, 0x00000000e6100000, 0x00000000e6200000|  0%| F|  |TAMS 0x00000000e6100000| PB 0x00000000e6100000| Untracked 
|  98|0x00000000e6200000, 0x00000000e6200000, 0x00000000e6300000|  0%| F|  |TAMS 0x00000000e6200000| PB 0x00000000e6200000| Untracked 
|  99|0x00000000e6300000, 0x00000000e6300000, 0x00000000e6400000|  0%| F|  |TAMS 0x00000000e6300000| PB 0x00000000e6300000| Untracked 
| 100|0x00000000e6400000, 0x00000000e6400000, 0x00000000e6500000|  0%| F|  |TAMS 0x00000000e6400000| PB 0x00000000e6400000| Untracked 
| 101|0x00000000e6500000, 0x00000000e6500000, 0x00000000e6600000|  0%| F|  |TAMS 0x00000000e6500000| PB 0x00000000e6500000| Untracked 
| 102|0x00000000e6600000, 0x00000000e6600000, 0x00000000e6700000|  0%| F|  |TAMS 0x00000000e6600000| PB 0x00000000e6600000| Untracked 
| 103|0x00000000e6700000, 0x00000000e6700000, 0x00000000e6800000|  0%| F|  |TAMS 0x00000000e6700000| PB 0x00000000e6700000| Untracked 
| 104|0x00000000e6800000, 0x00000000e6800000, 0x00000000e6900000|  0%| F|  |TAMS 0x00000000e6800000| PB 0x00000000e6800000| Untracked 
| 105|0x00000000e6900000, 0x00000000e6900000, 0x00000000e6a00000|  0%| F|  |TAMS 0x00000000e6900000| PB 0x00000000e6900000| Untracked 
| 106|0x00000000e6a00000, 0x00000000e6a00000, 0x00000000e6b00000|  0%| F|  |TAMS 0x00000000e6a00000| PB 0x00000000e6a00000| Untracked 
| 107|0x00000000e6b00000, 0x00000000e6b00000, 0x00000000e6c00000|  0%| F|  |TAMS 0x00000000e6b00000| PB 0x00000000e6b00000| Untracked 
| 108|0x00000000e6c00000, 0x00000000e6c00000, 0x00000000e6d00000|  0%| F|  |TAMS 0x00000000e6c00000| PB 0x00000000e6c00000| Untracked 
| 109|0x00000000e6d00000, 0x00000000e6d00000, 0x00000000e6e00000|  0%| F|  |TAMS 0x00000000e6d00000| PB 0x00000000e6d00000| Untracked 
| 110|0x00000000e6e00000, 0x00000000e6e00000, 0x00000000e6f00000|  0%| F|  |TAMS 0x00000000e6e00000| PB 0x00000000e6e00000| Untracked 
| 111|0x00000000e6f00000, 0x00000000e6f00000, 0x00000000e7000000|  0%| F|  |TAMS 0x00000000e6f00000| PB 0x00000000e6f00000| Untracked 
| 112|0x00000000e7000000, 0x00000000e7000000, 0x00000000e7100000|  0%| F|  |TAMS 0x00000000e7000000| PB 0x00000000e7000000| Untracked 
| 113|0x00000000e7100000, 0x00000000e7100000, 0x00000000e7200000|  0%| F|  |TAMS 0x00000000e7100000| PB 0x00000000e7100000| Untracked 
| 114|0x00000000e7200000, 0x00000000e7200000, 0x00000000e7300000|  0%| F|  |TAMS 0x00000000e7200000| PB 0x00000000e7200000| Untracked 
| 115|0x00000000e7300000, 0x00000000e7300000, 0x00000000e7400000|  0%| F|  |TAMS 0x00000000e7300000| PB 0x00000000e7300000| Untracked 
| 116|0x00000000e7400000, 0x00000000e7400000, 0x00000000e7500000|  0%| F|  |TAMS 0x00000000e7400000| PB 0x00000000e7400000| Untracked 
| 117|0x00000000e7500000, 0x00000000e7500000, 0x00000000e7600000|  0%| F|  |TAMS 0x00000000e7500000| PB 0x00000000e7500000| Untracked 
| 118|0x00000000e7600000, 0x00000000e7600000, 0x00000000e7700000|  0%| F|  |TAMS 0x00000000e7600000| PB 0x00000000e7600000| Untracked 
| 119|0x00000000e7700000, 0x00000000e7700000, 0x00000000e7800000|  0%| F|  |TAMS 0x00000000e7700000| PB 0x00000000e7700000| Untracked 
| 120|0x00000000e7800000, 0x00000000e7800000, 0x00000000e7900000|  0%| F|  |TAMS 0x00000000e7800000| PB 0x00000000e7800000| Untracked 
| 121|0x00000000e7900000, 0x00000000e7900000, 0x00000000e7a00000|  0%| F|  |TAMS 0x00000000e7900000| PB 0x00000000e7900000| Untracked 
| 122|0x00000000e7a00000, 0x00000000e7a00000, 0x00000000e7b00000|  0%| F|  |TAMS 0x00000000e7a00000| PB 0x00000000e7a00000| Untracked 
| 123|0x00000000e7b00000, 0x00000000e7b00000, 0x00000000e7c00000|  0%| F|  |TAMS 0x00000000e7b00000| PB 0x00000000e7b00000| Untracked 
| 124|0x00000000e7c00000, 0x00000000e7c00000, 0x00000000e7d00000|  0%| F|  |TAMS 0x00000000e7c00000| PB 0x00000000e7c00000| Untracked 
| 125|0x00000000e7d00000, 0x00000000e7d00000, 0x00000000e7e00000|  0%| F|  |TAMS 0x00000000e7d00000| PB 0x00000000e7d00000| Untracked 
| 126|0x00000000e7e00000, 0x00000000e7e00000, 0x00000000e7f00000|  0%| F|  |TAMS 0x00000000e7e00000| PB 0x00000000e7e00000| Untracked 
| 127|0x00000000e7f00000, 0x00000000e7f00000, 0x00000000e8000000|  0%| F|  |TAMS 0x00000000e7f00000| PB 0x00000000e7f00000| Untracked 
| 128|0x00000000e8000000, 0x00000000e8000000, 0x00000000e8100000|  0%| F|  |TAMS 0x00000000e8000000| PB 0x00000000e8000000| Untracked 
| 129|0x00000000e8100000, 0x00000000e8100000, 0x00000000e8200000|  0%| F|  |TAMS 0x00000000e8100000| PB 0x00000000e8100000| Untracked 
| 130|0x00000000e8200000, 0x00000000e8200000, 0x00000000e8300000|  0%| F|  |TAMS 0x00000000e8200000| PB 0x00000000e8200000| Untracked 
| 131|0x00000000e8300000, 0x00000000e8300000, 0x00000000e8400000|  0%| F|  |TAMS 0x00000000e8300000| PB 0x00000000e8300000| Untracked 
| 132|0x00000000e8400000, 0x00000000e8400000, 0x00000000e8500000|  0%| F|  |TAMS 0x00000000e8400000| PB 0x00000000e8400000| Untracked 
| 133|0x00000000e8500000, 0x00000000e8500000, 0x00000000e8600000|  0%| F|  |TAMS 0x00000000e8500000| PB 0x00000000e8500000| Untracked 
| 134|0x00000000e8600000, 0x00000000e8693120, 0x00000000e8700000| 57%| E|  |TAMS 0x00000000e8600000| PB 0x00000000e8600000| Complete 
| 135|0x00000000e8700000, 0x00000000e8800000, 0x00000000e8800000|100%| E|CS|TAMS 0x00000000e8700000| PB 0x00000000e8700000| Complete 
| 136|0x00000000e8800000, 0x00000000e8900000, 0x00000000e8900000|100%| E|CS|TAMS 0x00000000e8800000| PB 0x00000000e8800000| Complete 
| 137|0x00000000e8900000, 0x00000000e8a00000, 0x00000000e8a00000|100%| E|CS|TAMS 0x00000000e8900000| PB 0x00000000e8900000| Complete 
| 138|0x00000000e8a00000, 0x00000000e8b00000, 0x00000000e8b00000|100%| E|CS|TAMS 0x00000000e8a00000| PB 0x00000000e8a00000| Complete 
| 139|0x00000000e8b00000, 0x00000000e8c00000, 0x00000000e8c00000|100%| E|CS|TAMS 0x00000000e8b00000| PB 0x00000000e8b00000| Complete 
| 140|0x00000000e8c00000, 0x00000000e8d00000, 0x00000000e8d00000|100%| E|CS|TAMS 0x00000000e8c00000| PB 0x00000000e8c00000| Complete 
| 141|0x00000000e8d00000, 0x00000000e8e00000, 0x00000000e8e00000|100%| E|CS|TAMS 0x00000000e8d00000| PB 0x00000000e8d00000| Complete 
| 142|0x00000000e8e00000, 0x00000000e8f00000, 0x00000000e8f00000|100%| E|CS|TAMS 0x00000000e8e00000| PB 0x00000000e8e00000| Complete 
| 143|0x00000000e8f00000, 0x00000000e9000000, 0x00000000e9000000|100%| E|CS|TAMS 0x00000000e8f00000| PB 0x00000000e8f00000| Complete 
| 144|0x00000000e9000000, 0x00000000e9100000, 0x00000000e9100000|100%| S|CS|TAMS 0x00000000e9000000| PB 0x00000000e9000000| Complete 
| 145|0x00000000e9100000, 0x00000000e9200000, 0x00000000e9200000|100%| S|CS|TAMS 0x00000000e9100000| PB 0x00000000e9100000| Complete 
| 146|0x00000000e9200000, 0x00000000e9300000, 0x00000000e9300000|100%| S|CS|TAMS 0x00000000e9200000| PB 0x00000000e9200000| Complete 
| 147|0x00000000e9300000, 0x00000000e9400000, 0x00000000e9400000|100%| S|CS|TAMS 0x00000000e9300000| PB 0x00000000e9300000| Complete 
| 148|0x00000000e9400000, 0x00000000e9500000, 0x00000000e9500000|100%| S|CS|TAMS 0x00000000e9400000| PB 0x00000000e9400000| Complete 
| 149|0x00000000e9500000, 0x00000000e9600000, 0x00000000e9600000|100%| S|CS|TAMS 0x00000000e9500000| PB 0x00000000e9500000| Complete 
| 150|0x00000000e9600000, 0x00000000e9700000, 0x00000000e9700000|100%| S|CS|TAMS 0x00000000e9600000| PB 0x00000000e9600000| Complete 
| 151|0x00000000e9700000, 0x00000000e9800000, 0x00000000e9800000|100%| S|CS|TAMS 0x00000000e9700000| PB 0x00000000e9700000| Complete 
| 152|0x00000000e9800000, 0x00000000e9900000, 0x00000000e9900000|100%| S|CS|TAMS 0x00000000e9800000| PB 0x00000000e9800000| Complete 
| 153|0x00000000e9900000, 0x00000000e9a00000, 0x00000000e9a00000|100%| E|CS|TAMS 0x00000000e9900000| PB 0x00000000e9900000| Complete 
| 154|0x00000000e9a00000, 0x00000000e9b00000, 0x00000000e9b00000|100%| E|CS|TAMS 0x00000000e9a00000| PB 0x00000000e9a00000| Complete 
| 155|0x00000000e9b00000, 0x00000000e9c00000, 0x00000000e9c00000|100%| E|CS|TAMS 0x00000000e9b00000| PB 0x00000000e9b00000| Complete 
| 156|0x00000000e9c00000, 0x00000000e9d00000, 0x00000000e9d00000|100%| E|CS|TAMS 0x00000000e9c00000| PB 0x00000000e9c00000| Complete 
| 157|0x00000000e9d00000, 0x00000000e9e00000, 0x00000000e9e00000|100%| E|CS|TAMS 0x00000000e9d00000| PB 0x00000000e9d00000| Complete 
| 158|0x00000000e9e00000, 0x00000000e9f00000, 0x00000000e9f00000|100%| E|CS|TAMS 0x00000000e9e00000| PB 0x00000000e9e00000| Complete 
| 159|0x00000000e9f00000, 0x00000000ea000000, 0x00000000ea000000|100%| E|CS|TAMS 0x00000000e9f00000| PB 0x00000000e9f00000| Complete 
| 160|0x00000000ea000000, 0x00000000ea100000, 0x00000000ea100000|100%| E|CS|TAMS 0x00000000ea000000| PB 0x00000000ea000000| Complete 
| 161|0x00000000ea100000, 0x00000000ea200000, 0x00000000ea200000|100%| E|CS|TAMS 0x00000000ea100000| PB 0x00000000ea100000| Complete 
| 162|0x00000000ea200000, 0x00000000ea300000, 0x00000000ea300000|100%| E|CS|TAMS 0x00000000ea200000| PB 0x00000000ea200000| Complete 
| 163|0x00000000ea300000, 0x00000000ea400000, 0x00000000ea400000|100%| E|CS|TAMS 0x00000000ea300000| PB 0x00000000ea300000| Complete 
| 164|0x00000000ea400000, 0x00000000ea500000, 0x00000000ea500000|100%| E|CS|TAMS 0x00000000ea400000| PB 0x00000000ea400000| Complete 
| 165|0x00000000ea500000, 0x00000000ea600000, 0x00000000ea600000|100%| E|CS|TAMS 0x00000000ea500000| PB 0x00000000ea500000| Complete 
| 166|0x00000000ea600000, 0x00000000ea700000, 0x00000000ea700000|100%| E|CS|TAMS 0x00000000ea600000| PB 0x00000000ea600000| Complete 
| 167|0x00000000ea700000, 0x00000000ea800000, 0x00000000ea800000|100%| E|CS|TAMS 0x00000000ea700000| PB 0x00000000ea700000| Complete 
| 168|0x00000000ea800000, 0x00000000ea900000, 0x00000000ea900000|100%| E|CS|TAMS 0x00000000ea800000| PB 0x00000000ea800000| Complete 
| 169|0x00000000ea900000, 0x00000000eaa00000, 0x00000000eaa00000|100%| E|CS|TAMS 0x00000000ea900000| PB 0x00000000ea900000| Complete 
| 170|0x00000000eaa00000, 0x00000000eab00000, 0x00000000eab00000|100%| E|CS|TAMS 0x00000000eaa00000| PB 0x00000000eaa00000| Complete 
| 171|0x00000000eab00000, 0x00000000eac00000, 0x00000000eac00000|100%| E|CS|TAMS 0x00000000eab00000| PB 0x00000000eab00000| Complete 
| 172|0x00000000eac00000, 0x00000000ead00000, 0x00000000ead00000|100%| E|CS|TAMS 0x00000000eac00000| PB 0x00000000eac00000| Complete 
| 173|0x00000000ead00000, 0x00000000eae00000, 0x00000000eae00000|100%| E|CS|TAMS 0x00000000ead00000| PB 0x00000000ead00000| Complete 
| 174|0x00000000eae00000, 0x00000000eaf00000, 0x00000000eaf00000|100%| E|CS|TAMS 0x00000000eae00000| PB 0x00000000eae00000| Complete 
| 175|0x00000000eaf00000, 0x00000000eb000000, 0x00000000eb000000|100%| E|CS|TAMS 0x00000000eaf00000| PB 0x00000000eaf00000| Complete 
| 176|0x00000000eb000000, 0x00000000eb100000, 0x00000000eb100000|100%| E|CS|TAMS 0x00000000eb000000| PB 0x00000000eb000000| Complete 
| 177|0x00000000eb100000, 0x00000000eb200000, 0x00000000eb200000|100%| E|CS|TAMS 0x00000000eb100000| PB 0x00000000eb100000| Complete 
| 178|0x00000000eb200000, 0x00000000eb300000, 0x00000000eb300000|100%| E|CS|TAMS 0x00000000eb200000| PB 0x00000000eb200000| Complete 
| 179|0x00000000eb300000, 0x00000000eb400000, 0x00000000eb400000|100%| E|CS|TAMS 0x00000000eb300000| PB 0x00000000eb300000| Complete 
| 180|0x00000000eb400000, 0x00000000eb500000, 0x00000000eb500000|100%| E|CS|TAMS 0x00000000eb400000| PB 0x00000000eb400000| Complete 
| 181|0x00000000eb500000, 0x00000000eb600000, 0x00000000eb600000|100%| E|CS|TAMS 0x00000000eb500000| PB 0x00000000eb500000| Complete 
| 182|0x00000000eb600000, 0x00000000eb700000, 0x00000000eb700000|100%| E|CS|TAMS 0x00000000eb600000| PB 0x00000000eb600000| Complete 
| 183|0x00000000eb700000, 0x00000000eb800000, 0x00000000eb800000|100%| E|CS|TAMS 0x00000000eb700000| PB 0x00000000eb700000| Complete 
| 184|0x00000000eb800000, 0x00000000eb900000, 0x00000000eb900000|100%| E|CS|TAMS 0x00000000eb800000| PB 0x00000000eb800000| Complete 
| 185|0x00000000eb900000, 0x00000000eba00000, 0x00000000eba00000|100%| E|CS|TAMS 0x00000000eb900000| PB 0x00000000eb900000| Complete 
| 186|0x00000000eba00000, 0x00000000ebb00000, 0x00000000ebb00000|100%| E|CS|TAMS 0x00000000eba00000| PB 0x00000000eba00000| Complete 
| 187|0x00000000ebb00000, 0x00000000ebc00000, 0x00000000ebc00000|100%| E|CS|TAMS 0x00000000ebb00000| PB 0x00000000ebb00000| Complete 
| 188|0x00000000ebc00000, 0x00000000ebd00000, 0x00000000ebd00000|100%| E|CS|TAMS 0x00000000ebc00000| PB 0x00000000ebc00000| Complete 
| 189|0x00000000ebd00000, 0x00000000ebe00000, 0x00000000ebe00000|100%| E|CS|TAMS 0x00000000ebd00000| PB 0x00000000ebd00000| Complete 
| 190|0x00000000ebe00000, 0x00000000ebf00000, 0x00000000ebf00000|100%| E|CS|TAMS 0x00000000ebe00000| PB 0x00000000ebe00000| Complete 
| 191|0x00000000ebf00000, 0x00000000ec000000, 0x00000000ec000000|100%| E|CS|TAMS 0x00000000ebf00000| PB 0x00000000ebf00000| Complete 
| 192|0x00000000ec000000, 0x00000000ec100000, 0x00000000ec100000|100%| E|CS|TAMS 0x00000000ec000000| PB 0x00000000ec000000| Complete 
| 193|0x00000000ec100000, 0x00000000ec200000, 0x00000000ec200000|100%| E|CS|TAMS 0x00000000ec100000| PB 0x00000000ec100000| Complete 
| 194|0x00000000ec200000, 0x00000000ec300000, 0x00000000ec300000|100%| E|CS|TAMS 0x00000000ec200000| PB 0x00000000ec200000| Complete 
| 195|0x00000000ec300000, 0x00000000ec400000, 0x00000000ec400000|100%| E|CS|TAMS 0x00000000ec300000| PB 0x00000000ec300000| Complete 
| 196|0x00000000ec400000, 0x00000000ec500000, 0x00000000ec500000|100%| E|CS|TAMS 0x00000000ec400000| PB 0x00000000ec400000| Complete 
| 197|0x00000000ec500000, 0x00000000ec600000, 0x00000000ec600000|100%| E|CS|TAMS 0x00000000ec500000| PB 0x00000000ec500000| Complete 
| 198|0x00000000ec600000, 0x00000000ec700000, 0x00000000ec700000|100%| E|CS|TAMS 0x00000000ec600000| PB 0x00000000ec600000| Complete 
| 199|0x00000000ec700000, 0x00000000ec800000, 0x00000000ec800000|100%| E|CS|TAMS 0x00000000ec700000| PB 0x00000000ec700000| Complete 
| 200|0x00000000ec800000, 0x00000000ec900000, 0x00000000ec900000|100%| E|CS|TAMS 0x00000000ec800000| PB 0x00000000ec800000| Complete 
| 201|0x00000000ec900000, 0x00000000eca00000, 0x00000000eca00000|100%| E|CS|TAMS 0x00000000ec900000| PB 0x00000000ec900000| Complete 
| 202|0x00000000eca00000, 0x00000000ecb00000, 0x00000000ecb00000|100%| E|CS|TAMS 0x00000000eca00000| PB 0x00000000eca00000| Complete 
| 203|0x00000000ecb00000, 0x00000000ecc00000, 0x00000000ecc00000|100%| E|CS|TAMS 0x00000000ecb00000| PB 0x00000000ecb00000| Complete 
| 204|0x00000000ecc00000, 0x00000000ecd00000, 0x00000000ecd00000|100%| E|CS|TAMS 0x00000000ecc00000| PB 0x00000000ecc00000| Complete 
| 205|0x00000000ecd00000, 0x00000000ece00000, 0x00000000ece00000|100%| E|CS|TAMS 0x00000000ecd00000| PB 0x00000000ecd00000| Complete 
| 206|0x00000000ece00000, 0x00000000ecf00000, 0x00000000ecf00000|100%| E|CS|TAMS 0x00000000ece00000| PB 0x00000000ece00000| Complete 
| 207|0x00000000ecf00000, 0x00000000ed000000, 0x00000000ed000000|100%| E|CS|TAMS 0x00000000ecf00000| PB 0x00000000ecf00000| Complete 
| 208|0x00000000ed000000, 0x00000000ed100000, 0x00000000ed100000|100%| E|CS|TAMS 0x00000000ed000000| PB 0x00000000ed000000| Complete 
| 209|0x00000000ed100000, 0x00000000ed200000, 0x00000000ed200000|100%| E|CS|TAMS 0x00000000ed100000| PB 0x00000000ed100000| Complete 
| 210|0x00000000ed200000, 0x00000000ed300000, 0x00000000ed300000|100%| E|CS|TAMS 0x00000000ed200000| PB 0x00000000ed200000| Complete 
| 211|0x00000000ed300000, 0x00000000ed400000, 0x00000000ed400000|100%| E|CS|TAMS 0x00000000ed300000| PB 0x00000000ed300000| Complete 
| 212|0x00000000ed400000, 0x00000000ed500000, 0x00000000ed500000|100%| E|CS|TAMS 0x00000000ed400000| PB 0x00000000ed400000| Complete 
| 213|0x00000000ed500000, 0x00000000ed600000, 0x00000000ed600000|100%| E|CS|TAMS 0x00000000ed500000| PB 0x00000000ed500000| Complete 
| 214|0x00000000ed600000, 0x00000000ed700000, 0x00000000ed700000|100%| E|CS|TAMS 0x00000000ed600000| PB 0x00000000ed600000| Complete 
| 215|0x00000000ed700000, 0x00000000ed800000, 0x00000000ed800000|100%| E|CS|TAMS 0x00000000ed700000| PB 0x00000000ed700000| Complete 
| 216|0x00000000ed800000, 0x00000000ed900000, 0x00000000ed900000|100%| E|CS|TAMS 0x00000000ed800000| PB 0x00000000ed800000| Complete 
| 217|0x00000000ed900000, 0x00000000eda00000, 0x00000000eda00000|100%| E|CS|TAMS 0x00000000ed900000| PB 0x00000000ed900000| Complete 
| 218|0x00000000eda00000, 0x00000000edb00000, 0x00000000edb00000|100%| E|CS|TAMS 0x00000000eda00000| PB 0x00000000eda00000| Complete 
| 219|0x00000000edb00000, 0x00000000edc00000, 0x00000000edc00000|100%| E|CS|TAMS 0x00000000edb00000| PB 0x00000000edb00000| Complete 
| 220|0x00000000edc00000, 0x00000000edd00000, 0x00000000edd00000|100%| E|CS|TAMS 0x00000000edc00000| PB 0x00000000edc00000| Complete 
| 221|0x00000000edd00000, 0x00000000ede00000, 0x00000000ede00000|100%| E|CS|TAMS 0x00000000edd00000| PB 0x00000000edd00000| Complete 
| 222|0x00000000ede00000, 0x00000000edf00000, 0x00000000edf00000|100%| E|CS|TAMS 0x00000000ede00000| PB 0x00000000ede00000| Complete 
| 223|0x00000000edf00000, 0x00000000ee000000, 0x00000000ee000000|100%| E|CS|TAMS 0x00000000edf00000| PB 0x00000000edf00000| Complete 
| 224|0x00000000ee000000, 0x00000000ee100000, 0x00000000ee100000|100%| E|CS|TAMS 0x00000000ee000000| PB 0x00000000ee000000| Complete 
| 225|0x00000000ee100000, 0x00000000ee200000, 0x00000000ee200000|100%| E|CS|TAMS 0x00000000ee100000| PB 0x00000000ee100000| Complete 
| 226|0x00000000ee200000, 0x00000000ee300000, 0x00000000ee300000|100%| E|CS|TAMS 0x00000000ee200000| PB 0x00000000ee200000| Complete 
| 227|0x00000000ee300000, 0x00000000ee400000, 0x00000000ee400000|100%| E|CS|TAMS 0x00000000ee300000| PB 0x00000000ee300000| Complete 
| 228|0x00000000ee400000, 0x00000000ee500000, 0x00000000ee500000|100%| E|CS|TAMS 0x00000000ee400000| PB 0x00000000ee400000| Complete 
| 229|0x00000000ee500000, 0x00000000ee600000, 0x00000000ee600000|100%| E|CS|TAMS 0x00000000ee500000| PB 0x00000000ee500000| Complete 
| 230|0x00000000ee600000, 0x00000000ee700000, 0x00000000ee700000|100%| E|CS|TAMS 0x00000000ee600000| PB 0x00000000ee600000| Complete 
| 231|0x00000000ee700000, 0x00000000ee800000, 0x00000000ee800000|100%| E|CS|TAMS 0x00000000ee700000| PB 0x00000000ee700000| Complete 
| 232|0x00000000ee800000, 0x00000000ee900000, 0x00000000ee900000|100%| E|CS|TAMS 0x00000000ee800000| PB 0x00000000ee800000| Complete 
| 233|0x00000000ee900000, 0x00000000eea00000, 0x00000000eea00000|100%| E|CS|TAMS 0x00000000ee900000| PB 0x00000000ee900000| Complete 
| 234|0x00000000eea00000, 0x00000000eeb00000, 0x00000000eeb00000|100%| E|CS|TAMS 0x00000000eea00000| PB 0x00000000eea00000| Complete 
| 235|0x00000000eeb00000, 0x00000000eec00000, 0x00000000eec00000|100%| E|CS|TAMS 0x00000000eeb00000| PB 0x00000000eeb00000| Complete 
| 236|0x00000000eec00000, 0x00000000eed00000, 0x00000000eed00000|100%| E|CS|TAMS 0x00000000eec00000| PB 0x00000000eec00000| Complete 
| 237|0x00000000eed00000, 0x00000000eee00000, 0x00000000eee00000|100%| E|CS|TAMS 0x00000000eed00000| PB 0x00000000eed00000| Complete 
| 238|0x00000000eee00000, 0x00000000eef00000, 0x00000000eef00000|100%| E|CS|TAMS 0x00000000eee00000| PB 0x00000000eee00000| Complete 
| 239|0x00000000eef00000, 0x00000000ef000000, 0x00000000ef000000|100%| E|CS|TAMS 0x00000000eef00000| PB 0x00000000eef00000| Complete 
| 240|0x00000000ef000000, 0x00000000ef100000, 0x00000000ef100000|100%| E|CS|TAMS 0x00000000ef000000| PB 0x00000000ef000000| Complete 
| 241|0x00000000ef100000, 0x00000000ef200000, 0x00000000ef200000|100%| E|CS|TAMS 0x00000000ef100000| PB 0x00000000ef100000| Complete 
| 242|0x00000000ef200000, 0x00000000ef300000, 0x00000000ef300000|100%| E|CS|TAMS 0x00000000ef200000| PB 0x00000000ef200000| Complete 
| 243|0x00000000ef300000, 0x00000000ef400000, 0x00000000ef400000|100%| E|CS|TAMS 0x00000000ef300000| PB 0x00000000ef300000| Complete 
| 244|0x00000000ef400000, 0x00000000ef500000, 0x00000000ef500000|100%| E|CS|TAMS 0x00000000ef400000| PB 0x00000000ef400000| Complete 
| 245|0x00000000ef500000, 0x00000000ef600000, 0x00000000ef600000|100%| E|CS|TAMS 0x00000000ef500000| PB 0x00000000ef500000| Complete 
| 246|0x00000000ef600000, 0x00000000ef700000, 0x00000000ef700000|100%| E|CS|TAMS 0x00000000ef600000| PB 0x00000000ef600000| Complete 
| 247|0x00000000ef700000, 0x00000000ef800000, 0x00000000ef800000|100%| E|CS|TAMS 0x00000000ef700000| PB 0x00000000ef700000| Complete 
| 248|0x00000000ef800000, 0x00000000ef900000, 0x00000000ef900000|100%| E|CS|TAMS 0x00000000ef800000| PB 0x00000000ef800000| Complete 
| 249|0x00000000ef900000, 0x00000000efa00000, 0x00000000efa00000|100%| E|CS|TAMS 0x00000000ef900000| PB 0x00000000ef900000| Complete 
| 250|0x00000000efa00000, 0x00000000efb00000, 0x00000000efb00000|100%| E|CS|TAMS 0x00000000efa00000| PB 0x00000000efa00000| Complete 
| 251|0x00000000efb00000, 0x00000000efc00000, 0x00000000efc00000|100%| E|CS|TAMS 0x00000000efb00000| PB 0x00000000efb00000| Complete 
| 252|0x00000000efc00000, 0x00000000efd00000, 0x00000000efd00000|100%| E|CS|TAMS 0x00000000efc00000| PB 0x00000000efc00000| Complete 
| 253|0x00000000efd00000, 0x00000000efe00000, 0x00000000efe00000|100%| E|CS|TAMS 0x00000000efd00000| PB 0x00000000efd00000| Complete 
| 254|0x00000000efe00000, 0x00000000eff00000, 0x00000000eff00000|100%| E|CS|TAMS 0x00000000efe00000| PB 0x00000000efe00000| Complete 
| 255|0x00000000eff00000, 0x00000000f0000000, 0x00000000f0000000|100%| E|CS|TAMS 0x00000000eff00000| PB 0x00000000eff00000| Complete 

Card table byte_map: [0x000001f44f500000,0x000001f44f600000] _byte_map_base: 0x000001f44ee00000

Marking Bits: (CMBitMap*) 0x000001f4363db5d0
 Bits: [0x000001f44f600000, 0x000001f44fe00000)

Polling page: 0x000001f436480000

Metaspace:

Usage:
  Non-class:     78.70 MB used.
      Class:     12.07 MB used.
       Both:     90.77 MB used.

Virtual space:
  Non-class space:      128.00 MB reserved,      79.62 MB ( 62%) committed,  2 nodes.
      Class space:      320.00 MB reserved,      13.06 MB (  4%) committed,  1 nodes.
             Both:      448.00 MB reserved,      92.69 MB ( 21%) committed. 

Chunk freelists:
   Non-Class:  15.95 MB
       Class:  2.80 MB
        Both:  18.75 MB

MaxMetaspaceSize: 384.00 MB
CompressedClassSpaceSize: 320.00 MB
Initial GC threshold: 21.00 MB
Current GC threshold: 98.75 MB
CDS: on
 - commit_granule_bytes: 65536.
 - commit_granule_words: 8192.
 - virtual_space_node_default_size: 8388608.
 - enlarge_chunks_in_place: 1.
 - use_allocation_guard: 0.


Internal statistics:

num_allocs_failed_limit: 12.
num_arena_births: 3490.
num_arena_deaths: 0.
num_vsnodes_births: 3.
num_vsnodes_deaths: 0.
num_space_committed: 1481.
num_space_uncommitted: 0.
num_chunks_returned_to_freelist: 12.
num_chunks_taken_from_freelist: 7279.
num_chunk_merges: 9.
num_chunk_splits: 5175.
num_chunks_enlarged: 3611.
num_inconsistent_stats: 0.

CodeHeap 'non-profiled nmethods': size=120064Kb used=4298Kb max_used=4298Kb free=115765Kb
 bounds [0x000001f447ab0000, 0x000001f447ef0000, 0x000001f44eff0000]
CodeHeap 'profiled nmethods': size=120000Kb used=14661Kb max_used=14661Kb free=105338Kb
 bounds [0x000001f43fff0000, 0x000001f440e50000, 0x000001f447520000]
CodeHeap 'non-nmethods': size=5696Kb used=2979Kb max_used=2987Kb free=2716Kb
 bounds [0x000001f447520000, 0x000001f447810000, 0x000001f447ab0000]
 total_blobs=8070 nmethods=7016 adapters=958
 compilation: enabled
              stopped_count=0, restarted_count=0
 full_count=0

Compilation events (20 events):
Event: 214.392 Thread 0x000001f452378540 nmethod 7757 0x000001f447ee1d10 code [0x000001f447ee1ea0, 0x000001f447ee1f70]
Event: 214.392 Thread 0x000001f452378540 7758       1       org.jetbrains.kotlin.ir.builders.declarations.IrFunctionBuilder::setFakeOverride (6 bytes)
Event: 214.392 Thread 0x000001f452378540 nmethod 7758 0x000001f447ee2010 code [0x000001f447ee21a0, 0x000001f447ee2270]
Event: 214.392 Thread 0x000001f452378540 7759       1       org.jetbrains.kotlin.ir.builders.declarations.IrFunctionBuilder::setInline (6 bytes)
Event: 214.392 Thread 0x000001f452378540 nmethod 7759 0x000001f447ee2310 code [0x000001f447ee24a0, 0x000001f447ee2570]
Event: 214.402 Thread 0x000001f452378540 7760       3       org.jetbrains.kotlin.ir.util.IrUtilsKt$special$$inlined$filterIsInstance$1::invoke (6 bytes)
Event: 214.403 Thread 0x000001f452378540 nmethod 7760 0x000001f440e3c990 code [0x000001f440e3cb60, 0x000001f440e3cea0]
Event: 214.403 Thread 0x000001f452378540 7761       3       org.jetbrains.kotlin.ir.symbols.impl.IrSimpleFunctionSymbolImpl::getOwner (8 bytes)
Event: 214.403 Thread 0x000001f452378540 nmethod 7761 0x000001f440e3cf90 code [0x000001f440e3d140, 0x000001f440e3d3f0]
Event: 214.456 Thread 0x000001f452378540 7762       1       org.jetbrains.kotlin.ir.declarations.impl.IrClassImpl::getSymbol (5 bytes)
Event: 214.456 Thread 0x000001f452378540 nmethod 7762 0x000001f447ee2610 code [0x000001f447ee27a0, 0x000001f447ee2868]
Event: 214.458 Thread 0x000001f452378540 7763       3       org.jetbrains.kotlin.descriptors.impl.ModuleDescriptorImpl$packages$1::invoke (9 bytes)
Event: 214.458 Thread 0x000001f452378540 nmethod 7763 0x000001f440e3d490 code [0x000001f440e3d6e0, 0x000001f440e3ded0]
Event: 214.458 Thread 0x000001f452378540 7764       3       org.jetbrains.kotlin.descriptors.impl.LazyPackageViewDescriptorImpl::<init> (111 bytes)
Event: 214.461 Thread 0x000001f452378540 nmethod 7764 0x000001f440e3e210 code [0x000001f440e3e640, 0x000001f440e402e8]
Event: 214.461 Thread 0x000001f452378540 7765       3       org.jetbrains.kotlin.descriptors.impl.LazyPackageViewDescriptorImpl$fragments$2::<init> (11 bytes)
Event: 214.461 Thread 0x000001f452378540 nmethod 7765 0x000001f440e40c90 code [0x000001f440e40e40, 0x000001f440e41068]
Event: 214.461 Thread 0x000001f452378540 7766       3       org.jetbrains.kotlin.descriptors.impl.LazyPackageViewDescriptorImpl$empty$2::<init> (11 bytes)
Event: 214.461 Thread 0x000001f452378540 nmethod 7766 0x000001f440e41190 code [0x000001f440e41340, 0x000001f440e41568]
Event: 214.692 Thread 0x000001f4521f8900 7767   !   4       java.net.URLClassLoader$1::run (81 bytes)

GC Heap History (20 events):
Event: 20.655 GC heap before
{Heap before GC invocations=3 (full 0):
 garbage-first heap   total 262144K, used 34776K [0x00000000e0000000, 0x0000000100000000)
  region size 1024K, 23 young (23552K), 1 survivors (1024K)
 Metaspace       used 4201K, committed 4416K, reserved 393216K
  class space    used 503K, committed 640K, reserved 327680K
}
Event: 20.658 GC heap after
{Heap after GC invocations=4 (full 0):
 garbage-first heap   total 262144K, used 14602K [0x00000000e0000000, 0x0000000100000000)
  region size 1024K, 3 young (3072K), 3 survivors (3072K)
 Metaspace       used 4201K, committed 4416K, reserved 393216K
  class space    used 503K, committed 640K, reserved 327680K
}
Event: 45.602 GC heap before
{Heap before GC invocations=4 (full 0):
 garbage-first heap   total 262144K, used 112906K [0x00000000e0000000, 0x0000000100000000)
  region size 1024K, 101 young (103424K), 3 survivors (3072K)
 Metaspace       used 20814K, committed 21504K, reserved 393216K
  class space    used 2997K, committed 3264K, reserved 327680K
}
Event: 45.630 GC heap after
{Heap after GC invocations=5 (full 0):
 garbage-first heap   total 262144K, used 22794K [0x00000000e0000000, 0x0000000100000000)
  region size 1024K, 11 young (11264K), 11 survivors (11264K)
 Metaspace       used 20814K, committed 21504K, reserved 393216K
  class space    used 2997K, committed 3264K, reserved 327680K
}
Event: 71.843 GC heap before
{Heap before GC invocations=6 (full 0):
 garbage-first heap   total 262144K, used 97546K [0x00000000e0000000, 0x0000000100000000)
  region size 1024K, 84 young (86016K), 11 survivors (11264K)
 Metaspace       used 30986K, committed 32192K, reserved 393216K
  class space    used 4642K, committed 5248K, reserved 327680K
}
Event: 71.870 GC heap after
{Heap after GC invocations=7 (full 0):
 garbage-first heap   total 262144K, used 27408K [0x00000000e0000000, 0x0000000100000000)
  region size 1024K, 5 young (5120K), 5 survivors (5120K)
 Metaspace       used 30986K, committed 32192K, reserved 393216K
  class space    used 4642K, committed 5248K, reserved 327680K
}
Event: 77.079 GC heap before
{Heap before GC invocations=7 (full 0):
 garbage-first heap   total 262144K, used 38672K [0x00000000e0000000, 0x0000000100000000)
  region size 1024K, 18 young (18432K), 5 survivors (5120K)
 Metaspace       used 34859K, committed 35968K, reserved 393216K
  class space    used 5025K, committed 5568K, reserved 327680K
}
Event: 77.090 GC heap after
{Heap after GC invocations=8 (full 0):
 garbage-first heap   total 262144K, used 28659K [0x00000000e0000000, 0x0000000100000000)
  region size 1024K, 6 young (6144K), 6 survivors (6144K)
 Metaspace       used 34859K, committed 35968K, reserved 393216K
  class space    used 5025K, committed 5568K, reserved 327680K
}
Event: 77.579 GC heap before
{Heap before GC invocations=8 (full 0):
 garbage-first heap   total 262144K, used 31731K [0x00000000e0000000, 0x0000000100000000)
  region size 1024K, 10 young (10240K), 6 survivors (6144K)
 Metaspace       used 35143K, committed 36288K, reserved 393216K
  class space    used 5044K, committed 5568K, reserved 327680K
}
Event: 77.589 GC heap after
{Heap after GC invocations=9 (full 0):
 garbage-first heap   total 262144K, used 29656K [0x00000000e0000000, 0x0000000100000000)
  region size 1024K, 7 young (7168K), 7 survivors (7168K)
 Metaspace       used 35143K, committed 36288K, reserved 393216K
  class space    used 5044K, committed 5568K, reserved 327680K
}
Event: 96.270 GC heap before
{Heap before GC invocations=10 (full 0):
 garbage-first heap   total 262144K, used 88024K [0x00000000e0000000, 0x0000000100000000)
  region size 1024K, 59 young (60416K), 7 survivors (7168K)
 Metaspace       used 38181K, committed 39488K, reserved 393216K
  class space    used 5383K, committed 6016K, reserved 327680K
}
Event: 96.288 GC heap after
{Heap after GC invocations=11 (full 0):
 garbage-first heap   total 262144K, used 32935K [0x00000000e0000000, 0x0000000100000000)
  region size 1024K, 6 young (6144K), 6 survivors (6144K)
 Metaspace       used 38181K, committed 39488K, reserved 393216K
  class space    used 5383K, committed 6016K, reserved 327680K
}
Event: 130.138 GC heap before
{Heap before GC invocations=11 (full 0):
 garbage-first heap   total 262144K, used 124071K [0x00000000e0000000, 0x0000000100000000)
  region size 1024K, 94 young (96256K), 6 survivors (6144K)
 Metaspace       used 51513K, committed 52992K, reserved 393216K
  class space    used 7610K, committed 8320K, reserved 327680K
}
Event: 130.173 GC heap after
{Heap after GC invocations=12 (full 0):
 garbage-first heap   total 262144K, used 35956K [0x00000000e0000000, 0x0000000100000000)
  region size 1024K, 9 young (9216K), 9 survivors (9216K)
 Metaspace       used 51513K, committed 52992K, reserved 393216K
  class space    used 7610K, committed 8320K, reserved 327680K
}
Event: 140.659 GC heap before
{Heap before GC invocations=12 (full 0):
 garbage-first heap   total 262144K, used 85108K [0x00000000e0000000, 0x0000000100000000)
  region size 1024K, 58 young (59392K), 9 survivors (9216K)
 Metaspace       used 59141K, committed 60608K, reserved 393216K
  class space    used 8553K, committed 9280K, reserved 327680K
}
Event: 140.680 GC heap after
{Heap after GC invocations=13 (full 0):
 garbage-first heap   total 262144K, used 36995K [0x00000000e0000000, 0x0000000100000000)
  region size 1024K, 8 young (8192K), 8 survivors (8192K)
 Metaspace       used 59141K, committed 60608K, reserved 393216K
  class space    used 8553K, committed 9280K, reserved 327680K
}
Event: 170.928 GC heap before
{Heap before GC invocations=14 (full 0):
 garbage-first heap   total 262144K, used 175235K [0x00000000e0000000, 0x0000000100000000)
  region size 1024K, 129 young (132096K), 8 survivors (8192K)
 Metaspace       used 70752K, committed 72384K, reserved 393216K
  class space    used 9730K, committed 10560K, reserved 327680K
}
Event: 171.035 GC heap after
{Heap after GC invocations=15 (full 0):
 garbage-first heap   total 262144K, used 58648K [0x00000000e0000000, 0x0000000100000000)
  region size 1024K, 17 young (17408K), 17 survivors (17408K)
 Metaspace       used 70752K, committed 72384K, reserved 393216K
  class space    used 9730K, committed 10560K, reserved 327680K
}
Event: 192.812 GC heap before
{Heap before GC invocations=15 (full 0):
 garbage-first heap   total 262144K, used 165144K [0x00000000e0000000, 0x0000000100000000)
  region size 1024K, 120 young (122880K), 17 survivors (17408K)
 Metaspace       used 82361K, committed 84352K, reserved 458752K
  class space    used 11204K, committed 12224K, reserved 327680K
}
Event: 192.958 GC heap after
{Heap after GC invocations=16 (full 0):
 garbage-first heap   total 262144K, used 68096K [0x00000000e0000000, 0x0000000100000000)
  region size 1024K, 9 young (9216K), 9 survivors (9216K)
 Metaspace       used 82361K, committed 84352K, reserved 458752K
  class space    used 11204K, committed 12224K, reserved 327680K
}

Dll operation events (15 events):
Event: 0.608 Loaded shared library C:\Program Files\Java\jdk-21\bin\java.dll
Event: 1.536 Loaded shared library C:\Program Files\Java\jdk-21\bin\jsvml.dll
Event: 2.694 Loaded shared library C:\Program Files\Java\jdk-21\bin\zip.dll
Event: 2.707 Loaded shared library C:\Program Files\Java\jdk-21\bin\instrument.dll
Event: 2.719 Loaded shared library C:\Program Files\Java\jdk-21\bin\net.dll
Event: 2.723 Loaded shared library C:\Program Files\Java\jdk-21\bin\nio.dll
Event: 2.748 Loaded shared library C:\Program Files\Java\jdk-21\bin\zip.dll
Event: 7.515 Loaded shared library C:\Program Files\Java\jdk-21\bin\jimage.dll
Event: 9.220 Loaded shared library C:\Program Files\Java\jdk-21\bin\verify.dll
Event: 12.853 Loaded shared library C:\Users\user\.gradle\native\c067742578af261105cb4f569cf0c3c89f3d7b1fecec35dd04571415982c5e48\windows-amd64\native-platform.dll
Event: 12.905 Loaded shared library C:\Users\user\.gradle\native\38dada09dfb8b06ba9b0570ebf7e218e3eb74d4ef43ca46872605cf95ebc2f47\windows-amd64\native-platform-file-events.dll
Event: 24.083 Loaded shared library C:\Program Files\Java\jdk-21\bin\management.dll
Event: 24.141 Loaded shared library C:\Program Files\Java\jdk-21\bin\management_ext.dll
Event: 25.732 Loaded shared library C:\Program Files\Java\jdk-21\bin\extnet.dll
Event: 31.684 Loaded shared library C:\Program Files\Java\jdk-21\bin\sunmscapi.dll

Deoptimization events (20 events):
Event: 209.286 Thread 0x000001f46c8784c0 Uncommon trap: trap_request=0xffffffde fr.pc=0x000001f447e8675c relative=0x000000000000057c
Event: 209.286 Thread 0x000001f46c8784c0 Uncommon trap: reason=class_check action=maybe_recompile pc=0x000001f447e8675c method=org.jetbrains.kotlin.storage.LockBasedStorageManager$LockBasedLazyValue.invoke()Ljava/lang/Object; @ 24 c2
Event: 209.286 Thread 0x000001f46c8784c0 DEOPT PACKING pc=0x000001f447e8675c sp=0x00000082702f5050
Event: 209.286 Thread 0x000001f46c8784c0 DEOPT UNPACKING pc=0x000001f4475746a2 sp=0x00000082702f4fa0 mode 2
Event: 209.286 Thread 0x000001f46c8784c0 Uncommon trap: trap_request=0xffffffde fr.pc=0x000001f447e96cfc relative=0x0000000000001d5c
Event: 209.286 Thread 0x000001f46c8784c0 Uncommon trap: reason=class_check action=maybe_recompile pc=0x000001f447e96cfc method=org.jetbrains.kotlin.storage.LockBasedStorageManager$LockBasedLazyValue.invoke()Ljava/lang/Object; @ 24 c2
Event: 209.286 Thread 0x000001f46c8784c0 DEOPT PACKING pc=0x000001f447e96cfc sp=0x00000082702f5300
Event: 209.286 Thread 0x000001f46c8784c0 DEOPT UNPACKING pc=0x000001f4475746a2 sp=0x00000082702f5030 mode 2
Event: 209.292 Thread 0x000001f46c8784c0 Uncommon trap: trap_request=0xffffffde fr.pc=0x000001f447e8675c relative=0x000000000000057c
Event: 209.292 Thread 0x000001f46c8784c0 Uncommon trap: reason=class_check action=maybe_recompile pc=0x000001f447e8675c method=org.jetbrains.kotlin.storage.LockBasedStorageManager$LockBasedLazyValue.invoke()Ljava/lang/Object; @ 24 c2
Event: 209.292 Thread 0x000001f46c8784c0 DEOPT PACKING pc=0x000001f447e8675c sp=0x00000082702f4df0
Event: 209.292 Thread 0x000001f46c8784c0 DEOPT UNPACKING pc=0x000001f4475746a2 sp=0x00000082702f4d48 mode 2
Event: 209.292 Thread 0x000001f46c8784c0 Uncommon trap: trap_request=0xffffffde fr.pc=0x000001f447e84664 relative=0x0000000000000584
Event: 209.292 Thread 0x000001f46c8784c0 Uncommon trap: reason=class_check action=maybe_recompile pc=0x000001f447e84664 method=org.jetbrains.kotlin.storage.LockBasedStorageManager$LockBasedLazyValue.invoke()Ljava/lang/Object; @ 24 c2
Event: 209.292 Thread 0x000001f46c8784c0 DEOPT PACKING pc=0x000001f447e84664 sp=0x00000082702f4970
Event: 209.292 Thread 0x000001f46c8784c0 DEOPT UNPACKING pc=0x000001f4475746a2 sp=0x00000082702f4930 mode 2
Event: 209.578 Thread 0x000001f46c8784c0 DEOPT PACKING pc=0x000001f440c7f00d sp=0x00000082702f47c0
Event: 209.578 Thread 0x000001f46c8784c0 DEOPT UNPACKING pc=0x000001f447574e42 sp=0x00000082702f3c50 mode 0
Event: 214.466 Thread 0x000001f46c8784c0 DEOPT PACKING pc=0x000001f440c7f00d sp=0x00000082702f53b0
Event: 214.466 Thread 0x000001f46c8784c0 DEOPT UNPACKING pc=0x000001f447574e42 sp=0x00000082702f4840 mode 0

Classes loaded (20 events):
Event: 148.870 Loading class sun/nio/ch/Streams
Event: 148.870 Loading class sun/nio/ch/Streams done
Event: 148.870 Loading class sun/nio/ch/ChannelInputStream
Event: 148.871 Loading class sun/nio/ch/ChannelInputStream done
Event: 177.432 Loading class java/text/StringCharacterIterator
Event: 177.433 Loading class java/text/CharacterIterator
Event: 177.433 Loading class java/text/CharacterIterator done
Event: 177.433 Loading class java/text/StringCharacterIterator done
Event: 177.628 Loading class java/io/NotSerializableException
Event: 177.628 Loading class java/io/NotSerializableException done
Event: 178.562 Loading class java/util/AbstractList$ListItr
Event: 178.562 Loading class java/util/AbstractList$ListItr done
Event: 178.879 Loading class java/util/function/IntUnaryOperator
Event: 178.879 Loading class java/util/function/IntUnaryOperator done
Event: 179.218 Loading class java/util/AbstractList$RandomAccessSubList
Event: 179.218 Loading class java/util/AbstractList$SubList
Event: 179.218 Loading class java/util/AbstractList$SubList done
Event: 179.218 Loading class java/util/AbstractList$RandomAccessSubList done
Event: 182.618 Loading class java/util/AbstractList$SubList$1
Event: 182.618 Loading class java/util/AbstractList$SubList$1 done

Classes unloaded (0 events):
No events

Classes redefined (0 events):
No events

Internal exceptions (20 events):
Event: 144.550 Thread 0x000001f46c8784c0 Implicit null exception at 0x000001f447c74c63 to 0x000001f447c757e4
Event: 146.687 Thread 0x000001f46c8784c0 Implicit null exception at 0x000001f447bf19ab to 0x000001f447bf39c8
Event: 146.690 Thread 0x000001f46c8784c0 Implicit null exception at 0x000001f447bef6ac to 0x000001f447bf0540
Event: 172.609 Thread 0x000001f46c8784c0 Exception <a 'java/lang/NoSuchMethodError'{0x00000000ef329840}: 'java.lang.Object java.lang.invoke.DirectMethodHandle$Holder.newInvokeSpecial(java.lang.Object, java.lang.Object, java.lang.Object, java.lang.Object, java.lang.Object, java.lang.Object, java.lang.Object, java.lang.Object, java.lang.Object, java.lang.Object, java.lang.Object, java.lang.Object, java.lang.Object, java.lang.Object, java.lang.Object, java.lang.Object, java.lang.Object, java.lang.Object, java.lang.Object, java.lang.Object, java.lang
Event: 172.718 Thread 0x000001f46c8784c0 Exception <a 'java/lang/NoSuchMethodError'{0x00000000ef10f048}: 'java.lang.Object java.lang.invoke.DirectMethodHandle$Holder.newInvokeSpecial(java.lang.Object, java.lang.Object, java.lang.Object, java.lang.Object, java.lang.Object, java.lang.Object, java.lang.Object, java.lang.Object, java.lang.Object, java.lang.Object, java.lang.Object, java.lang.Object, java.lang.Object, java.lang.Object, java.lang.Object, java.lang.Object, java.lang.Object, java.lang.Object, java.lang.Object, java.lang.Object)'> (0x0000
Event: 172.719 Thread 0x000001f46c8784c0 Exception <a 'java/lang/NoSuchMethodError'{0x00000000ef116a38}: 'java.lang.Object java.lang.invoke.DirectMethodHandle$Holder.invokeSpecial(java.lang.Object, java.lang.Object, java.lang.Object, java.lang.Object, java.lang.Object, java.lang.Object, java.lang.Object, java.lang.Object, java.lang.Object, java.lang.Object, java.lang.Object, java.lang.Object, java.lang.Object, java.lang.Object, java.lang.Object, java.lang.Object, java.lang.Object, java.lang.Object, java.lang.Object, java.lang.Object, java.lang.Ob
Event: 172.719 Thread 0x000001f46c8784c0 Exception <a 'java/lang/NoSuchMethodError'{0x00000000ef11cf70}: 'java.lang.Object java.lang.invoke.DelegatingMethodHandle$Holder.reinvoke_L(java.lang.Object, java.lang.Object, java.lang.Object, java.lang.Object, java.lang.Object, java.lang.Object, java.lang.Object, java.lang.Object, java.lang.Object, java.lang.Object, java.lang.Object, java.lang.Object, java.lang.Object, java.lang.Object, java.lang.Object, java.lang.Object, java.lang.Object, java.lang.Object, java.lang.Object, java.lang.Object)'> (0x000000
Event: 172.945 Thread 0x000001f46c8784c0 Exception <a 'java/lang/NoSuchMethodError'{0x00000000eef08180}: 'java.lang.Object java.lang.invoke.DirectMethodHandle$Holder.newInvokeSpecial(java.lang.Object, java.lang.Object, java.lang.Object, java.lang.Object, java.lang.Object, java.lang.Object, java.lang.Object, java.lang.Object, java.lang.Object, java.lang.Object, java.lang.Object, java.lang.Object, java.lang.Object, java.lang.Object, java.lang.Object, java.lang.Object)'> (0x00000000eef08180) 
thrown [s\open\src\hotspot\share\interpreter\linkResolver
Event: 172.947 Thread 0x000001f46c8784c0 Exception <a 'java/lang/NoSuchMethodError'{0x00000000eef0f0f8}: 'java.lang.Object java.lang.invoke.DirectMethodHandle$Holder.invokeSpecial(java.lang.Object, java.lang.Object, java.lang.Object, java.lang.Object, java.lang.Object, java.lang.Object, java.lang.Object, java.lang.Object, java.lang.Object, java.lang.Object, java.lang.Object, java.lang.Object, java.lang.Object, java.lang.Object, java.lang.Object, java.lang.Object, java.lang.Object)'> (0x00000000eef0f0f8) 
thrown [s\open\src\hotspot\share\interpret
Event: 172.947 Thread 0x000001f46c8784c0 Exception <a 'java/lang/NoSuchMethodError'{0x00000000eef14fb0}: 'java.lang.Object java.lang.invoke.DelegatingMethodHandle$Holder.reinvoke_L(java.lang.Object, java.lang.Object, java.lang.Object, java.lang.Object, java.lang.Object, java.lang.Object, java.lang.Object, java.lang.Object, java.lang.Object, java.lang.Object, java.lang.Object, java.lang.Object, java.lang.Object, java.lang.Object, java.lang.Object, java.lang.Object)'> (0x00000000eef14fb0) 
thrown [s\open\src\hotspot\share\interpreter\linkResolver.c
Event: 173.144 Thread 0x000001f46c8784c0 Exception <a 'java/lang/NoSuchMethodError'{0x00000000eefc7ff0}: 'java.lang.Object java.lang.invoke.DirectMethodHandle$Holder.newInvokeSpecial(java.lang.Object, java.lang.Object, java.lang.Object, java.lang.Object, java.lang.Object, java.lang.Object, java.lang.Object, java.lang.Object, java.lang.Object, java.lang.Object, java.lang.Object, java.lang.Object, java.lang.Object, java.lang.Object, java.lang.Object, java.lang.Object, java.lang.Object, java.lang.Object)'> (0x00000000eefc7ff0) 
thrown [s\open\src\ho
Event: 173.145 Thread 0x000001f46c8784c0 Exception <a 'java/lang/NoSuchMethodError'{0x00000000eefcf358}: 'java.lang.Object java.lang.invoke.DirectMethodHandle$Holder.invokeSpecial(java.lang.Object, java.lang.Object, java.lang.Object, java.lang.Object, java.lang.Object, java.lang.Object, java.lang.Object, java.lang.Object, java.lang.Object, java.lang.Object, java.lang.Object, java.lang.Object, java.lang.Object, java.lang.Object, java.lang.Object, java.lang.Object, java.lang.Object, java.lang.Object, java.lang.Object)'> (0x00000000eefcf358) 
thrown
Event: 173.145 Thread 0x000001f46c8784c0 Exception <a 'java/lang/NoSuchMethodError'{0x00000000eefd54f8}: 'java.lang.Object java.lang.invoke.DelegatingMethodHandle$Holder.reinvoke_L(java.lang.Object, java.lang.Object, java.lang.Object, java.lang.Object, java.lang.Object, java.lang.Object, java.lang.Object, java.lang.Object, java.lang.Object, java.lang.Object, java.lang.Object, java.lang.Object, java.lang.Object, java.lang.Object, java.lang.Object, java.lang.Object, java.lang.Object, java.lang.Object)'> (0x00000000eefd54f8) 
thrown [s\open\src\hots
Event: 173.301 Thread 0x000001f46c8784c0 Exception <a 'java/lang/NoSuchMethodError'{0x00000000eee6e938}: 'java.lang.Object java.lang.invoke.DirectMethodHandle$Holder.newInvokeSpecial(java.lang.Object, java.lang.Object, java.lang.Object, java.lang.Object, java.lang.Object, java.lang.Object, java.lang.Object, java.lang.Object, java.lang.Object, java.lang.Object, java.lang.Object, java.lang.Object, java.lang.Object, java.lang.Object, java.lang.Object, java.lang.Object, java.lang.Object, java.lang.Object, java.lang.Object, java.lang.Object, java.lang
Event: 173.370 Thread 0x000001f46c8784c0 Exception <a 'java/lang/NoSuchMethodError'{0x00000000eedc4050}: 'java.lang.Object java.lang.invoke.DirectMethodHandle$Holder.newInvokeSpecial(java.lang.Object, java.lang.Object, java.lang.Object, java.lang.Object, java.lang.Object, java.lang.Object, java.lang.Object, java.lang.Object, java.lang.Object, java.lang.Object, java.lang.Object, java.lang.Object, java.lang.Object)'> (0x00000000eedc4050) 
thrown [s\open\src\hotspot\share\interpreter\linkResolver.cpp, line 773]
Event: 178.880 Thread 0x000001f46c8784c0 Exception <a 'java/lang/NoSuchMethodError'{0x00000000ecaf49b0}: 'java.lang.Object java.lang.invoke.DirectMethodHandle$Holder.newInvokeSpecial(java.lang.Object, java.lang.Object, int)'> (0x00000000ecaf49b0) 
thrown [s\open\src\hotspot\share\interpreter\linkResolver.cpp, line 773]
Event: 182.853 Thread 0x000001f46c8784c0 Exception <a 'java/lang/NoSuchMethodError'{0x00000000eaf189f8}: 'java.lang.Object java.lang.invoke.DirectMethodHandle$Holder.newInvokeSpecial(java.lang.Object, java.lang.Object, java.lang.Object, java.lang.Object, int)'> (0x00000000eaf189f8) 
thrown [s\open\src\hotspot\share\interpreter\linkResolver.cpp, line 773]
Event: 182.854 Thread 0x000001f46c8784c0 Exception <a 'java/lang/NoSuchMethodError'{0x00000000eaf1ed58}: 'java.lang.Object java.lang.invoke.DirectMethodHandle$Holder.invokeSpecial(java.lang.Object, java.lang.Object, java.lang.Object, java.lang.Object, java.lang.Object, int)'> (0x00000000eaf1ed58) 
thrown [s\open\src\hotspot\share\interpreter\linkResolver.cpp, line 773]
Event: 182.854 Thread 0x000001f46c8784c0 Exception <a 'java/lang/NoSuchMethodError'{0x00000000eaf24a80}: 'java.lang.Object java.lang.invoke.Invokers$Holder.linkToTargetMethod(java.lang.Object, java.lang.Object, java.lang.Object, int, java.lang.Object)'> (0x00000000eaf24a80) 
thrown [s\open\src\hotspot\share\interpreter\linkResolver.cpp, line 773]
Event: 211.183 Thread 0x000001f46c8784c0 Exception <a 'java/lang/NoSuchMethodError'{0x00000000eaa2b070}: 'java.lang.Object java.lang.invoke.DirectMethodHandle$Holder.newInvokeSpecial(java.lang.Object, java.lang.Object, java.lang.Object, int, int, java.lang.Object, java.lang.Object)'> (0x00000000eaa2b070) 
thrown [s\open\src\hotspot\share\interpreter\linkResolver.cpp, line 773]

ZGC Phase Switch (0 events):
No events

VM Operations (20 events):
Event: 208.098 Executing VM operation: HandshakeAllThreads (Deoptimize)
Event: 208.098 Executing VM operation: HandshakeAllThreads (Deoptimize) done
Event: 209.104 Executing VM operation: Cleanup
Event: 209.163 Executing VM operation: Cleanup done
Event: 210.168 Executing VM operation: Cleanup
Event: 210.217 Executing VM operation: Cleanup done
Event: 211.231 Executing VM operation: Cleanup
Event: 211.301 Executing VM operation: Cleanup done
Event: 211.313 Executing VM operation: HandshakeAllThreads (Deoptimize)
Event: 211.313 Executing VM operation: HandshakeAllThreads (Deoptimize) done
Event: 211.767 Executing VM operation: HandshakeAllThreads (Deoptimize)
Event: 211.767 Executing VM operation: HandshakeAllThreads (Deoptimize) done
Event: 212.788 Executing VM operation: Cleanup
Event: 213.304 Executing VM operation: Cleanup done
Event: 214.312 Executing VM operation: Cleanup
Event: 214.313 Executing VM operation: Cleanup done
Event: 214.565 Executing VM operation: HandshakeAllThreads (Deoptimize)
Event: 214.565 Executing VM operation: HandshakeAllThreads (Deoptimize) done
Event: 214.567 Executing VM operation: HandshakeAllThreads (Deoptimize)
Event: 214.567 Executing VM operation: HandshakeAllThreads (Deoptimize) done

Events (20 events):
Event: 140.775 Thread 0x000001f4521d0810 flushing nmethod 0x000001f447c3e210
Event: 140.775 Thread 0x000001f4521d0810 flushing nmethod 0x000001f447c2de10
Event: 140.775 Thread 0x000001f4521d0810 flushing nmethod 0x000001f447c1c790
Event: 140.775 Thread 0x000001f4521d0810 flushing nmethod 0x000001f447c0fd10
Event: 140.775 Thread 0x000001f4521d0810 flushing nmethod 0x000001f447c06790
Event: 140.775 Thread 0x000001f4521d0810 flushing nmethod 0x000001f447bf1d90
Event: 140.775 Thread 0x000001f4521d0810 flushing nmethod 0x000001f447bede10
Event: 140.775 Thread 0x000001f4521d0810 flushing nmethod 0x000001f447bdab90
Event: 140.775 Thread 0x000001f4521d0810 flushing nmethod 0x000001f447bd1f10
Event: 140.775 Thread 0x000001f4521d0810 flushing nmethod 0x000001f447bc2e90
Event: 140.775 Thread 0x000001f4521d0810 flushing nmethod 0x000001f447bc1710
Event: 140.775 Thread 0x000001f4521d0810 flushing nmethod 0x000001f447baad10
Event: 140.775 Thread 0x000001f4521d0810 flushing nmethod 0x000001f447b93110
Event: 140.775 Thread 0x000001f4521d0810 flushing nmethod 0x000001f447b60890
Event: 140.775 Thread 0x000001f4521d0810 flushing nmethod 0x000001f447b5c290
Event: 140.775 Thread 0x000001f4521d0810 flushing nmethod 0x000001f447b49c90
Event: 140.775 Thread 0x000001f4521d0810 flushing nmethod 0x000001f447b37a90
Event: 140.775 Thread 0x000001f4521d0810 flushing nmethod 0x000001f447b2c410
Event: 140.775 Thread 0x000001f4521d0810 flushing nmethod 0x000001f447ac0190
Event: 178.923 Thread 0x000001f46ca7c0a0 Thread exited: 0x000001f46ca7c0a0


Dynamic libraries:
0x00007ff6351c0000 - 0x00007ff6351d0000 	C:\Program Files\Java\jdk-21\bin\java.exe
0x00007ffab9870000 - 0x00007ffab9a68000 	C:\WINDOWS\SYSTEM32\ntdll.dll
0x00007ffab8080000 - 0x00007ffab813d000 	C:\WINDOWS\System32\KERNEL32.DLL
0x00007ffab7090000 - 0x00007ffab7386000 	C:\WINDOWS\System32\KERNELBASE.dll
0x00007ffab7390000 - 0x00007ffab7490000 	C:\WINDOWS\System32\ucrtbase.dll
0x00007ffaae930000 - 0x00007ffaae949000 	C:\Program Files\Java\jdk-21\bin\jli.dll
0x00007ffab90f0000 - 0x00007ffab91a0000 	C:\WINDOWS\System32\ADVAPI32.dll
0x00007ffab8450000 - 0x00007ffab84ee000 	C:\WINDOWS\System32\msvcrt.dll
0x00007ffab83b0000 - 0x00007ffab8450000 	C:\WINDOWS\System32\sechost.dll
0x00007ffab84f0000 - 0x00007ffab8613000 	C:\WINDOWS\System32\RPCRT4.dll
0x00007ffab7640000 - 0x00007ffab7667000 	C:\WINDOWS\System32\bcrypt.dll
0x00007ffaafae0000 - 0x00007ffaafafb000 	C:\Program Files\Java\jdk-21\bin\VCRUNTIME140.dll
0x00007ffab9280000 - 0x00007ffab941f000 	C:\WINDOWS\System32\USER32.dll
0x00007ffab7670000 - 0x00007ffab7692000 	C:\WINDOWS\System32\win32u.dll
0x00007ffab8250000 - 0x00007ffab827b000 	C:\WINDOWS\System32\GDI32.dll
0x00007ffab6f20000 - 0x00007ffab7037000 	C:\WINDOWS\System32\gdi32full.dll
0x00007ffab7800000 - 0x00007ffab789d000 	C:\WINDOWS\System32\msvcp_win.dll
0x00007ffaa4d90000 - 0x00007ffaa502a000 	C:\WINDOWS\WinSxS\amd64_microsoft.windows.common-controls_6595b64144ccf1df_6.0.19041.4355_none_60b8b9eb71f62e16\COMCTL32.dll
0x00007ffaad490000 - 0x00007ffaad49a000 	C:\WINDOWS\SYSTEM32\VERSION.dll
0x00007ffab8f70000 - 0x00007ffab8fa2000 	C:\WINDOWS\System32\IMM32.DLL
0x00007ffab21e0000 - 0x00007ffab21ec000 	C:\Program Files\Java\jdk-21\bin\vcruntime140_1.dll
0x00007ffa92340000 - 0x00007ffa923ce000 	C:\Program Files\Java\jdk-21\bin\msvcp140.dll
0x00007ffa8f5b0000 - 0x00007ffa902c7000 	C:\Program Files\Java\jdk-21\bin\server\jvm.dll
0x00007ffab8fb0000 - 0x00007ffab901b000 	C:\WINDOWS\System32\WS2_32.dll
0x00007ffab6d70000 - 0x00007ffab6dbb000 	C:\WINDOWS\SYSTEM32\POWRPROF.dll
0x00007ffaad4a0000 - 0x00007ffaad4c7000 	C:\WINDOWS\SYSTEM32\WINMM.dll
0x00007ffab6d50000 - 0x00007ffab6d62000 	C:\WINDOWS\SYSTEM32\UMPDC.dll
0x00007ffab4db0000 - 0x00007ffab4dc2000 	C:\WINDOWS\SYSTEM32\kernel.appcore.dll
0x00007ffaaf6a0000 - 0x00007ffaaf6aa000 	C:\Program Files\Java\jdk-21\bin\jimage.dll
0x00007ffab45b0000 - 0x00007ffab4794000 	C:\WINDOWS\SYSTEM32\DBGHELP.DLL
0x00007ffa97fc0000 - 0x00007ffa97ff4000 	C:\WINDOWS\SYSTEM32\dbgcore.DLL
0x00007ffab7500000 - 0x00007ffab7582000 	C:\WINDOWS\System32\bcryptPrimitives.dll
0x00007ffaae920000 - 0x00007ffaae92f000 	C:\Program Files\Java\jdk-21\bin\instrument.dll
0x00007ffaae8b0000 - 0x00007ffaae8cf000 	C:\Program Files\Java\jdk-21\bin\java.dll
0x00007ffab8630000 - 0x00007ffab8d9b000 	C:\WINDOWS\System32\SHELL32.dll
0x00007ffab4f60000 - 0x00007ffab56fd000 	C:\WINDOWS\SYSTEM32\windows.storage.dll
0x00007ffab78a0000 - 0x00007ffab7bf3000 	C:\WINDOWS\System32\combase.dll
0x00007ffab6870000 - 0x00007ffab689e000 	C:\WINDOWS\SYSTEM32\Wldp.dll
0x00007ffab9020000 - 0x00007ffab90ed000 	C:\WINDOWS\System32\OLEAUT32.dll
0x00007ffab8280000 - 0x00007ffab832d000 	C:\WINDOWS\System32\SHCORE.dll
0x00007ffab9420000 - 0x00007ffab9475000 	C:\WINDOWS\System32\shlwapi.dll
0x00007ffab6e50000 - 0x00007ffab6e74000 	C:\WINDOWS\SYSTEM32\profapi.dll
0x00007ffa90450000 - 0x00007ffa90527000 	C:\Program Files\Java\jdk-21\bin\jsvml.dll
0x00007ffa98710000 - 0x00007ffa98728000 	C:\Program Files\Java\jdk-21\bin\zip.dll
0x00007ffaae910000 - 0x00007ffaae920000 	C:\Program Files\Java\jdk-21\bin\net.dll
0x00007ffaab100000 - 0x00007ffaab20a000 	C:\WINDOWS\SYSTEM32\WINHTTP.dll
0x00007ffab65b0000 - 0x00007ffab661a000 	C:\WINDOWS\system32\mswsock.dll
0x00007ffa986f0000 - 0x00007ffa98706000 	C:\Program Files\Java\jdk-21\bin\nio.dll
0x00007ffaae8a0000 - 0x00007ffaae8b0000 	C:\Program Files\Java\jdk-21\bin\verify.dll
0x00007ffaafb00000 - 0x00007ffaafb27000 	C:\Users\user\.gradle\native\c067742578af261105cb4f569cf0c3c89f3d7b1fecec35dd04571415982c5e48\windows-amd64\native-platform.dll
0x00007ffa90300000 - 0x00007ffa90444000 	C:\Users\user\.gradle\native\38dada09dfb8b06ba9b0570ebf7e218e3eb74d4ef43ca46872605cf95ebc2f47\windows-amd64\native-platform-file-events.dll
0x00007ffaae290000 - 0x00007ffaae29a000 	C:\Program Files\Java\jdk-21\bin\management.dll
0x00007ffaaa9f0000 - 0x00007ffaaa9fb000 	C:\Program Files\Java\jdk-21\bin\management_ext.dll
0x00007ffab8620000 - 0x00007ffab8628000 	C:\WINDOWS\System32\PSAPI.DLL
0x00007ffab67d0000 - 0x00007ffab67e8000 	C:\WINDOWS\SYSTEM32\CRYPTSP.dll
0x00007ffab5eb0000 - 0x00007ffab5ee4000 	C:\WINDOWS\system32\rsaenh.dll
0x00007ffab6dc0000 - 0x00007ffab6dee000 	C:\WINDOWS\SYSTEM32\USERENV.dll
0x00007ffab67c0000 - 0x00007ffab67cc000 	C:\WINDOWS\SYSTEM32\CRYPTBASE.dll
0x00007ffab6280000 - 0x00007ffab62bb000 	C:\WINDOWS\SYSTEM32\IPHLPAPI.DLL
0x00007ffab95b0000 - 0x00007ffab95b8000 	C:\WINDOWS\System32\NSI.dll
0x00007ffa986e0000 - 0x00007ffa986e9000 	C:\Program Files\Java\jdk-21\bin\extnet.dll
0x00007ffa986d0000 - 0x00007ffa986de000 	C:\Program Files\Java\jdk-21\bin\sunmscapi.dll
0x00007ffab76a0000 - 0x00007ffab77fe000 	C:\WINDOWS\System32\CRYPT32.dll
0x00007ffab68e0000 - 0x00007ffab6909000 	C:\WINDOWS\SYSTEM32\ncrypt.dll
0x00007ffab68a0000 - 0x00007ffab68db000 	C:\WINDOWS\SYSTEM32\NTASN1.dll
0x00007ffaad270000 - 0x00007ffaad277000 	C:\WINDOWS\system32\wshunix.dll

dbghelp: loaded successfully - version: 4.0.5 - missing functions: none
symbol engine: initialized successfully - sym options: 0x614 - pdb path: .;C:\Program Files\Java\jdk-21\bin;C:\WINDOWS\SYSTEM32;C:\WINDOWS\WinSxS\amd64_microsoft.windows.common-controls_6595b64144ccf1df_6.0.19041.4355_none_60b8b9eb71f62e16;C:\Program Files\Java\jdk-21\bin\server;C:\Users\user\.gradle\native\c067742578af261105cb4f569cf0c3c89f3d7b1fecec35dd04571415982c5e48\windows-amd64;C:\Users\user\.gradle\native\38dada09dfb8b06ba9b0570ebf7e218e3eb74d4ef43ca46872605cf95ebc2f47\windows-amd64

VM Arguments:
jvm_args: --add-opens=java.base/java.util=ALL-UNNAMED --add-opens=java.base/java.lang=ALL-UNNAMED --add-opens=java.base/java.lang.invoke=ALL-UNNAMED --add-opens=java.prefs/java.util.prefs=ALL-UNNAMED --add-opens=java.base/java.nio.charset=ALL-UNNAMED --add-opens=java.base/java.net=ALL-UNNAMED --add-opens=java.base/java.util.concurrent.atomic=ALL-UNNAMED -XX:MaxMetaspaceSize=384m -XX:+HeapDumpOnOutOfMemoryError -Xms256m -Xmx512m -Dfile.encoding=windows-1252 -Duser.country=US -Duser.language=en -Duser.variant -javaagent:C:\Users\user\.gradle\wrapper\dists\gradle-8.7-bin\bhs2wmbdwecv87pi65oeuq5iu\gradle-8.7\lib\agents\gradle-instrumentation-agent-8.7.jar 
java_command: org.gradle.launcher.daemon.bootstrap.GradleDaemon 8.7
java_class_path (initial): C:\Users\user\.gradle\wrapper\dists\gradle-8.7-bin\bhs2wmbdwecv87pi65oeuq5iu\gradle-8.7\lib\gradle-launcher-8.7.jar
Launcher Type: SUN_STANDARD

[Global flags]
     intx CICompilerCount                          = 2                                         {product} {ergonomic}
   size_t CompressedClassSpaceSize                 = 335544320                                 {product} {ergonomic}
     uint ConcGCThreads                            = 1                                         {product} {ergonomic}
     uint G1ConcRefinementThreads                  = 2                                         {product} {ergonomic}
   size_t G1HeapRegionSize                         = 1048576                                   {product} {ergonomic}
    uintx GCDrainStackTargetSize                   = 64                                        {product} {ergonomic}
     bool HeapDumpOnOutOfMemoryError               = true                                   {manageable} {command line}
   size_t InitialHeapSize                          = 268435456                                 {product} {command line}
   size_t MarkStackSize                            = 4194304                                   {product} {ergonomic}
   size_t MaxHeapSize                              = 536870912                                 {product} {command line}
   size_t MaxMetaspaceSize                         = 402653184                                 {product} {command line}
   size_t MaxNewSize                               = 321912832                                 {product} {ergonomic}
   size_t MinHeapDeltaBytes                        = 1048576                                   {product} {ergonomic}
   size_t MinHeapSize                              = 268435456                                 {product} {command line}
    uintx NonNMethodCodeHeapSize                   = 5826188                                {pd product} {ergonomic}
    uintx NonProfiledCodeHeapSize                  = 122916026                              {pd product} {ergonomic}
    uintx ProfiledCodeHeapSize                     = 122916026                              {pd product} {ergonomic}
    uintx ReservedCodeCacheSize                    = 251658240                              {pd product} {ergonomic}
     bool SegmentedCodeCache                       = true                                      {product} {ergonomic}
   size_t SoftMaxHeapSize                          = 536870912                              {manageable} {ergonomic}
     bool UseCompressedOops                        = true                           {product lp64_product} {ergonomic}
     bool UseG1GC                                  = true                                      {product} {ergonomic}
     bool UseLargePagesIndividualAllocation        = false                                  {pd product} {ergonomic}

Logging:
Log output configuration:
 #0: stdout all=warning uptime,level,tags foldmultilines=false
 #1: stderr all=off uptime,level,tags foldmultilines=false

Environment Variables:
PATH=C:\Program Files\Common Files\Oracle\Java\javapath;C:\Program Files (x86)\Common Files\Oracle\Java\javapath;C:\WINDOWS\system32;C:\WINDOWS;C:\WINDOWS\System32\Wbem;C:\WINDOWS\System32\WindowsPowerShell\v1.0\;C:\WINDOWS\System32\OpenSSH\;C:\Program Files (x86)\Dev-Cpp\MinGW64\bin;C:\Program Files\Git\cmd;C:\Program Files\PuTTY\;C:\Program Files\Java\jdk-19\bin;C:\Program Files (x86)\Windows Kits\10\Windows Performance Toolkit\;C:\Program Files\Docker\Docker\resources\bin;C:\Program Files\PowerShell\7\;C:\Program Files\CMake\bin;C:\Program Files\PostgreSQL\16\bin;C:\Program Files\Kubernetes\Minikube;C:\Program Files\nodejs\;C:\Users\user\.cargo\bin;C:\Users\user\AppData\Local\Programs\Python\Python310\Scripts\;C:\Users\user\AppData\Local\Programs\Python\Python310\;C:\Users\user\AppData\Local\Microsoft\WindowsApps;C:\Users\user\AppData\Local\Programs\Microsoft VS Code\bin;C:\Program Files\JetBrains\IntelliJ IDEA Community Edition 2023.1.2\bin;;C:\Users\user\Downloads\Programs\flutter\bin;;C:\Program Files\JetBrains\IntelliJ IDEA 2023.3.3\bin;;C:\Users\user\AppData\Roaming\npm
USERNAME=user
OS=Windows_NT
PROCESSOR_IDENTIFIER=AMD64 Family 23 Model 24 Stepping 1, AuthenticAMD
TMP=C:\temp
TEMP=C:\temp




Periodic native trim disabled

---------------  S Y S T E M  ---------------

OS:
 Windows 10 , 64 bit Build 19041 (10.0.19041.3636)
OS uptime: 0 days 4:51 hours
Hyper-V role detected

CPU: total 2 (initial active 2) (2 cores per cpu, 1 threads per core) family 23 model 24 stepping 1 microcode 0x0, cx8, cmov, fxsr, mmx, 3dnowpref, sse, sse2, sse3, ssse3, sse4a, sse4.1, sse4.2, popcnt, lzcnt, tsc, tscinvbit, avx, avx2, aes, clmul, bmi1, bmi2, adx, sha, fma, vzeroupper, clflush, clflushopt, hv, rdtscp, f16c
Processor Information for all 2 processors :
  Max Mhz: 2300, Current Mhz: 2300, Mhz Limit: 2300

Memory: 4k page, system-wide physical 6094M (213M free)
TotalPageFile size 18282M (AvailPageFile size 7M)
current process WorkingSet (physical memory assigned to process): 302M, peak: 331M
current process commit charge ("private bytes"): 518M, peak: 520M

vm_info: Java HotSpot(TM) 64-Bit Server VM (21.0.2+13-LTS-58) for windows-amd64 JRE (21.0.2+13-LTS-58), built on 2024-01-05T18:32:24Z by "mach5one" with MS VC++ 17.1 (VS2022)

END.
