#
# There is insufficient memory for the Java Runtime Environment to continue.
# Native memory allocation (malloc) failed to allocate 66248 bytes for Chunk::new
# Possible reasons:
#   The system is out of physical RAM or swap space
#   The process is running with CompressedOops enabled, and the Java Heap may be blocking the growth of the native heap
# Possible solutions:
#   Reduce memory load on the system
#   Increase physical memory or swap space
#   Check if swap backing store is full
#   Decrease Java heap size (-Xmx/-Xms)
#   Decrease number of Java threads
#   Decrease Java thread stack sizes (-Xss)
#   Set larger code cache with -XX:ReservedCodeCacheSize=
#   JVM is running with Unscaled Compressed Oops mode in which the Java heap is
#     placed in the first 4GB address space. The Java Heap base address is the
#     maximum limit for the native heap growth. Please use -XX:HeapBaseMinAddress
#     to set the Java Heap base and to place the Java Heap above 4GB virtual address.
# This output file may be truncated or incomplete.
#
#  Out of Memory Error (arena.cpp:168), pid=10024, tid=6080
#
# JRE version: Java(TM) SE Runtime Environment (21.0.2+13) (build 21.0.2+13-LTS-58)
# Java VM: Java HotSpot(TM) 64-Bit Server VM (21.0.2+13-LTS-58, mixed mode, sharing, tiered, compressed oops, compressed class ptrs, g1 gc, windows-amd64)
# No core dump will be written. Minidumps are not enabled by default on client versions of Windows
#

---------------  S U M M A R Y ------------

Command Line: --add-opens=java.base/java.util=ALL-UNNAMED --add-opens=java.base/java.lang=ALL-UNNAMED --add-opens=java.base/java.lang.invoke=ALL-UNNAMED --add-opens=java.prefs/java.util.prefs=ALL-UNNAMED --add-opens=java.base/java.nio.charset=ALL-UNNAMED --add-opens=java.base/java.net=ALL-UNNAMED --add-opens=java.base/java.util.concurrent.atomic=ALL-UNNAMED -XX:MaxMetaspaceSize=384m -XX:+HeapDumpOnOutOfMemoryError -Xms256m -Xmx512m -Dfile.encoding=windows-1252 -Duser.country=US -Duser.language=en -Duser.variant -javaagent:C:\Users\user\.gradle\wrapper\dists\gradle-8.7-bin\bhs2wmbdwecv87pi65oeuq5iu\gradle-8.7\lib\agents\gradle-instrumentation-agent-8.7.jar org.gradle.launcher.daemon.bootstrap.GradleDaemon 8.7

Host: AMD Athlon Silver 3050U with Radeon Graphics   , 2 cores, 5G,  Windows 10 , 64 bit Build 19041 (10.0.19041.3636)
Time: Wed May 15 21:40:28 2024 SE Asia Standard Time elapsed time: 59.017422 seconds (0d 0h 0m 59s)

---------------  T H R E A D  ---------------

Current thread (0x0000019335c2e600):  JavaThread "C2 CompilerThread0" daemon [_thread_in_native, id=6080, stack(0x000000320eb00000,0x000000320ec00000) (1024K)]


Current CompileTask:
C2:  59017 4900       4       java.lang.invoke.InvokerBytecodeGenerator::addMethod (725 bytes)

Stack: [0x000000320eb00000,0x000000320ec00000]
Native frames: (J=compiled Java code, j=interpreted, Vv=VM code, C=native code)
V  [jvm.dll+0x6cade9]
V  [jvm.dll+0x8569c1]
V  [jvm.dll+0x858d2e]
V  [jvm.dll+0x859413]
V  [jvm.dll+0x280e56]
V  [jvm.dll+0xc3f3d]
V  [jvm.dll+0xc4473]
V  [jvm.dll+0x5f5010]
V  [jvm.dll+0x252d7f]
V  [jvm.dll+0x24b25c]
V  [jvm.dll+0x2490a3]
V  [jvm.dll+0x1c9634]
V  [jvm.dll+0x258859]
V  [jvm.dll+0x256e3a]
V  [jvm.dll+0x3ef6c6]
V  [jvm.dll+0x7ff568]
V  [jvm.dll+0x6c953d]
C  [ucrtbase.dll+0x21bb2]
C  [KERNEL32.DLL+0x17344]
C  [ntdll.dll+0x526b1]


---------------  P R O C E S S  ---------------

Threads class SMR info:
_java_thread_list=0x00000193514f90a0, length=36, elements={
0x0000019319ddb800, 0x0000019335c264e0, 0x0000019335c27400, 0x0000019335c28730,
0x0000019335c2a3a0, 0x0000019335c2ce10, 0x0000019335c2d870, 0x0000019335c2e600,
0x0000019335c31850, 0x0000019335bf2ae0, 0x000001934f29a7e0, 0x000001934f1e4500,
0x0000019350729670, 0x000001934f10ee30, 0x000001934fbe1450, 0x00000193503967a0,
0x000001934fd616a0, 0x000001934f364700, 0x000001934fe83920, 0x000001934fe83fb0,
0x000001934fe84cd0, 0x000001934fe82c00, 0x000001934fe84640, 0x000001934fe85360,
0x000001934fe81ee0, 0x000001934fcf8fb0, 0x000001934fcfd7e0, 0x000001934fcf9640,
0x000001934fcfbda0, 0x000001934fcfeb90, 0x000001934fcfcac0, 0x000001934fcf9cd0,
0x000001934fcfd150, 0x000001934fcff220, 0x000001934fcfde70, 0x000001934fcfff40
}

Java Threads: ( => current thread )
  0x0000019319ddb800 JavaThread "main"                              [_thread_blocked, id=7712, stack(0x000000320dd00000,0x000000320de00000) (1024K)]
  0x0000019335c264e0 JavaThread "Reference Handler"          daemon [_thread_blocked, id=15488, stack(0x000000320e500000,0x000000320e600000) (1024K)]
  0x0000019335c27400 JavaThread "Finalizer"                  daemon [_thread_blocked, id=10624, stack(0x000000320e600000,0x000000320e700000) (1024K)]
  0x0000019335c28730 JavaThread "Signal Dispatcher"          daemon [_thread_blocked, id=3576, stack(0x000000320e700000,0x000000320e800000) (1024K)]
  0x0000019335c2a3a0 JavaThread "Attach Listener"            daemon [_thread_blocked, id=14024, stack(0x000000320e800000,0x000000320e900000) (1024K)]
  0x0000019335c2ce10 JavaThread "Service Thread"             daemon [_thread_blocked, id=15812, stack(0x000000320e900000,0x000000320ea00000) (1024K)]
  0x0000019335c2d870 JavaThread "Monitor Deflation Thread"   daemon [_thread_blocked, id=13280, stack(0x000000320ea00000,0x000000320eb00000) (1024K)]
=>0x0000019335c2e600 JavaThread "C2 CompilerThread0"         daemon [_thread_in_native, id=6080, stack(0x000000320eb00000,0x000000320ec00000) (1024K)]
  0x0000019335c31850 JavaThread "C1 CompilerThread0"         daemon [_thread_blocked, id=6616, stack(0x000000320ec00000,0x000000320ed00000) (1024K)]
  0x0000019335bf2ae0 JavaThread "Common-Cleaner"             daemon [_thread_blocked, id=13616, stack(0x000000320ed00000,0x000000320ee00000) (1024K)]
  0x000001934f29a7e0 JavaThread "Notification Thread"        daemon [_thread_blocked, id=15288, stack(0x000000320ee00000,0x000000320ef00000) (1024K)]
  0x000001934f1e4500 JavaThread "Daemon health stats"               [_thread_blocked, id=15740, stack(0x000000320f000000,0x000000320f100000) (1024K)]
  0x0000019350729670 JavaThread "Incoming local TCP Connector on port 61566"        [_thread_in_native, id=14444, stack(0x000000320f100000,0x000000320f200000) (1024K)]
  0x000001934f10ee30 JavaThread "Daemon periodic checks"            [_thread_blocked, id=6668, stack(0x000000320f200000,0x000000320f300000) (1024K)]
  0x000001934fbe1450 JavaThread "Daemon"                            [_thread_blocked, id=13300, stack(0x000000320f300000,0x000000320f400000) (1024K)]
  0x00000193503967a0 JavaThread "Handler for socket connection from /127.0.0.1:61566 to /127.0.0.1:61567"        [_thread_in_native, id=12500, stack(0x000000320f400000,0x000000320f500000) (1024K)]
  0x000001934fd616a0 JavaThread "Cancel handler"                    [_thread_blocked, id=976, stack(0x000000320f500000,0x000000320f600000) (1024K)]
  0x000001934f364700 JavaThread "Daemon worker"                     [_thread_in_native, id=10868, stack(0x000000320f600000,0x000000320f700000) (1024K)]
  0x000001934fe83920 JavaThread "Asynchronous log dispatcher for DefaultDaemonConnection: socket connection from /127.0.0.1:61566 to /127.0.0.1:61567"        [_thread_blocked, id=12128, stack(0x000000320f700000,0x000000320f800000) (1024K)]
  0x000001934fe83fb0 JavaThread "Stdin handler"                     [_thread_blocked, id=6344, stack(0x000000320f800000,0x000000320f900000) (1024K)]
  0x000001934fe84cd0 JavaThread "Daemon client event forwarder"        [_thread_blocked, id=7508, stack(0x000000320f900000,0x000000320fa00000) (1024K)]
  0x000001934fe82c00 JavaThread "Cache worker for journal cache (C:\Users\user\.gradle\caches\journal-1)"        [_thread_blocked, id=748, stack(0x000000320fa00000,0x000000320fb00000) (1024K)]
  0x000001934fe84640 JavaThread "File lock request listener"        [_thread_in_native, id=15884, stack(0x000000320fb00000,0x000000320fc00000) (1024K)]
  0x000001934fe85360 JavaThread "File lock release action executor"        [_thread_blocked, id=14252, stack(0x000000320fc00000,0x000000320fd00000) (1024K)]
  0x000001934fe81ee0 JavaThread "Cache worker for file hash cache (C:\Users\user\.gradle\caches\8.7\fileHashes)"        [_thread_blocked, id=15628, stack(0x000000320fd00000,0x000000320fe00000) (1024K)]
  0x000001934fcf8fb0 JavaThread "Cache worker for file hash cache (C:\Users\user\IdeaProjects\microservice-requestproduct\.gradle\8.7\fileHashes)"        [_thread_blocked, id=12576, stack(0x000000320fe00000,0x000000320ff00000) (1024K)]
  0x000001934fcfd7e0 JavaThread "File watcher server"        daemon [_thread_in_native, id=12572, stack(0x000000320ff00000,0x0000003210000000) (1024K)]
  0x000001934fcf9640 JavaThread "File watcher consumer"      daemon [_thread_blocked, id=12588, stack(0x0000003210000000,0x0000003210100000) (1024K)]
  0x000001934fcfbda0 JavaThread "Cache worker for checksums cache (C:\Users\user\IdeaProjects\microservice-requestproduct\.gradle\8.7\checksums)"        [_thread_blocked, id=8900, stack(0x0000003210100000,0x0000003210200000) (1024K)]
  0x000001934fcfeb90 JavaThread "Cache worker for cache directory md-supplier (C:\Users\user\.gradle\caches\8.7\md-supplier)"        [_thread_blocked, id=14868, stack(0x0000003210200000,0x0000003210300000) (1024K)]
  0x000001934fcfcac0 JavaThread "Cache worker for cache directory md-rule (C:\Users\user\.gradle\caches\8.7\md-rule)"        [_thread_blocked, id=3776, stack(0x0000003210300000,0x0000003210400000) (1024K)]
  0x000001934fcf9cd0 JavaThread "Cache worker for file content cache (C:\Users\user\.gradle\caches\8.7\fileContent)"        [_thread_blocked, id=10012, stack(0x0000003210400000,0x0000003210500000) (1024K)]
  0x000001934fcfd150 JavaThread "jar transforms"                    [_thread_blocked, id=13064, stack(0x0000003210500000,0x0000003210600000) (1024K)]
  0x000001934fcff220 JavaThread "jar transforms Thread 2"           [_thread_blocked, id=604, stack(0x0000003210600000,0x0000003210700000) (1024K)]
  0x000001934fcfde70 JavaThread "File lock release action executor Thread 2"        [_thread_blocked, id=8460, stack(0x0000003210700000,0x0000003210800000) (1024K)]
  0x000001934fcfff40 JavaThread "Cache worker for Build Output Cleanup Cache (C:\Users\user\IdeaProjects\microservice-requestproduct\.gradle\buildOutputCleanup)"        [_thread_blocked, id=9220, stack(0x0000003210800000,0x0000003210900000) (1024K)]
Total: 36

Other Threads:
  0x0000019335c07d80 VMThread "VM Thread"                           [id=3720, stack(0x000000320e400000,0x000000320e500000) (1024K)]
  0x0000019335bf1ff0 WatcherThread "VM Periodic Task Thread"        [id=10668, stack(0x000000320e300000,0x000000320e400000) (1024K)]
  0x0000019319e04cf0 WorkerThread "GC Thread#0"                     [id=15444, stack(0x000000320de00000,0x000000320df00000) (1024K)]
  0x000001934f304fe0 WorkerThread "GC Thread#1"                     [id=12268, stack(0x000000320ef00000,0x000000320f000000) (1024K)]
  0x0000019319e0a3a0 ConcurrentGCThread "G1 Main Marker"            [id=12836, stack(0x000000320df00000,0x000000320e000000) (1024K)]
  0x0000019319e0adb0 WorkerThread "G1 Conc#0"                       [id=8980, stack(0x000000320e000000,0x000000320e100000) (1024K)]
  0x0000019319ead7a0 ConcurrentGCThread "G1 Refine#0"               [id=12752, stack(0x000000320e100000,0x000000320e200000) (1024K)]
  0x0000019319eae9c0 ConcurrentGCThread "G1 Service"                [id=12424, stack(0x000000320e200000,0x000000320e300000) (1024K)]
Total: 8

Threads with active compile tasks:
C2 CompilerThread0    59067 4900       4       java.lang.invoke.InvokerBytecodeGenerator::addMethod (725 bytes)
Total: 1

VM state: not at safepoint (normal execution)

VM Mutex/Monitor currently owned by a thread: None

Heap address: 0x00000000e0000000, size: 512 MB, Compressed Oops mode: 32-bit

CDS archive(s) mapped at: [0x0000019336000000-0x0000019336c90000-0x0000019336c90000), size 13172736, SharedBaseAddress: 0x0000019336000000, ArchiveRelocationMode: 1.
Compressed class space mapped at: 0x0000019337000000-0x000001934b000000, reserved size: 335544320
Narrow klass base: 0x0000019336000000, Narrow klass shift: 0, Narrow klass range: 0x100000000

GC Precious Log:
 CardTable entry size: 512
 Card Set container configuration: InlinePtr #cards 5 size 8 Array Of Cards #cards 12 size 40 Howl #buckets 4 coarsen threshold 1843 Howl Bitmap #cards 512 size 80 coarsen threshold 460 Card regions per heap region 1 cards per card region 2048
 CPUs: 2 total, 2 available
 Memory: 6094M
 Large Page Support: Disabled
 NUMA Support: Disabled
 Compressed Oops: Enabled (32-bit)
 Heap Region Size: 1M
 Heap Min Capacity: 256M
 Heap Initial Capacity: 256M
 Heap Max Capacity: 512M
 Pre-touch: Disabled
 Parallel Workers: 2
 Concurrent Workers: 1
 Concurrent Refinement Workers: 2
 Periodic GC: Disabled

Heap:
 garbage-first heap   total 262144K, used 123494K [0x00000000e0000000, 0x0000000100000000)
  region size 1024K, 89 young (91136K), 3 survivors (3072K)
 Metaspace       used 43092K, committed 44608K, reserved 393216K
  class space    used 6082K, committed 6848K, reserved 327680K

Heap Regions: E=young(eden), S=young(survivor), O=old, HS=humongous(starts), HC=humongous(continues), CS=collection set, F=free, TAMS=top-at-mark-start, PB=parsable bottom
|   0|0x00000000e0000000, 0x00000000e0100000, 0x00000000e0100000|100%|HS|  |TAMS 0x00000000e0000000| PB 0x00000000e0000000| Complete 
|   1|0x00000000e0100000, 0x00000000e0200000, 0x00000000e0200000|100%|HC|  |TAMS 0x00000000e0100000| PB 0x00000000e0100000| Complete 
|   2|0x00000000e0200000, 0x00000000e0300000, 0x00000000e0300000|100%|HC|  |TAMS 0x00000000e0200000| PB 0x00000000e0200000| Complete 
|   3|0x00000000e0300000, 0x00000000e0400000, 0x00000000e0400000|100%|HC|  |TAMS 0x00000000e0300000| PB 0x00000000e0300000| Complete 
|   4|0x00000000e0400000, 0x00000000e0500000, 0x00000000e0500000|100%| O|  |TAMS 0x00000000e0400000| PB 0x00000000e0400000| Untracked 
|   5|0x00000000e0500000, 0x00000000e0600000, 0x00000000e0600000|100%| O|  |TAMS 0x00000000e0500000| PB 0x00000000e0500000| Untracked 
|   6|0x00000000e0600000, 0x00000000e0700000, 0x00000000e0700000|100%| O|  |TAMS 0x00000000e0600000| PB 0x00000000e0600000| Untracked 
|   7|0x00000000e0700000, 0x00000000e0800000, 0x00000000e0800000|100%| O|  |TAMS 0x00000000e0700000| PB 0x00000000e0700000| Untracked 
|   8|0x00000000e0800000, 0x00000000e0900000, 0x00000000e0900000|100%| O|  |TAMS 0x00000000e0800000| PB 0x00000000e0800000| Untracked 
|   9|0x00000000e0900000, 0x00000000e0a00000, 0x00000000e0a00000|100%| O|  |TAMS 0x00000000e0900000| PB 0x00000000e0900000| Untracked 
|  10|0x00000000e0a00000, 0x00000000e0b00000, 0x00000000e0b00000|100%| O|  |TAMS 0x00000000e0a00000| PB 0x00000000e0a00000| Untracked 
|  11|0x00000000e0b00000, 0x00000000e0c00000, 0x00000000e0c00000|100%| O|  |TAMS 0x00000000e0b00000| PB 0x00000000e0b00000| Untracked 
|  12|0x00000000e0c00000, 0x00000000e0d00000, 0x00000000e0d00000|100%| O|  |TAMS 0x00000000e0c00000| PB 0x00000000e0c00000| Untracked 
|  13|0x00000000e0d00000, 0x00000000e0e00000, 0x00000000e0e00000|100%| O|  |TAMS 0x00000000e0d00000| PB 0x00000000e0d00000| Untracked 
|  14|0x00000000e0e00000, 0x00000000e0f00000, 0x00000000e0f00000|100%| O|  |TAMS 0x00000000e0e00000| PB 0x00000000e0e00000| Untracked 
|  15|0x00000000e0f00000, 0x00000000e1000000, 0x00000000e1000000|100%| O|  |TAMS 0x00000000e0f00000| PB 0x00000000e0f00000| Untracked 
|  16|0x00000000e1000000, 0x00000000e1100000, 0x00000000e1100000|100%| O|  |TAMS 0x00000000e1000000| PB 0x00000000e1000000| Untracked 
|  17|0x00000000e1100000, 0x00000000e1200000, 0x00000000e1200000|100%| O|  |TAMS 0x00000000e1100000| PB 0x00000000e1100000| Untracked 
|  18|0x00000000e1200000, 0x00000000e1300000, 0x00000000e1300000|100%| O|  |TAMS 0x00000000e1200000| PB 0x00000000e1200000| Untracked 
|  19|0x00000000e1300000, 0x00000000e1400000, 0x00000000e1400000|100%| O|  |TAMS 0x00000000e1300000| PB 0x00000000e1300000| Untracked 
|  20|0x00000000e1400000, 0x00000000e1500000, 0x00000000e1500000|100%| O|  |TAMS 0x00000000e1400000| PB 0x00000000e1400000| Untracked 
|  21|0x00000000e1500000, 0x00000000e1600000, 0x00000000e1600000|100%| O|  |TAMS 0x00000000e1500000| PB 0x00000000e1500000| Untracked 
|  22|0x00000000e1600000, 0x00000000e1700000, 0x00000000e1700000|100%| O|Cm|TAMS 0x00000000e1600000| PB 0x00000000e1600000| Complete 
|  23|0x00000000e1700000, 0x00000000e1800000, 0x00000000e1800000|100%| O|  |TAMS 0x00000000e1700000| PB 0x00000000e1700000| Untracked 
|  24|0x00000000e1800000, 0x00000000e1900000, 0x00000000e1900000|100%| O|  |TAMS 0x00000000e1800000| PB 0x00000000e1800000| Untracked 
|  25|0x00000000e1900000, 0x00000000e1a00000, 0x00000000e1a00000|100%| O|  |TAMS 0x00000000e1900000| PB 0x00000000e1900000| Untracked 
|  26|0x00000000e1a00000, 0x00000000e1aa3998, 0x00000000e1b00000| 63%| O|  |TAMS 0x00000000e1a00000| PB 0x00000000e1a00000| Untracked 
|  27|0x00000000e1b00000, 0x00000000e1c00000, 0x00000000e1c00000|100%|HS|  |TAMS 0x00000000e1b00000| PB 0x00000000e1b00000| Complete 
|  28|0x00000000e1c00000, 0x00000000e1d00000, 0x00000000e1d00000|100%|HS|  |TAMS 0x00000000e1c00000| PB 0x00000000e1c00000| Complete 
|  29|0x00000000e1d00000, 0x00000000e1e00000, 0x00000000e1e00000|100%|HC|  |TAMS 0x00000000e1d00000| PB 0x00000000e1d00000| Complete 
|  30|0x00000000e1e00000, 0x00000000e1f00000, 0x00000000e1f00000|100%|HS|  |TAMS 0x00000000e1e00000| PB 0x00000000e1e00000| Complete 
|  31|0x00000000e1f00000, 0x00000000e2000000, 0x00000000e2000000|100%|HC|  |TAMS 0x00000000e1f00000| PB 0x00000000e1f00000| Complete 
|  32|0x00000000e2000000, 0x00000000e2100000, 0x00000000e2100000|100%|HS|  |TAMS 0x00000000e2000000| PB 0x00000000e2000000| Complete 
|  33|0x00000000e2100000, 0x00000000e2200000, 0x00000000e2200000|100%|HS|  |TAMS 0x00000000e2100000| PB 0x00000000e2100000| Complete 
|  34|0x00000000e2200000, 0x00000000e2200000, 0x00000000e2300000|  0%| F|  |TAMS 0x00000000e2200000| PB 0x00000000e2200000| Untracked 
|  35|0x00000000e2300000, 0x00000000e2300000, 0x00000000e2400000|  0%| F|  |TAMS 0x00000000e2300000| PB 0x00000000e2300000| Untracked 
|  36|0x00000000e2400000, 0x00000000e2400000, 0x00000000e2500000|  0%| F|  |TAMS 0x00000000e2400000| PB 0x00000000e2400000| Untracked 
|  37|0x00000000e2500000, 0x00000000e2500000, 0x00000000e2600000|  0%| F|  |TAMS 0x00000000e2500000| PB 0x00000000e2500000| Untracked 
|  38|0x00000000e2600000, 0x00000000e2600000, 0x00000000e2700000|  0%| F|  |TAMS 0x00000000e2600000| PB 0x00000000e2600000| Untracked 
|  39|0x00000000e2700000, 0x00000000e2700000, 0x00000000e2800000|  0%| F|  |TAMS 0x00000000e2700000| PB 0x00000000e2700000| Untracked 
|  40|0x00000000e2800000, 0x00000000e2800000, 0x00000000e2900000|  0%| F|  |TAMS 0x00000000e2800000| PB 0x00000000e2800000| Untracked 
|  41|0x00000000e2900000, 0x00000000e2900000, 0x00000000e2a00000|  0%| F|  |TAMS 0x00000000e2900000| PB 0x00000000e2900000| Untracked 
|  42|0x00000000e2a00000, 0x00000000e2a00000, 0x00000000e2b00000|  0%| F|  |TAMS 0x00000000e2a00000| PB 0x00000000e2a00000| Untracked 
|  43|0x00000000e2b00000, 0x00000000e2b00000, 0x00000000e2c00000|  0%| F|  |TAMS 0x00000000e2b00000| PB 0x00000000e2b00000| Untracked 
|  44|0x00000000e2c00000, 0x00000000e2c00000, 0x00000000e2d00000|  0%| F|  |TAMS 0x00000000e2c00000| PB 0x00000000e2c00000| Untracked 
|  45|0x00000000e2d00000, 0x00000000e2d00000, 0x00000000e2e00000|  0%| F|  |TAMS 0x00000000e2d00000| PB 0x00000000e2d00000| Untracked 
|  46|0x00000000e2e00000, 0x00000000e2e00000, 0x00000000e2f00000|  0%| F|  |TAMS 0x00000000e2e00000| PB 0x00000000e2e00000| Untracked 
|  47|0x00000000e2f00000, 0x00000000e2f00000, 0x00000000e3000000|  0%| F|  |TAMS 0x00000000e2f00000| PB 0x00000000e2f00000| Untracked 
|  48|0x00000000e3000000, 0x00000000e3000000, 0x00000000e3100000|  0%| F|  |TAMS 0x00000000e3000000| PB 0x00000000e3000000| Untracked 
|  49|0x00000000e3100000, 0x00000000e3100000, 0x00000000e3200000|  0%| F|  |TAMS 0x00000000e3100000| PB 0x00000000e3100000| Untracked 
|  50|0x00000000e3200000, 0x00000000e3200000, 0x00000000e3300000|  0%| F|  |TAMS 0x00000000e3200000| PB 0x00000000e3200000| Untracked 
|  51|0x00000000e3300000, 0x00000000e3300000, 0x00000000e3400000|  0%| F|  |TAMS 0x00000000e3300000| PB 0x00000000e3300000| Untracked 
|  52|0x00000000e3400000, 0x00000000e3400000, 0x00000000e3500000|  0%| F|  |TAMS 0x00000000e3400000| PB 0x00000000e3400000| Untracked 
|  53|0x00000000e3500000, 0x00000000e3500000, 0x00000000e3600000|  0%| F|  |TAMS 0x00000000e3500000| PB 0x00000000e3500000| Untracked 
|  54|0x00000000e3600000, 0x00000000e3600000, 0x00000000e3700000|  0%| F|  |TAMS 0x00000000e3600000| PB 0x00000000e3600000| Untracked 
|  55|0x00000000e3700000, 0x00000000e3700000, 0x00000000e3800000|  0%| F|  |TAMS 0x00000000e3700000| PB 0x00000000e3700000| Untracked 
|  56|0x00000000e3800000, 0x00000000e3800000, 0x00000000e3900000|  0%| F|  |TAMS 0x00000000e3800000| PB 0x00000000e3800000| Untracked 
|  57|0x00000000e3900000, 0x00000000e3900000, 0x00000000e3a00000|  0%| F|  |TAMS 0x00000000e3900000| PB 0x00000000e3900000| Untracked 
|  58|0x00000000e3a00000, 0x00000000e3a00000, 0x00000000e3b00000|  0%| F|  |TAMS 0x00000000e3a00000| PB 0x00000000e3a00000| Untracked 
|  59|0x00000000e3b00000, 0x00000000e3b00000, 0x00000000e3c00000|  0%| F|  |TAMS 0x00000000e3b00000| PB 0x00000000e3b00000| Untracked 
|  60|0x00000000e3c00000, 0x00000000e3c00000, 0x00000000e3d00000|  0%| F|  |TAMS 0x00000000e3c00000| PB 0x00000000e3c00000| Untracked 
|  61|0x00000000e3d00000, 0x00000000e3d00000, 0x00000000e3e00000|  0%| F|  |TAMS 0x00000000e3d00000| PB 0x00000000e3d00000| Untracked 
|  62|0x00000000e3e00000, 0x00000000e3e00000, 0x00000000e3f00000|  0%| F|  |TAMS 0x00000000e3e00000| PB 0x00000000e3e00000| Untracked 
|  63|0x00000000e3f00000, 0x00000000e3f00000, 0x00000000e4000000|  0%| F|  |TAMS 0x00000000e3f00000| PB 0x00000000e3f00000| Untracked 
|  64|0x00000000e4000000, 0x00000000e4000000, 0x00000000e4100000|  0%| F|  |TAMS 0x00000000e4000000| PB 0x00000000e4000000| Untracked 
|  65|0x00000000e4100000, 0x00000000e4100000, 0x00000000e4200000|  0%| F|  |TAMS 0x00000000e4100000| PB 0x00000000e4100000| Untracked 
|  66|0x00000000e4200000, 0x00000000e4200000, 0x00000000e4300000|  0%| F|  |TAMS 0x00000000e4200000| PB 0x00000000e4200000| Untracked 
|  67|0x00000000e4300000, 0x00000000e4300000, 0x00000000e4400000|  0%| F|  |TAMS 0x00000000e4300000| PB 0x00000000e4300000| Untracked 
|  68|0x00000000e4400000, 0x00000000e4400000, 0x00000000e4500000|  0%| F|  |TAMS 0x00000000e4400000| PB 0x00000000e4400000| Untracked 
|  69|0x00000000e4500000, 0x00000000e4500000, 0x00000000e4600000|  0%| F|  |TAMS 0x00000000e4500000| PB 0x00000000e4500000| Untracked 
|  70|0x00000000e4600000, 0x00000000e4600000, 0x00000000e4700000|  0%| F|  |TAMS 0x00000000e4600000| PB 0x00000000e4600000| Untracked 
|  71|0x00000000e4700000, 0x00000000e4700000, 0x00000000e4800000|  0%| F|  |TAMS 0x00000000e4700000| PB 0x00000000e4700000| Untracked 
|  72|0x00000000e4800000, 0x00000000e4800000, 0x00000000e4900000|  0%| F|  |TAMS 0x00000000e4800000| PB 0x00000000e4800000| Untracked 
|  73|0x00000000e4900000, 0x00000000e4900000, 0x00000000e4a00000|  0%| F|  |TAMS 0x00000000e4900000| PB 0x00000000e4900000| Untracked 
|  74|0x00000000e4a00000, 0x00000000e4a00000, 0x00000000e4b00000|  0%| F|  |TAMS 0x00000000e4a00000| PB 0x00000000e4a00000| Untracked 
|  75|0x00000000e4b00000, 0x00000000e4b00000, 0x00000000e4c00000|  0%| F|  |TAMS 0x00000000e4b00000| PB 0x00000000e4b00000| Untracked 
|  76|0x00000000e4c00000, 0x00000000e4c00000, 0x00000000e4d00000|  0%| F|  |TAMS 0x00000000e4c00000| PB 0x00000000e4c00000| Untracked 
|  77|0x00000000e4d00000, 0x00000000e4d00000, 0x00000000e4e00000|  0%| F|  |TAMS 0x00000000e4d00000| PB 0x00000000e4d00000| Untracked 
|  78|0x00000000e4e00000, 0x00000000e4e00000, 0x00000000e4f00000|  0%| F|  |TAMS 0x00000000e4e00000| PB 0x00000000e4e00000| Untracked 
|  79|0x00000000e4f00000, 0x00000000e4f00000, 0x00000000e5000000|  0%| F|  |TAMS 0x00000000e4f00000| PB 0x00000000e4f00000| Untracked 
|  80|0x00000000e5000000, 0x00000000e5000000, 0x00000000e5100000|  0%| F|  |TAMS 0x00000000e5000000| PB 0x00000000e5000000| Untracked 
|  81|0x00000000e5100000, 0x00000000e5100000, 0x00000000e5200000|  0%| F|  |TAMS 0x00000000e5100000| PB 0x00000000e5100000| Untracked 
|  82|0x00000000e5200000, 0x00000000e5200000, 0x00000000e5300000|  0%| F|  |TAMS 0x00000000e5200000| PB 0x00000000e5200000| Untracked 
|  83|0x00000000e5300000, 0x00000000e5300000, 0x00000000e5400000|  0%| F|  |TAMS 0x00000000e5300000| PB 0x00000000e5300000| Untracked 
|  84|0x00000000e5400000, 0x00000000e5400000, 0x00000000e5500000|  0%| F|  |TAMS 0x00000000e5400000| PB 0x00000000e5400000| Untracked 
|  85|0x00000000e5500000, 0x00000000e5500000, 0x00000000e5600000|  0%| F|  |TAMS 0x00000000e5500000| PB 0x00000000e5500000| Untracked 
|  86|0x00000000e5600000, 0x00000000e5600000, 0x00000000e5700000|  0%| F|  |TAMS 0x00000000e5600000| PB 0x00000000e5600000| Untracked 
|  87|0x00000000e5700000, 0x00000000e5700000, 0x00000000e5800000|  0%| F|  |TAMS 0x00000000e5700000| PB 0x00000000e5700000| Untracked 
|  88|0x00000000e5800000, 0x00000000e5800000, 0x00000000e5900000|  0%| F|  |TAMS 0x00000000e5800000| PB 0x00000000e5800000| Untracked 
|  89|0x00000000e5900000, 0x00000000e5900000, 0x00000000e5a00000|  0%| F|  |TAMS 0x00000000e5900000| PB 0x00000000e5900000| Untracked 
|  90|0x00000000e5a00000, 0x00000000e5a00000, 0x00000000e5b00000|  0%| F|  |TAMS 0x00000000e5a00000| PB 0x00000000e5a00000| Untracked 
|  91|0x00000000e5b00000, 0x00000000e5b00000, 0x00000000e5c00000|  0%| F|  |TAMS 0x00000000e5b00000| PB 0x00000000e5b00000| Untracked 
|  92|0x00000000e5c00000, 0x00000000e5c00000, 0x00000000e5d00000|  0%| F|  |TAMS 0x00000000e5c00000| PB 0x00000000e5c00000| Untracked 
|  93|0x00000000e5d00000, 0x00000000e5d00000, 0x00000000e5e00000|  0%| F|  |TAMS 0x00000000e5d00000| PB 0x00000000e5d00000| Untracked 
|  94|0x00000000e5e00000, 0x00000000e5e00000, 0x00000000e5f00000|  0%| F|  |TAMS 0x00000000e5e00000| PB 0x00000000e5e00000| Untracked 
|  95|0x00000000e5f00000, 0x00000000e5f00000, 0x00000000e6000000|  0%| F|  |TAMS 0x00000000e5f00000| PB 0x00000000e5f00000| Untracked 
|  96|0x00000000e6000000, 0x00000000e6000000, 0x00000000e6100000|  0%| F|  |TAMS 0x00000000e6000000| PB 0x00000000e6000000| Untracked 
|  97|0x00000000e6100000, 0x00000000e6100000, 0x00000000e6200000|  0%| F|  |TAMS 0x00000000e6100000| PB 0x00000000e6100000| Untracked 
|  98|0x00000000e6200000, 0x00000000e6200000, 0x00000000e6300000|  0%| F|  |TAMS 0x00000000e6200000| PB 0x00000000e6200000| Untracked 
|  99|0x00000000e6300000, 0x00000000e6300000, 0x00000000e6400000|  0%| F|  |TAMS 0x00000000e6300000| PB 0x00000000e6300000| Untracked 
| 100|0x00000000e6400000, 0x00000000e6400000, 0x00000000e6500000|  0%| F|  |TAMS 0x00000000e6400000| PB 0x00000000e6400000| Untracked 
| 101|0x00000000e6500000, 0x00000000e6500000, 0x00000000e6600000|  0%| F|  |TAMS 0x00000000e6500000| PB 0x00000000e6500000| Untracked 
| 102|0x00000000e6600000, 0x00000000e6600000, 0x00000000e6700000|  0%| F|  |TAMS 0x00000000e6600000| PB 0x00000000e6600000| Untracked 
| 103|0x00000000e6700000, 0x00000000e6700000, 0x00000000e6800000|  0%| F|  |TAMS 0x00000000e6700000| PB 0x00000000e6700000| Untracked 
| 104|0x00000000e6800000, 0x00000000e6800000, 0x00000000e6900000|  0%| F|  |TAMS 0x00000000e6800000| PB 0x00000000e6800000| Untracked 
| 105|0x00000000e6900000, 0x00000000e6900000, 0x00000000e6a00000|  0%| F|  |TAMS 0x00000000e6900000| PB 0x00000000e6900000| Untracked 
| 106|0x00000000e6a00000, 0x00000000e6a00000, 0x00000000e6b00000|  0%| F|  |TAMS 0x00000000e6a00000| PB 0x00000000e6a00000| Untracked 
| 107|0x00000000e6b00000, 0x00000000e6b00000, 0x00000000e6c00000|  0%| F|  |TAMS 0x00000000e6b00000| PB 0x00000000e6b00000| Untracked 
| 108|0x00000000e6c00000, 0x00000000e6c00000, 0x00000000e6d00000|  0%| F|  |TAMS 0x00000000e6c00000| PB 0x00000000e6c00000| Untracked 
| 109|0x00000000e6d00000, 0x00000000e6d00000, 0x00000000e6e00000|  0%| F|  |TAMS 0x00000000e6d00000| PB 0x00000000e6d00000| Untracked 
| 110|0x00000000e6e00000, 0x00000000e6e00000, 0x00000000e6f00000|  0%| F|  |TAMS 0x00000000e6e00000| PB 0x00000000e6e00000| Untracked 
| 111|0x00000000e6f00000, 0x00000000e6f00000, 0x00000000e7000000|  0%| F|  |TAMS 0x00000000e6f00000| PB 0x00000000e6f00000| Untracked 
| 112|0x00000000e7000000, 0x00000000e7000000, 0x00000000e7100000|  0%| F|  |TAMS 0x00000000e7000000| PB 0x00000000e7000000| Untracked 
| 113|0x00000000e7100000, 0x00000000e7100000, 0x00000000e7200000|  0%| F|  |TAMS 0x00000000e7100000| PB 0x00000000e7100000| Untracked 
| 114|0x00000000e7200000, 0x00000000e7200000, 0x00000000e7300000|  0%| F|  |TAMS 0x00000000e7200000| PB 0x00000000e7200000| Untracked 
| 115|0x00000000e7300000, 0x00000000e7300000, 0x00000000e7400000|  0%| F|  |TAMS 0x00000000e7300000| PB 0x00000000e7300000| Untracked 
| 116|0x00000000e7400000, 0x00000000e7400000, 0x00000000e7500000|  0%| F|  |TAMS 0x00000000e7400000| PB 0x00000000e7400000| Untracked 
| 117|0x00000000e7500000, 0x00000000e7500000, 0x00000000e7600000|  0%| F|  |TAMS 0x00000000e7500000| PB 0x00000000e7500000| Untracked 
| 118|0x00000000e7600000, 0x00000000e7600000, 0x00000000e7700000|  0%| F|  |TAMS 0x00000000e7600000| PB 0x00000000e7600000| Untracked 
| 119|0x00000000e7700000, 0x00000000e7700000, 0x00000000e7800000|  0%| F|  |TAMS 0x00000000e7700000| PB 0x00000000e7700000| Untracked 
| 120|0x00000000e7800000, 0x00000000e7800000, 0x00000000e7900000|  0%| F|  |TAMS 0x00000000e7800000| PB 0x00000000e7800000| Untracked 
| 121|0x00000000e7900000, 0x00000000e7900000, 0x00000000e7a00000|  0%| F|  |TAMS 0x00000000e7900000| PB 0x00000000e7900000| Untracked 
| 122|0x00000000e7a00000, 0x00000000e7a00000, 0x00000000e7b00000|  0%| F|  |TAMS 0x00000000e7a00000| PB 0x00000000e7a00000| Untracked 
| 123|0x00000000e7b00000, 0x00000000e7b00000, 0x00000000e7c00000|  0%| F|  |TAMS 0x00000000e7b00000| PB 0x00000000e7b00000| Untracked 
| 124|0x00000000e7c00000, 0x00000000e7c00000, 0x00000000e7d00000|  0%| F|  |TAMS 0x00000000e7c00000| PB 0x00000000e7c00000| Untracked 
| 125|0x00000000e7d00000, 0x00000000e7d00000, 0x00000000e7e00000|  0%| F|  |TAMS 0x00000000e7d00000| PB 0x00000000e7d00000| Untracked 
| 126|0x00000000e7e00000, 0x00000000e7e00000, 0x00000000e7f00000|  0%| F|  |TAMS 0x00000000e7e00000| PB 0x00000000e7e00000| Untracked 
| 127|0x00000000e7f00000, 0x00000000e7f00000, 0x00000000e8000000|  0%| F|  |TAMS 0x00000000e7f00000| PB 0x00000000e7f00000| Untracked 
| 128|0x00000000e8000000, 0x00000000e8000000, 0x00000000e8100000|  0%| F|  |TAMS 0x00000000e8000000| PB 0x00000000e8000000| Untracked 
| 129|0x00000000e8100000, 0x00000000e8100000, 0x00000000e8200000|  0%| F|  |TAMS 0x00000000e8100000| PB 0x00000000e8100000| Untracked 
| 130|0x00000000e8200000, 0x00000000e8200000, 0x00000000e8300000|  0%| F|  |TAMS 0x00000000e8200000| PB 0x00000000e8200000| Untracked 
| 131|0x00000000e8300000, 0x00000000e8300000, 0x00000000e8400000|  0%| F|  |TAMS 0x00000000e8300000| PB 0x00000000e8300000| Untracked 
| 132|0x00000000e8400000, 0x00000000e8400000, 0x00000000e8500000|  0%| F|  |TAMS 0x00000000e8400000| PB 0x00000000e8400000| Untracked 
| 133|0x00000000e8500000, 0x00000000e8500000, 0x00000000e8600000|  0%| F|  |TAMS 0x00000000e8500000| PB 0x00000000e8500000| Untracked 
| 134|0x00000000e8600000, 0x00000000e8600000, 0x00000000e8700000|  0%| F|  |TAMS 0x00000000e8600000| PB 0x00000000e8600000| Untracked 
| 135|0x00000000e8700000, 0x00000000e8700000, 0x00000000e8800000|  0%| F|  |TAMS 0x00000000e8700000| PB 0x00000000e8700000| Untracked 
| 136|0x00000000e8800000, 0x00000000e8800000, 0x00000000e8900000|  0%| F|  |TAMS 0x00000000e8800000| PB 0x00000000e8800000| Untracked 
| 137|0x00000000e8900000, 0x00000000e8900000, 0x00000000e8a00000|  0%| F|  |TAMS 0x00000000e8900000| PB 0x00000000e8900000| Untracked 
| 138|0x00000000e8a00000, 0x00000000e8a00000, 0x00000000e8b00000|  0%| F|  |TAMS 0x00000000e8a00000| PB 0x00000000e8a00000| Untracked 
| 139|0x00000000e8b00000, 0x00000000e8b00000, 0x00000000e8c00000|  0%| F|  |TAMS 0x00000000e8b00000| PB 0x00000000e8b00000| Untracked 
| 140|0x00000000e8c00000, 0x00000000e8c00000, 0x00000000e8d00000|  0%| F|  |TAMS 0x00000000e8c00000| PB 0x00000000e8c00000| Untracked 
| 141|0x00000000e8d00000, 0x00000000e8d00000, 0x00000000e8e00000|  0%| F|  |TAMS 0x00000000e8d00000| PB 0x00000000e8d00000| Untracked 
| 142|0x00000000e8e00000, 0x00000000e8e00000, 0x00000000e8f00000|  0%| F|  |TAMS 0x00000000e8e00000| PB 0x00000000e8e00000| Untracked 
| 143|0x00000000e8f00000, 0x00000000e8f00000, 0x00000000e9000000|  0%| F|  |TAMS 0x00000000e8f00000| PB 0x00000000e8f00000| Untracked 
| 144|0x00000000e9000000, 0x00000000e9000000, 0x00000000e9100000|  0%| F|  |TAMS 0x00000000e9000000| PB 0x00000000e9000000| Untracked 
| 145|0x00000000e9100000, 0x00000000e9100000, 0x00000000e9200000|  0%| F|  |TAMS 0x00000000e9100000| PB 0x00000000e9100000| Untracked 
| 146|0x00000000e9200000, 0x00000000e9200000, 0x00000000e9300000|  0%| F|  |TAMS 0x00000000e9200000| PB 0x00000000e9200000| Untracked 
| 147|0x00000000e9300000, 0x00000000e9300000, 0x00000000e9400000|  0%| F|  |TAMS 0x00000000e9300000| PB 0x00000000e9300000| Untracked 
| 148|0x00000000e9400000, 0x00000000e9400000, 0x00000000e9500000|  0%| F|  |TAMS 0x00000000e9400000| PB 0x00000000e9400000| Untracked 
| 149|0x00000000e9500000, 0x00000000e9500000, 0x00000000e9600000|  0%| F|  |TAMS 0x00000000e9500000| PB 0x00000000e9500000| Untracked 
| 150|0x00000000e9600000, 0x00000000e9600000, 0x00000000e9700000|  0%| F|  |TAMS 0x00000000e9600000| PB 0x00000000e9600000| Untracked 
| 151|0x00000000e9700000, 0x00000000e9700000, 0x00000000e9800000|  0%| F|  |TAMS 0x00000000e9700000| PB 0x00000000e9700000| Untracked 
| 152|0x00000000e9800000, 0x00000000e9800000, 0x00000000e9900000|  0%| F|  |TAMS 0x00000000e9800000| PB 0x00000000e9800000| Untracked 
| 153|0x00000000e9900000, 0x00000000e9900000, 0x00000000e9a00000|  0%| F|  |TAMS 0x00000000e9900000| PB 0x00000000e9900000| Untracked 
| 154|0x00000000e9a00000, 0x00000000e9a00000, 0x00000000e9b00000|  0%| F|  |TAMS 0x00000000e9a00000| PB 0x00000000e9a00000| Untracked 
| 155|0x00000000e9b00000, 0x00000000e9b00000, 0x00000000e9c00000|  0%| F|  |TAMS 0x00000000e9b00000| PB 0x00000000e9b00000| Untracked 
| 156|0x00000000e9c00000, 0x00000000e9c00000, 0x00000000e9d00000|  0%| F|  |TAMS 0x00000000e9c00000| PB 0x00000000e9c00000| Untracked 
| 157|0x00000000e9d00000, 0x00000000e9d00000, 0x00000000e9e00000|  0%| F|  |TAMS 0x00000000e9d00000| PB 0x00000000e9d00000| Untracked 
| 158|0x00000000e9e00000, 0x00000000e9e00000, 0x00000000e9f00000|  0%| F|  |TAMS 0x00000000e9e00000| PB 0x00000000e9e00000| Untracked 
| 159|0x00000000e9f00000, 0x00000000e9f00000, 0x00000000ea000000|  0%| F|  |TAMS 0x00000000e9f00000| PB 0x00000000e9f00000| Untracked 
| 160|0x00000000ea000000, 0x00000000ea000000, 0x00000000ea100000|  0%| F|  |TAMS 0x00000000ea000000| PB 0x00000000ea000000| Untracked 
| 161|0x00000000ea100000, 0x00000000ea100000, 0x00000000ea200000|  0%| F|  |TAMS 0x00000000ea100000| PB 0x00000000ea100000| Untracked 
| 162|0x00000000ea200000, 0x00000000ea200000, 0x00000000ea300000|  0%| F|  |TAMS 0x00000000ea200000| PB 0x00000000ea200000| Untracked 
| 163|0x00000000ea300000, 0x00000000ea300000, 0x00000000ea400000|  0%| F|  |TAMS 0x00000000ea300000| PB 0x00000000ea300000| Untracked 
| 164|0x00000000ea400000, 0x00000000ea400000, 0x00000000ea500000|  0%| F|  |TAMS 0x00000000ea400000| PB 0x00000000ea400000| Untracked 
| 165|0x00000000ea500000, 0x00000000ea500000, 0x00000000ea600000|  0%| F|  |TAMS 0x00000000ea500000| PB 0x00000000ea500000| Untracked 
| 166|0x00000000ea600000, 0x00000000ea600000, 0x00000000ea700000|  0%| F|  |TAMS 0x00000000ea600000| PB 0x00000000ea600000| Untracked 
| 167|0x00000000ea700000, 0x00000000ea780800, 0x00000000ea800000| 50%| E|  |TAMS 0x00000000ea700000| PB 0x00000000ea700000| Complete 
| 168|0x00000000ea800000, 0x00000000ea900000, 0x00000000ea900000|100%| E|CS|TAMS 0x00000000ea800000| PB 0x00000000ea800000| Complete 
| 169|0x00000000ea900000, 0x00000000eaa00000, 0x00000000eaa00000|100%| E|CS|TAMS 0x00000000ea900000| PB 0x00000000ea900000| Complete 
| 170|0x00000000eaa00000, 0x00000000eab00000, 0x00000000eab00000|100%| E|CS|TAMS 0x00000000eaa00000| PB 0x00000000eaa00000| Complete 
| 171|0x00000000eab00000, 0x00000000eac00000, 0x00000000eac00000|100%| E|CS|TAMS 0x00000000eab00000| PB 0x00000000eab00000| Complete 
| 172|0x00000000eac00000, 0x00000000ead00000, 0x00000000ead00000|100%| E|CS|TAMS 0x00000000eac00000| PB 0x00000000eac00000| Complete 
| 173|0x00000000ead00000, 0x00000000eae00000, 0x00000000eae00000|100%| E|CS|TAMS 0x00000000ead00000| PB 0x00000000ead00000| Complete 
| 174|0x00000000eae00000, 0x00000000eaf00000, 0x00000000eaf00000|100%| E|  |TAMS 0x00000000eae00000| PB 0x00000000eae00000| Complete 
| 175|0x00000000eaf00000, 0x00000000eb000000, 0x00000000eb000000|100%| E|CS|TAMS 0x00000000eaf00000| PB 0x00000000eaf00000| Complete 
| 176|0x00000000eb000000, 0x00000000eb100000, 0x00000000eb100000|100%| E|CS|TAMS 0x00000000eb000000| PB 0x00000000eb000000| Complete 
| 177|0x00000000eb100000, 0x00000000eb200000, 0x00000000eb200000|100%| E|CS|TAMS 0x00000000eb100000| PB 0x00000000eb100000| Complete 
| 178|0x00000000eb200000, 0x00000000eb300000, 0x00000000eb300000|100%| E|CS|TAMS 0x00000000eb200000| PB 0x00000000eb200000| Complete 
| 179|0x00000000eb300000, 0x00000000eb400000, 0x00000000eb400000|100%| E|CS|TAMS 0x00000000eb300000| PB 0x00000000eb300000| Complete 
| 180|0x00000000eb400000, 0x00000000eb500000, 0x00000000eb500000|100%| E|CS|TAMS 0x00000000eb400000| PB 0x00000000eb400000| Complete 
| 181|0x00000000eb500000, 0x00000000eb600000, 0x00000000eb600000|100%| E|CS|TAMS 0x00000000eb500000| PB 0x00000000eb500000| Complete 
| 182|0x00000000eb600000, 0x00000000eb700000, 0x00000000eb700000|100%| E|CS|TAMS 0x00000000eb600000| PB 0x00000000eb600000| Complete 
| 183|0x00000000eb700000, 0x00000000eb800000, 0x00000000eb800000|100%| E|CS|TAMS 0x00000000eb700000| PB 0x00000000eb700000| Complete 
| 184|0x00000000eb800000, 0x00000000eb900000, 0x00000000eb900000|100%| E|CS|TAMS 0x00000000eb800000| PB 0x00000000eb800000| Complete 
| 185|0x00000000eb900000, 0x00000000eba00000, 0x00000000eba00000|100%| E|CS|TAMS 0x00000000eb900000| PB 0x00000000eb900000| Complete 
| 186|0x00000000eba00000, 0x00000000ebb00000, 0x00000000ebb00000|100%| E|CS|TAMS 0x00000000eba00000| PB 0x00000000eba00000| Complete 
| 187|0x00000000ebb00000, 0x00000000ebc00000, 0x00000000ebc00000|100%| E|CS|TAMS 0x00000000ebb00000| PB 0x00000000ebb00000| Complete 
| 188|0x00000000ebc00000, 0x00000000ebd00000, 0x00000000ebd00000|100%| E|CS|TAMS 0x00000000ebc00000| PB 0x00000000ebc00000| Complete 
| 189|0x00000000ebd00000, 0x00000000ebe00000, 0x00000000ebe00000|100%| E|CS|TAMS 0x00000000ebd00000| PB 0x00000000ebd00000| Complete 
| 190|0x00000000ebe00000, 0x00000000ebf00000, 0x00000000ebf00000|100%| E|CS|TAMS 0x00000000ebe00000| PB 0x00000000ebe00000| Complete 
| 191|0x00000000ebf00000, 0x00000000ec000000, 0x00000000ec000000|100%| E|CS|TAMS 0x00000000ebf00000| PB 0x00000000ebf00000| Complete 
| 192|0x00000000ec000000, 0x00000000ec100000, 0x00000000ec100000|100%| E|CS|TAMS 0x00000000ec000000| PB 0x00000000ec000000| Complete 
| 193|0x00000000ec100000, 0x00000000ec200000, 0x00000000ec200000|100%| E|CS|TAMS 0x00000000ec100000| PB 0x00000000ec100000| Complete 
| 194|0x00000000ec200000, 0x00000000ec300000, 0x00000000ec300000|100%| E|CS|TAMS 0x00000000ec200000| PB 0x00000000ec200000| Complete 
| 195|0x00000000ec300000, 0x00000000ec400000, 0x00000000ec400000|100%| E|CS|TAMS 0x00000000ec300000| PB 0x00000000ec300000| Complete 
| 196|0x00000000ec400000, 0x00000000ec500000, 0x00000000ec500000|100%| E|CS|TAMS 0x00000000ec400000| PB 0x00000000ec400000| Complete 
| 197|0x00000000ec500000, 0x00000000ec600000, 0x00000000ec600000|100%| E|CS|TAMS 0x00000000ec500000| PB 0x00000000ec500000| Complete 
| 198|0x00000000ec600000, 0x00000000ec700000, 0x00000000ec700000|100%| E|CS|TAMS 0x00000000ec600000| PB 0x00000000ec600000| Complete 
| 199|0x00000000ec700000, 0x00000000ec800000, 0x00000000ec800000|100%| E|CS|TAMS 0x00000000ec700000| PB 0x00000000ec700000| Complete 
| 200|0x00000000ec800000, 0x00000000ec900000, 0x00000000ec900000|100%| E|CS|TAMS 0x00000000ec800000| PB 0x00000000ec800000| Complete 
| 201|0x00000000ec900000, 0x00000000eca00000, 0x00000000eca00000|100%| E|CS|TAMS 0x00000000ec900000| PB 0x00000000ec900000| Complete 
| 202|0x00000000eca00000, 0x00000000ecb00000, 0x00000000ecb00000|100%| E|CS|TAMS 0x00000000eca00000| PB 0x00000000eca00000| Complete 
| 203|0x00000000ecb00000, 0x00000000ecc00000, 0x00000000ecc00000|100%| E|CS|TAMS 0x00000000ecb00000| PB 0x00000000ecb00000| Complete 
| 204|0x00000000ecc00000, 0x00000000ecd00000, 0x00000000ecd00000|100%| E|CS|TAMS 0x00000000ecc00000| PB 0x00000000ecc00000| Complete 
| 205|0x00000000ecd00000, 0x00000000ece00000, 0x00000000ece00000|100%| E|CS|TAMS 0x00000000ecd00000| PB 0x00000000ecd00000| Complete 
| 206|0x00000000ece00000, 0x00000000ecf00000, 0x00000000ecf00000|100%| E|CS|TAMS 0x00000000ece00000| PB 0x00000000ece00000| Complete 
| 207|0x00000000ecf00000, 0x00000000ed000000, 0x00000000ed000000|100%| E|CS|TAMS 0x00000000ecf00000| PB 0x00000000ecf00000| Complete 
| 208|0x00000000ed000000, 0x00000000ed100000, 0x00000000ed100000|100%| E|CS|TAMS 0x00000000ed000000| PB 0x00000000ed000000| Complete 
| 209|0x00000000ed100000, 0x00000000ed200000, 0x00000000ed200000|100%| E|CS|TAMS 0x00000000ed100000| PB 0x00000000ed100000| Complete 
| 210|0x00000000ed200000, 0x00000000ed300000, 0x00000000ed300000|100%| E|CS|TAMS 0x00000000ed200000| PB 0x00000000ed200000| Complete 
| 211|0x00000000ed300000, 0x00000000ed400000, 0x00000000ed400000|100%| E|CS|TAMS 0x00000000ed300000| PB 0x00000000ed300000| Complete 
| 212|0x00000000ed400000, 0x00000000ed500000, 0x00000000ed500000|100%| E|CS|TAMS 0x00000000ed400000| PB 0x00000000ed400000| Complete 
| 213|0x00000000ed500000, 0x00000000ed600000, 0x00000000ed600000|100%| E|CS|TAMS 0x00000000ed500000| PB 0x00000000ed500000| Complete 
| 214|0x00000000ed600000, 0x00000000ed700000, 0x00000000ed700000|100%| E|CS|TAMS 0x00000000ed600000| PB 0x00000000ed600000| Complete 
| 215|0x00000000ed700000, 0x00000000ed800000, 0x00000000ed800000|100%| E|CS|TAMS 0x00000000ed700000| PB 0x00000000ed700000| Complete 
| 216|0x00000000ed800000, 0x00000000ed900000, 0x00000000ed900000|100%| E|CS|TAMS 0x00000000ed800000| PB 0x00000000ed800000| Complete 
| 217|0x00000000ed900000, 0x00000000eda00000, 0x00000000eda00000|100%| E|CS|TAMS 0x00000000ed900000| PB 0x00000000ed900000| Complete 
| 218|0x00000000eda00000, 0x00000000edb00000, 0x00000000edb00000|100%| E|CS|TAMS 0x00000000eda00000| PB 0x00000000eda00000| Complete 
| 219|0x00000000edb00000, 0x00000000edc00000, 0x00000000edc00000|100%| E|CS|TAMS 0x00000000edb00000| PB 0x00000000edb00000| Complete 
| 220|0x00000000edc00000, 0x00000000edd00000, 0x00000000edd00000|100%| E|CS|TAMS 0x00000000edc00000| PB 0x00000000edc00000| Complete 
| 221|0x00000000edd00000, 0x00000000ede00000, 0x00000000ede00000|100%| E|CS|TAMS 0x00000000edd00000| PB 0x00000000edd00000| Complete 
| 222|0x00000000ede00000, 0x00000000edf00000, 0x00000000edf00000|100%| E|CS|TAMS 0x00000000ede00000| PB 0x00000000ede00000| Complete 
| 223|0x00000000edf00000, 0x00000000ee000000, 0x00000000ee000000|100%| E|CS|TAMS 0x00000000edf00000| PB 0x00000000edf00000| Complete 
| 224|0x00000000ee000000, 0x00000000ee100000, 0x00000000ee100000|100%| E|CS|TAMS 0x00000000ee000000| PB 0x00000000ee000000| Complete 
| 225|0x00000000ee100000, 0x00000000ee200000, 0x00000000ee200000|100%| E|CS|TAMS 0x00000000ee100000| PB 0x00000000ee100000| Complete 
| 226|0x00000000ee200000, 0x00000000ee300000, 0x00000000ee300000|100%| E|CS|TAMS 0x00000000ee200000| PB 0x00000000ee200000| Complete 
| 227|0x00000000ee300000, 0x00000000ee400000, 0x00000000ee400000|100%| E|CS|TAMS 0x00000000ee300000| PB 0x00000000ee300000| Complete 
| 228|0x00000000ee400000, 0x00000000ee500000, 0x00000000ee500000|100%| E|CS|TAMS 0x00000000ee400000| PB 0x00000000ee400000| Complete 
| 229|0x00000000ee500000, 0x00000000ee600000, 0x00000000ee600000|100%| E|CS|TAMS 0x00000000ee500000| PB 0x00000000ee500000| Complete 
| 230|0x00000000ee600000, 0x00000000ee700000, 0x00000000ee700000|100%| E|CS|TAMS 0x00000000ee600000| PB 0x00000000ee600000| Complete 
| 231|0x00000000ee700000, 0x00000000ee800000, 0x00000000ee800000|100%| E|CS|TAMS 0x00000000ee700000| PB 0x00000000ee700000| Complete 
| 232|0x00000000ee800000, 0x00000000ee900000, 0x00000000ee900000|100%| E|CS|TAMS 0x00000000ee800000| PB 0x00000000ee800000| Complete 
| 233|0x00000000ee900000, 0x00000000eea00000, 0x00000000eea00000|100%| E|CS|TAMS 0x00000000ee900000| PB 0x00000000ee900000| Complete 
| 234|0x00000000eea00000, 0x00000000eeb00000, 0x00000000eeb00000|100%| E|CS|TAMS 0x00000000eea00000| PB 0x00000000eea00000| Complete 
| 235|0x00000000eeb00000, 0x00000000eec00000, 0x00000000eec00000|100%| E|CS|TAMS 0x00000000eeb00000| PB 0x00000000eeb00000| Complete 
| 236|0x00000000eec00000, 0x00000000eed00000, 0x00000000eed00000|100%| E|CS|TAMS 0x00000000eec00000| PB 0x00000000eec00000| Complete 
| 237|0x00000000eed00000, 0x00000000eee00000, 0x00000000eee00000|100%| E|CS|TAMS 0x00000000eed00000| PB 0x00000000eed00000| Complete 
| 238|0x00000000eee00000, 0x00000000eef00000, 0x00000000eef00000|100%| E|CS|TAMS 0x00000000eee00000| PB 0x00000000eee00000| Complete 
| 239|0x00000000eef00000, 0x00000000ef000000, 0x00000000ef000000|100%| E|CS|TAMS 0x00000000eef00000| PB 0x00000000eef00000| Complete 
| 240|0x00000000ef000000, 0x00000000ef100000, 0x00000000ef100000|100%| E|CS|TAMS 0x00000000ef000000| PB 0x00000000ef000000| Complete 
| 241|0x00000000ef100000, 0x00000000ef200000, 0x00000000ef200000|100%| E|CS|TAMS 0x00000000ef100000| PB 0x00000000ef100000| Complete 
| 242|0x00000000ef200000, 0x00000000ef300000, 0x00000000ef300000|100%| E|CS|TAMS 0x00000000ef200000| PB 0x00000000ef200000| Complete 
| 243|0x00000000ef300000, 0x00000000ef400000, 0x00000000ef400000|100%| E|CS|TAMS 0x00000000ef300000| PB 0x00000000ef300000| Complete 
| 244|0x00000000ef400000, 0x00000000ef500000, 0x00000000ef500000|100%| E|CS|TAMS 0x00000000ef400000| PB 0x00000000ef400000| Complete 
| 245|0x00000000ef500000, 0x00000000ef600000, 0x00000000ef600000|100%| E|CS|TAMS 0x00000000ef500000| PB 0x00000000ef500000| Complete 
| 246|0x00000000ef600000, 0x00000000ef700000, 0x00000000ef700000|100%| E|CS|TAMS 0x00000000ef600000| PB 0x00000000ef600000| Complete 
| 247|0x00000000ef700000, 0x00000000ef800000, 0x00000000ef800000|100%| E|CS|TAMS 0x00000000ef700000| PB 0x00000000ef700000| Complete 
| 248|0x00000000ef800000, 0x00000000ef900000, 0x00000000ef900000|100%| E|CS|TAMS 0x00000000ef800000| PB 0x00000000ef800000| Complete 
| 249|0x00000000ef900000, 0x00000000ef9f6058, 0x00000000efa00000| 96%| S|CS|TAMS 0x00000000ef900000| PB 0x00000000ef900000| Complete 
| 250|0x00000000efa00000, 0x00000000efb00000, 0x00000000efb00000|100%| S|CS|TAMS 0x00000000efa00000| PB 0x00000000efa00000| Complete 
| 251|0x00000000efb00000, 0x00000000efc00000, 0x00000000efc00000|100%| S|CS|TAMS 0x00000000efb00000| PB 0x00000000efb00000| Complete 
| 252|0x00000000efc00000, 0x00000000efd00000, 0x00000000efd00000|100%| E|CS|TAMS 0x00000000efc00000| PB 0x00000000efc00000| Complete 
| 253|0x00000000efd00000, 0x00000000efe00000, 0x00000000efe00000|100%| E|CS|TAMS 0x00000000efd00000| PB 0x00000000efd00000| Complete 
| 254|0x00000000efe00000, 0x00000000eff00000, 0x00000000eff00000|100%| E|CS|TAMS 0x00000000efe00000| PB 0x00000000efe00000| Complete 
| 255|0x00000000eff00000, 0x00000000f0000000, 0x00000000f0000000|100%| E|CS|TAMS 0x00000000eff00000| PB 0x00000000eff00000| Complete 

Card table byte_map: [0x0000019332f30000,0x0000019333030000] _byte_map_base: 0x0000019332830000

Marking Bits: (CMBitMap*) 0x0000019319e05300
 Bits: [0x0000019333030000, 0x0000019333830000)

Polling page: 0x0000019319eb0000

Metaspace:

Usage:
  Non-class:     36.14 MB used.
      Class:      5.94 MB used.
       Both:     42.08 MB used.

Virtual space:
  Non-class space:       64.00 MB reserved,      36.88 MB ( 58%) committed,  1 nodes.
      Class space:      320.00 MB reserved,       6.69 MB (  2%) committed,  1 nodes.
             Both:      384.00 MB reserved,      43.56 MB ( 11%) committed. 

Chunk freelists:
   Non-Class:  10.32 MB
       Class:  9.14 MB
        Both:  19.45 MB

MaxMetaspaceSize: 384.00 MB
CompressedClassSpaceSize: 320.00 MB
Initial GC threshold: 21.00 MB
Current GC threshold: 59.19 MB
CDS: on
 - commit_granule_bytes: 65536.
 - commit_granule_words: 8192.
 - virtual_space_node_default_size: 8388608.
 - enlarge_chunks_in_place: 1.
 - use_allocation_guard: 0.


Internal statistics:

num_allocs_failed_limit: 9.
num_arena_births: 2590.
num_arena_deaths: 0.
num_vsnodes_births: 2.
num_vsnodes_deaths: 0.
num_space_committed: 697.
num_space_uncommitted: 0.
num_chunks_returned_to_freelist: 9.
num_chunks_taken_from_freelist: 4510.
num_chunk_merges: 6.
num_chunk_splits: 2953.
num_chunks_enlarged: 1855.
num_inconsistent_stats: 0.

CodeHeap 'non-profiled nmethods': size=120064Kb used=2445Kb max_used=2445Kb free=117618Kb
 bounds [0x000001932b4e0000, 0x000001932b750000, 0x0000019332a20000]
CodeHeap 'profiled nmethods': size=120000Kb used=8699Kb max_used=8699Kb free=111300Kb
 bounds [0x0000019323a20000, 0x00000193242a0000, 0x000001932af50000]
CodeHeap 'non-nmethods': size=5696Kb used=2699Kb max_used=2715Kb free=2996Kb
 bounds [0x000001932af50000, 0x000001932b200000, 0x000001932b4e0000]
 total_blobs=5243 nmethods=4408 adapters=738
 compilation: enabled
              stopped_count=0, restarted_count=0
 full_count=0

Compilation events (20 events):
Event: 58.541 Thread 0x0000019335c31850 nmethod 4890 0x0000019324296a10 code [0x0000019324296be0, 0x0000019324296e80]
Event: 58.541 Thread 0x0000019335c31850 4891       3       org.gradle.internal.service.InjectUtil::selectConstructor (167 bytes)
Event: 58.543 Thread 0x0000019335c31850 nmethod 4891 0x0000019324297010 code [0x0000019324297680, 0x000001932429aec0]
Event: 58.545 Thread 0x0000019335c2e600 4892       4       org.gradle.internal.service.DefaultServiceRegistry$OwnServices::getService (309 bytes)
Event: 58.555 Thread 0x0000019335c31850 4893       3       java.lang.invoke.MethodHandles$Lookup::unreflectConstructor (55 bytes)
Event: 58.555 Thread 0x0000019335c31850 nmethod 4893 0x000001932429c010 code [0x000001932429c1e0, 0x000001932429c510]
Event: 58.562 Thread 0x0000019335c2e600 nmethod 4892 0x000001932b741590 code [0x000001932b741860, 0x000001932b742438]
Event: 58.562 Thread 0x0000019335c31850 4894       3       jdk.internal.reflect.MethodHandleAccessorFactory::specializedMethodTypeForConstructor (66 bytes)
Event: 58.562 Thread 0x0000019335c31850 nmethod 4894 0x000001932429c690 code [0x000001932429c8c0, 0x000001932429cda0]
Event: 58.667 Thread 0x0000019335c31850 4895       3       java.util.concurrent.atomic.AtomicReferenceArray::<init> (13 bytes)
Event: 58.667 Thread 0x0000019335c31850 nmethod 4895 0x000001932429cf10 code [0x000001932429d0c0, 0x000001932429d320]
Event: 58.725 Thread 0x0000019335c31850 4896   !   3       jdk.internal.misc.ScopedMemoryAccess::copyMemory (27 bytes)
Event: 58.726 Thread 0x0000019335c31850 nmethod 4896 0x000001932429d410 code [0x000001932429d620, 0x000001932429dc48]
Event: 58.726 Thread 0x0000019335c31850 4897   !   3       jdk.internal.misc.ScopedMemoryAccess::copyMemoryInternal (56 bytes)
Event: 58.726 Thread 0x0000019335c31850 nmethod 4897 0x000001932429e010 code [0x000001932429e200, 0x000001932429e740]
Event: 58.727 Thread 0x0000019335c31850 4898       3       java.net.InetSocketAddress::<init> (32 bytes)
Event: 58.728 Thread 0x0000019335c31850 nmethod 4898 0x000001932429ea90 code [0x000001932429ec80, 0x000001932429f1a0]
Event: 58.848 Thread 0x0000019335c2e600 4899       4       java.lang.invoke.MethodType::equals (56 bytes)
Event: 58.852 Thread 0x0000019335c2e600 nmethod 4899 0x000001932b742e10 code [0x000001932b742fc0, 0x000001932b7432c8]
Event: 58.935 Thread 0x0000019335c2e600 4900       4       java.lang.invoke.InvokerBytecodeGenerator::addMethod (725 bytes)

GC Heap History (14 events):
Event: 2.613 GC heap before
{Heap before GC invocations=0 (full 0):
 garbage-first heap   total 262144K, used 12288K [0x00000000e0000000, 0x0000000100000000)
  region size 1024K, 12 young (12288K), 0 survivors (0K)
 Metaspace       used 984K, committed 1088K, reserved 393216K
  class space    used 79K, committed 128K, reserved 327680K
}
Event: 2.669 GC heap after
{Heap after GC invocations=1 (full 0):
 garbage-first heap   total 262144K, used 1856K [0x00000000e0000000, 0x0000000100000000)
  region size 1024K, 2 young (2048K), 2 survivors (2048K)
 Metaspace       used 984K, committed 1088K, reserved 393216K
  class space    used 79K, committed 128K, reserved 327680K
}
Event: 7.594 GC heap before
{Heap before GC invocations=1 (full 0):
 garbage-first heap   total 262144K, used 17216K [0x00000000e0000000, 0x0000000100000000)
  region size 1024K, 14 young (14336K), 2 survivors (2048K)
 Metaspace       used 3303K, committed 3456K, reserved 393216K
  class space    used 411K, committed 448K, reserved 327680K
}
Event: 7.607 GC heap after
{Heap after GC invocations=2 (full 0):
 garbage-first heap   total 262144K, used 10304K [0x00000000e0000000, 0x0000000100000000)
  region size 1024K, 2 young (2048K), 2 survivors (2048K)
 Metaspace       used 3303K, committed 3456K, reserved 393216K
  class space    used 411K, committed 448K, reserved 327680K
}
Event: 10.947 GC heap before
{Heap before GC invocations=2 (full 0):
 garbage-first heap   total 262144K, used 22592K [0x00000000e0000000, 0x0000000100000000)
  region size 1024K, 15 young (15360K), 2 survivors (2048K)
 Metaspace       used 4130K, committed 4352K, reserved 393216K
  class space    used 502K, committed 640K, reserved 327680K
}
Event: 10.950 GC heap after
{Heap after GC invocations=3 (full 0):
 garbage-first heap   total 262144K, used 11207K [0x00000000e0000000, 0x0000000100000000)
  region size 1024K, 1 young (1024K), 1 survivors (1024K)
 Metaspace       used 4130K, committed 4352K, reserved 393216K
  class space    used 502K, committed 640K, reserved 327680K
}
Event: 38.602 GC heap before
{Heap before GC invocations=3 (full 0):
 garbage-first heap   total 262144K, used 131015K [0x00000000e0000000, 0x0000000100000000)
  region size 1024K, 119 young (121856K), 1 survivors (1024K)
 Metaspace       used 20850K, committed 21504K, reserved 393216K
  class space    used 2997K, committed 3328K, reserved 327680K
}
Event: 38.635 GC heap after
{Heap after GC invocations=4 (full 0):
 garbage-first heap   total 262144K, used 23506K [0x00000000e0000000, 0x0000000100000000)
  region size 1024K, 13 young (13312K), 13 survivors (13312K)
 Metaspace       used 20850K, committed 21504K, reserved 393216K
  class space    used 2997K, committed 3328K, reserved 327680K
}
Event: 49.374 GC heap before
{Heap before GC invocations=5 (full 0):
 garbage-first heap   total 262144K, used 94162K [0x00000000e0000000, 0x0000000100000000)
  region size 1024K, 83 young (84992K), 13 survivors (13312K)
 Metaspace       used 30513K, committed 31808K, reserved 393216K
  class space    used 4619K, committed 5248K, reserved 327680K
}
Event: 49.404 GC heap after
{Heap after GC invocations=6 (full 0):
 garbage-first heap   total 262144K, used 27992K [0x00000000e0000000, 0x0000000100000000)
  region size 1024K, 5 young (5120K), 5 survivors (5120K)
 Metaspace       used 30513K, committed 31808K, reserved 393216K
  class space    used 4619K, committed 5248K, reserved 327680K
}
Event: 50.761 GC heap before
{Heap before GC invocations=6 (full 0):
 garbage-first heap   total 262144K, used 41304K [0x00000000e0000000, 0x0000000100000000)
  region size 1024K, 20 young (20480K), 5 survivors (5120K)
 Metaspace       used 34773K, committed 35968K, reserved 393216K
  class space    used 5026K, committed 5568K, reserved 327680K
}
Event: 50.774 GC heap after
{Heap after GC invocations=7 (full 0):
 garbage-first heap   total 262144K, used 29181K [0x00000000e0000000, 0x0000000100000000)
  region size 1024K, 6 young (6144K), 6 survivors (6144K)
 Metaspace       used 34773K, committed 35968K, reserved 393216K
  class space    used 5026K, committed 5568K, reserved 327680K
}
Event: 51.067 GC heap before
{Heap before GC invocations=7 (full 0):
 garbage-first heap   total 262144K, used 31229K [0x00000000e0000000, 0x0000000100000000)
  region size 1024K, 10 young (10240K), 6 survivors (6144K)
 Metaspace       used 35141K, committed 36288K, reserved 393216K
  class space    used 5053K, committed 5632K, reserved 327680K
}
Event: 51.085 GC heap after
{Heap after GC invocations=8 (full 0):
 garbage-first heap   total 262144K, used 30310K [0x00000000e0000000, 0x0000000100000000)
  region size 1024K, 3 young (3072K), 3 survivors (3072K)
 Metaspace       used 35141K, committed 36288K, reserved 393216K
  class space    used 5053K, committed 5632K, reserved 327680K
}

Dll operation events (15 events):
Event: 0.034 Loaded shared library C:\Program Files\Java\jdk-21\bin\java.dll
Event: 0.336 Loaded shared library C:\Program Files\Java\jdk-21\bin\jsvml.dll
Event: 0.531 Loaded shared library C:\Program Files\Java\jdk-21\bin\zip.dll
Event: 0.536 Loaded shared library C:\Program Files\Java\jdk-21\bin\instrument.dll
Event: 0.648 Loaded shared library C:\Program Files\Java\jdk-21\bin\net.dll
Event: 0.658 Loaded shared library C:\Program Files\Java\jdk-21\bin\nio.dll
Event: 0.723 Loaded shared library C:\Program Files\Java\jdk-21\bin\zip.dll
Event: 2.026 Loaded shared library C:\Program Files\Java\jdk-21\bin\jimage.dll
Event: 3.149 Loaded shared library C:\Program Files\Java\jdk-21\bin\verify.dll
Event: 6.660 Loaded shared library C:\Users\user\.gradle\native\c067742578af261105cb4f569cf0c3c89f3d7b1fecec35dd04571415982c5e48\windows-amd64\native-platform.dll
Event: 6.790 Loaded shared library C:\Users\user\.gradle\native\38dada09dfb8b06ba9b0570ebf7e218e3eb74d4ef43ca46872605cf95ebc2f47\windows-amd64\native-platform-file-events.dll
Event: 20.512 Loaded shared library C:\Program Files\Java\jdk-21\bin\management.dll
Event: 20.515 Loaded shared library C:\Program Files\Java\jdk-21\bin\management_ext.dll
Event: 21.200 Loaded shared library C:\Program Files\Java\jdk-21\bin\extnet.dll
Event: 22.897 Loaded shared library C:\Program Files\Java\jdk-21\bin\sunmscapi.dll

Deoptimization events (20 events):
Event: 57.618 Thread 0x000001934f364700 Uncommon trap: trap_request=0xffffff45 fr.pc=0x000001932b6aa1a8 relative=0x0000000000000108
Event: 57.618 Thread 0x000001934f364700 Uncommon trap: reason=unstable_if action=reinterpret pc=0x000001932b6aa1a8 method=org.objectweb.asm.ByteVector.putShort(I)Lorg/objectweb/asm/ByteVector; @ 13 c2
Event: 57.618 Thread 0x000001934f364700 DEOPT PACKING pc=0x000001932b6aa1a8 sp=0x000000320f6f8d20
Event: 57.618 Thread 0x000001934f364700 DEOPT UNPACKING pc=0x000001932afa46a2 sp=0x000000320f6f8cb8 mode 2
Event: 57.877 Thread 0x000001934f364700 Uncommon trap: trap_request=0xffffff45 fr.pc=0x000001932b533238 relative=0x0000000000001378
Event: 57.877 Thread 0x000001934f364700 Uncommon trap: reason=unstable_if action=reinterpret pc=0x000001932b533238 method=java.util.concurrent.ConcurrentHashMap.computeIfAbsent(Ljava/lang/Object;Ljava/util/function/Function;)Ljava/lang/Object; @ 123 c2
Event: 57.877 Thread 0x000001934f364700 DEOPT PACKING pc=0x000001932b533238 sp=0x000000320f6fa120
Event: 57.877 Thread 0x000001934f364700 DEOPT UNPACKING pc=0x000001932afa46a2 sp=0x000000320f6fa0a0 mode 2
Event: 58.396 Thread 0x000001934f364700 Uncommon trap: trap_request=0xffffff45 fr.pc=0x000001932b551034 relative=0x00000000000001f4
Event: 58.396 Thread 0x000001934f364700 Uncommon trap: reason=unstable_if action=reinterpret pc=0x000001932b551034 method=java.net.URI$Parser.scan(IILjava/lang/String;)I @ 26 c2
Event: 58.396 Thread 0x000001934f364700 DEOPT PACKING pc=0x000001932b551034 sp=0x000000320f6f9830
Event: 58.396 Thread 0x000001934f364700 DEOPT UNPACKING pc=0x000001932afa46a2 sp=0x000000320f6f97c0 mode 2
Event: 58.424 Thread 0x000001934f364700 Uncommon trap: trap_request=0xffffff45 fr.pc=0x000001932b54c92c relative=0x000000000000016c
Event: 58.424 Thread 0x000001934f364700 Uncommon trap: reason=unstable_if action=reinterpret pc=0x000001932b54c92c method=java.net.URI.match(CJJ)Z @ 45 c2
Event: 58.424 Thread 0x000001934f364700 DEOPT PACKING pc=0x000001932b54c92c sp=0x000000320f6f95a0
Event: 58.424 Thread 0x000001934f364700 DEOPT UNPACKING pc=0x000001932afa46a2 sp=0x000000320f6f94c8 mode 2
Event: 58.424 Thread 0x000001934f364700 Uncommon trap: trap_request=0xffffff45 fr.pc=0x000001932b5103f8 relative=0x0000000000000058
Event: 58.424 Thread 0x000001934f364700 Uncommon trap: reason=unstable_if action=reinterpret pc=0x000001932b5103f8 method=java.net.URI.match(CJJ)Z @ 19 c2
Event: 58.424 Thread 0x000001934f364700 DEOPT PACKING pc=0x000001932b5103f8 sp=0x000000320f6f95b0
Event: 58.424 Thread 0x000001934f364700 DEOPT UNPACKING pc=0x000001932afa46a2 sp=0x000000320f6f9540 mode 2

Classes loaded (20 events):
Event: 57.408 Loading class java/lang/StringIndexOutOfBoundsException
Event: 57.408 Loading class java/lang/StringIndexOutOfBoundsException done
Event: 58.433 Loading class javax/net/ssl/HostnameVerifier
Event: 58.433 Loading class javax/net/ssl/HostnameVerifier done
Event: 58.458 Loading class javax/net/ssl/TrustManager
Event: 58.458 Loading class javax/net/ssl/TrustManager done
Event: 58.458 Loading class javax/net/ssl/X509TrustManager
Event: 58.458 Loading class javax/net/ssl/X509TrustManager done
Event: 58.460 Loading class javax/net/ssl/SSLException
Event: 58.461 Loading class javax/net/ssl/SSLException done
Event: 58.461 Loading class javax/net/ssl/SSLPeerUnverifiedException
Event: 58.461 Loading class javax/net/ssl/SSLPeerUnverifiedException done
Event: 58.461 Loading class java/security/cert/CertificateParsingException
Event: 58.461 Loading class java/security/cert/CertificateException
Event: 58.461 Loading class java/security/cert/CertificateException done
Event: 58.461 Loading class java/security/cert/CertificateParsingException done
Event: 58.461 Loading class javax/naming/NamingException
Event: 58.461 Loading class javax/naming/NamingException done
Event: 58.461 Loading class javax/naming/InvalidNameException
Event: 58.461 Loading class javax/naming/InvalidNameException done

Classes unloaded (0 events):
No events

Classes redefined (0 events):
No events

Internal exceptions (20 events):
Event: 53.922 Thread 0x000001934f364700 Exception <a 'java/lang/IncompatibleClassChangeError'{0x00000000edbf11e8}: Found class java.lang.Object, but interface was expected> (0x00000000edbf11e8) 
thrown [s\open\src\hotspot\share\interpreter\linkResolver.cpp, line 840]
Event: 53.978 Thread 0x000001934f364700 Exception <a 'sun/nio/fs/WindowsException'{0x00000000edadb020}> (0x00000000edadb020) 
thrown [s\open\src\hotspot\share\prims\jni.cpp, line 520]
Event: 53.978 Thread 0x000001934f364700 Exception <a 'sun/nio/fs/WindowsException'{0x00000000edadc530}> (0x00000000edadc530) 
thrown [s\open\src\hotspot\share\prims\jni.cpp, line 520]
Event: 53.979 Thread 0x000001934f364700 Exception <a 'sun/nio/fs/WindowsException'{0x00000000edadd9f0}> (0x00000000edadd9f0) 
thrown [s\open\src\hotspot\share\prims\jni.cpp, line 520]
Event: 53.979 Thread 0x000001934f364700 Exception <a 'sun/nio/fs/WindowsException'{0x00000000edadeed0}> (0x00000000edadeed0) 
thrown [s\open\src\hotspot\share\prims\jni.cpp, line 520]
Event: 54.032 Thread 0x000001934f364700 Exception <a 'java/lang/NoSuchMethodError'{0x00000000ed8062e0}: 'java.lang.Object java.lang.invoke.Invokers$Holder.invoker(java.lang.Object, java.lang.Object, java.lang.Object, java.lang.Object, java.lang.Object, java.lang.Object)'> (0x00000000ed8062e0) 
thrown [s\open\src\hotspot\share\interpreter\linkResolver.cpp, line 773]
Event: 54.060 Thread 0x000001934f364700 Exception <a 'java/lang/NoSuchMethodError'{0x00000000ed8d92a0}: 'java.lang.Object java.lang.invoke.Invokers$Holder.invoker(java.lang.Object, java.lang.Object, java.lang.Object, java.lang.Object, java.lang.Object)'> (0x00000000ed8d92a0) 
thrown [s\open\src\hotspot\share\interpreter\linkResolver.cpp, line 773]
Event: 54.063 Thread 0x000001934f364700 Exception <a 'java/lang/NoSuchMethodError'{0x00000000ed8f4518}: 'java.lang.Object java.lang.invoke.DirectMethodHandle$Holder.invokeSpecial(java.lang.Object, java.lang.Object, java.lang.Object, java.lang.Object, java.lang.Object, java.lang.Object, java.lang.Object, java.lang.Object, java.lang.Object, java.lang.Object, java.lang.Object, java.lang.Object, java.lang.Object, java.lang.Object, java.lang.Object, java.lang.Object, java.lang.Object, java.lang.Object, java.lang.Object, java.lang.Object, java.lang.Ob
Event: 54.063 Thread 0x000001934f364700 Exception <a 'java/lang/NoSuchMethodError'{0x00000000ed8fa1a0}: 'java.lang.Object java.lang.invoke.DelegatingMethodHandle$Holder.reinvoke_L(java.lang.Object, java.lang.Object, java.lang.Object, java.lang.Object, java.lang.Object, java.lang.Object, java.lang.Object, java.lang.Object, java.lang.Object, java.lang.Object, java.lang.Object, java.lang.Object, java.lang.Object, java.lang.Object, java.lang.Object, java.lang.Object, java.lang.Object, java.lang.Object, java.lang.Object, java.lang.Object, java.lang.O
Event: 54.063 Thread 0x000001934f364700 Exception <a 'java/lang/NoSuchMethodError'{0x00000000ed705ab0}: 'java.lang.Object java.lang.invoke.Invokers$Holder.invoker(java.lang.Object, java.lang.Object, java.lang.Object, java.lang.Object, java.lang.Object, java.lang.Object, java.lang.Object, java.lang.Object, java.lang.Object, java.lang.Object, java.lang.Object, java.lang.Object, java.lang.Object, java.lang.Object, java.lang.Object, java.lang.Object, java.lang.Object, java.lang.Object, java.lang.Object, java.lang.Object, java.lang.Object, java.lang.
Event: 54.064 Thread 0x000001934f364700 Exception <a 'java/lang/NoSuchMethodError'{0x00000000ed70bf38}: 'java.lang.Object java.lang.invoke.DelegatingMethodHandle$Holder.delegate(java.lang.Object, java.lang.Object, java.lang.Object, java.lang.Object, java.lang.Object, java.lang.Object, java.lang.Object, java.lang.Object, java.lang.Object, java.lang.Object, java.lang.Object, java.lang.Object, java.lang.Object, java.lang.Object, java.lang.Object, java.lang.Object, java.lang.Object, java.lang.Object, java.lang.Object, java.lang.Object, java.lang.Obj
Event: 55.321 Thread 0x000001934f364700 Exception <a 'java/lang/IncompatibleClassChangeError'{0x00000000ec763650}: Found class java.lang.Object, but interface was expected> (0x00000000ec763650) 
thrown [s\open\src\hotspot\share\interpreter\linkResolver.cpp, line 840]
Event: 55.840 Thread 0x000001934f364700 Implicit null exception at 0x000001932b6d95fc to 0x000001932b6d96b4
Event: 57.396 Thread 0x000001934f364700 Exception <a 'java/lang/NoSuchMethodError'{0x00000000eb580048}: 'long java.lang.invoke.DirectMethodHandle$Holder.invokeStatic(java.lang.Object, long)'> (0x00000000eb580048) 
thrown [s\open\src\hotspot\share\interpreter\linkResolver.cpp, line 773]
Event: 58.393 Thread 0x000001934f364700 Exception <a 'java/lang/NoSuchMethodError'{0x00000000eac60118}: 'java.lang.Object java.lang.invoke.DirectMethodHandle$Holder.invokeVirtual(java.lang.Object, java.lang.Object, java.lang.Object, java.lang.Object, java.lang.Object, java.lang.Object, java.lang.Object, java.lang.Object, java.lang.Object, java.lang.Object, java.lang.Object, java.lang.Object, java.lang.Object, java.lang.Object, java.lang.Object, java.lang.Object, java.lang.Object)'> (0x00000000eac60118) 
thrown [s\open\src\hotspot\share\interpret
Event: 58.393 Thread 0x000001934f364700 Exception <a 'java/lang/NoSuchMethodError'{0x00000000eac66140}: 'java.lang.Object java.lang.invoke.DirectMethodHandle$Holder.invokeSpecial(java.lang.Object, java.lang.Object, java.lang.Object, java.lang.Object, java.lang.Object, java.lang.Object, java.lang.Object, java.lang.Object, java.lang.Object, java.lang.Object, java.lang.Object, java.lang.Object, java.lang.Object, java.lang.Object, java.lang.Object, java.lang.Object, java.lang.Object, java.lang.Object)'> (0x00000000eac66140) 
thrown [s\open\src\hotsp
Event: 58.394 Thread 0x000001934f364700 Exception <a 'java/lang/NoSuchMethodError'{0x00000000eac6b6f8}: 'java.lang.Object java.lang.invoke.DelegatingMethodHandle$Holder.reinvoke_L(java.lang.Object, java.lang.Object, java.lang.Object, java.lang.Object, java.lang.Object, java.lang.Object, java.lang.Object, java.lang.Object, java.lang.Object, java.lang.Object, java.lang.Object, java.lang.Object, java.lang.Object, java.lang.Object, java.lang.Object, java.lang.Object, java.lang.Object)'> (0x00000000eac6b6f8) 
thrown [s\open\src\hotspot\share\interpre
Event: 58.531 Thread 0x000001934f364700 Exception <a 'java/lang/NoSuchMethodError'{0x00000000eaa8ae68}: 'void java.lang.invoke.DirectMethodHandle$Holder.invokeStatic(java.lang.Object, java.lang.Object, java.lang.Object, java.lang.Object, java.lang.Object, java.lang.Object)'> (0x00000000eaa8ae68) 
thrown [s\open\src\hotspot\share\interpreter\linkResolver.cpp, line 773]
Event: 58.841 Thread 0x000001934f364700 Exception <a 'java/lang/NoSuchMethodError'{0x00000000ea91e9e8}: 'java.lang.Object java.lang.invoke.Invokers$Holder.invoker(java.lang.Object, java.lang.Object, java.lang.Object, java.lang.Object, java.lang.Object, java.lang.Object, java.lang.Object, java.lang.Object, java.lang.Object, java.lang.Object, java.lang.Object, java.lang.Object, java.lang.Object, java.lang.Object, java.lang.Object, java.lang.Object, java.lang.Object, java.lang.Object, java.lang.Object, java.lang.Object, java.lang.Object, java.lang.
Event: 58.842 Thread 0x000001934f364700 Exception <a 'java/lang/NoSuchMethodError'{0x00000000ea9252b8}: 'java.lang.Object java.lang.invoke.DelegatingMethodHandle$Holder.delegate(java.lang.Object, java.lang.Object, java.lang.Object, java.lang.Object, java.lang.Object, java.lang.Object, java.lang.Object, java.lang.Object, java.lang.Object, java.lang.Object, java.lang.Object, java.lang.Object, java.lang.Object, java.lang.Object, java.lang.Object, java.lang.Object, java.lang.Object, java.lang.Object, java.lang.Object, java.lang.Object, java.lang.Obj

ZGC Phase Switch (0 events):
No events

VM Operations (20 events):
Event: 51.148 Executing VM operation: G1PauseCleanup
Event: 51.148 Executing VM operation: G1PauseCleanup done
Event: 52.153 Executing VM operation: Cleanup
Event: 52.153 Executing VM operation: Cleanup done
Event: 53.164 Executing VM operation: Cleanup
Event: 53.166 Executing VM operation: Cleanup done
Event: 54.179 Executing VM operation: Cleanup
Event: 54.186 Executing VM operation: Cleanup done
Event: 55.193 Executing VM operation: Cleanup
Event: 55.193 Executing VM operation: Cleanup done
Event: 56.204 Executing VM operation: Cleanup
Event: 56.262 Executing VM operation: Cleanup done
Event: 56.263 Executing VM operation: HandshakeAllThreads (Deoptimize)
Event: 56.264 Executing VM operation: HandshakeAllThreads (Deoptimize) done
Event: 57.263 Executing VM operation: Cleanup
Event: 57.316 Executing VM operation: Cleanup done
Event: 57.426 Executing VM operation: HandshakeAllThreads (Deoptimize)
Event: 57.426 Executing VM operation: HandshakeAllThreads (Deoptimize) done
Event: 58.437 Executing VM operation: Cleanup
Event: 58.455 Executing VM operation: Cleanup done

Events (20 events):
Event: 51.136 Thread 0x0000019335c07d80 flushing nmethod 0x000001932b531c10
Event: 51.136 Thread 0x0000019335c07d80 flushing nmethod 0x000001932b531190
Event: 51.136 Thread 0x0000019335c07d80 flushing nmethod 0x000001932b520b90
Event: 51.136 Thread 0x0000019335c07d80 flushing nmethod 0x000001932b513d90
Event: 51.136 Thread 0x0000019335c07d80 flushing nmethod 0x000001932b518510
Event: 51.136 Thread 0x0000019335c07d80 flushing nmethod 0x000001932b517710
Event: 51.136 Thread 0x0000019335c07d80 flushing nmethod 0x000001932b516c10
Event: 51.136 Thread 0x0000019335c07d80 flushing nmethod 0x000001932b50d290
Event: 51.136 Thread 0x0000019335c07d80 flushing nmethod 0x000001932b506910
Event: 51.136 Thread 0x0000019335c07d80 flushing nmethod 0x000001932b504990
Event: 51.136 Thread 0x0000019335c07d80 flushing nmethod 0x000001932b504410
Event: 51.136 Thread 0x0000019335c07d80 flushing nmethod 0x000001932b501d90
Event: 51.136 Thread 0x0000019335c07d80 flushing nmethod 0x000001932b500f10
Event: 51.136 Thread 0x0000019335c07d80 flushing nmethod 0x000001932b509810
Event: 51.136 Thread 0x0000019335c07d80 flushing nmethod 0x000001932b4ec490
Event: 51.136 Thread 0x0000019335c07d80 flushing nmethod 0x000001932b4f0d90
Event: 51.136 Thread 0x0000019335c07d80 flushing nmethod 0x000001932b4f0990
Event: 51.136 Thread 0x0000019335c07d80 flushing nmethod 0x000001932b4f0090
Event: 51.136 Thread 0x0000019335c07d80 flushing nmethod 0x000001932b4e9e90
Event: 58.666 Thread 0x000001934fcfff40 Thread added: 0x000001934fcfff40


Dynamic libraries:
0x00007ff627b70000 - 0x00007ff627b80000 	C:\Program Files\Java\jdk-21\bin\java.exe
0x00007fffb2db0000 - 0x00007fffb2fa8000 	C:\WINDOWS\SYSTEM32\ntdll.dll
0x00007fffb18a0000 - 0x00007fffb195d000 	C:\WINDOWS\System32\KERNEL32.DLL
0x00007fffb06d0000 - 0x00007fffb09c6000 	C:\WINDOWS\System32\KERNELBASE.dll
0x00007fffb0ce0000 - 0x00007fffb0de0000 	C:\WINDOWS\System32\ucrtbase.dll
0x00007fffa0530000 - 0x00007fffa054b000 	C:\Program Files\Java\jdk-21\bin\VCRUNTIME140.dll
0x00007fffa0770000 - 0x00007fffa0789000 	C:\Program Files\Java\jdk-21\bin\jli.dll
0x00007fffb2cc0000 - 0x00007fffb2d70000 	C:\WINDOWS\System32\ADVAPI32.dll
0x00007fffb11b0000 - 0x00007fffb124e000 	C:\WINDOWS\System32\msvcrt.dll
0x00007fffb2370000 - 0x00007fffb2410000 	C:\WINDOWS\System32\sechost.dll
0x00007fffb2410000 - 0x00007fffb2533000 	C:\WINDOWS\System32\RPCRT4.dll
0x00007fffb09d0000 - 0x00007fffb09f7000 	C:\WINDOWS\System32\bcrypt.dll
0x00007fffb0eb0000 - 0x00007fffb104f000 	C:\WINDOWS\System32\USER32.dll
0x00007fffb0460000 - 0x00007fffb0482000 	C:\WINDOWS\System32\win32u.dll
0x00007fffb1050000 - 0x00007fffb107b000 	C:\WINDOWS\System32\GDI32.dll
0x00007fffb0b10000 - 0x00007fffb0c27000 	C:\WINDOWS\System32\gdi32full.dll
0x00007fffb0a70000 - 0x00007fffb0b0d000 	C:\WINDOWS\System32\msvcp_win.dll
0x00007fff9e980000 - 0x00007fff9ec1a000 	C:\WINDOWS\WinSxS\amd64_microsoft.windows.common-controls_6595b64144ccf1df_6.0.19041.3636_none_60b6a03d71f818d5\COMCTL32.dll
0x00007fffa6e70000 - 0x00007fffa6e7a000 	C:\WINDOWS\SYSTEM32\VERSION.dll
0x00007fffb25e0000 - 0x00007fffb2612000 	C:\WINDOWS\System32\IMM32.DLL
0x00007fffab980000 - 0x00007fffab98c000 	C:\Program Files\Java\jdk-21\bin\vcruntime140_1.dll
0x00007fff7bce0000 - 0x00007fff7bd6e000 	C:\Program Files\Java\jdk-21\bin\msvcp140.dll
0x00007fff44e20000 - 0x00007fff45b37000 	C:\Program Files\Java\jdk-21\bin\server\jvm.dll
0x00007fffb1ac0000 - 0x00007fffb1b2b000 	C:\WINDOWS\System32\WS2_32.dll
0x00007fffb02c0000 - 0x00007fffb030b000 	C:\WINDOWS\SYSTEM32\POWRPROF.dll
0x00007fffa5ed0000 - 0x00007fffa5ef7000 	C:\WINDOWS\SYSTEM32\WINMM.dll
0x00007fffb02a0000 - 0x00007fffb02b2000 	C:\WINDOWS\SYSTEM32\UMPDC.dll
0x00007fffae340000 - 0x00007fffae352000 	C:\WINDOWS\SYSTEM32\kernel.appcore.dll
0x00007fffa0760000 - 0x00007fffa076a000 	C:\Program Files\Java\jdk-21\bin\jimage.dll
0x00007fffadf10000 - 0x00007fffae0f4000 	C:\WINDOWS\SYSTEM32\DBGHELP.DLL
0x00007fff915b0000 - 0x00007fff915e4000 	C:\WINDOWS\SYSTEM32\dbgcore.DLL
0x00007fffb05f0000 - 0x00007fffb0672000 	C:\WINDOWS\System32\bcryptPrimitives.dll
0x00007fffa0610000 - 0x00007fffa061f000 	C:\Program Files\Java\jdk-21\bin\instrument.dll
0x00007fff92010000 - 0x00007fff9202f000 	C:\Program Files\Java\jdk-21\bin\java.dll
0x00007fffb1c00000 - 0x00007fffb236b000 	C:\WINDOWS\System32\SHELL32.dll
0x00007fffae4b0000 - 0x00007fffaec4e000 	C:\WINDOWS\SYSTEM32\windows.storage.dll
0x00007fffb1540000 - 0x00007fffb1893000 	C:\WINDOWS\System32\combase.dll
0x00007fffafdc0000 - 0x00007fffafdee000 	C:\WINDOWS\SYSTEM32\Wldp.dll
0x00007fffb1b30000 - 0x00007fffb1bfd000 	C:\WINDOWS\System32\OLEAUT32.dll
0x00007fffb1960000 - 0x00007fffb1a0d000 	C:\WINDOWS\System32\SHCORE.dll
0x00007fffb0e50000 - 0x00007fffb0ea5000 	C:\WINDOWS\System32\shlwapi.dll
0x00007fffb0390000 - 0x00007fffb03b3000 	C:\WINDOWS\SYSTEM32\profapi.dll
0x00007fff76da0000 - 0x00007fff76e77000 	C:\Program Files\Java\jdk-21\bin\jsvml.dll
0x00007fff8df20000 - 0x00007fff8df38000 	C:\Program Files\Java\jdk-21\bin\zip.dll
0x00007fff9e4a0000 - 0x00007fff9e4b0000 	C:\Program Files\Java\jdk-21\bin\net.dll
0x00007fffa5f70000 - 0x00007fffa607a000 	C:\WINDOWS\SYSTEM32\WINHTTP.dll
0x00007fffafae0000 - 0x00007fffafb4a000 	C:\WINDOWS\system32\mswsock.dll
0x00007fff8ddc0000 - 0x00007fff8ddd6000 	C:\Program Files\Java\jdk-21\bin\nio.dll
0x00007fff9c920000 - 0x00007fff9c930000 	C:\Program Files\Java\jdk-21\bin\verify.dll
0x00007fff82b20000 - 0x00007fff82b47000 	C:\Users\user\.gradle\native\c067742578af261105cb4f569cf0c3c89f3d7b1fecec35dd04571415982c5e48\windows-amd64\native-platform.dll
0x00007fff75f10000 - 0x00007fff76054000 	C:\Users\user\.gradle\native\38dada09dfb8b06ba9b0570ebf7e218e3eb74d4ef43ca46872605cf95ebc2f47\windows-amd64\native-platform-file-events.dll
0x00007fff98f30000 - 0x00007fff98f3a000 	C:\Program Files\Java\jdk-21\bin\management.dll
0x00007fff98620000 - 0x00007fff9862b000 	C:\Program Files\Java\jdk-21\bin\management_ext.dll
0x00007fffb1330000 - 0x00007fffb1338000 	C:\WINDOWS\System32\PSAPI.DLL
0x00007fffafd00000 - 0x00007fffafd18000 	C:\WINDOWS\SYSTEM32\CRYPTSP.dll
0x00007fffaf400000 - 0x00007fffaf434000 	C:\WINDOWS\system32\rsaenh.dll
0x00007fffb0310000 - 0x00007fffb033e000 	C:\WINDOWS\SYSTEM32\USERENV.dll
0x00007fffafcf0000 - 0x00007fffafcfc000 	C:\WINDOWS\SYSTEM32\CRYPTBASE.dll
0x00007fffaf7d0000 - 0x00007fffaf80b000 	C:\WINDOWS\SYSTEM32\IPHLPAPI.DLL
0x00007fffb25d0000 - 0x00007fffb25d8000 	C:\WINDOWS\System32\NSI.dll
0x00007fff98570000 - 0x00007fff98579000 	C:\Program Files\Java\jdk-21\bin\extnet.dll
0x00007fff922c0000 - 0x00007fff922ce000 	C:\Program Files\Java\jdk-21\bin\sunmscapi.dll
0x00007fffb0490000 - 0x00007fffb05ee000 	C:\WINDOWS\System32\CRYPT32.dll
0x00007fffafe30000 - 0x00007fffafe58000 	C:\WINDOWS\SYSTEM32\ncrypt.dll
0x00007fffafdf0000 - 0x00007fffafe2b000 	C:\WINDOWS\SYSTEM32\NTASN1.dll
0x00007fffa7860000 - 0x00007fffa7867000 	C:\WINDOWS\system32\wshunix.dll

dbghelp: loaded successfully - version: 4.0.5 - missing functions: none
symbol engine: initialized successfully - sym options: 0x614 - pdb path: .;C:\Program Files\Java\jdk-21\bin;C:\WINDOWS\SYSTEM32;C:\WINDOWS\WinSxS\amd64_microsoft.windows.common-controls_6595b64144ccf1df_6.0.19041.3636_none_60b6a03d71f818d5;C:\Program Files\Java\jdk-21\bin\server;C:\Users\user\.gradle\native\c067742578af261105cb4f569cf0c3c89f3d7b1fecec35dd04571415982c5e48\windows-amd64;C:\Users\user\.gradle\native\38dada09dfb8b06ba9b0570ebf7e218e3eb74d4ef43ca46872605cf95ebc2f47\windows-amd64

VM Arguments:
jvm_args: --add-opens=java.base/java.util=ALL-UNNAMED --add-opens=java.base/java.lang=ALL-UNNAMED --add-opens=java.base/java.lang.invoke=ALL-UNNAMED --add-opens=java.prefs/java.util.prefs=ALL-UNNAMED --add-opens=java.base/java.nio.charset=ALL-UNNAMED --add-opens=java.base/java.net=ALL-UNNAMED --add-opens=java.base/java.util.concurrent.atomic=ALL-UNNAMED -XX:MaxMetaspaceSize=384m -XX:+HeapDumpOnOutOfMemoryError -Xms256m -Xmx512m -Dfile.encoding=windows-1252 -Duser.country=US -Duser.language=en -Duser.variant -javaagent:C:\Users\user\.gradle\wrapper\dists\gradle-8.7-bin\bhs2wmbdwecv87pi65oeuq5iu\gradle-8.7\lib\agents\gradle-instrumentation-agent-8.7.jar 
java_command: org.gradle.launcher.daemon.bootstrap.GradleDaemon 8.7
java_class_path (initial): C:\Users\user\.gradle\wrapper\dists\gradle-8.7-bin\bhs2wmbdwecv87pi65oeuq5iu\gradle-8.7\lib\gradle-launcher-8.7.jar
Launcher Type: SUN_STANDARD

[Global flags]
     intx CICompilerCount                          = 2                                         {product} {ergonomic}
   size_t CompressedClassSpaceSize                 = 335544320                                 {product} {ergonomic}
     uint ConcGCThreads                            = 1                                         {product} {ergonomic}
     uint G1ConcRefinementThreads                  = 2                                         {product} {ergonomic}
   size_t G1HeapRegionSize                         = 1048576                                   {product} {ergonomic}
    uintx GCDrainStackTargetSize                   = 64                                        {product} {ergonomic}
     bool HeapDumpOnOutOfMemoryError               = true                                   {manageable} {command line}
   size_t InitialHeapSize                          = 268435456                                 {product} {command line}
   size_t MarkStackSize                            = 4194304                                   {product} {ergonomic}
   size_t MaxHeapSize                              = 536870912                                 {product} {command line}
   size_t MaxMetaspaceSize                         = 402653184                                 {product} {command line}
   size_t MaxNewSize                               = 321912832                                 {product} {ergonomic}
   size_t MinHeapDeltaBytes                        = 1048576                                   {product} {ergonomic}
   size_t MinHeapSize                              = 268435456                                 {product} {command line}
    uintx NonNMethodCodeHeapSize                   = 5826188                                {pd product} {ergonomic}
    uintx NonProfiledCodeHeapSize                  = 122916026                              {pd product} {ergonomic}
    uintx ProfiledCodeHeapSize                     = 122916026                              {pd product} {ergonomic}
    uintx ReservedCodeCacheSize                    = 251658240                              {pd product} {ergonomic}
     bool SegmentedCodeCache                       = true                                      {product} {ergonomic}
   size_t SoftMaxHeapSize                          = 536870912                              {manageable} {ergonomic}
     bool UseCompressedOops                        = true                           {product lp64_product} {ergonomic}
     bool UseG1GC                                  = true                                      {product} {ergonomic}
     bool UseLargePagesIndividualAllocation        = false                                  {pd product} {ergonomic}

Logging:
Log output configuration:
 #0: stdout all=warning uptime,level,tags foldmultilines=false
 #1: stderr all=off uptime,level,tags foldmultilines=false

Environment Variables:
PATH=C:\Program Files\Common Files\Oracle\Java\javapath;C:\Program Files (x86)\Common Files\Oracle\Java\javapath;C:\WINDOWS\system32;C:\WINDOWS;C:\WINDOWS\System32\Wbem;C:\WINDOWS\System32\WindowsPowerShell\v1.0\;C:\WINDOWS\System32\OpenSSH\;C:\Program Files (x86)\Dev-Cpp\MinGW64\bin;C:\Program Files\Git\cmd;C:\Program Files\PuTTY\;C:\Program Files\Java\jdk-19\bin;C:\Program Files (x86)\Windows Kits\10\Windows Performance Toolkit\;C:\Program Files\Docker\Docker\resources\bin;C:\Program Files\PowerShell\7\;C:\Program Files\CMake\bin;C:\Program Files\PostgreSQL\16\bin;C:\Program Files\Kubernetes\Minikube;C:\Users\user\.cargo\bin;C:\Users\user\AppData\Local\Programs\Python\Python310\Scripts\;C:\Users\user\AppData\Local\Programs\Python\Python310\;C:\Users\user\AppData\Local\Microsoft\WindowsApps;C:\Users\user\AppData\Local\Programs\Microsoft VS Code\bin;C:\Program Files\JetBrains\IntelliJ IDEA Community Edition 2023.1.2\bin;;C:\Users\user\Downloads\Programs\flutter\bin;;C:\Program Files\JetBrains\IntelliJ IDEA 2023.3.3\bin;
USERNAME=user
OS=Windows_NT
PROCESSOR_IDENTIFIER=AMD64 Family 23 Model 24 Stepping 1, AuthenticAMD
TMP=C:\temp
TEMP=C:\temp




Periodic native trim disabled

---------------  S Y S T E M  ---------------

OS:
 Windows 10 , 64 bit Build 19041 (10.0.19041.3636)
OS uptime: 0 days 10:32 hours
Hyper-V role detected

CPU: total 2 (initial active 2) (2 cores per cpu, 1 threads per core) family 23 model 24 stepping 1 microcode 0x0, cx8, cmov, fxsr, mmx, 3dnowpref, sse, sse2, sse3, ssse3, sse4a, sse4.1, sse4.2, popcnt, lzcnt, tsc, tscinvbit, avx, avx2, aes, clmul, bmi1, bmi2, adx, sha, fma, vzeroupper, clflush, clflushopt, hv, rdtscp, f16c
Processor Information for all 2 processors :
  Max Mhz: 2300, Current Mhz: 2300, Mhz Limit: 2300

Memory: 4k page, system-wide physical 6094M (169M free)
TotalPageFile size 18282M (AvailPageFile size 0M)
current process WorkingSet (physical memory assigned to process): 302M, peak: 302M
current process commit charge ("private bytes"): 429M, peak: 429M

vm_info: Java HotSpot(TM) 64-Bit Server VM (21.0.2+13-LTS-58) for windows-amd64 JRE (21.0.2+13-LTS-58), built on 2024-01-05T18:32:24Z by "mach5one" with MS VC++ 17.1 (VS2022)

END.
