#
# There is insufficient memory for the Java Runtime Environment to continue.
# Native memory allocation (malloc) failed to allocate 32744 bytes for Chunk::new
# Possible reasons:
#   The system is out of physical RAM or swap space
#   The process is running with CompressedOops enabled, and the Java Heap may be blocking the growth of the native heap
# Possible solutions:
#   Reduce memory load on the system
#   Increase physical memory or swap space
#   Check if swap backing store is full
#   Decrease Java heap size (-Xmx/-Xms)
#   Decrease number of Java threads
#   Decrease Java thread stack sizes (-Xss)
#   Set larger code cache with -XX:ReservedCodeCacheSize=
#   JVM is running with Unscaled Compressed Oops mode in which the Java heap is
#     placed in the first 4GB address space. The Java Heap base address is the
#     maximum limit for the native heap growth. Please use -XX:HeapBaseMinAddress
#     to set the Java Heap base and to place the Java Heap above 4GB virtual address.
# This output file may be truncated or incomplete.
#
#  Out of Memory Error (arena.cpp:168), pid=13896, tid=7356
#
# JRE version: Java(TM) SE Runtime Environment (21.0.2+13) (build 21.0.2+13-LTS-58)
# Java VM: Java HotSpot(TM) 64-Bit Server VM (21.0.2+13-LTS-58, mixed mode, sharing, tiered, compressed oops, compressed class ptrs, g1 gc, windows-amd64)
# No core dump will be written. Minidumps are not enabled by default on client versions of Windows
#

---------------  S U M M A R Y ------------

Command Line: --add-opens=java.base/java.util=ALL-UNNAMED --add-opens=java.base/java.lang=ALL-UNNAMED --add-opens=java.base/java.lang.invoke=ALL-UNNAMED --add-opens=java.prefs/java.util.prefs=ALL-UNNAMED --add-opens=java.base/java.nio.charset=ALL-UNNAMED --add-opens=java.base/java.net=ALL-UNNAMED --add-opens=java.base/java.util.concurrent.atomic=ALL-UNNAMED -XX:MaxMetaspaceSize=384m -XX:+HeapDumpOnOutOfMemoryError -Xms256m -Xmx512m -Dfile.encoding=windows-1252 -Duser.country=US -Duser.language=en -Duser.variant -javaagent:C:\Users\user\.gradle\wrapper\dists\gradle-8.7-bin\bhs2wmbdwecv87pi65oeuq5iu\gradle-8.7\lib\agents\gradle-instrumentation-agent-8.7.jar org.gradle.launcher.daemon.bootstrap.GradleDaemon 8.7

Host: AMD Athlon Silver 3050U with Radeon Graphics   , 2 cores, 5G,  Windows 10 , 64 bit Build 19041 (10.0.19041.3636)
Time: Sun May 26 17:18:25 2024 SE Asia Standard Time elapsed time: 89.929602 seconds (0d 0h 1m 29s)

---------------  T H R E A D  ---------------

Current thread (0x000002ba1f84a910):  JavaThread "C2 CompilerThread0" daemon [_thread_in_native, id=7356, stack(0x000000ffbc900000,0x000000ffbca00000) (1024K)]


Current CompileTask:
C2:  89929 4255       4       java.util.regex.Pattern::compile (537 bytes)

Stack: [0x000000ffbc900000,0x000000ffbca00000]
Native frames: (J=compiled Java code, j=interpreted, Vv=VM code, C=native code)
V  [jvm.dll+0x6cade9]
V  [jvm.dll+0x8569c1]
V  [jvm.dll+0x858d2e]
V  [jvm.dll+0x859413]
V  [jvm.dll+0x280e56]
V  [jvm.dll+0xc3f3d]
V  [jvm.dll+0xc4473]
V  [jvm.dll+0x654a5b]
V  [jvm.dll+0x654bff]
V  [jvm.dll+0x65abb9]
V  [jvm.dll+0x65bbd6]
V  [jvm.dll+0x659f0d]
V  [jvm.dll+0x249a55]
V  [jvm.dll+0x2491b1]
V  [jvm.dll+0x1c9634]
V  [jvm.dll+0x258859]
V  [jvm.dll+0x256e3a]
V  [jvm.dll+0x3ef6c6]
V  [jvm.dll+0x7ff568]
V  [jvm.dll+0x6c953d]
C  [ucrtbase.dll+0x21bb2]
C  [KERNEL32.DLL+0x17344]
C  [ntdll.dll+0x526b1]


---------------  P R O C E S S  ---------------

Threads class SMR info:
_java_thread_list=0x000002ba3b3dd5a0, length=34, elements={
0x000002ba038b1810, 0x000002ba1f843500, 0x000002ba1f8445d0, 0x000002ba1f845230,
0x000002ba1f8482b0, 0x000002ba1f849120, 0x000002ba1f849b80, 0x000002ba1f84a910,
0x000002ba1f875330, 0x000002ba1f9fcd90, 0x000002ba1fb82e90, 0x000002ba3a10c520,
0x000002ba39577890, 0x000002ba39d3ae40, 0x000002ba3a38eda0, 0x000002ba39e24610,
0x000002ba39a55720, 0x000002ba39d2f910, 0x000002ba39d2ffa0, 0x000002ba39d2ded0,
0x000002ba39d2ebf0, 0x000002ba39d31350, 0x000002ba39d30cc0, 0x000002ba39d30630,
0x000002ba39d2f280, 0x000002ba3a2e7330, 0x000002ba3a2e86e0, 0x000002ba3a2e79c0,
0x000002ba3a2e8d70, 0x000002ba3a2e9400, 0x000002ba3a2e4540, 0x000002ba3a2e5260,
0x000002ba3a2e9a90, 0x000002ba3a2e6610
}

Java Threads: ( => current thread )
  0x000002ba038b1810 JavaThread "main"                              [_thread_blocked, id=14636, stack(0x000000ffbbb00000,0x000000ffbbc00000) (1024K)]
  0x000002ba1f843500 JavaThread "Reference Handler"          daemon [_thread_blocked, id=10172, stack(0x000000ffbc300000,0x000000ffbc400000) (1024K)]
  0x000002ba1f8445d0 JavaThread "Finalizer"                  daemon [_thread_blocked, id=10624, stack(0x000000ffbc400000,0x000000ffbc500000) (1024K)]
  0x000002ba1f845230 JavaThread "Signal Dispatcher"          daemon [_thread_blocked, id=14448, stack(0x000000ffbc500000,0x000000ffbc600000) (1024K)]
  0x000002ba1f8482b0 JavaThread "Attach Listener"            daemon [_thread_blocked, id=10508, stack(0x000000ffbc600000,0x000000ffbc700000) (1024K)]
  0x000002ba1f849120 JavaThread "Service Thread"             daemon [_thread_blocked, id=304, stack(0x000000ffbc700000,0x000000ffbc800000) (1024K)]
  0x000002ba1f849b80 JavaThread "Monitor Deflation Thread"   daemon [_thread_blocked, id=5712, stack(0x000000ffbc800000,0x000000ffbc900000) (1024K)]
=>0x000002ba1f84a910 JavaThread "C2 CompilerThread0"         daemon [_thread_in_native, id=7356, stack(0x000000ffbc900000,0x000000ffbca00000) (1024K)]
  0x000002ba1f875330 JavaThread "C1 CompilerThread0"         daemon [_thread_in_vm, id=8912, stack(0x000000ffbca00000,0x000000ffbcb00000) (1024K)]
  0x000002ba1f9fcd90 JavaThread "Common-Cleaner"             daemon [_thread_blocked, id=10896, stack(0x000000ffbcb00000,0x000000ffbcc00000) (1024K)]
  0x000002ba1fb82e90 JavaThread "Notification Thread"        daemon [_thread_blocked, id=10512, stack(0x000000ffbcc00000,0x000000ffbcd00000) (1024K)]
  0x000002ba3a10c520 JavaThread "Daemon health stats"               [_thread_blocked, id=8280, stack(0x000000ffbce00000,0x000000ffbcf00000) (1024K)]
  0x000002ba39577890 JavaThread "Incoming local TCP Connector on port 52838"        [_thread_in_native, id=8612, stack(0x000000ffbcf00000,0x000000ffbd000000) (1024K)]
  0x000002ba39d3ae40 JavaThread "Daemon periodic checks"            [_thread_blocked, id=7408, stack(0x000000ffbd000000,0x000000ffbd100000) (1024K)]
  0x000002ba3a38eda0 JavaThread "Daemon"                            [_thread_blocked, id=1860, stack(0x000000ffbd100000,0x000000ffbd200000) (1024K)]
  0x000002ba39e24610 JavaThread "Handler for socket connection from /127.0.0.1:52838 to /127.0.0.1:52839"        [_thread_in_native, id=3012, stack(0x000000ffbd200000,0x000000ffbd300000) (1024K)]
  0x000002ba39a55720 JavaThread "Cancel handler"                    [_thread_blocked, id=9204, stack(0x000000ffbd300000,0x000000ffbd400000) (1024K)]
  0x000002ba39d2f910 JavaThread "Daemon worker"                     [_thread_in_Java, id=6880, stack(0x000000ffbd400000,0x000000ffbd500000) (1024K)]
  0x000002ba39d2ffa0 JavaThread "Asynchronous log dispatcher for DefaultDaemonConnection: socket connection from /127.0.0.1:52838 to /127.0.0.1:52839"        [_thread_blocked, id=6264, stack(0x000000ffbd500000,0x000000ffbd600000) (1024K)]
  0x000002ba39d2ded0 JavaThread "Stdin handler"                     [_thread_blocked, id=7848, stack(0x000000ffbd600000,0x000000ffbd700000) (1024K)]
  0x000002ba39d2ebf0 JavaThread "Daemon client event forwarder"        [_thread_blocked, id=3752, stack(0x000000ffbd700000,0x000000ffbd800000) (1024K)]
  0x000002ba39d31350 JavaThread "Cache worker for journal cache (C:\Users\user\.gradle\caches\journal-1)"        [_thread_blocked, id=11748, stack(0x000000ffbd800000,0x000000ffbd900000) (1024K)]
  0x000002ba39d30cc0 JavaThread "File lock request listener"        [_thread_in_native, id=2212, stack(0x000000ffbd900000,0x000000ffbda00000) (1024K)]
  0x000002ba39d30630 JavaThread "File lock release action executor"        [_thread_blocked, id=4416, stack(0x000000ffbda00000,0x000000ffbdb00000) (1024K)]
  0x000002ba39d2f280 JavaThread "Cache worker for file hash cache (C:\Users\user\.gradle\caches\8.7\fileHashes)"        [_thread_blocked, id=12540, stack(0x000000ffbdb00000,0x000000ffbdc00000) (1024K)]
  0x000002ba3a2e7330 JavaThread "Cache worker for file hash cache (C:\Users\user\IdeaProjects\microservice-requestproduct\.gradle\8.7\fileHashes)"        [_thread_blocked, id=5600, stack(0x000000ffbdc00000,0x000000ffbdd00000) (1024K)]
  0x000002ba3a2e86e0 JavaThread "File watcher server"        daemon [_thread_in_native, id=11824, stack(0x000000ffbdd00000,0x000000ffbde00000) (1024K)]
  0x000002ba3a2e79c0 JavaThread "File watcher consumer"      daemon [_thread_blocked, id=10684, stack(0x000000ffbde00000,0x000000ffbdf00000) (1024K)]
  0x000002ba3a2e8d70 JavaThread "Cache worker for checksums cache (C:\Users\user\IdeaProjects\microservice-requestproduct\.gradle\8.7\checksums)"        [_thread_blocked, id=15288, stack(0x000000ffbdf00000,0x000000ffbe000000) (1024K)]
  0x000002ba3a2e9400 JavaThread "Cache worker for cache directory md-supplier (C:\Users\user\.gradle\caches\8.7\md-supplier)"        [_thread_blocked, id=14844, stack(0x000000ffbe000000,0x000000ffbe100000) (1024K)]
  0x000002ba3a2e4540 JavaThread "Cache worker for cache directory md-rule (C:\Users\user\.gradle\caches\8.7\md-rule)"        [_thread_blocked, id=11308, stack(0x000000ffbe100000,0x000000ffbe200000) (1024K)]
  0x000002ba3a2e5260 JavaThread "Cache worker for file content cache (C:\Users\user\.gradle\caches\8.7\fileContent)"        [_thread_blocked, id=10144, stack(0x000000ffbe200000,0x000000ffbe300000) (1024K)]
  0x000002ba3a2e9a90 JavaThread "jar transforms"                    [_thread_blocked, id=12604, stack(0x000000ffbe300000,0x000000ffbe400000) (1024K)]
  0x000002ba3a2e6610 JavaThread "jar transforms Thread 2"           [_thread_blocked, id=13892, stack(0x000000ffbe400000,0x000000ffbe500000) (1024K)]
Total: 34

Other Threads:
  0x000002ba1f8225d0 VMThread "VM Thread"                           [id=14916, stack(0x000000ffbc200000,0x000000ffbc300000) (1024K)]
  0x000002ba1f8092a0 WatcherThread "VM Periodic Task Thread"        [id=12640, stack(0x000000ffbc100000,0x000000ffbc200000) (1024K)]
  0x000002ba03a16c30 WorkerThread "GC Thread#0"                     [id=6464, stack(0x000000ffbbc00000,0x000000ffbbd00000) (1024K)]
  0x000002ba3900b890 WorkerThread "GC Thread#1"                     [id=8944, stack(0x000000ffbcd00000,0x000000ffbce00000) (1024K)]
  0x000002ba03a1bb20 ConcurrentGCThread "G1 Main Marker"            [id=15112, stack(0x000000ffbbd00000,0x000000ffbbe00000) (1024K)]
  0x000002ba03a1c530 WorkerThread "G1 Conc#0"                       [id=13840, stack(0x000000ffbbe00000,0x000000ffbbf00000) (1024K)]
  0x000002ba03abea00 ConcurrentGCThread "G1 Refine#0"               [id=1932, stack(0x000000ffbbf00000,0x000000ffbc000000) (1024K)]
  0x000002ba1f6df820 ConcurrentGCThread "G1 Service"                [id=13436, stack(0x000000ffbc000000,0x000000ffbc100000) (1024K)]
Total: 8

Threads with active compile tasks:
C2 CompilerThread0    89965 4255       4       java.util.regex.Pattern::compile (537 bytes)
Total: 1

VM state: not at safepoint (normal execution)

VM Mutex/Monitor currently owned by a thread: None

Heap address: 0x00000000e0000000, size: 512 MB, Compressed Oops mode: 32-bit

CDS archive(s) mapped at: [0x000002ba20000000-0x000002ba20c90000-0x000002ba20c90000), size 13172736, SharedBaseAddress: 0x000002ba20000000, ArchiveRelocationMode: 1.
Compressed class space mapped at: 0x000002ba21000000-0x000002ba35000000, reserved size: 335544320
Narrow klass base: 0x000002ba20000000, Narrow klass shift: 0, Narrow klass range: 0x100000000

GC Precious Log:
 CardTable entry size: 512
 Card Set container configuration: InlinePtr #cards 5 size 8 Array Of Cards #cards 12 size 40 Howl #buckets 4 coarsen threshold 1843 Howl Bitmap #cards 512 size 80 coarsen threshold 460 Card regions per heap region 1 cards per card region 2048
 CPUs: 2 total, 2 available
 Memory: 6094M
 Large Page Support: Disabled
 NUMA Support: Disabled
 Compressed Oops: Enabled (32-bit)
 Heap Region Size: 1M
 Heap Min Capacity: 256M
 Heap Initial Capacity: 256M
 Heap Max Capacity: 512M
 Pre-touch: Disabled
 Parallel Workers: 2
 Concurrent Workers: 1
 Concurrent Refinement Workers: 2
 Periodic GC: Disabled

Heap:
 garbage-first heap   total 262144K, used 48049K [0x00000000e0000000, 0x0000000100000000)
  region size 1024K, 27 young (27648K), 6 survivors (6144K)
 Metaspace       used 35168K, committed 36352K, reserved 393216K
  class space    used 5051K, committed 5632K, reserved 327680K

Heap Regions: E=young(eden), S=young(survivor), O=old, HS=humongous(starts), HC=humongous(continues), CS=collection set, F=free, TAMS=top-at-mark-start, PB=parsable bottom
|   0|0x00000000e0000000, 0x00000000e0100000, 0x00000000e0100000|100%|HS|  |TAMS 0x00000000e0000000| PB 0x00000000e0000000| Complete 
|   1|0x00000000e0100000, 0x00000000e0200000, 0x00000000e0200000|100%|HC|  |TAMS 0x00000000e0100000| PB 0x00000000e0100000| Complete 
|   2|0x00000000e0200000, 0x00000000e0300000, 0x00000000e0300000|100%|HC|  |TAMS 0x00000000e0200000| PB 0x00000000e0200000| Complete 
|   3|0x00000000e0300000, 0x00000000e0400000, 0x00000000e0400000|100%|HC|  |TAMS 0x00000000e0300000| PB 0x00000000e0300000| Complete 
|   4|0x00000000e0400000, 0x00000000e0500000, 0x00000000e0500000|100%| O|  |TAMS 0x00000000e0400000| PB 0x00000000e0400000| Untracked 
|   5|0x00000000e0500000, 0x00000000e0600000, 0x00000000e0600000|100%| O|  |TAMS 0x00000000e0500000| PB 0x00000000e0500000| Untracked 
|   6|0x00000000e0600000, 0x00000000e0700000, 0x00000000e0700000|100%| O|  |TAMS 0x00000000e0600000| PB 0x00000000e0600000| Untracked 
|   7|0x00000000e0700000, 0x00000000e0800000, 0x00000000e0800000|100%| O|  |TAMS 0x00000000e0700000| PB 0x00000000e0700000| Untracked 
|   8|0x00000000e0800000, 0x00000000e0900000, 0x00000000e0900000|100%| O|  |TAMS 0x00000000e0800000| PB 0x00000000e0800000| Untracked 
|   9|0x00000000e0900000, 0x00000000e0a00000, 0x00000000e0a00000|100%| O|  |TAMS 0x00000000e0900000| PB 0x00000000e0900000| Untracked 
|  10|0x00000000e0a00000, 0x00000000e0b00000, 0x00000000e0b00000|100%| O|  |TAMS 0x00000000e0a00000| PB 0x00000000e0a00000| Untracked 
|  11|0x00000000e0b00000, 0x00000000e0c00000, 0x00000000e0c00000|100%| O|Cm|TAMS 0x00000000e0b00000| PB 0x00000000e0b00000| Complete 
|  12|0x00000000e0c00000, 0x00000000e0d00000, 0x00000000e0d00000|100%| O|  |TAMS 0x00000000e0c00000| PB 0x00000000e0c00000| Untracked 
|  13|0x00000000e0d00000, 0x00000000e0e00000, 0x00000000e0e00000|100%| O|  |TAMS 0x00000000e0d00000| PB 0x00000000e0d00000| Untracked 
|  14|0x00000000e0e00000, 0x00000000e0f00000, 0x00000000e0f00000|100%| O|  |TAMS 0x00000000e0e00000| PB 0x00000000e0e00000| Untracked 
|  15|0x00000000e0f00000, 0x00000000e1000000, 0x00000000e1000000|100%| O|  |TAMS 0x00000000e0f00000| PB 0x00000000e0f00000| Untracked 
|  16|0x00000000e1000000, 0x00000000e1100000, 0x00000000e1100000|100%| O|  |TAMS 0x00000000e1000000| PB 0x00000000e1000000| Untracked 
|  17|0x00000000e1100000, 0x00000000e1200000, 0x00000000e1200000|100%| O|  |TAMS 0x00000000e1100000| PB 0x00000000e1100000| Untracked 
|  18|0x00000000e1200000, 0x00000000e1300000, 0x00000000e1300000|100%| O|  |TAMS 0x00000000e1200000| PB 0x00000000e1200000| Untracked 
|  19|0x00000000e1300000, 0x00000000e1400000, 0x00000000e1400000|100%| O|  |TAMS 0x00000000e1300000| PB 0x00000000e1300000| Untracked 
|  20|0x00000000e1400000, 0x00000000e1500000, 0x00000000e1500000|100%| O|  |TAMS 0x00000000e1400000| PB 0x00000000e1400000| Untracked 
|  21|0x00000000e1500000, 0x00000000e1600000, 0x00000000e1600000|100%| O|  |TAMS 0x00000000e1500000| PB 0x00000000e1500000| Untracked 
|  22|0x00000000e1600000, 0x00000000e166c600, 0x00000000e1700000| 42%| O|  |TAMS 0x00000000e1600000| PB 0x00000000e1600000| Untracked 
|  23|0x00000000e1700000, 0x00000000e1700000, 0x00000000e1800000|  0%| F|  |TAMS 0x00000000e1700000| PB 0x00000000e1700000| Untracked 
|  24|0x00000000e1800000, 0x00000000e1800000, 0x00000000e1900000|  0%| F|  |TAMS 0x00000000e1800000| PB 0x00000000e1800000| Untracked 
|  25|0x00000000e1900000, 0x00000000e1900000, 0x00000000e1a00000|  0%| F|  |TAMS 0x00000000e1900000| PB 0x00000000e1900000| Untracked 
|  26|0x00000000e1a00000, 0x00000000e1a00000, 0x00000000e1b00000|  0%| F|  |TAMS 0x00000000e1a00000| PB 0x00000000e1a00000| Untracked 
|  27|0x00000000e1b00000, 0x00000000e1b00000, 0x00000000e1c00000|  0%| F|  |TAMS 0x00000000e1b00000| PB 0x00000000e1b00000| Untracked 
|  28|0x00000000e1c00000, 0x00000000e1c00000, 0x00000000e1d00000|  0%| F|  |TAMS 0x00000000e1c00000| PB 0x00000000e1c00000| Untracked 
|  29|0x00000000e1d00000, 0x00000000e1d00000, 0x00000000e1e00000|  0%| F|  |TAMS 0x00000000e1d00000| PB 0x00000000e1d00000| Untracked 
|  30|0x00000000e1e00000, 0x00000000e1e00000, 0x00000000e1f00000|  0%| F|  |TAMS 0x00000000e1e00000| PB 0x00000000e1e00000| Untracked 
|  31|0x00000000e1f00000, 0x00000000e1f00000, 0x00000000e2000000|  0%| F|  |TAMS 0x00000000e1f00000| PB 0x00000000e1f00000| Untracked 
|  32|0x00000000e2000000, 0x00000000e2000000, 0x00000000e2100000|  0%| F|  |TAMS 0x00000000e2000000| PB 0x00000000e2000000| Untracked 
|  33|0x00000000e2100000, 0x00000000e2100000, 0x00000000e2200000|  0%| F|  |TAMS 0x00000000e2100000| PB 0x00000000e2100000| Untracked 
|  34|0x00000000e2200000, 0x00000000e2200000, 0x00000000e2300000|  0%| F|  |TAMS 0x00000000e2200000| PB 0x00000000e2200000| Untracked 
|  35|0x00000000e2300000, 0x00000000e2300000, 0x00000000e2400000|  0%| F|  |TAMS 0x00000000e2300000| PB 0x00000000e2300000| Untracked 
|  36|0x00000000e2400000, 0x00000000e2400000, 0x00000000e2500000|  0%| F|  |TAMS 0x00000000e2400000| PB 0x00000000e2400000| Untracked 
|  37|0x00000000e2500000, 0x00000000e2500000, 0x00000000e2600000|  0%| F|  |TAMS 0x00000000e2500000| PB 0x00000000e2500000| Untracked 
|  38|0x00000000e2600000, 0x00000000e2600000, 0x00000000e2700000|  0%| F|  |TAMS 0x00000000e2600000| PB 0x00000000e2600000| Untracked 
|  39|0x00000000e2700000, 0x00000000e2700000, 0x00000000e2800000|  0%| F|  |TAMS 0x00000000e2700000| PB 0x00000000e2700000| Untracked 
|  40|0x00000000e2800000, 0x00000000e2800000, 0x00000000e2900000|  0%| F|  |TAMS 0x00000000e2800000| PB 0x00000000e2800000| Untracked 
|  41|0x00000000e2900000, 0x00000000e2900000, 0x00000000e2a00000|  0%| F|  |TAMS 0x00000000e2900000| PB 0x00000000e2900000| Untracked 
|  42|0x00000000e2a00000, 0x00000000e2a00000, 0x00000000e2b00000|  0%| F|  |TAMS 0x00000000e2a00000| PB 0x00000000e2a00000| Untracked 
|  43|0x00000000e2b00000, 0x00000000e2b00000, 0x00000000e2c00000|  0%| F|  |TAMS 0x00000000e2b00000| PB 0x00000000e2b00000| Untracked 
|  44|0x00000000e2c00000, 0x00000000e2c00000, 0x00000000e2d00000|  0%| F|  |TAMS 0x00000000e2c00000| PB 0x00000000e2c00000| Untracked 
|  45|0x00000000e2d00000, 0x00000000e2d00000, 0x00000000e2e00000|  0%| F|  |TAMS 0x00000000e2d00000| PB 0x00000000e2d00000| Untracked 
|  46|0x00000000e2e00000, 0x00000000e2e00000, 0x00000000e2f00000|  0%| F|  |TAMS 0x00000000e2e00000| PB 0x00000000e2e00000| Untracked 
|  47|0x00000000e2f00000, 0x00000000e2f00000, 0x00000000e3000000|  0%| F|  |TAMS 0x00000000e2f00000| PB 0x00000000e2f00000| Untracked 
|  48|0x00000000e3000000, 0x00000000e3000000, 0x00000000e3100000|  0%| F|  |TAMS 0x00000000e3000000| PB 0x00000000e3000000| Untracked 
|  49|0x00000000e3100000, 0x00000000e3100000, 0x00000000e3200000|  0%| F|  |TAMS 0x00000000e3100000| PB 0x00000000e3100000| Untracked 
|  50|0x00000000e3200000, 0x00000000e3200000, 0x00000000e3300000|  0%| F|  |TAMS 0x00000000e3200000| PB 0x00000000e3200000| Untracked 
|  51|0x00000000e3300000, 0x00000000e3300000, 0x00000000e3400000|  0%| F|  |TAMS 0x00000000e3300000| PB 0x00000000e3300000| Untracked 
|  52|0x00000000e3400000, 0x00000000e3400000, 0x00000000e3500000|  0%| F|  |TAMS 0x00000000e3400000| PB 0x00000000e3400000| Untracked 
|  53|0x00000000e3500000, 0x00000000e3500000, 0x00000000e3600000|  0%| F|  |TAMS 0x00000000e3500000| PB 0x00000000e3500000| Untracked 
|  54|0x00000000e3600000, 0x00000000e3600000, 0x00000000e3700000|  0%| F|  |TAMS 0x00000000e3600000| PB 0x00000000e3600000| Untracked 
|  55|0x00000000e3700000, 0x00000000e3700000, 0x00000000e3800000|  0%| F|  |TAMS 0x00000000e3700000| PB 0x00000000e3700000| Untracked 
|  56|0x00000000e3800000, 0x00000000e3800000, 0x00000000e3900000|  0%| F|  |TAMS 0x00000000e3800000| PB 0x00000000e3800000| Untracked 
|  57|0x00000000e3900000, 0x00000000e3900000, 0x00000000e3a00000|  0%| F|  |TAMS 0x00000000e3900000| PB 0x00000000e3900000| Untracked 
|  58|0x00000000e3a00000, 0x00000000e3a00000, 0x00000000e3b00000|  0%| F|  |TAMS 0x00000000e3a00000| PB 0x00000000e3a00000| Untracked 
|  59|0x00000000e3b00000, 0x00000000e3b00000, 0x00000000e3c00000|  0%| F|  |TAMS 0x00000000e3b00000| PB 0x00000000e3b00000| Untracked 
|  60|0x00000000e3c00000, 0x00000000e3c00000, 0x00000000e3d00000|  0%| F|  |TAMS 0x00000000e3c00000| PB 0x00000000e3c00000| Untracked 
|  61|0x00000000e3d00000, 0x00000000e3d00000, 0x00000000e3e00000|  0%| F|  |TAMS 0x00000000e3d00000| PB 0x00000000e3d00000| Untracked 
|  62|0x00000000e3e00000, 0x00000000e3e00000, 0x00000000e3f00000|  0%| F|  |TAMS 0x00000000e3e00000| PB 0x00000000e3e00000| Untracked 
|  63|0x00000000e3f00000, 0x00000000e3f00000, 0x00000000e4000000|  0%| F|  |TAMS 0x00000000e3f00000| PB 0x00000000e3f00000| Untracked 
|  64|0x00000000e4000000, 0x00000000e4000000, 0x00000000e4100000|  0%| F|  |TAMS 0x00000000e4000000| PB 0x00000000e4000000| Untracked 
|  65|0x00000000e4100000, 0x00000000e4100000, 0x00000000e4200000|  0%| F|  |TAMS 0x00000000e4100000| PB 0x00000000e4100000| Untracked 
|  66|0x00000000e4200000, 0x00000000e4200000, 0x00000000e4300000|  0%| F|  |TAMS 0x00000000e4200000| PB 0x00000000e4200000| Untracked 
|  67|0x00000000e4300000, 0x00000000e4300000, 0x00000000e4400000|  0%| F|  |TAMS 0x00000000e4300000| PB 0x00000000e4300000| Untracked 
|  68|0x00000000e4400000, 0x00000000e4400000, 0x00000000e4500000|  0%| F|  |TAMS 0x00000000e4400000| PB 0x00000000e4400000| Untracked 
|  69|0x00000000e4500000, 0x00000000e4500000, 0x00000000e4600000|  0%| F|  |TAMS 0x00000000e4500000| PB 0x00000000e4500000| Untracked 
|  70|0x00000000e4600000, 0x00000000e4600000, 0x00000000e4700000|  0%| F|  |TAMS 0x00000000e4600000| PB 0x00000000e4600000| Untracked 
|  71|0x00000000e4700000, 0x00000000e4700000, 0x00000000e4800000|  0%| F|  |TAMS 0x00000000e4700000| PB 0x00000000e4700000| Untracked 
|  72|0x00000000e4800000, 0x00000000e4800000, 0x00000000e4900000|  0%| F|  |TAMS 0x00000000e4800000| PB 0x00000000e4800000| Untracked 
|  73|0x00000000e4900000, 0x00000000e4900000, 0x00000000e4a00000|  0%| F|  |TAMS 0x00000000e4900000| PB 0x00000000e4900000| Untracked 
|  74|0x00000000e4a00000, 0x00000000e4a00000, 0x00000000e4b00000|  0%| F|  |TAMS 0x00000000e4a00000| PB 0x00000000e4a00000| Untracked 
|  75|0x00000000e4b00000, 0x00000000e4b00000, 0x00000000e4c00000|  0%| F|  |TAMS 0x00000000e4b00000| PB 0x00000000e4b00000| Untracked 
|  76|0x00000000e4c00000, 0x00000000e4c00000, 0x00000000e4d00000|  0%| F|  |TAMS 0x00000000e4c00000| PB 0x00000000e4c00000| Untracked 
|  77|0x00000000e4d00000, 0x00000000e4d00000, 0x00000000e4e00000|  0%| F|  |TAMS 0x00000000e4d00000| PB 0x00000000e4d00000| Untracked 
|  78|0x00000000e4e00000, 0x00000000e4e00000, 0x00000000e4f00000|  0%| F|  |TAMS 0x00000000e4e00000| PB 0x00000000e4e00000| Untracked 
|  79|0x00000000e4f00000, 0x00000000e4f00000, 0x00000000e5000000|  0%| F|  |TAMS 0x00000000e4f00000| PB 0x00000000e4f00000| Untracked 
|  80|0x00000000e5000000, 0x00000000e5000000, 0x00000000e5100000|  0%| F|  |TAMS 0x00000000e5000000| PB 0x00000000e5000000| Untracked 
|  81|0x00000000e5100000, 0x00000000e5100000, 0x00000000e5200000|  0%| F|  |TAMS 0x00000000e5100000| PB 0x00000000e5100000| Untracked 
|  82|0x00000000e5200000, 0x00000000e5200000, 0x00000000e5300000|  0%| F|  |TAMS 0x00000000e5200000| PB 0x00000000e5200000| Untracked 
|  83|0x00000000e5300000, 0x00000000e5300000, 0x00000000e5400000|  0%| F|  |TAMS 0x00000000e5300000| PB 0x00000000e5300000| Untracked 
|  84|0x00000000e5400000, 0x00000000e5400000, 0x00000000e5500000|  0%| F|  |TAMS 0x00000000e5400000| PB 0x00000000e5400000| Untracked 
|  85|0x00000000e5500000, 0x00000000e5500000, 0x00000000e5600000|  0%| F|  |TAMS 0x00000000e5500000| PB 0x00000000e5500000| Untracked 
|  86|0x00000000e5600000, 0x00000000e5600000, 0x00000000e5700000|  0%| F|  |TAMS 0x00000000e5600000| PB 0x00000000e5600000| Untracked 
|  87|0x00000000e5700000, 0x00000000e5700000, 0x00000000e5800000|  0%| F|  |TAMS 0x00000000e5700000| PB 0x00000000e5700000| Untracked 
|  88|0x00000000e5800000, 0x00000000e5800000, 0x00000000e5900000|  0%| F|  |TAMS 0x00000000e5800000| PB 0x00000000e5800000| Untracked 
|  89|0x00000000e5900000, 0x00000000e5900000, 0x00000000e5a00000|  0%| F|  |TAMS 0x00000000e5900000| PB 0x00000000e5900000| Untracked 
|  90|0x00000000e5a00000, 0x00000000e5a00000, 0x00000000e5b00000|  0%| F|  |TAMS 0x00000000e5a00000| PB 0x00000000e5a00000| Untracked 
|  91|0x00000000e5b00000, 0x00000000e5b00000, 0x00000000e5c00000|  0%| F|  |TAMS 0x00000000e5b00000| PB 0x00000000e5b00000| Untracked 
|  92|0x00000000e5c00000, 0x00000000e5c00000, 0x00000000e5d00000|  0%| F|  |TAMS 0x00000000e5c00000| PB 0x00000000e5c00000| Untracked 
|  93|0x00000000e5d00000, 0x00000000e5d00000, 0x00000000e5e00000|  0%| F|  |TAMS 0x00000000e5d00000| PB 0x00000000e5d00000| Untracked 
|  94|0x00000000e5e00000, 0x00000000e5e00000, 0x00000000e5f00000|  0%| F|  |TAMS 0x00000000e5e00000| PB 0x00000000e5e00000| Untracked 
|  95|0x00000000e5f00000, 0x00000000e5f00000, 0x00000000e6000000|  0%| F|  |TAMS 0x00000000e5f00000| PB 0x00000000e5f00000| Untracked 
|  96|0x00000000e6000000, 0x00000000e6000000, 0x00000000e6100000|  0%| F|  |TAMS 0x00000000e6000000| PB 0x00000000e6000000| Untracked 
|  97|0x00000000e6100000, 0x00000000e6100000, 0x00000000e6200000|  0%| F|  |TAMS 0x00000000e6100000| PB 0x00000000e6100000| Untracked 
|  98|0x00000000e6200000, 0x00000000e6200000, 0x00000000e6300000|  0%| F|  |TAMS 0x00000000e6200000| PB 0x00000000e6200000| Untracked 
|  99|0x00000000e6300000, 0x00000000e6300000, 0x00000000e6400000|  0%| F|  |TAMS 0x00000000e6300000| PB 0x00000000e6300000| Untracked 
| 100|0x00000000e6400000, 0x00000000e6400000, 0x00000000e6500000|  0%| F|  |TAMS 0x00000000e6400000| PB 0x00000000e6400000| Untracked 
| 101|0x00000000e6500000, 0x00000000e6500000, 0x00000000e6600000|  0%| F|  |TAMS 0x00000000e6500000| PB 0x00000000e6500000| Untracked 
| 102|0x00000000e6600000, 0x00000000e6600000, 0x00000000e6700000|  0%| F|  |TAMS 0x00000000e6600000| PB 0x00000000e6600000| Untracked 
| 103|0x00000000e6700000, 0x00000000e6700000, 0x00000000e6800000|  0%| F|  |TAMS 0x00000000e6700000| PB 0x00000000e6700000| Untracked 
| 104|0x00000000e6800000, 0x00000000e6800000, 0x00000000e6900000|  0%| F|  |TAMS 0x00000000e6800000| PB 0x00000000e6800000| Untracked 
| 105|0x00000000e6900000, 0x00000000e6900000, 0x00000000e6a00000|  0%| F|  |TAMS 0x00000000e6900000| PB 0x00000000e6900000| Untracked 
| 106|0x00000000e6a00000, 0x00000000e6a00000, 0x00000000e6b00000|  0%| F|  |TAMS 0x00000000e6a00000| PB 0x00000000e6a00000| Untracked 
| 107|0x00000000e6b00000, 0x00000000e6b00000, 0x00000000e6c00000|  0%| F|  |TAMS 0x00000000e6b00000| PB 0x00000000e6b00000| Untracked 
| 108|0x00000000e6c00000, 0x00000000e6c00000, 0x00000000e6d00000|  0%| F|  |TAMS 0x00000000e6c00000| PB 0x00000000e6c00000| Untracked 
| 109|0x00000000e6d00000, 0x00000000e6d00000, 0x00000000e6e00000|  0%| F|  |TAMS 0x00000000e6d00000| PB 0x00000000e6d00000| Untracked 
| 110|0x00000000e6e00000, 0x00000000e6e00000, 0x00000000e6f00000|  0%| F|  |TAMS 0x00000000e6e00000| PB 0x00000000e6e00000| Untracked 
| 111|0x00000000e6f00000, 0x00000000e6f00000, 0x00000000e7000000|  0%| F|  |TAMS 0x00000000e6f00000| PB 0x00000000e6f00000| Untracked 
| 112|0x00000000e7000000, 0x00000000e7000000, 0x00000000e7100000|  0%| F|  |TAMS 0x00000000e7000000| PB 0x00000000e7000000| Untracked 
| 113|0x00000000e7100000, 0x00000000e7100000, 0x00000000e7200000|  0%| F|  |TAMS 0x00000000e7100000| PB 0x00000000e7100000| Untracked 
| 114|0x00000000e7200000, 0x00000000e7200000, 0x00000000e7300000|  0%| F|  |TAMS 0x00000000e7200000| PB 0x00000000e7200000| Untracked 
| 115|0x00000000e7300000, 0x00000000e7300000, 0x00000000e7400000|  0%| F|  |TAMS 0x00000000e7300000| PB 0x00000000e7300000| Untracked 
| 116|0x00000000e7400000, 0x00000000e7400000, 0x00000000e7500000|  0%| F|  |TAMS 0x00000000e7400000| PB 0x00000000e7400000| Untracked 
| 117|0x00000000e7500000, 0x00000000e7500000, 0x00000000e7600000|  0%| F|  |TAMS 0x00000000e7500000| PB 0x00000000e7500000| Untracked 
| 118|0x00000000e7600000, 0x00000000e7600000, 0x00000000e7700000|  0%| F|  |TAMS 0x00000000e7600000| PB 0x00000000e7600000| Untracked 
| 119|0x00000000e7700000, 0x00000000e7700000, 0x00000000e7800000|  0%| F|  |TAMS 0x00000000e7700000| PB 0x00000000e7700000| Untracked 
| 120|0x00000000e7800000, 0x00000000e7800000, 0x00000000e7900000|  0%| F|  |TAMS 0x00000000e7800000| PB 0x00000000e7800000| Untracked 
| 121|0x00000000e7900000, 0x00000000e7900000, 0x00000000e7a00000|  0%| F|  |TAMS 0x00000000e7900000| PB 0x00000000e7900000| Untracked 
| 122|0x00000000e7a00000, 0x00000000e7a00000, 0x00000000e7b00000|  0%| F|  |TAMS 0x00000000e7a00000| PB 0x00000000e7a00000| Untracked 
| 123|0x00000000e7b00000, 0x00000000e7b00000, 0x00000000e7c00000|  0%| F|  |TAMS 0x00000000e7b00000| PB 0x00000000e7b00000| Untracked 
| 124|0x00000000e7c00000, 0x00000000e7c00000, 0x00000000e7d00000|  0%| F|  |TAMS 0x00000000e7c00000| PB 0x00000000e7c00000| Untracked 
| 125|0x00000000e7d00000, 0x00000000e7d00000, 0x00000000e7e00000|  0%| F|  |TAMS 0x00000000e7d00000| PB 0x00000000e7d00000| Untracked 
| 126|0x00000000e7e00000, 0x00000000e7e00000, 0x00000000e7f00000|  0%| F|  |TAMS 0x00000000e7e00000| PB 0x00000000e7e00000| Untracked 
| 127|0x00000000e7f00000, 0x00000000e7f00000, 0x00000000e8000000|  0%| F|  |TAMS 0x00000000e7f00000| PB 0x00000000e7f00000| Untracked 
| 128|0x00000000e8000000, 0x00000000e8000000, 0x00000000e8100000|  0%| F|  |TAMS 0x00000000e8000000| PB 0x00000000e8000000| Untracked 
| 129|0x00000000e8100000, 0x00000000e8100000, 0x00000000e8200000|  0%| F|  |TAMS 0x00000000e8100000| PB 0x00000000e8100000| Untracked 
| 130|0x00000000e8200000, 0x00000000e8200000, 0x00000000e8300000|  0%| F|  |TAMS 0x00000000e8200000| PB 0x00000000e8200000| Untracked 
| 131|0x00000000e8300000, 0x00000000e8300000, 0x00000000e8400000|  0%| F|  |TAMS 0x00000000e8300000| PB 0x00000000e8300000| Untracked 
| 132|0x00000000e8400000, 0x00000000e8400000, 0x00000000e8500000|  0%| F|  |TAMS 0x00000000e8400000| PB 0x00000000e8400000| Untracked 
| 133|0x00000000e8500000, 0x00000000e8500000, 0x00000000e8600000|  0%| F|  |TAMS 0x00000000e8500000| PB 0x00000000e8500000| Untracked 
| 134|0x00000000e8600000, 0x00000000e8600000, 0x00000000e8700000|  0%| F|  |TAMS 0x00000000e8600000| PB 0x00000000e8600000| Untracked 
| 135|0x00000000e8700000, 0x00000000e8700000, 0x00000000e8800000|  0%| F|  |TAMS 0x00000000e8700000| PB 0x00000000e8700000| Untracked 
| 136|0x00000000e8800000, 0x00000000e8800000, 0x00000000e8900000|  0%| F|  |TAMS 0x00000000e8800000| PB 0x00000000e8800000| Untracked 
| 137|0x00000000e8900000, 0x00000000e8900000, 0x00000000e8a00000|  0%| F|  |TAMS 0x00000000e8900000| PB 0x00000000e8900000| Untracked 
| 138|0x00000000e8a00000, 0x00000000e8a00000, 0x00000000e8b00000|  0%| F|  |TAMS 0x00000000e8a00000| PB 0x00000000e8a00000| Untracked 
| 139|0x00000000e8b00000, 0x00000000e8b00000, 0x00000000e8c00000|  0%| F|  |TAMS 0x00000000e8b00000| PB 0x00000000e8b00000| Untracked 
| 140|0x00000000e8c00000, 0x00000000e8c00000, 0x00000000e8d00000|  0%| F|  |TAMS 0x00000000e8c00000| PB 0x00000000e8c00000| Untracked 
| 141|0x00000000e8d00000, 0x00000000e8d00000, 0x00000000e8e00000|  0%| F|  |TAMS 0x00000000e8d00000| PB 0x00000000e8d00000| Untracked 
| 142|0x00000000e8e00000, 0x00000000e8e00000, 0x00000000e8f00000|  0%| F|  |TAMS 0x00000000e8e00000| PB 0x00000000e8e00000| Untracked 
| 143|0x00000000e8f00000, 0x00000000e8f00000, 0x00000000e9000000|  0%| F|  |TAMS 0x00000000e8f00000| PB 0x00000000e8f00000| Untracked 
| 144|0x00000000e9000000, 0x00000000e9000000, 0x00000000e9100000|  0%| F|  |TAMS 0x00000000e9000000| PB 0x00000000e9000000| Untracked 
| 145|0x00000000e9100000, 0x00000000e9100000, 0x00000000e9200000|  0%| F|  |TAMS 0x00000000e9100000| PB 0x00000000e9100000| Untracked 
| 146|0x00000000e9200000, 0x00000000e9200000, 0x00000000e9300000|  0%| F|  |TAMS 0x00000000e9200000| PB 0x00000000e9200000| Untracked 
| 147|0x00000000e9300000, 0x00000000e9300000, 0x00000000e9400000|  0%| F|  |TAMS 0x00000000e9300000| PB 0x00000000e9300000| Untracked 
| 148|0x00000000e9400000, 0x00000000e9400000, 0x00000000e9500000|  0%| F|  |TAMS 0x00000000e9400000| PB 0x00000000e9400000| Untracked 
| 149|0x00000000e9500000, 0x00000000e9500000, 0x00000000e9600000|  0%| F|  |TAMS 0x00000000e9500000| PB 0x00000000e9500000| Untracked 
| 150|0x00000000e9600000, 0x00000000e9600000, 0x00000000e9700000|  0%| F|  |TAMS 0x00000000e9600000| PB 0x00000000e9600000| Untracked 
| 151|0x00000000e9700000, 0x00000000e9700000, 0x00000000e9800000|  0%| F|  |TAMS 0x00000000e9700000| PB 0x00000000e9700000| Untracked 
| 152|0x00000000e9800000, 0x00000000e9800000, 0x00000000e9900000|  0%| F|  |TAMS 0x00000000e9800000| PB 0x00000000e9800000| Untracked 
| 153|0x00000000e9900000, 0x00000000e9900000, 0x00000000e9a00000|  0%| F|  |TAMS 0x00000000e9900000| PB 0x00000000e9900000| Untracked 
| 154|0x00000000e9a00000, 0x00000000e9a00000, 0x00000000e9b00000|  0%| F|  |TAMS 0x00000000e9a00000| PB 0x00000000e9a00000| Untracked 
| 155|0x00000000e9b00000, 0x00000000e9b00000, 0x00000000e9c00000|  0%| F|  |TAMS 0x00000000e9b00000| PB 0x00000000e9b00000| Untracked 
| 156|0x00000000e9c00000, 0x00000000e9c00000, 0x00000000e9d00000|  0%| F|  |TAMS 0x00000000e9c00000| PB 0x00000000e9c00000| Untracked 
| 157|0x00000000e9d00000, 0x00000000e9d00000, 0x00000000e9e00000|  0%| F|  |TAMS 0x00000000e9d00000| PB 0x00000000e9d00000| Untracked 
| 158|0x00000000e9e00000, 0x00000000e9e00000, 0x00000000e9f00000|  0%| F|  |TAMS 0x00000000e9e00000| PB 0x00000000e9e00000| Untracked 
| 159|0x00000000e9f00000, 0x00000000e9f00000, 0x00000000ea000000|  0%| F|  |TAMS 0x00000000e9f00000| PB 0x00000000e9f00000| Untracked 
| 160|0x00000000ea000000, 0x00000000ea000000, 0x00000000ea100000|  0%| F|  |TAMS 0x00000000ea000000| PB 0x00000000ea000000| Untracked 
| 161|0x00000000ea100000, 0x00000000ea100000, 0x00000000ea200000|  0%| F|  |TAMS 0x00000000ea100000| PB 0x00000000ea100000| Untracked 
| 162|0x00000000ea200000, 0x00000000ea200000, 0x00000000ea300000|  0%| F|  |TAMS 0x00000000ea200000| PB 0x00000000ea200000| Untracked 
| 163|0x00000000ea300000, 0x00000000ea300000, 0x00000000ea400000|  0%| F|  |TAMS 0x00000000ea300000| PB 0x00000000ea300000| Untracked 
| 164|0x00000000ea400000, 0x00000000ea400000, 0x00000000ea500000|  0%| F|  |TAMS 0x00000000ea400000| PB 0x00000000ea400000| Untracked 
| 165|0x00000000ea500000, 0x00000000ea500000, 0x00000000ea600000|  0%| F|  |TAMS 0x00000000ea500000| PB 0x00000000ea500000| Untracked 
| 166|0x00000000ea600000, 0x00000000ea600000, 0x00000000ea700000|  0%| F|  |TAMS 0x00000000ea600000| PB 0x00000000ea600000| Untracked 
| 167|0x00000000ea700000, 0x00000000ea700000, 0x00000000ea800000|  0%| F|  |TAMS 0x00000000ea700000| PB 0x00000000ea700000| Untracked 
| 168|0x00000000ea800000, 0x00000000ea800000, 0x00000000ea900000|  0%| F|  |TAMS 0x00000000ea800000| PB 0x00000000ea800000| Untracked 
| 169|0x00000000ea900000, 0x00000000ea900000, 0x00000000eaa00000|  0%| F|  |TAMS 0x00000000ea900000| PB 0x00000000ea900000| Untracked 
| 170|0x00000000eaa00000, 0x00000000eaa00000, 0x00000000eab00000|  0%| F|  |TAMS 0x00000000eaa00000| PB 0x00000000eaa00000| Untracked 
| 171|0x00000000eab00000, 0x00000000eab00000, 0x00000000eac00000|  0%| F|  |TAMS 0x00000000eab00000| PB 0x00000000eab00000| Untracked 
| 172|0x00000000eac00000, 0x00000000eac00000, 0x00000000ead00000|  0%| F|  |TAMS 0x00000000eac00000| PB 0x00000000eac00000| Untracked 
| 173|0x00000000ead00000, 0x00000000ead00000, 0x00000000eae00000|  0%| F|  |TAMS 0x00000000ead00000| PB 0x00000000ead00000| Untracked 
| 174|0x00000000eae00000, 0x00000000eae00000, 0x00000000eaf00000|  0%| F|  |TAMS 0x00000000eae00000| PB 0x00000000eae00000| Untracked 
| 175|0x00000000eaf00000, 0x00000000eaf00000, 0x00000000eb000000|  0%| F|  |TAMS 0x00000000eaf00000| PB 0x00000000eaf00000| Untracked 
| 176|0x00000000eb000000, 0x00000000eb000000, 0x00000000eb100000|  0%| F|  |TAMS 0x00000000eb000000| PB 0x00000000eb000000| Untracked 
| 177|0x00000000eb100000, 0x00000000eb100000, 0x00000000eb200000|  0%| F|  |TAMS 0x00000000eb100000| PB 0x00000000eb100000| Untracked 
| 178|0x00000000eb200000, 0x00000000eb200000, 0x00000000eb300000|  0%| F|  |TAMS 0x00000000eb200000| PB 0x00000000eb200000| Untracked 
| 179|0x00000000eb300000, 0x00000000eb300000, 0x00000000eb400000|  0%| F|  |TAMS 0x00000000eb300000| PB 0x00000000eb300000| Untracked 
| 180|0x00000000eb400000, 0x00000000eb400000, 0x00000000eb500000|  0%| F|  |TAMS 0x00000000eb400000| PB 0x00000000eb400000| Untracked 
| 181|0x00000000eb500000, 0x00000000eb500000, 0x00000000eb600000|  0%| F|  |TAMS 0x00000000eb500000| PB 0x00000000eb500000| Untracked 
| 182|0x00000000eb600000, 0x00000000eb600000, 0x00000000eb700000|  0%| F|  |TAMS 0x00000000eb600000| PB 0x00000000eb600000| Untracked 
| 183|0x00000000eb700000, 0x00000000eb700000, 0x00000000eb800000|  0%| F|  |TAMS 0x00000000eb700000| PB 0x00000000eb700000| Untracked 
| 184|0x00000000eb800000, 0x00000000eb800000, 0x00000000eb900000|  0%| F|  |TAMS 0x00000000eb800000| PB 0x00000000eb800000| Untracked 
| 185|0x00000000eb900000, 0x00000000eb900000, 0x00000000eba00000|  0%| F|  |TAMS 0x00000000eb900000| PB 0x00000000eb900000| Untracked 
| 186|0x00000000eba00000, 0x00000000eba00000, 0x00000000ebb00000|  0%| F|  |TAMS 0x00000000eba00000| PB 0x00000000eba00000| Untracked 
| 187|0x00000000ebb00000, 0x00000000ebb00000, 0x00000000ebc00000|  0%| F|  |TAMS 0x00000000ebb00000| PB 0x00000000ebb00000| Untracked 
| 188|0x00000000ebc00000, 0x00000000ebc00000, 0x00000000ebd00000|  0%| F|  |TAMS 0x00000000ebc00000| PB 0x00000000ebc00000| Untracked 
| 189|0x00000000ebd00000, 0x00000000ebd00000, 0x00000000ebe00000|  0%| F|  |TAMS 0x00000000ebd00000| PB 0x00000000ebd00000| Untracked 
| 190|0x00000000ebe00000, 0x00000000ebe00000, 0x00000000ebf00000|  0%| F|  |TAMS 0x00000000ebe00000| PB 0x00000000ebe00000| Untracked 
| 191|0x00000000ebf00000, 0x00000000ebf00000, 0x00000000ec000000|  0%| F|  |TAMS 0x00000000ebf00000| PB 0x00000000ebf00000| Untracked 
| 192|0x00000000ec000000, 0x00000000ec000000, 0x00000000ec100000|  0%| F|  |TAMS 0x00000000ec000000| PB 0x00000000ec000000| Untracked 
| 193|0x00000000ec100000, 0x00000000ec100000, 0x00000000ec200000|  0%| F|  |TAMS 0x00000000ec100000| PB 0x00000000ec100000| Untracked 
| 194|0x00000000ec200000, 0x00000000ec200000, 0x00000000ec300000|  0%| F|  |TAMS 0x00000000ec200000| PB 0x00000000ec200000| Untracked 
| 195|0x00000000ec300000, 0x00000000ec300000, 0x00000000ec400000|  0%| F|  |TAMS 0x00000000ec300000| PB 0x00000000ec300000| Untracked 
| 196|0x00000000ec400000, 0x00000000ec400000, 0x00000000ec500000|  0%| F|  |TAMS 0x00000000ec400000| PB 0x00000000ec400000| Untracked 
| 197|0x00000000ec500000, 0x00000000ec500000, 0x00000000ec600000|  0%| F|  |TAMS 0x00000000ec500000| PB 0x00000000ec500000| Untracked 
| 198|0x00000000ec600000, 0x00000000ec600000, 0x00000000ec700000|  0%| F|  |TAMS 0x00000000ec600000| PB 0x00000000ec600000| Untracked 
| 199|0x00000000ec700000, 0x00000000ec700000, 0x00000000ec800000|  0%| F|  |TAMS 0x00000000ec700000| PB 0x00000000ec700000| Untracked 
| 200|0x00000000ec800000, 0x00000000ec800000, 0x00000000ec900000|  0%| F|  |TAMS 0x00000000ec800000| PB 0x00000000ec800000| Untracked 
| 201|0x00000000ec900000, 0x00000000ec900000, 0x00000000eca00000|  0%| F|  |TAMS 0x00000000ec900000| PB 0x00000000ec900000| Untracked 
| 202|0x00000000eca00000, 0x00000000eca00000, 0x00000000ecb00000|  0%| F|  |TAMS 0x00000000eca00000| PB 0x00000000eca00000| Untracked 
| 203|0x00000000ecb00000, 0x00000000ecb00000, 0x00000000ecc00000|  0%| F|  |TAMS 0x00000000ecb00000| PB 0x00000000ecb00000| Untracked 
| 204|0x00000000ecc00000, 0x00000000ecc00000, 0x00000000ecd00000|  0%| F|  |TAMS 0x00000000ecc00000| PB 0x00000000ecc00000| Untracked 
| 205|0x00000000ecd00000, 0x00000000ecd00000, 0x00000000ece00000|  0%| F|  |TAMS 0x00000000ecd00000| PB 0x00000000ecd00000| Untracked 
| 206|0x00000000ece00000, 0x00000000ece00000, 0x00000000ecf00000|  0%| F|  |TAMS 0x00000000ece00000| PB 0x00000000ece00000| Untracked 
| 207|0x00000000ecf00000, 0x00000000ecf00000, 0x00000000ed000000|  0%| F|  |TAMS 0x00000000ecf00000| PB 0x00000000ecf00000| Untracked 
| 208|0x00000000ed000000, 0x00000000ed000000, 0x00000000ed100000|  0%| F|  |TAMS 0x00000000ed000000| PB 0x00000000ed000000| Untracked 
| 209|0x00000000ed100000, 0x00000000ed100000, 0x00000000ed200000|  0%| F|  |TAMS 0x00000000ed100000| PB 0x00000000ed100000| Untracked 
| 210|0x00000000ed200000, 0x00000000ed200000, 0x00000000ed300000|  0%| F|  |TAMS 0x00000000ed200000| PB 0x00000000ed200000| Untracked 
| 211|0x00000000ed300000, 0x00000000ed300000, 0x00000000ed400000|  0%| F|  |TAMS 0x00000000ed300000| PB 0x00000000ed300000| Untracked 
| 212|0x00000000ed400000, 0x00000000ed400000, 0x00000000ed500000|  0%| F|  |TAMS 0x00000000ed400000| PB 0x00000000ed400000| Untracked 
| 213|0x00000000ed500000, 0x00000000ed500000, 0x00000000ed600000|  0%| F|  |TAMS 0x00000000ed500000| PB 0x00000000ed500000| Untracked 
| 214|0x00000000ed600000, 0x00000000ed600000, 0x00000000ed700000|  0%| F|  |TAMS 0x00000000ed600000| PB 0x00000000ed600000| Untracked 
| 215|0x00000000ed700000, 0x00000000ed700000, 0x00000000ed800000|  0%| F|  |TAMS 0x00000000ed700000| PB 0x00000000ed700000| Untracked 
| 216|0x00000000ed800000, 0x00000000ed800000, 0x00000000ed900000|  0%| F|  |TAMS 0x00000000ed800000| PB 0x00000000ed800000| Untracked 
| 217|0x00000000ed900000, 0x00000000ed900000, 0x00000000eda00000|  0%| F|  |TAMS 0x00000000ed900000| PB 0x00000000ed900000| Untracked 
| 218|0x00000000eda00000, 0x00000000eda00000, 0x00000000edb00000|  0%| F|  |TAMS 0x00000000eda00000| PB 0x00000000eda00000| Untracked 
| 219|0x00000000edb00000, 0x00000000edb00000, 0x00000000edc00000|  0%| F|  |TAMS 0x00000000edb00000| PB 0x00000000edb00000| Untracked 
| 220|0x00000000edc00000, 0x00000000edc00000, 0x00000000edd00000|  0%| F|  |TAMS 0x00000000edc00000| PB 0x00000000edc00000| Untracked 
| 221|0x00000000edd00000, 0x00000000edd00000, 0x00000000ede00000|  0%| F|  |TAMS 0x00000000edd00000| PB 0x00000000edd00000| Untracked 
| 222|0x00000000ede00000, 0x00000000ede00000, 0x00000000edf00000|  0%| F|  |TAMS 0x00000000ede00000| PB 0x00000000ede00000| Untracked 
| 223|0x00000000edf00000, 0x00000000edf00000, 0x00000000ee000000|  0%| F|  |TAMS 0x00000000edf00000| PB 0x00000000edf00000| Untracked 
| 224|0x00000000ee000000, 0x00000000ee000000, 0x00000000ee100000|  0%| F|  |TAMS 0x00000000ee000000| PB 0x00000000ee000000| Untracked 
| 225|0x00000000ee100000, 0x00000000ee100000, 0x00000000ee200000|  0%| F|  |TAMS 0x00000000ee100000| PB 0x00000000ee100000| Untracked 
| 226|0x00000000ee200000, 0x00000000ee200000, 0x00000000ee300000|  0%| F|  |TAMS 0x00000000ee200000| PB 0x00000000ee200000| Untracked 
| 227|0x00000000ee300000, 0x00000000ee300000, 0x00000000ee400000|  0%| F|  |TAMS 0x00000000ee300000| PB 0x00000000ee300000| Untracked 
| 228|0x00000000ee400000, 0x00000000ee400000, 0x00000000ee500000|  0%| F|  |TAMS 0x00000000ee400000| PB 0x00000000ee400000| Untracked 
| 229|0x00000000ee500000, 0x00000000ee580800, 0x00000000ee600000| 50%| E|  |TAMS 0x00000000ee500000| PB 0x00000000ee500000| Complete 
| 230|0x00000000ee600000, 0x00000000ee700000, 0x00000000ee700000|100%| E|CS|TAMS 0x00000000ee600000| PB 0x00000000ee600000| Complete 
| 231|0x00000000ee700000, 0x00000000ee800000, 0x00000000ee800000|100%| E|CS|TAMS 0x00000000ee700000| PB 0x00000000ee700000| Complete 
| 232|0x00000000ee800000, 0x00000000ee900000, 0x00000000ee900000|100%| E|CS|TAMS 0x00000000ee800000| PB 0x00000000ee800000| Complete 
| 233|0x00000000ee900000, 0x00000000eea00000, 0x00000000eea00000|100%| E|CS|TAMS 0x00000000ee900000| PB 0x00000000ee900000| Complete 
| 234|0x00000000eea00000, 0x00000000eeb00000, 0x00000000eeb00000|100%| E|CS|TAMS 0x00000000eea00000| PB 0x00000000eea00000| Complete 
| 235|0x00000000eeb00000, 0x00000000eec00000, 0x00000000eec00000|100%| E|CS|TAMS 0x00000000eeb00000| PB 0x00000000eeb00000| Complete 
| 236|0x00000000eec00000, 0x00000000eed00000, 0x00000000eed00000|100%| E|CS|TAMS 0x00000000eec00000| PB 0x00000000eec00000| Complete 
| 237|0x00000000eed00000, 0x00000000eee00000, 0x00000000eee00000|100%| E|CS|TAMS 0x00000000eed00000| PB 0x00000000eed00000| Complete 
| 238|0x00000000eee00000, 0x00000000eef00000, 0x00000000eef00000|100%| E|CS|TAMS 0x00000000eee00000| PB 0x00000000eee00000| Complete 
| 239|0x00000000eef00000, 0x00000000eef80000, 0x00000000ef000000| 50%| S|CS|TAMS 0x00000000eef00000| PB 0x00000000eef00000| Complete 
| 240|0x00000000ef000000, 0x00000000ef100000, 0x00000000ef100000|100%| S|CS|TAMS 0x00000000ef000000| PB 0x00000000ef000000| Complete 
| 241|0x00000000ef100000, 0x00000000ef200000, 0x00000000ef200000|100%| S|CS|TAMS 0x00000000ef100000| PB 0x00000000ef100000| Complete 
| 242|0x00000000ef200000, 0x00000000ef300000, 0x00000000ef300000|100%| S|CS|TAMS 0x00000000ef200000| PB 0x00000000ef200000| Complete 
| 243|0x00000000ef300000, 0x00000000ef400000, 0x00000000ef400000|100%| S|CS|TAMS 0x00000000ef300000| PB 0x00000000ef300000| Complete 
| 244|0x00000000ef400000, 0x00000000ef500000, 0x00000000ef500000|100%| S|CS|TAMS 0x00000000ef400000| PB 0x00000000ef400000| Complete 
| 245|0x00000000ef500000, 0x00000000ef600000, 0x00000000ef600000|100%| E|CS|TAMS 0x00000000ef500000| PB 0x00000000ef500000| Complete 
| 246|0x00000000ef600000, 0x00000000ef700000, 0x00000000ef700000|100%| E|CS|TAMS 0x00000000ef600000| PB 0x00000000ef600000| Complete 
| 247|0x00000000ef700000, 0x00000000ef800000, 0x00000000ef800000|100%| E|CS|TAMS 0x00000000ef700000| PB 0x00000000ef700000| Complete 
| 248|0x00000000ef800000, 0x00000000ef900000, 0x00000000ef900000|100%| E|CS|TAMS 0x00000000ef800000| PB 0x00000000ef800000| Complete 
| 249|0x00000000ef900000, 0x00000000efa00000, 0x00000000efa00000|100%| E|CS|TAMS 0x00000000ef900000| PB 0x00000000ef900000| Complete 
| 250|0x00000000efa00000, 0x00000000efb00000, 0x00000000efb00000|100%| E|CS|TAMS 0x00000000efa00000| PB 0x00000000efa00000| Complete 
| 251|0x00000000efb00000, 0x00000000efc00000, 0x00000000efc00000|100%| E|CS|TAMS 0x00000000efb00000| PB 0x00000000efb00000| Complete 
| 252|0x00000000efc00000, 0x00000000efd00000, 0x00000000efd00000|100%| E|CS|TAMS 0x00000000efc00000| PB 0x00000000efc00000| Complete 
| 253|0x00000000efd00000, 0x00000000efe00000, 0x00000000efe00000|100%| E|CS|TAMS 0x00000000efd00000| PB 0x00000000efd00000| Complete 
| 254|0x00000000efe00000, 0x00000000eff00000, 0x00000000eff00000|100%| E|CS|TAMS 0x00000000efe00000| PB 0x00000000efe00000| Complete 
| 255|0x00000000eff00000, 0x00000000f0000000, 0x00000000f0000000|100%| E|  |TAMS 0x00000000eff00000| PB 0x00000000eff00000| Complete 

Card table byte_map: [0x000002ba1cb50000,0x000002ba1cc50000] _byte_map_base: 0x000002ba1c450000

Marking Bits: (CMBitMap*) 0x000002ba03a17240
 Bits: [0x000002ba1cc50000, 0x000002ba1d450000)

Polling page: 0x000002ba03ac0000

Metaspace:

Usage:
  Non-class:     29.41 MB used.
      Class:      4.93 MB used.
       Both:     34.35 MB used.

Virtual space:
  Non-class space:       64.00 MB reserved,      30.00 MB ( 47%) committed,  1 nodes.
      Class space:      320.00 MB reserved,       5.50 MB (  2%) committed,  1 nodes.
             Both:      384.00 MB reserved,      35.50 MB (  9%) committed. 

Chunk freelists:
   Non-Class:  1.84 MB
       Class:  10.52 MB
        Both:  12.36 MB

MaxMetaspaceSize: 384.00 MB
CompressedClassSpaceSize: 320.00 MB
Initial GC threshold: 21.00 MB
Current GC threshold: 58.69 MB
CDS: on
 - commit_granule_bytes: 65536.
 - commit_granule_words: 8192.
 - virtual_space_node_default_size: 8388608.
 - enlarge_chunks_in_place: 1.
 - use_allocation_guard: 0.


Internal statistics:

num_allocs_failed_limit: 6.
num_arena_births: 2024.
num_arena_deaths: 0.
num_vsnodes_births: 2.
num_vsnodes_deaths: 0.
num_space_committed: 568.
num_space_uncommitted: 0.
num_chunks_returned_to_freelist: 6.
num_chunks_taken_from_freelist: 3555.
num_chunk_merges: 6.
num_chunk_splits: 2307.
num_chunks_enlarged: 1408.
num_inconsistent_stats: 0.

CodeHeap 'non-profiled nmethods': size=120064Kb used=2002Kb max_used=2259Kb free=118061Kb
 bounds [0x000002ba150f0000, 0x000002ba15360000, 0x000002ba1c630000]
CodeHeap 'profiled nmethods': size=120000Kb used=7206Kb max_used=8018Kb free=112793Kb
 bounds [0x000002ba0d630000, 0x000002ba0de10000, 0x000002ba14b60000]
CodeHeap 'non-nmethods': size=5696Kb used=1908Kb max_used=1930Kb free=3787Kb
 bounds [0x000002ba14b60000, 0x000002ba14dd0000, 0x000002ba150f0000]
 total_blobs=4440 nmethods=3757 adapters=587
 compilation: enabled
              stopped_count=0, restarted_count=0
 full_count=0

Compilation events (20 events):
Event: 89.803 Thread 0x000002ba1f875330 nmethod 4246 0x000002ba0d698c90 code [0x000002ba0d699040, 0x000002ba0d69a8f8]
Event: 89.803 Thread 0x000002ba1f875330 4247       3       java.util.stream.StreamSpliterators$WrappingSpliterator$$Lambda/0x000002ba21579ca8::accept (9 bytes)
Event: 89.805 Thread 0x000002ba1f875330 nmethod 4247 0x000002ba0d682d90 code [0x000002ba0d682f40, 0x000002ba0d683118]
Event: 89.805 Thread 0x000002ba1f875330 4248       3       jdk.internal.jrtfs.JrtDirectoryStream$1::next (5 bytes)
Event: 89.805 Thread 0x000002ba1f875330 nmethod 4248 0x000002ba0d9ab810 code [0x000002ba0d9ab9c0, 0x000002ba0d9abb18]
Event: 89.811 Thread 0x000002ba1f84a910 nmethod 4249 0x000002ba1517ef10 code [0x000002ba1517f0c0, 0x000002ba1517f3f0]
Event: 89.814 Thread 0x000002ba1f84a910 4250       4       java.util.regex.Pattern::append (43 bytes)
Event: 89.816 Thread 0x000002ba1f875330 4251   !   3       jdk.internal.jrtfs.JrtDirectoryStream$1::next (48 bytes)
Event: 89.816 Thread 0x000002ba1f84a910 nmethod 4250 0x000002ba1517e990 code [0x000002ba1517eb40, 0x000002ba1517ed98]
Event: 89.817 Thread 0x000002ba1f875330 nmethod 4251 0x000002ba0d9aae90 code [0x000002ba0d9ab080, 0x000002ba0d9ab578]
Event: 89.821 Thread 0x000002ba1f84a910 4252 %     4       jdk.internal.jrtfs.JrtPath::normalize @ 15 (97 bytes)
Event: 89.824 Thread 0x000002ba1f84a910 nmethod 4252% 0x000002ba15176490 code [0x000002ba15176640, 0x000002ba151768e0]
Event: 89.825 Thread 0x000002ba1f84a910 4253       4       java.util.HashMap::<init> (98 bytes)
Event: 89.826 Thread 0x000002ba1f84a910 nmethod 4253 0x000002ba15170b10 code [0x000002ba15170ca0, 0x000002ba15170e28]
Event: 89.827 Thread 0x000002ba1f84a910 4254       4       jdk.internal.jrtfs.JrtPath::normalize (97 bytes)
Event: 89.829 Thread 0x000002ba1f84a910 nmethod 4254 0x000002ba151a8a90 code [0x000002ba151a8c40, 0x000002ba151a8e80]
Event: 89.832 Thread 0x000002ba1f84a910 4255       4       java.util.regex.Pattern::compile (537 bytes)
Event: 89.857 Thread 0x000002ba1f875330 4257   !   3       jdk.internal.misc.ScopedMemoryAccess::copyMemory (27 bytes)
Event: 89.858 Thread 0x000002ba1f875330 nmethod 4257 0x000002ba0d675710 code [0x000002ba0d675920, 0x000002ba0d675f48]
Event: 89.889 Thread 0x000002ba1f875330 4258       3       java.lang.Integer::compare (20 bytes)

GC Heap History (14 events):
Event: 10.483 GC heap before
{Heap before GC invocations=0 (full 0):
 garbage-first heap   total 262144K, used 11264K [0x00000000e0000000, 0x0000000100000000)
  region size 1024K, 12 young (12288K), 0 survivors (0K)
 Metaspace       used 981K, committed 1088K, reserved 393216K
  class space    used 78K, committed 128K, reserved 327680K
}
Event: 10.536 GC heap after
{Heap after GC invocations=1 (full 0):
 garbage-first heap   total 262144K, used 1850K [0x00000000e0000000, 0x0000000100000000)
  region size 1024K, 2 young (2048K), 2 survivors (2048K)
 Metaspace       used 981K, committed 1088K, reserved 393216K
  class space    used 78K, committed 128K, reserved 327680K
}
Event: 18.395 GC heap before
{Heap before GC invocations=1 (full 0):
 garbage-first heap   total 262144K, used 16186K [0x00000000e0000000, 0x0000000100000000)
  region size 1024K, 13 young (13312K), 2 survivors (2048K)
 Metaspace       used 3249K, committed 3392K, reserved 393216K
  class space    used 409K, committed 448K, reserved 327680K
}
Event: 18.401 GC heap after
{Heap after GC invocations=2 (full 0):
 garbage-first heap   total 262144K, used 10530K [0x00000000e0000000, 0x0000000100000000)
  region size 1024K, 2 young (2048K), 2 survivors (2048K)
 Metaspace       used 3249K, committed 3392K, reserved 393216K
  class space    used 409K, committed 448K, reserved 327680K
}
Event: 22.911 GC heap before
{Heap before GC invocations=2 (full 0):
 garbage-first heap   total 262144K, used 21794K [0x00000000e0000000, 0x0000000100000000)
  region size 1024K, 14 young (14336K), 2 survivors (2048K)
 Metaspace       used 4138K, committed 4352K, reserved 393216K
  class space    used 503K, committed 640K, reserved 327680K
}
Event: 22.913 GC heap after
{Heap after GC invocations=3 (full 0):
 garbage-first heap   total 262144K, used 11012K [0x00000000e0000000, 0x0000000100000000)
  region size 1024K, 1 young (1024K), 1 survivors (1024K)
 Metaspace       used 4138K, committed 4352K, reserved 393216K
  class space    used 503K, committed 640K, reserved 327680K
}
Event: 29.447 GC heap before
{Heap before GC invocations=3 (full 0):
 garbage-first heap   total 262144K, used 33540K [0x00000000e0000000, 0x0000000100000000)
  region size 1024K, 23 young (23552K), 1 survivors (1024K)
 Metaspace       used 4223K, committed 4480K, reserved 393216K
  class space    used 504K, committed 640K, reserved 327680K
}
Event: 29.466 GC heap after
{Heap after GC invocations=4 (full 0):
 garbage-first heap   total 262144K, used 14194K [0x00000000e0000000, 0x0000000100000000)
  region size 1024K, 3 young (3072K), 3 survivors (3072K)
 Metaspace       used 4223K, committed 4480K, reserved 393216K
  class space    used 504K, committed 640K, reserved 327680K
}
Event: 64.303 GC heap before
{Heap before GC invocations=4 (full 0):
 garbage-first heap   total 262144K, used 112498K [0x00000000e0000000, 0x0000000100000000)
  region size 1024K, 101 young (103424K), 3 survivors (3072K)
 Metaspace       used 20843K, committed 21504K, reserved 393216K
  class space    used 2990K, committed 3264K, reserved 327680K
}
Event: 64.334 GC heap after
{Heap after GC invocations=5 (full 0):
 garbage-first heap   total 262144K, used 23352K [0x00000000e0000000, 0x0000000100000000)
  region size 1024K, 12 young (12288K), 12 survivors (12288K)
 Metaspace       used 20843K, committed 21504K, reserved 393216K
  class space    used 2990K, committed 3264K, reserved 327680K
}
Event: 88.306 GC heap before
{Heap before GC invocations=6 (full 0):
 garbage-first heap   total 262144K, used 100152K [0x00000000e0000000, 0x0000000100000000)
  region size 1024K, 87 young (89088K), 12 survivors (12288K)
 Metaspace       used 31628K, committed 32832K, reserved 393216K
  class space    used 4676K, committed 5248K, reserved 327680K
}
Event: 88.350 GC heap after
{Heap after GC invocations=7 (full 0):
 garbage-first heap   total 262144K, used 28081K [0x00000000e0000000, 0x0000000100000000)
  region size 1024K, 5 young (5120K), 5 survivors (5120K)
 Metaspace       used 31628K, committed 32832K, reserved 393216K
  class space    used 4676K, committed 5248K, reserved 327680K
}
Event: 89.217 GC heap before
{Heap before GC invocations=7 (full 0):
 garbage-first heap   total 262144K, used 37297K [0x00000000e0000000, 0x0000000100000000)
  region size 1024K, 16 young (16384K), 5 survivors (5120K)
 Metaspace       used 34767K, committed 35968K, reserved 393216K
  class space    used 5016K, committed 5632K, reserved 327680K
}
Event: 89.227 GC heap after
{Heap after GC invocations=8 (full 0):
 garbage-first heap   total 262144K, used 28593K [0x00000000e0000000, 0x0000000100000000)
  region size 1024K, 6 young (6144K), 6 survivors (6144K)
 Metaspace       used 34767K, committed 35968K, reserved 393216K
  class space    used 5016K, committed 5632K, reserved 327680K
}

Dll operation events (15 events):
Event: 0.017 Loaded shared library C:\Program Files\Java\jdk-21\bin\java.dll
Event: 1.867 Loaded shared library C:\Program Files\Java\jdk-21\bin\jsvml.dll
Event: 3.318 Loaded shared library C:\Program Files\Java\jdk-21\bin\zip.dll
Event: 3.330 Loaded shared library C:\Program Files\Java\jdk-21\bin\instrument.dll
Event: 3.340 Loaded shared library C:\Program Files\Java\jdk-21\bin\net.dll
Event: 3.343 Loaded shared library C:\Program Files\Java\jdk-21\bin\nio.dll
Event: 3.354 Loaded shared library C:\Program Files\Java\jdk-21\bin\zip.dll
Event: 9.945 Loaded shared library C:\Program Files\Java\jdk-21\bin\jimage.dll
Event: 12.071 Loaded shared library C:\Program Files\Java\jdk-21\bin\verify.dll
Event: 17.494 Loaded shared library C:\Users\user\.gradle\native\c067742578af261105cb4f569cf0c3c89f3d7b1fecec35dd04571415982c5e48\windows-amd64\native-platform.dll
Event: 17.502 Loaded shared library C:\Users\user\.gradle\native\38dada09dfb8b06ba9b0570ebf7e218e3eb74d4ef43ca46872605cf95ebc2f47\windows-amd64\native-platform-file-events.dll
Event: 37.656 Loaded shared library C:\Program Files\Java\jdk-21\bin\management.dll
Event: 37.724 Loaded shared library C:\Program Files\Java\jdk-21\bin\management_ext.dll
Event: 39.379 Loaded shared library C:\Program Files\Java\jdk-21\bin\extnet.dll
Event: 47.275 Loaded shared library C:\Program Files\Java\jdk-21\bin\sunmscapi.dll

Deoptimization events (20 events):
Event: 89.532 Thread 0x000002ba39d2f910 DEOPT PACKING pc=0x000002ba15313bf8 sp=0x000000ffbd4f7e90
Event: 89.532 Thread 0x000002ba39d2f910 DEOPT UNPACKING pc=0x000002ba14bb46a2 sp=0x000000ffbd4f7e28 mode 2
Event: 89.532 Thread 0x000002ba39d2f910 Uncommon trap: trap_request=0xffffffc6 fr.pc=0x000002ba15313bf8 relative=0x0000000000000118
Event: 89.532 Thread 0x000002ba39d2f910 Uncommon trap: reason=bimorphic_or_optimized_type_check action=maybe_recompile pc=0x000002ba15313bf8 method=java.util.stream.MatchOps$1MatchSink.accept(Ljava/lang/Object;)V @ 12 c2
Event: 89.532 Thread 0x000002ba39d2f910 DEOPT PACKING pc=0x000002ba15313bf8 sp=0x000000ffbd4f7e90
Event: 89.532 Thread 0x000002ba39d2f910 DEOPT UNPACKING pc=0x000002ba14bb46a2 sp=0x000000ffbd4f7e28 mode 2
Event: 89.532 Thread 0x000002ba39d2f910 Uncommon trap: trap_request=0xffffffc6 fr.pc=0x000002ba15313bf8 relative=0x0000000000000118
Event: 89.532 Thread 0x000002ba39d2f910 Uncommon trap: reason=bimorphic_or_optimized_type_check action=maybe_recompile pc=0x000002ba15313bf8 method=java.util.stream.MatchOps$1MatchSink.accept(Ljava/lang/Object;)V @ 12 c2
Event: 89.532 Thread 0x000002ba39d2f910 DEOPT PACKING pc=0x000002ba15313bf8 sp=0x000000ffbd4f7e90
Event: 89.532 Thread 0x000002ba39d2f910 DEOPT UNPACKING pc=0x000002ba14bb46a2 sp=0x000000ffbd4f7e28 mode 2
Event: 89.532 Thread 0x000002ba39d2f910 Uncommon trap: trap_request=0xffffffc6 fr.pc=0x000002ba15313bf8 relative=0x0000000000000118
Event: 89.532 Thread 0x000002ba39d2f910 Uncommon trap: reason=bimorphic_or_optimized_type_check action=maybe_recompile pc=0x000002ba15313bf8 method=java.util.stream.MatchOps$1MatchSink.accept(Ljava/lang/Object;)V @ 12 c2
Event: 89.532 Thread 0x000002ba39d2f910 DEOPT PACKING pc=0x000002ba15313bf8 sp=0x000000ffbd4f7e90
Event: 89.532 Thread 0x000002ba39d2f910 DEOPT UNPACKING pc=0x000002ba14bb46a2 sp=0x000000ffbd4f7e28 mode 2
Event: 89.600 Thread 0x000002ba39d2f910 Uncommon trap: trap_request=0xffffff6e fr.pc=0x000002ba1510f35c relative=0x000000000000081c
Event: 89.600 Thread 0x000002ba39d2f910 Uncommon trap: reason=loop_limit_check action=maybe_recompile pc=0x000002ba1510f35c method=java.util.regex.Pattern$Start.match(Ljava/util/regex/Matcher;ILjava/lang/CharSequence;)Z @ 34 c2
Event: 89.600 Thread 0x000002ba39d2f910 DEOPT PACKING pc=0x000002ba1510f35c sp=0x000000ffbd4f81c0
Event: 89.600 Thread 0x000002ba39d2f910 DEOPT UNPACKING pc=0x000002ba14bb46a2 sp=0x000000ffbd4f8110 mode 2
Event: 89.829 Thread 0x000002ba39d2f910 DEOPT PACKING pc=0x000002ba0d647f00 sp=0x000000ffbd4f7f10
Event: 89.829 Thread 0x000002ba39d2f910 DEOPT UNPACKING pc=0x000002ba14bb4e42 sp=0x000000ffbd4f7400 mode 0

Classes loaded (20 events):
Event: 89.602 Loading class jdk/internal/jimage/ImageReader$Directory
Event: 89.602 Loading class jdk/internal/jimage/ImageReader$Node
Event: 89.603 Loading class jdk/internal/jimage/ImageReader$Node done
Event: 89.603 Loading class jdk/internal/jimage/ImageReader$Directory done
Event: 89.603 Loading class jdk/internal/jrtfs/SystemImage$1
Event: 89.603 Loading class jdk/internal/jrtfs/SystemImage$1 done
Event: 89.605 Loading class jdk/internal/jimage/ImageReader$SharedImageReader$LocationVisitor
Event: 89.605 Loading class jdk/internal/jimage/ImageReader$SharedImageReader$LocationVisitor done
Event: 89.606 Loading class java/nio/ByteBufferAsIntBufferL
Event: 89.608 Loading class java/nio/ByteBufferAsIntBufferL done
Event: 89.609 Loading class jdk/internal/jrtfs/JrtFileAttributes
Event: 89.609 Loading class jdk/internal/jrtfs/JrtFileAttributes done
Event: 89.609 Loading class jdk/internal/jrtfs/JrtDirectoryStream
Event: 89.610 Loading class jdk/internal/jrtfs/JrtDirectoryStream done
Event: 89.610 Loading class jdk/internal/jrtfs/JrtDirectoryStream$1
Event: 89.610 Loading class jdk/internal/jrtfs/JrtDirectoryStream$1 done
Event: 89.611 Loading class java/util/function/BooleanSupplier
Event: 89.611 Loading class java/util/function/BooleanSupplier done
Event: 89.611 Loading class jdk/internal/jimage/ImageReader$Resource
Event: 89.611 Loading class jdk/internal/jimage/ImageReader$Resource done

Classes unloaded (0 events):
No events

Classes redefined (0 events):
No events

Internal exceptions (20 events):
Event: 81.882 Thread 0x000002ba39d2f910 Exception <a 'java/lang/NoSuchMethodError'{0x00000000ec57a400}: 'java.lang.Object java.lang.invoke.DirectMethodHandle$Holder.newInvokeSpecial(java.lang.Object, java.lang.Object, int, java.lang.Object)'> (0x00000000ec57a400) 
thrown [s\open\src\hotspot\share\interpreter\linkResolver.cpp, line 773]
Event: 81.882 Thread 0x000002ba39d2f910 Exception <a 'java/lang/NoSuchMethodError'{0x00000000ec57ea80}: 'java.lang.Object java.lang.invoke.DirectMethodHandle$Holder.invokeSpecial(java.lang.Object, java.lang.Object, java.lang.Object, int, java.lang.Object)'> (0x00000000ec57ea80) 
thrown [s\open\src\hotspot\share\interpreter\linkResolver.cpp, line 773]
Event: 85.343 Thread 0x000002ba39d2f910 Exception <a 'java/lang/NoSuchMethodError'{0x00000000ec289040}: 'void java.lang.invoke.DirectMethodHandle$Holder.invokeInterface(java.lang.Object, java.lang.Object, java.lang.Object, java.lang.Object, java.lang.Object, java.lang.Object, java.lang.Object)'> (0x00000000ec289040) 
thrown [s\open\src\hotspot\share\interpreter\linkResolver.cpp, line 773]
Event: 85.344 Thread 0x000002ba39d2f910 Exception <a 'java/lang/NoSuchMethodError'{0x00000000ec28d998}: 'void java.lang.invoke.DelegatingMethodHandle$Holder.reinvoke_L(java.lang.Object, java.lang.Object, java.lang.Object, java.lang.Object, java.lang.Object, java.lang.Object, java.lang.Object)'> (0x00000000ec28d998) 
thrown [s\open\src\hotspot\share\interpreter\linkResolver.cpp, line 773]
Event: 85.525 Thread 0x000002ba39d2f910 Exception <a 'java/lang/NoSuchMethodError'{0x00000000ec01cd18}: 'java.lang.Object java.lang.invoke.DirectMethodHandle$Holder.invokeSpecial(java.lang.Object, java.lang.Object, java.lang.Object, int, java.lang.Object, java.lang.Object)'> (0x00000000ec01cd18) 
thrown [s\open\src\hotspot\share\interpreter\linkResolver.cpp, line 773]
Event: 86.274 Thread 0x000002ba39d2f910 Implicit null exception at 0x000002ba1520e1b4 to 0x000002ba1520e6d4
Event: 86.274 Thread 0x000002ba39d2f910 Implicit null exception at 0x000002ba152a8f18 to 0x000002ba152a9294
Event: 86.274 Thread 0x000002ba39d2f910 Implicit null exception at 0x000002ba152aa7ac to 0x000002ba152ab068
Event: 86.274 Thread 0x000002ba39d2f910 Exception <a 'java/lang/NoSuchMethodError'{0x00000000ebc875d0}: 'java.lang.reflect.Method[] java.lang.Class.getDeclaredMethods(java.lang.Class)'> (0x00000000ebc875d0) 
thrown [s\open\src\hotspot\share\interpreter\linkResolver.cpp, line 773]
Event: 87.093 Thread 0x000002ba39d2f910 Exception <a 'java/lang/NoSuchMethodError'{0x00000000eba0f568}: 'void java.lang.invoke.DirectMethodHandle$Holder.invokeStaticInit(java.lang.Object, java.lang.Object, java.lang.Object)'> (0x00000000eba0f568) 
thrown [s\open\src\hotspot\share\interpreter\linkResolver.cpp, line 773]
Event: 87.093 Thread 0x000002ba39d2f910 Exception <a 'java/lang/NoSuchMethodError'{0x00000000eba162e0}: 'void java.lang.invoke.DirectMethodHandle$Holder.invokeStaticInit(java.lang.Object, java.lang.Object, java.lang.Object, java.lang.Object)'> (0x00000000eba162e0) 
thrown [s\open\src\hotspot\share\interpreter\linkResolver.cpp, line 773]
Event: 87.114 Thread 0x000002ba39d2f910 Exception <a 'java/lang/NoSuchMethodError'{0x00000000eba380b0}: 'void java.lang.invoke.DirectMethodHandle$Holder.invokeStaticInit(java.lang.Object, java.lang.Object, java.lang.Object, java.lang.Object, java.lang.Object)'> (0x00000000eba380b0) 
thrown [s\open\src\hotspot\share\interpreter\linkResolver.cpp, line 773]
Event: 87.329 Thread 0x000002ba39d2f910 Exception <a 'java/lang/NoSuchMethodError'{0x00000000eba90ef8}: 'int java.lang.invoke.DirectMethodHandle$Holder.invokeStaticInit(java.lang.Object, java.lang.Object, java.lang.Object, java.lang.Object)'> (0x00000000eba90ef8) 
thrown [s\open\src\hotspot\share\interpreter\linkResolver.cpp, line 773]
Event: 88.945 Thread 0x000002ba39d2f910 Exception <a 'java/lang/ClassNotFoundException'{0x00000000efab2f48}: groovy/lang/ExpandoMetaClassBeanInfo> (0x00000000efab2f48) 
thrown [s\open\src\hotspot\share\classfile\systemDictionary.cpp, line 312]
Event: 88.945 Thread 0x000002ba39d2f910 Exception <a 'java/lang/ClassNotFoundException'{0x00000000efabae00}: groovy/lang/MetaClassImplBeanInfo> (0x00000000efabae00) 
thrown [s\open\src\hotspot\share\classfile\systemDictionary.cpp, line 312]
Event: 88.945 Thread 0x000002ba39d2f910 Exception <a 'java/lang/ClassNotFoundException'{0x00000000efabfda8}: java/lang/ObjectBeanInfo> (0x00000000efabfda8) 
thrown [s\open\src\hotspot\share\classfile\systemDictionary.cpp, line 312]
Event: 88.947 Thread 0x000002ba39d2f910 Exception <a 'java/lang/ClassNotFoundException'{0x00000000efac5738}: java/lang/ObjectCustomizer> (0x00000000efac5738) 
thrown [s\open\src\hotspot\share\classfile\systemDictionary.cpp, line 312]
Event: 88.957 Thread 0x000002ba39d2f910 Exception <a 'java/lang/IncompatibleClassChangeError'{0x00000000efad56b0}: Found class java.lang.Object, but interface was expected> (0x00000000efad56b0) 
thrown [s\open\src\hotspot\share\interpreter\linkResolver.cpp, line 840]
Event: 88.963 Thread 0x000002ba39d2f910 Exception <a 'java/lang/ClassNotFoundException'{0x00000000efaf09b8}: groovy/lang/MetaClassImplCustomizer> (0x00000000efaf09b8) 
thrown [s\open\src\hotspot\share\classfile\systemDictionary.cpp, line 312]
Event: 88.991 Thread 0x000002ba39d2f910 Exception <a 'java/lang/ClassNotFoundException'{0x00000000ef918cd0}: groovy/lang/ExpandoMetaClassCustomizer> (0x00000000ef918cd0) 
thrown [s\open\src\hotspot\share\classfile\systemDictionary.cpp, line 312]

ZGC Phase Switch (0 events):
No events

VM Operations (20 events):
Event: 88.306 Executing VM operation: G1CollectForAllocation (G1 Evacuation Pause)
Event: 88.350 Executing VM operation: G1CollectForAllocation (G1 Evacuation Pause) done
Event: 88.764 Executing VM operation: HandshakeAllThreads (Deoptimize)
Event: 88.764 Executing VM operation: HandshakeAllThreads (Deoptimize) done
Event: 88.877 Executing VM operation: HandshakeAllThreads (Deoptimize)
Event: 88.877 Executing VM operation: HandshakeAllThreads (Deoptimize) done
Event: 89.189 Executing VM operation: HandshakeAllThreads (Deoptimize)
Event: 89.189 Executing VM operation: HandshakeAllThreads (Deoptimize) done
Event: 89.189 Executing VM operation: HandshakeAllThreads (Deoptimize)
Event: 89.190 Executing VM operation: HandshakeAllThreads (Deoptimize) done
Event: 89.197 Executing VM operation: HandshakeAllThreads (Deoptimize)
Event: 89.197 Executing VM operation: HandshakeAllThreads (Deoptimize) done
Event: 89.217 Executing VM operation: CollectForMetadataAllocation (Metadata GC Threshold)
Event: 89.228 Executing VM operation: CollectForMetadataAllocation (Metadata GC Threshold) done
Event: 89.286 Executing VM operation: G1PauseRemark
Event: 89.302 Executing VM operation: G1PauseRemark done
Event: 89.312 Executing VM operation: G1PauseCleanup
Event: 89.313 Executing VM operation: G1PauseCleanup done
Event: 89.609 Executing VM operation: HandshakeAllThreads (Deoptimize)
Event: 89.609 Executing VM operation: HandshakeAllThreads (Deoptimize) done

Events (20 events):
Event: 89.301 Thread 0x000002ba1f8225d0 flushing nmethod 0x000002ba1513d010
Event: 89.301 Thread 0x000002ba1f8225d0 flushing nmethod 0x000002ba15130890
Event: 89.301 Thread 0x000002ba1f8225d0 flushing nmethod 0x000002ba1511b690
Event: 89.301 Thread 0x000002ba1f8225d0 flushing nmethod 0x000002ba15128590
Event: 89.301 Thread 0x000002ba1f8225d0 flushing nmethod 0x000002ba15126e90
Event: 89.301 Thread 0x000002ba1f8225d0 flushing nmethod 0x000002ba15125f90
Event: 89.301 Thread 0x000002ba1f8225d0 flushing nmethod 0x000002ba15123a90
Event: 89.301 Thread 0x000002ba1f8225d0 flushing nmethod 0x000002ba15111210
Event: 89.301 Thread 0x000002ba1f8225d0 flushing nmethod 0x000002ba15110890
Event: 89.301 Thread 0x000002ba1f8225d0 flushing nmethod 0x000002ba1510e910
Event: 89.301 Thread 0x000002ba1f8225d0 flushing nmethod 0x000002ba15119010
Event: 89.301 Thread 0x000002ba1f8225d0 flushing nmethod 0x000002ba15116e90
Event: 89.301 Thread 0x000002ba1f8225d0 flushing nmethod 0x000002ba15115590
Event: 89.301 Thread 0x000002ba1f8225d0 flushing nmethod 0x000002ba1510d090
Event: 89.301 Thread 0x000002ba1f8225d0 flushing nmethod 0x000002ba15112d90
Event: 89.301 Thread 0x000002ba1f8225d0 flushing nmethod 0x000002ba15104010
Event: 89.301 Thread 0x000002ba1f8225d0 flushing nmethod 0x000002ba15105490
Event: 89.301 Thread 0x000002ba1f8225d0 flushing nmethod 0x000002ba150fc790
Event: 89.301 Thread 0x000002ba1f8225d0 flushing nmethod 0x000002ba150fc390
Event: 89.301 Thread 0x000002ba1f8225d0 flushing nmethod 0x000002ba150fb690


Dynamic libraries:
0x00007ff6351c0000 - 0x00007ff6351d0000 	C:\Program Files\Java\jdk-21\bin\java.exe
0x00007ffab9870000 - 0x00007ffab9a68000 	C:\WINDOWS\SYSTEM32\ntdll.dll
0x00007ffab8080000 - 0x00007ffab813d000 	C:\WINDOWS\System32\KERNEL32.DLL
0x00007ffab7090000 - 0x00007ffab7386000 	C:\WINDOWS\System32\KERNELBASE.dll
0x00007ffab7390000 - 0x00007ffab7490000 	C:\WINDOWS\System32\ucrtbase.dll
0x00007ffaae930000 - 0x00007ffaae949000 	C:\Program Files\Java\jdk-21\bin\jli.dll
0x00007ffab90f0000 - 0x00007ffab91a0000 	C:\WINDOWS\System32\ADVAPI32.dll
0x00007ffab8450000 - 0x00007ffab84ee000 	C:\WINDOWS\System32\msvcrt.dll
0x00007ffab83b0000 - 0x00007ffab8450000 	C:\WINDOWS\System32\sechost.dll
0x00007ffab84f0000 - 0x00007ffab8613000 	C:\WINDOWS\System32\RPCRT4.dll
0x00007ffab7640000 - 0x00007ffab7667000 	C:\WINDOWS\System32\bcrypt.dll
0x00007ffab9280000 - 0x00007ffab941f000 	C:\WINDOWS\System32\USER32.dll
0x00007ffab7670000 - 0x00007ffab7692000 	C:\WINDOWS\System32\win32u.dll
0x00007ffab8250000 - 0x00007ffab827b000 	C:\WINDOWS\System32\GDI32.dll
0x00007ffab6f20000 - 0x00007ffab7037000 	C:\WINDOWS\System32\gdi32full.dll
0x00007ffab7800000 - 0x00007ffab789d000 	C:\WINDOWS\System32\msvcp_win.dll
0x00007ffaa4d90000 - 0x00007ffaa502a000 	C:\WINDOWS\WinSxS\amd64_microsoft.windows.common-controls_6595b64144ccf1df_6.0.19041.4355_none_60b8b9eb71f62e16\COMCTL32.dll
0x00007ffaad490000 - 0x00007ffaad49a000 	C:\WINDOWS\SYSTEM32\VERSION.dll
0x00007ffaafae0000 - 0x00007ffaafafb000 	C:\Program Files\Java\jdk-21\bin\VCRUNTIME140.dll
0x00007ffab8f70000 - 0x00007ffab8fa2000 	C:\WINDOWS\System32\IMM32.DLL
0x00007ffab21e0000 - 0x00007ffab21ec000 	C:\Program Files\Java\jdk-21\bin\vcruntime140_1.dll
0x00007ffa92340000 - 0x00007ffa923ce000 	C:\Program Files\Java\jdk-21\bin\msvcp140.dll
0x00007ffa8f5b0000 - 0x00007ffa902c7000 	C:\Program Files\Java\jdk-21\bin\server\jvm.dll
0x00007ffab8fb0000 - 0x00007ffab901b000 	C:\WINDOWS\System32\WS2_32.dll
0x00007ffab6d70000 - 0x00007ffab6dbb000 	C:\WINDOWS\SYSTEM32\POWRPROF.dll
0x00007ffaad4a0000 - 0x00007ffaad4c7000 	C:\WINDOWS\SYSTEM32\WINMM.dll
0x00007ffab6d50000 - 0x00007ffab6d62000 	C:\WINDOWS\SYSTEM32\UMPDC.dll
0x00007ffab4db0000 - 0x00007ffab4dc2000 	C:\WINDOWS\SYSTEM32\kernel.appcore.dll
0x00007ffaaf6a0000 - 0x00007ffaaf6aa000 	C:\Program Files\Java\jdk-21\bin\jimage.dll
0x00007ffab45b0000 - 0x00007ffab4794000 	C:\WINDOWS\SYSTEM32\DBGHELP.DLL
0x00007ffa97fc0000 - 0x00007ffa97ff4000 	C:\WINDOWS\SYSTEM32\dbgcore.DLL
0x00007ffab7500000 - 0x00007ffab7582000 	C:\WINDOWS\System32\bcryptPrimitives.dll
0x00007ffaae920000 - 0x00007ffaae92f000 	C:\Program Files\Java\jdk-21\bin\instrument.dll
0x00007ffaae8b0000 - 0x00007ffaae8cf000 	C:\Program Files\Java\jdk-21\bin\java.dll
0x00007ffab8630000 - 0x00007ffab8d9b000 	C:\WINDOWS\System32\SHELL32.dll
0x00007ffab4f60000 - 0x00007ffab56fd000 	C:\WINDOWS\SYSTEM32\windows.storage.dll
0x00007ffab78a0000 - 0x00007ffab7bf3000 	C:\WINDOWS\System32\combase.dll
0x00007ffab6870000 - 0x00007ffab689e000 	C:\WINDOWS\SYSTEM32\Wldp.dll
0x00007ffab9020000 - 0x00007ffab90ed000 	C:\WINDOWS\System32\OLEAUT32.dll
0x00007ffab8280000 - 0x00007ffab832d000 	C:\WINDOWS\System32\SHCORE.dll
0x00007ffab9420000 - 0x00007ffab9475000 	C:\WINDOWS\System32\shlwapi.dll
0x00007ffab6e50000 - 0x00007ffab6e74000 	C:\WINDOWS\SYSTEM32\profapi.dll
0x00007ffa90450000 - 0x00007ffa90527000 	C:\Program Files\Java\jdk-21\bin\jsvml.dll
0x00007ffa98710000 - 0x00007ffa98728000 	C:\Program Files\Java\jdk-21\bin\zip.dll
0x00007ffaae910000 - 0x00007ffaae920000 	C:\Program Files\Java\jdk-21\bin\net.dll
0x00007ffaab100000 - 0x00007ffaab20a000 	C:\WINDOWS\SYSTEM32\WINHTTP.dll
0x00007ffab65b0000 - 0x00007ffab661a000 	C:\WINDOWS\system32\mswsock.dll
0x00007ffa986f0000 - 0x00007ffa98706000 	C:\Program Files\Java\jdk-21\bin\nio.dll
0x00007ffaae8a0000 - 0x00007ffaae8b0000 	C:\Program Files\Java\jdk-21\bin\verify.dll
0x00007ffaafb00000 - 0x00007ffaafb27000 	C:\Users\user\.gradle\native\c067742578af261105cb4f569cf0c3c89f3d7b1fecec35dd04571415982c5e48\windows-amd64\native-platform.dll
0x00007ffa90300000 - 0x00007ffa90444000 	C:\Users\user\.gradle\native\38dada09dfb8b06ba9b0570ebf7e218e3eb74d4ef43ca46872605cf95ebc2f47\windows-amd64\native-platform-file-events.dll
0x00007ffaae290000 - 0x00007ffaae29a000 	C:\Program Files\Java\jdk-21\bin\management.dll
0x00007ffaaa9f0000 - 0x00007ffaaa9fb000 	C:\Program Files\Java\jdk-21\bin\management_ext.dll
0x00007ffab8620000 - 0x00007ffab8628000 	C:\WINDOWS\System32\PSAPI.DLL
0x00007ffab67d0000 - 0x00007ffab67e8000 	C:\WINDOWS\SYSTEM32\CRYPTSP.dll
0x00007ffab5eb0000 - 0x00007ffab5ee4000 	C:\WINDOWS\system32\rsaenh.dll
0x00007ffab6dc0000 - 0x00007ffab6dee000 	C:\WINDOWS\SYSTEM32\USERENV.dll
0x00007ffab67c0000 - 0x00007ffab67cc000 	C:\WINDOWS\SYSTEM32\CRYPTBASE.dll
0x00007ffab6280000 - 0x00007ffab62bb000 	C:\WINDOWS\SYSTEM32\IPHLPAPI.DLL
0x00007ffab95b0000 - 0x00007ffab95b8000 	C:\WINDOWS\System32\NSI.dll
0x00007ffa986e0000 - 0x00007ffa986e9000 	C:\Program Files\Java\jdk-21\bin\extnet.dll
0x00007ffa986d0000 - 0x00007ffa986de000 	C:\Program Files\Java\jdk-21\bin\sunmscapi.dll
0x00007ffab76a0000 - 0x00007ffab77fe000 	C:\WINDOWS\System32\CRYPT32.dll
0x00007ffab68e0000 - 0x00007ffab6909000 	C:\WINDOWS\SYSTEM32\ncrypt.dll
0x00007ffab68a0000 - 0x00007ffab68db000 	C:\WINDOWS\SYSTEM32\NTASN1.dll
0x00007ffaad270000 - 0x00007ffaad277000 	C:\WINDOWS\system32\wshunix.dll

dbghelp: loaded successfully - version: 4.0.5 - missing functions: none
symbol engine: initialized successfully - sym options: 0x614 - pdb path: .;C:\Program Files\Java\jdk-21\bin;C:\WINDOWS\SYSTEM32;C:\WINDOWS\WinSxS\amd64_microsoft.windows.common-controls_6595b64144ccf1df_6.0.19041.4355_none_60b8b9eb71f62e16;C:\Program Files\Java\jdk-21\bin\server;C:\Users\user\.gradle\native\c067742578af261105cb4f569cf0c3c89f3d7b1fecec35dd04571415982c5e48\windows-amd64;C:\Users\user\.gradle\native\38dada09dfb8b06ba9b0570ebf7e218e3eb74d4ef43ca46872605cf95ebc2f47\windows-amd64

VM Arguments:
jvm_args: --add-opens=java.base/java.util=ALL-UNNAMED --add-opens=java.base/java.lang=ALL-UNNAMED --add-opens=java.base/java.lang.invoke=ALL-UNNAMED --add-opens=java.prefs/java.util.prefs=ALL-UNNAMED --add-opens=java.base/java.nio.charset=ALL-UNNAMED --add-opens=java.base/java.net=ALL-UNNAMED --add-opens=java.base/java.util.concurrent.atomic=ALL-UNNAMED -XX:MaxMetaspaceSize=384m -XX:+HeapDumpOnOutOfMemoryError -Xms256m -Xmx512m -Dfile.encoding=windows-1252 -Duser.country=US -Duser.language=en -Duser.variant -javaagent:C:\Users\user\.gradle\wrapper\dists\gradle-8.7-bin\bhs2wmbdwecv87pi65oeuq5iu\gradle-8.7\lib\agents\gradle-instrumentation-agent-8.7.jar 
java_command: org.gradle.launcher.daemon.bootstrap.GradleDaemon 8.7
java_class_path (initial): C:\Users\user\.gradle\wrapper\dists\gradle-8.7-bin\bhs2wmbdwecv87pi65oeuq5iu\gradle-8.7\lib\gradle-launcher-8.7.jar
Launcher Type: SUN_STANDARD

[Global flags]
     intx CICompilerCount                          = 2                                         {product} {ergonomic}
   size_t CompressedClassSpaceSize                 = 335544320                                 {product} {ergonomic}
     uint ConcGCThreads                            = 1                                         {product} {ergonomic}
     uint G1ConcRefinementThreads                  = 2                                         {product} {ergonomic}
   size_t G1HeapRegionSize                         = 1048576                                   {product} {ergonomic}
    uintx GCDrainStackTargetSize                   = 64                                        {product} {ergonomic}
     bool HeapDumpOnOutOfMemoryError               = true                                   {manageable} {command line}
   size_t InitialHeapSize                          = 268435456                                 {product} {command line}
   size_t MarkStackSize                            = 4194304                                   {product} {ergonomic}
   size_t MaxHeapSize                              = 536870912                                 {product} {command line}
   size_t MaxMetaspaceSize                         = 402653184                                 {product} {command line}
   size_t MaxNewSize                               = 321912832                                 {product} {ergonomic}
   size_t MinHeapDeltaBytes                        = 1048576                                   {product} {ergonomic}
   size_t MinHeapSize                              = 268435456                                 {product} {command line}
    uintx NonNMethodCodeHeapSize                   = 5826188                                {pd product} {ergonomic}
    uintx NonProfiledCodeHeapSize                  = 122916026                              {pd product} {ergonomic}
    uintx ProfiledCodeHeapSize                     = 122916026                              {pd product} {ergonomic}
    uintx ReservedCodeCacheSize                    = 251658240                              {pd product} {ergonomic}
     bool SegmentedCodeCache                       = true                                      {product} {ergonomic}
   size_t SoftMaxHeapSize                          = 536870912                              {manageable} {ergonomic}
     bool UseCompressedOops                        = true                           {product lp64_product} {ergonomic}
     bool UseG1GC                                  = true                                      {product} {ergonomic}
     bool UseLargePagesIndividualAllocation        = false                                  {pd product} {ergonomic}

Logging:
Log output configuration:
 #0: stdout all=warning uptime,level,tags foldmultilines=false
 #1: stderr all=off uptime,level,tags foldmultilines=false

Environment Variables:
PATH=C:\Program Files\Common Files\Oracle\Java\javapath;C:\Program Files (x86)\Common Files\Oracle\Java\javapath;C:\WINDOWS\system32;C:\WINDOWS;C:\WINDOWS\System32\Wbem;C:\WINDOWS\System32\WindowsPowerShell\v1.0\;C:\WINDOWS\System32\OpenSSH\;C:\Program Files (x86)\Dev-Cpp\MinGW64\bin;C:\Program Files\Git\cmd;C:\Program Files\PuTTY\;C:\Program Files\Java\jdk-19\bin;C:\Program Files (x86)\Windows Kits\10\Windows Performance Toolkit\;C:\Program Files\Docker\Docker\resources\bin;C:\Program Files\PowerShell\7\;C:\Program Files\CMake\bin;C:\Program Files\PostgreSQL\16\bin;C:\Program Files\Kubernetes\Minikube;C:\Program Files\nodejs\;C:\Users\user\.cargo\bin;C:\Users\user\AppData\Local\Programs\Python\Python310\Scripts\;C:\Users\user\AppData\Local\Programs\Python\Python310\;C:\Users\user\AppData\Local\Microsoft\WindowsApps;C:\Users\user\AppData\Local\Programs\Microsoft VS Code\bin;C:\Program Files\JetBrains\IntelliJ IDEA Community Edition 2023.1.2\bin;;C:\Users\user\Downloads\Programs\flutter\bin;;C:\Program Files\JetBrains\IntelliJ IDEA 2023.3.3\bin;;C:\Users\user\AppData\Roaming\npm
USERNAME=user
OS=Windows_NT
PROCESSOR_IDENTIFIER=AMD64 Family 23 Model 24 Stepping 1, AuthenticAMD
TMP=C:\temp
TEMP=C:\temp




Periodic native trim disabled

---------------  S Y S T E M  ---------------

OS:
 Windows 10 , 64 bit Build 19041 (10.0.19041.3636)
OS uptime: 0 days 4:49 hours
Hyper-V role detected

CPU: total 2 (initial active 2) (2 cores per cpu, 1 threads per core) family 23 model 24 stepping 1 microcode 0x0, cx8, cmov, fxsr, mmx, 3dnowpref, sse, sse2, sse3, ssse3, sse4a, sse4.1, sse4.2, popcnt, lzcnt, tsc, tscinvbit, avx, avx2, aes, clmul, bmi1, bmi2, adx, sha, fma, vzeroupper, clflush, clflushopt, hv, rdtscp, f16c
Processor Information for all 2 processors :
  Max Mhz: 2300, Current Mhz: 2300, Mhz Limit: 2300

Memory: 4k page, system-wide physical 6094M (506M free)
TotalPageFile size 18282M (AvailPageFile size 5M)
current process WorkingSet (physical memory assigned to process): 251M, peak: 251M
current process commit charge ("private bytes"): 412M, peak: 413M

vm_info: Java HotSpot(TM) 64-Bit Server VM (21.0.2+13-LTS-58) for windows-amd64 JRE (21.0.2+13-LTS-58), built on 2024-01-05T18:32:24Z by "mach5one" with MS VC++ 17.1 (VS2022)

END.
